ARM GAS  C:\Users\alexport\AppData\Local\Temp\ccsdHQYF.s 			page 1


   1              		.syntax unified
   2              		.cpu cortex-m0
   3              		.fpu softvfp
   4              		.eabi_attribute 20, 1
   5              		.eabi_attribute 21, 1
   6              		.eabi_attribute 23, 3
   7              		.eabi_attribute 24, 1
   8              		.eabi_attribute 25, 1
   9              		.eabi_attribute 26, 1
  10              		.eabi_attribute 30, 6
  11              		.eabi_attribute 34, 0
  12              		.eabi_attribute 18, 4
  13              		.thumb
  14              		.syntax unified
  15              		.file	"BLE_custom.c"
  16              		.text
  17              	.Ltext0:
  18              		.cfi_sections	.debug_frame
  19              		.global	cyBle_customs
  20              		.section	.rodata
  21              		.align	2
  22              		.type	cyBle_customs, %object
  23              		.size	cyBle_customs, 256
  24              	cyBle_customs:
  25 0000 1000     		.short	16
  26 0002 1200     		.short	18
  27 0004 1300     		.short	19
  28 0006 1400     		.short	20
  29 0008 1600     		.short	22
  30 000a 1700     		.short	23
  31 000c 1800     		.short	24
  32 000e 1A00     		.short	26
  33 0010 1B00     		.short	27
  34 0012 1C00     		.short	28
  35 0014 1E00     		.short	30
  36 0016 1F00     		.short	31
  37 0018 0000     		.short	0
  38 001a 2100     		.short	33
  39 001c 2200     		.short	34
  40 001e 0000     		.short	0
  41 0020 2400     		.short	36
  42 0022 2500     		.short	37
  43 0024 0000     		.short	0
  44 0026 2700     		.short	39
  45 0028 2800     		.short	40
  46 002a 2900     		.short	41
  47 002c 2B00     		.short	43
  48 002e 2C00     		.short	44
  49 0030 0000     		.short	0
  50 0032 2E00     		.short	46
  51 0034 2F00     		.short	47
  52 0036 0000     		.short	0
  53 0038 3100     		.short	49
  54 003a 3200     		.short	50
  55 003c 0000     		.short	0
  56 003e 3400     		.short	52
  57 0040 3500     		.short	53
ARM GAS  C:\Users\alexport\AppData\Local\Temp\ccsdHQYF.s 			page 2


  58 0042 0000     		.short	0
  59 0044 3700     		.short	55
  60 0046 3800     		.short	56
  61 0048 0000     		.short	0
  62 004a 0000     		.short	0
  63 004c 0000     		.short	0
  64 004e 0000     		.short	0
  65 0050 0000     		.short	0
  66 0052 0000     		.short	0
  67 0054 0000     		.short	0
  68 0056 0000     		.short	0
  69 0058 0000     		.short	0
  70 005a 0000     		.short	0
  71 005c 0000     		.short	0
  72 005e 0000     		.short	0
  73 0060 0000     		.short	0
  74 0062 0000     		.short	0
  75 0064 0000     		.short	0
  76 0066 0000     		.short	0
  77 0068 0000     		.short	0
  78 006a 0000     		.short	0
  79 006c 0000     		.short	0
  80 006e 0000     		.short	0
  81 0070 0000     		.short	0
  82 0072 0000     		.short	0
  83 0074 0000     		.short	0
  84 0076 0000     		.short	0
  85 0078 0000     		.short	0
  86 007a 0000     		.short	0
  87 007c 0000     		.short	0
  88 007e 0000     		.short	0
  89 0080 4C00     		.short	76
  90 0082 4E00     		.short	78
  91 0084 4F00     		.short	79
  92 0086 0000     		.short	0
  93 0088 5100     		.short	81
  94 008a 5200     		.short	82
  95 008c 0000     		.short	0
  96 008e 5400     		.short	84
  97 0090 5500     		.short	85
  98 0092 0000     		.short	0
  99 0094 5700     		.short	87
 100 0096 5800     		.short	88
 101 0098 0000     		.short	0
 102 009a 5A00     		.short	90
 103 009c 5B00     		.short	91
 104 009e 0000     		.short	0
 105 00a0 5D00     		.short	93
 106 00a2 5E00     		.short	94
 107 00a4 5F00     		.short	95
 108 00a6 6100     		.short	97
 109 00a8 6200     		.short	98
 110 00aa 6300     		.short	99
 111 00ac 6500     		.short	101
 112 00ae 6600     		.short	102
 113 00b0 0000     		.short	0
 114 00b2 6800     		.short	104
ARM GAS  C:\Users\alexport\AppData\Local\Temp\ccsdHQYF.s 			page 3


 115 00b4 6900     		.short	105
 116 00b6 6A00     		.short	106
 117 00b8 6C00     		.short	108
 118 00ba 6D00     		.short	109
 119 00bc 6E00     		.short	110
 120 00be 7000     		.short	112
 121 00c0 7100     		.short	113
 122 00c2 7200     		.short	114
 123 00c4 7400     		.short	116
 124 00c6 7500     		.short	117
 125 00c8 7600     		.short	118
 126 00ca 7800     		.short	120
 127 00cc 7900     		.short	121
 128 00ce 7A00     		.short	122
 129 00d0 7C00     		.short	124
 130 00d2 7D00     		.short	125
 131 00d4 7E00     		.short	126
 132 00d6 8000     		.short	128
 133 00d8 8100     		.short	129
 134 00da 0000     		.short	0
 135 00dc 8300     		.short	131
 136 00de 8400     		.short	132
 137 00e0 8500     		.short	133
 138 00e2 8700     		.short	135
 139 00e4 8800     		.short	136
 140 00e6 8900     		.short	137
 141 00e8 8B00     		.short	139
 142 00ea 8C00     		.short	140
 143 00ec 8D00     		.short	141
 144 00ee 8F00     		.short	143
 145 00f0 9000     		.short	144
 146 00f2 9100     		.short	145
 147 00f4 9300     		.short	147
 148 00f6 9400     		.short	148
 149 00f8 9500     		.short	149
 150 00fa 9700     		.short	151
 151 00fc 9800     		.short	152
 152 00fe 9900     		.short	153
 153              		.section	.text.CyBle_CustomInit,"ax",%progbits
 154              		.align	2
 155              		.global	CyBle_CustomInit
 156              		.code	16
 157              		.thumb_func
 158              		.type	CyBle_CustomInit, %function
 159              	CyBle_CustomInit:
 160              	.LFB2:
 161              		.file 1 "Generated_Source\\PSoC4\\BLE_custom.c"
   1:Generated_Source\PSoC4/BLE_custom.c **** /***************************************************************************//**
   2:Generated_Source\PSoC4/BLE_custom.c **** * \file CYBLE_custom.c
   3:Generated_Source\PSoC4/BLE_custom.c **** * \version 3.40
   4:Generated_Source\PSoC4/BLE_custom.c **** * 
   5:Generated_Source\PSoC4/BLE_custom.c **** * \brief
   6:Generated_Source\PSoC4/BLE_custom.c **** *  Contains the source code for the Custom Service.
   7:Generated_Source\PSoC4/BLE_custom.c **** * 
   8:Generated_Source\PSoC4/BLE_custom.c **** ********************************************************************************
   9:Generated_Source\PSoC4/BLE_custom.c **** * \copyright
  10:Generated_Source\PSoC4/BLE_custom.c **** * Copyright 2014-2016, Cypress Semiconductor Corporation.  All rights reserved.
ARM GAS  C:\Users\alexport\AppData\Local\Temp\ccsdHQYF.s 			page 4


  11:Generated_Source\PSoC4/BLE_custom.c **** * You may use this file only in accordance with the license, terms, conditions,
  12:Generated_Source\PSoC4/BLE_custom.c **** * disclaimers, and limitations in the end user license agreement accompanying
  13:Generated_Source\PSoC4/BLE_custom.c **** * the software package with which this file was provided.
  14:Generated_Source\PSoC4/BLE_custom.c **** *******************************************************************************/
  15:Generated_Source\PSoC4/BLE_custom.c **** 
  16:Generated_Source\PSoC4/BLE_custom.c **** 
  17:Generated_Source\PSoC4/BLE_custom.c **** #include "BLE_eventHandler.h"
  18:Generated_Source\PSoC4/BLE_custom.c **** 
  19:Generated_Source\PSoC4/BLE_custom.c **** #ifdef CYBLE_CUSTOM_SERVER
  20:Generated_Source\PSoC4/BLE_custom.c **** 
  21:Generated_Source\PSoC4/BLE_custom.c **** /* If any custom service with custom characteristics is defined in the
  22:Generated_Source\PSoC4/BLE_custom.c **** * customizer's GUI their handles will be present in this array.
  23:Generated_Source\PSoC4/BLE_custom.c **** */
  24:Generated_Source\PSoC4/BLE_custom.c **** /* This array contains attribute handles for the defined Custom Services and their characteristics 
  25:Generated_Source\PSoC4/BLE_custom.c ****    The array index definitions are located in the CYBLE_custom.h file. */
  26:Generated_Source\PSoC4/BLE_custom.c **** const CYBLE_CUSTOMS_T cyBle_customs[0x02u] = {
  27:Generated_Source\PSoC4/BLE_custom.c **** 
  28:Generated_Source\PSoC4/BLE_custom.c ****     /* SGA1 service */
  29:Generated_Source\PSoC4/BLE_custom.c ****     {
  30:Generated_Source\PSoC4/BLE_custom.c ****         0x0010u, /* Handle of the SGA1 service */ 
  31:Generated_Source\PSoC4/BLE_custom.c ****         {
  32:Generated_Source\PSoC4/BLE_custom.c **** 
  33:Generated_Source\PSoC4/BLE_custom.c ****             /* SYS_REMOTE characteristic */
  34:Generated_Source\PSoC4/BLE_custom.c ****             {
  35:Generated_Source\PSoC4/BLE_custom.c ****                 0x0012u, /* Handle of the SYS_REMOTE characteristic */ 
  36:Generated_Source\PSoC4/BLE_custom.c ****                 
  37:Generated_Source\PSoC4/BLE_custom.c ****                 /* Array of Descriptors handles */
  38:Generated_Source\PSoC4/BLE_custom.c ****                 {
  39:Generated_Source\PSoC4/BLE_custom.c ****                     0x0013u, /* Handle of the Characteristic User Description descriptor */ 
  40:Generated_Source\PSoC4/BLE_custom.c ****                     0x0014u, /* Handle of the Client Characteristic Configuration descriptor */ 
  41:Generated_Source\PSoC4/BLE_custom.c ****                 }, 
  42:Generated_Source\PSoC4/BLE_custom.c ****             },
  43:Generated_Source\PSoC4/BLE_custom.c **** 
  44:Generated_Source\PSoC4/BLE_custom.c ****             /* SYS_READING characteristic */
  45:Generated_Source\PSoC4/BLE_custom.c ****             {
  46:Generated_Source\PSoC4/BLE_custom.c ****                 0x0016u, /* Handle of the SYS_READING characteristic */ 
  47:Generated_Source\PSoC4/BLE_custom.c ****                 
  48:Generated_Source\PSoC4/BLE_custom.c ****                 /* Array of Descriptors handles */
  49:Generated_Source\PSoC4/BLE_custom.c ****                 {
  50:Generated_Source\PSoC4/BLE_custom.c ****                     0x0017u, /* Handle of the Characteristic User Description descriptor */ 
  51:Generated_Source\PSoC4/BLE_custom.c ****                     0x0018u, /* Handle of the SYS_READING_CCCD descriptor */ 
  52:Generated_Source\PSoC4/BLE_custom.c ****                 }, 
  53:Generated_Source\PSoC4/BLE_custom.c ****             },
  54:Generated_Source\PSoC4/BLE_custom.c **** 
  55:Generated_Source\PSoC4/BLE_custom.c ****             /* SYS_STATUS characteristic */
  56:Generated_Source\PSoC4/BLE_custom.c ****             {
  57:Generated_Source\PSoC4/BLE_custom.c ****                 0x001Au, /* Handle of the SYS_STATUS characteristic */ 
  58:Generated_Source\PSoC4/BLE_custom.c ****                 
  59:Generated_Source\PSoC4/BLE_custom.c ****                 /* Array of Descriptors handles */
  60:Generated_Source\PSoC4/BLE_custom.c ****                 {
  61:Generated_Source\PSoC4/BLE_custom.c ****                     0x001Bu, /* Handle of the Characteristic User Description descriptor */ 
  62:Generated_Source\PSoC4/BLE_custom.c ****                     0x001Cu, /* Handle of the Client Characteristic Configuration descriptor */ 
  63:Generated_Source\PSoC4/BLE_custom.c ****                 }, 
  64:Generated_Source\PSoC4/BLE_custom.c ****             },
  65:Generated_Source\PSoC4/BLE_custom.c **** 
  66:Generated_Source\PSoC4/BLE_custom.c ****             /* SYS_CAN_CHAN characteristic */
  67:Generated_Source\PSoC4/BLE_custom.c ****             {
ARM GAS  C:\Users\alexport\AppData\Local\Temp\ccsdHQYF.s 			page 5


  68:Generated_Source\PSoC4/BLE_custom.c ****                 0x001Eu, /* Handle of the SYS_CAN_CHAN characteristic */ 
  69:Generated_Source\PSoC4/BLE_custom.c ****                 
  70:Generated_Source\PSoC4/BLE_custom.c ****                 /* Array of Descriptors handles */
  71:Generated_Source\PSoC4/BLE_custom.c ****                 {
  72:Generated_Source\PSoC4/BLE_custom.c ****                     0x001Fu, /* Handle of the Characteristic User Description descriptor */ 
  73:Generated_Source\PSoC4/BLE_custom.c ****                     CYBLE_GATT_INVALID_ATTR_HANDLE_VALUE, 
  74:Generated_Source\PSoC4/BLE_custom.c ****                 }, 
  75:Generated_Source\PSoC4/BLE_custom.c ****             },
  76:Generated_Source\PSoC4/BLE_custom.c **** 
  77:Generated_Source\PSoC4/BLE_custom.c ****             /* SYS_CAN_ID characteristic */
  78:Generated_Source\PSoC4/BLE_custom.c ****             {
  79:Generated_Source\PSoC4/BLE_custom.c ****                 0x0021u, /* Handle of the SYS_CAN_ID characteristic */ 
  80:Generated_Source\PSoC4/BLE_custom.c ****                 
  81:Generated_Source\PSoC4/BLE_custom.c ****                 /* Array of Descriptors handles */
  82:Generated_Source\PSoC4/BLE_custom.c ****                 {
  83:Generated_Source\PSoC4/BLE_custom.c ****                     0x0022u, /* Handle of the Characteristic User Description descriptor */ 
  84:Generated_Source\PSoC4/BLE_custom.c ****                     CYBLE_GATT_INVALID_ATTR_HANDLE_VALUE, 
  85:Generated_Source\PSoC4/BLE_custom.c ****                 }, 
  86:Generated_Source\PSoC4/BLE_custom.c ****             },
  87:Generated_Source\PSoC4/BLE_custom.c **** 
  88:Generated_Source\PSoC4/BLE_custom.c ****             /* SYS_CAL_LOOP characteristic */
  89:Generated_Source\PSoC4/BLE_custom.c ****             {
  90:Generated_Source\PSoC4/BLE_custom.c ****                 0x0024u, /* Handle of the SYS_CAL_LOOP characteristic */ 
  91:Generated_Source\PSoC4/BLE_custom.c ****                 
  92:Generated_Source\PSoC4/BLE_custom.c ****                 /* Array of Descriptors handles */
  93:Generated_Source\PSoC4/BLE_custom.c ****                 {
  94:Generated_Source\PSoC4/BLE_custom.c ****                     0x0025u, /* Handle of the Characteristic User Description descriptor */ 
  95:Generated_Source\PSoC4/BLE_custom.c ****                     CYBLE_GATT_INVALID_ATTR_HANDLE_VALUE, 
  96:Generated_Source\PSoC4/BLE_custom.c ****                 }, 
  97:Generated_Source\PSoC4/BLE_custom.c ****             },
  98:Generated_Source\PSoC4/BLE_custom.c **** 
  99:Generated_Source\PSoC4/BLE_custom.c ****             /* SYS_ADC characteristic */
 100:Generated_Source\PSoC4/BLE_custom.c ****             {
 101:Generated_Source\PSoC4/BLE_custom.c ****                 0x0027u, /* Handle of the SYS_ADC characteristic */ 
 102:Generated_Source\PSoC4/BLE_custom.c ****                 
 103:Generated_Source\PSoC4/BLE_custom.c ****                 /* Array of Descriptors handles */
 104:Generated_Source\PSoC4/BLE_custom.c ****                 {
 105:Generated_Source\PSoC4/BLE_custom.c ****                     0x0028u, /* Handle of the Characteristic User Description descriptor */ 
 106:Generated_Source\PSoC4/BLE_custom.c ****                     0x0029u, /* Handle of the Client Characteristic Configuration descriptor */ 
 107:Generated_Source\PSoC4/BLE_custom.c ****                 }, 
 108:Generated_Source\PSoC4/BLE_custom.c ****             },
 109:Generated_Source\PSoC4/BLE_custom.c **** 
 110:Generated_Source\PSoC4/BLE_custom.c ****             /* SYS_ALERT_1 characteristic */
 111:Generated_Source\PSoC4/BLE_custom.c ****             {
 112:Generated_Source\PSoC4/BLE_custom.c ****                 0x002Bu, /* Handle of the SYS_ALERT_1 characteristic */ 
 113:Generated_Source\PSoC4/BLE_custom.c ****                 
 114:Generated_Source\PSoC4/BLE_custom.c ****                 /* Array of Descriptors handles */
 115:Generated_Source\PSoC4/BLE_custom.c ****                 {
 116:Generated_Source\PSoC4/BLE_custom.c ****                     0x002Cu, /* Handle of the Characteristic User Description descriptor */ 
 117:Generated_Source\PSoC4/BLE_custom.c ****                     CYBLE_GATT_INVALID_ATTR_HANDLE_VALUE, 
 118:Generated_Source\PSoC4/BLE_custom.c ****                 }, 
 119:Generated_Source\PSoC4/BLE_custom.c ****             },
 120:Generated_Source\PSoC4/BLE_custom.c **** 
 121:Generated_Source\PSoC4/BLE_custom.c ****             /* SYS_ALERT_2 characteristic */
 122:Generated_Source\PSoC4/BLE_custom.c ****             {
 123:Generated_Source\PSoC4/BLE_custom.c ****                 0x002Eu, /* Handle of the SYS_ALERT_2 characteristic */ 
 124:Generated_Source\PSoC4/BLE_custom.c ****                 
ARM GAS  C:\Users\alexport\AppData\Local\Temp\ccsdHQYF.s 			page 6


 125:Generated_Source\PSoC4/BLE_custom.c ****                 /* Array of Descriptors handles */
 126:Generated_Source\PSoC4/BLE_custom.c ****                 {
 127:Generated_Source\PSoC4/BLE_custom.c ****                     0x002Fu, /* Handle of the Characteristic User Description descriptor */ 
 128:Generated_Source\PSoC4/BLE_custom.c ****                     CYBLE_GATT_INVALID_ATTR_HANDLE_VALUE, 
 129:Generated_Source\PSoC4/BLE_custom.c ****                 }, 
 130:Generated_Source\PSoC4/BLE_custom.c ****             },
 131:Generated_Source\PSoC4/BLE_custom.c **** 
 132:Generated_Source\PSoC4/BLE_custom.c ****             /* SYS_ALERT_1_ASC characteristic */
 133:Generated_Source\PSoC4/BLE_custom.c ****             {
 134:Generated_Source\PSoC4/BLE_custom.c ****                 0x0031u, /* Handle of the SYS_ALERT_1_ASC characteristic */ 
 135:Generated_Source\PSoC4/BLE_custom.c ****                 
 136:Generated_Source\PSoC4/BLE_custom.c ****                 /* Array of Descriptors handles */
 137:Generated_Source\PSoC4/BLE_custom.c ****                 {
 138:Generated_Source\PSoC4/BLE_custom.c ****                     0x0032u, /* Handle of the Characteristic User Description descriptor */ 
 139:Generated_Source\PSoC4/BLE_custom.c ****                     CYBLE_GATT_INVALID_ATTR_HANDLE_VALUE, 
 140:Generated_Source\PSoC4/BLE_custom.c ****                 }, 
 141:Generated_Source\PSoC4/BLE_custom.c ****             },
 142:Generated_Source\PSoC4/BLE_custom.c **** 
 143:Generated_Source\PSoC4/BLE_custom.c ****             /* SYS_ALERT_2_ASC characteristic */
 144:Generated_Source\PSoC4/BLE_custom.c ****             {
 145:Generated_Source\PSoC4/BLE_custom.c ****                 0x0034u, /* Handle of the SYS_ALERT_2_ASC characteristic */ 
 146:Generated_Source\PSoC4/BLE_custom.c ****                 
 147:Generated_Source\PSoC4/BLE_custom.c ****                 /* Array of Descriptors handles */
 148:Generated_Source\PSoC4/BLE_custom.c ****                 {
 149:Generated_Source\PSoC4/BLE_custom.c ****                     0x0035u, /* Handle of the Characteristic User Description descriptor */ 
 150:Generated_Source\PSoC4/BLE_custom.c ****                     CYBLE_GATT_INVALID_ATTR_HANDLE_VALUE, 
 151:Generated_Source\PSoC4/BLE_custom.c ****                 }, 
 152:Generated_Source\PSoC4/BLE_custom.c ****             },
 153:Generated_Source\PSoC4/BLE_custom.c **** 
 154:Generated_Source\PSoC4/BLE_custom.c ****             /* SYS_FRACTIONAL characteristic */
 155:Generated_Source\PSoC4/BLE_custom.c ****             {
 156:Generated_Source\PSoC4/BLE_custom.c ****                 0x0037u, /* Handle of the SYS_FRACTIONAL characteristic */ 
 157:Generated_Source\PSoC4/BLE_custom.c ****                 
 158:Generated_Source\PSoC4/BLE_custom.c ****                 /* Array of Descriptors handles */
 159:Generated_Source\PSoC4/BLE_custom.c ****                 {
 160:Generated_Source\PSoC4/BLE_custom.c ****                     0x0038u, /* Handle of the Characteristic User Description descriptor */ 
 161:Generated_Source\PSoC4/BLE_custom.c ****                     CYBLE_GATT_INVALID_ATTR_HANDLE_VALUE, 
 162:Generated_Source\PSoC4/BLE_custom.c ****                 }, 
 163:Generated_Source\PSoC4/BLE_custom.c ****             },
 164:Generated_Source\PSoC4/BLE_custom.c ****             {
 165:Generated_Source\PSoC4/BLE_custom.c ****                 CYBLE_GATT_INVALID_ATTR_HANDLE_VALUE, 
 166:Generated_Source\PSoC4/BLE_custom.c ****                 
 167:Generated_Source\PSoC4/BLE_custom.c ****                 /* Array of Descriptors handles */
 168:Generated_Source\PSoC4/BLE_custom.c ****                 {
 169:Generated_Source\PSoC4/BLE_custom.c ****                     CYBLE_GATT_INVALID_ATTR_HANDLE_VALUE, 
 170:Generated_Source\PSoC4/BLE_custom.c ****                     CYBLE_GATT_INVALID_ATTR_HANDLE_VALUE, 
 171:Generated_Source\PSoC4/BLE_custom.c ****                 }, 
 172:Generated_Source\PSoC4/BLE_custom.c ****             },
 173:Generated_Source\PSoC4/BLE_custom.c ****             {
 174:Generated_Source\PSoC4/BLE_custom.c ****                 CYBLE_GATT_INVALID_ATTR_HANDLE_VALUE, 
 175:Generated_Source\PSoC4/BLE_custom.c ****                 
 176:Generated_Source\PSoC4/BLE_custom.c ****                 /* Array of Descriptors handles */
 177:Generated_Source\PSoC4/BLE_custom.c ****                 {
 178:Generated_Source\PSoC4/BLE_custom.c ****                     CYBLE_GATT_INVALID_ATTR_HANDLE_VALUE, 
 179:Generated_Source\PSoC4/BLE_custom.c ****                     CYBLE_GATT_INVALID_ATTR_HANDLE_VALUE, 
 180:Generated_Source\PSoC4/BLE_custom.c ****                 }, 
 181:Generated_Source\PSoC4/BLE_custom.c ****             },
ARM GAS  C:\Users\alexport\AppData\Local\Temp\ccsdHQYF.s 			page 7


 182:Generated_Source\PSoC4/BLE_custom.c ****             {
 183:Generated_Source\PSoC4/BLE_custom.c ****                 CYBLE_GATT_INVALID_ATTR_HANDLE_VALUE, 
 184:Generated_Source\PSoC4/BLE_custom.c ****                 
 185:Generated_Source\PSoC4/BLE_custom.c ****                 /* Array of Descriptors handles */
 186:Generated_Source\PSoC4/BLE_custom.c ****                 {
 187:Generated_Source\PSoC4/BLE_custom.c ****                     CYBLE_GATT_INVALID_ATTR_HANDLE_VALUE, 
 188:Generated_Source\PSoC4/BLE_custom.c ****                     CYBLE_GATT_INVALID_ATTR_HANDLE_VALUE, 
 189:Generated_Source\PSoC4/BLE_custom.c ****                 }, 
 190:Generated_Source\PSoC4/BLE_custom.c ****             },
 191:Generated_Source\PSoC4/BLE_custom.c ****             {
 192:Generated_Source\PSoC4/BLE_custom.c ****                 CYBLE_GATT_INVALID_ATTR_HANDLE_VALUE, 
 193:Generated_Source\PSoC4/BLE_custom.c ****                 
 194:Generated_Source\PSoC4/BLE_custom.c ****                 /* Array of Descriptors handles */
 195:Generated_Source\PSoC4/BLE_custom.c ****                 {
 196:Generated_Source\PSoC4/BLE_custom.c ****                     CYBLE_GATT_INVALID_ATTR_HANDLE_VALUE, 
 197:Generated_Source\PSoC4/BLE_custom.c ****                     CYBLE_GATT_INVALID_ATTR_HANDLE_VALUE, 
 198:Generated_Source\PSoC4/BLE_custom.c ****                 }, 
 199:Generated_Source\PSoC4/BLE_custom.c ****             },
 200:Generated_Source\PSoC4/BLE_custom.c ****             {
 201:Generated_Source\PSoC4/BLE_custom.c ****                 CYBLE_GATT_INVALID_ATTR_HANDLE_VALUE, 
 202:Generated_Source\PSoC4/BLE_custom.c ****                 
 203:Generated_Source\PSoC4/BLE_custom.c ****                 /* Array of Descriptors handles */
 204:Generated_Source\PSoC4/BLE_custom.c ****                 {
 205:Generated_Source\PSoC4/BLE_custom.c ****                     CYBLE_GATT_INVALID_ATTR_HANDLE_VALUE, 
 206:Generated_Source\PSoC4/BLE_custom.c ****                     CYBLE_GATT_INVALID_ATTR_HANDLE_VALUE, 
 207:Generated_Source\PSoC4/BLE_custom.c ****                 }, 
 208:Generated_Source\PSoC4/BLE_custom.c ****             },
 209:Generated_Source\PSoC4/BLE_custom.c ****             {
 210:Generated_Source\PSoC4/BLE_custom.c ****                 CYBLE_GATT_INVALID_ATTR_HANDLE_VALUE, 
 211:Generated_Source\PSoC4/BLE_custom.c ****                 
 212:Generated_Source\PSoC4/BLE_custom.c ****                 /* Array of Descriptors handles */
 213:Generated_Source\PSoC4/BLE_custom.c ****                 {
 214:Generated_Source\PSoC4/BLE_custom.c ****                     CYBLE_GATT_INVALID_ATTR_HANDLE_VALUE, 
 215:Generated_Source\PSoC4/BLE_custom.c ****                     CYBLE_GATT_INVALID_ATTR_HANDLE_VALUE, 
 216:Generated_Source\PSoC4/BLE_custom.c ****                 }, 
 217:Generated_Source\PSoC4/BLE_custom.c ****             },
 218:Generated_Source\PSoC4/BLE_custom.c ****             {
 219:Generated_Source\PSoC4/BLE_custom.c ****                 CYBLE_GATT_INVALID_ATTR_HANDLE_VALUE, 
 220:Generated_Source\PSoC4/BLE_custom.c ****                 
 221:Generated_Source\PSoC4/BLE_custom.c ****                 /* Array of Descriptors handles */
 222:Generated_Source\PSoC4/BLE_custom.c ****                 {
 223:Generated_Source\PSoC4/BLE_custom.c ****                     CYBLE_GATT_INVALID_ATTR_HANDLE_VALUE, 
 224:Generated_Source\PSoC4/BLE_custom.c ****                     CYBLE_GATT_INVALID_ATTR_HANDLE_VALUE, 
 225:Generated_Source\PSoC4/BLE_custom.c ****                 }, 
 226:Generated_Source\PSoC4/BLE_custom.c ****             },
 227:Generated_Source\PSoC4/BLE_custom.c ****             {
 228:Generated_Source\PSoC4/BLE_custom.c ****                 CYBLE_GATT_INVALID_ATTR_HANDLE_VALUE, 
 229:Generated_Source\PSoC4/BLE_custom.c ****                 
 230:Generated_Source\PSoC4/BLE_custom.c ****                 /* Array of Descriptors handles */
 231:Generated_Source\PSoC4/BLE_custom.c ****                 {
 232:Generated_Source\PSoC4/BLE_custom.c ****                     CYBLE_GATT_INVALID_ATTR_HANDLE_VALUE, 
 233:Generated_Source\PSoC4/BLE_custom.c ****                     CYBLE_GATT_INVALID_ATTR_HANDLE_VALUE, 
 234:Generated_Source\PSoC4/BLE_custom.c ****                 }, 
 235:Generated_Source\PSoC4/BLE_custom.c ****             },
 236:Generated_Source\PSoC4/BLE_custom.c ****             {
 237:Generated_Source\PSoC4/BLE_custom.c ****                 CYBLE_GATT_INVALID_ATTR_HANDLE_VALUE, 
 238:Generated_Source\PSoC4/BLE_custom.c ****                 
ARM GAS  C:\Users\alexport\AppData\Local\Temp\ccsdHQYF.s 			page 8


 239:Generated_Source\PSoC4/BLE_custom.c ****                 /* Array of Descriptors handles */
 240:Generated_Source\PSoC4/BLE_custom.c ****                 {
 241:Generated_Source\PSoC4/BLE_custom.c ****                     CYBLE_GATT_INVALID_ATTR_HANDLE_VALUE, 
 242:Generated_Source\PSoC4/BLE_custom.c ****                     CYBLE_GATT_INVALID_ATTR_HANDLE_VALUE, 
 243:Generated_Source\PSoC4/BLE_custom.c ****                 }, 
 244:Generated_Source\PSoC4/BLE_custom.c ****             },
 245:Generated_Source\PSoC4/BLE_custom.c ****         }, 
 246:Generated_Source\PSoC4/BLE_custom.c ****     },
 247:Generated_Source\PSoC4/BLE_custom.c **** 
 248:Generated_Source\PSoC4/BLE_custom.c ****     /* SGA2 service */
 249:Generated_Source\PSoC4/BLE_custom.c ****     {
 250:Generated_Source\PSoC4/BLE_custom.c ****         0x004Cu, /* Handle of the SGA2 service */ 
 251:Generated_Source\PSoC4/BLE_custom.c ****         {
 252:Generated_Source\PSoC4/BLE_custom.c **** 
 253:Generated_Source\PSoC4/BLE_custom.c ****             /* PIN characteristic */
 254:Generated_Source\PSoC4/BLE_custom.c ****             {
 255:Generated_Source\PSoC4/BLE_custom.c ****                 0x004Eu, /* Handle of the PIN characteristic */ 
 256:Generated_Source\PSoC4/BLE_custom.c ****                 
 257:Generated_Source\PSoC4/BLE_custom.c ****                 /* Array of Descriptors handles */
 258:Generated_Source\PSoC4/BLE_custom.c ****                 {
 259:Generated_Source\PSoC4/BLE_custom.c ****                     0x004Fu, /* Handle of the Characteristic User Description descriptor */ 
 260:Generated_Source\PSoC4/BLE_custom.c ****                     CYBLE_GATT_INVALID_ATTR_HANDLE_VALUE, 
 261:Generated_Source\PSoC4/BLE_custom.c ****                 }, 
 262:Generated_Source\PSoC4/BLE_custom.c ****             },
 263:Generated_Source\PSoC4/BLE_custom.c **** 
 264:Generated_Source\PSoC4/BLE_custom.c ****             /* SENSOR_TYPE characteristic */
 265:Generated_Source\PSoC4/BLE_custom.c ****             {
 266:Generated_Source\PSoC4/BLE_custom.c ****                 0x0051u, /* Handle of the SENSOR_TYPE characteristic */ 
 267:Generated_Source\PSoC4/BLE_custom.c ****                 
 268:Generated_Source\PSoC4/BLE_custom.c ****                 /* Array of Descriptors handles */
 269:Generated_Source\PSoC4/BLE_custom.c ****                 {
 270:Generated_Source\PSoC4/BLE_custom.c ****                     0x0052u, /* Handle of the Characteristic User Description descriptor */ 
 271:Generated_Source\PSoC4/BLE_custom.c ****                     CYBLE_GATT_INVALID_ATTR_HANDLE_VALUE, 
 272:Generated_Source\PSoC4/BLE_custom.c ****                 }, 
 273:Generated_Source\PSoC4/BLE_custom.c ****             },
 274:Generated_Source\PSoC4/BLE_custom.c **** 
 275:Generated_Source\PSoC4/BLE_custom.c ****             /* SENSOR_RANGE characteristic */
 276:Generated_Source\PSoC4/BLE_custom.c ****             {
 277:Generated_Source\PSoC4/BLE_custom.c ****                 0x0054u, /* Handle of the SENSOR_RANGE characteristic */ 
 278:Generated_Source\PSoC4/BLE_custom.c ****                 
 279:Generated_Source\PSoC4/BLE_custom.c ****                 /* Array of Descriptors handles */
 280:Generated_Source\PSoC4/BLE_custom.c ****                 {
 281:Generated_Source\PSoC4/BLE_custom.c ****                     0x0055u, /* Handle of the Characteristic User Description descriptor */ 
 282:Generated_Source\PSoC4/BLE_custom.c ****                     CYBLE_GATT_INVALID_ATTR_HANDLE_VALUE, 
 283:Generated_Source\PSoC4/BLE_custom.c ****                 }, 
 284:Generated_Source\PSoC4/BLE_custom.c ****             },
 285:Generated_Source\PSoC4/BLE_custom.c **** 
 286:Generated_Source\PSoC4/BLE_custom.c ****             /* SENSOR_GAS_NOTE characteristic */
 287:Generated_Source\PSoC4/BLE_custom.c ****             {
 288:Generated_Source\PSoC4/BLE_custom.c ****                 0x0057u, /* Handle of the SENSOR_GAS_NOTE characteristic */ 
 289:Generated_Source\PSoC4/BLE_custom.c ****                 
 290:Generated_Source\PSoC4/BLE_custom.c ****                 /* Array of Descriptors handles */
 291:Generated_Source\PSoC4/BLE_custom.c ****                 {
 292:Generated_Source\PSoC4/BLE_custom.c ****                     0x0058u, /* Handle of the Characteristic User Description descriptor */ 
 293:Generated_Source\PSoC4/BLE_custom.c ****                     CYBLE_GATT_INVALID_ATTR_HANDLE_VALUE, 
 294:Generated_Source\PSoC4/BLE_custom.c ****                 }, 
 295:Generated_Source\PSoC4/BLE_custom.c ****             },
ARM GAS  C:\Users\alexport\AppData\Local\Temp\ccsdHQYF.s 			page 9


 296:Generated_Source\PSoC4/BLE_custom.c **** 
 297:Generated_Source\PSoC4/BLE_custom.c ****             /* SENSOR_TAG characteristic */
 298:Generated_Source\PSoC4/BLE_custom.c ****             {
 299:Generated_Source\PSoC4/BLE_custom.c ****                 0x005Au, /* Handle of the SENSOR_TAG characteristic */ 
 300:Generated_Source\PSoC4/BLE_custom.c ****                 
 301:Generated_Source\PSoC4/BLE_custom.c ****                 /* Array of Descriptors handles */
 302:Generated_Source\PSoC4/BLE_custom.c ****                 {
 303:Generated_Source\PSoC4/BLE_custom.c ****                     0x005Bu, /* Handle of the Characteristic User Description descriptor */ 
 304:Generated_Source\PSoC4/BLE_custom.c ****                     CYBLE_GATT_INVALID_ATTR_HANDLE_VALUE, 
 305:Generated_Source\PSoC4/BLE_custom.c ****                 }, 
 306:Generated_Source\PSoC4/BLE_custom.c ****             },
 307:Generated_Source\PSoC4/BLE_custom.c **** 
 308:Generated_Source\PSoC4/BLE_custom.c ****             /* SENSOR_TEMPERATURE characteristic */
 309:Generated_Source\PSoC4/BLE_custom.c ****             {
 310:Generated_Source\PSoC4/BLE_custom.c ****                 0x005Du, /* Handle of the SENSOR_TEMPERATURE characteristic */ 
 311:Generated_Source\PSoC4/BLE_custom.c ****                 
 312:Generated_Source\PSoC4/BLE_custom.c ****                 /* Array of Descriptors handles */
 313:Generated_Source\PSoC4/BLE_custom.c ****                 {
 314:Generated_Source\PSoC4/BLE_custom.c ****                     0x005Eu, /* Handle of the Characteristic User Description descriptor */ 
 315:Generated_Source\PSoC4/BLE_custom.c ****                     0x005Fu, /* Handle of the Client Characteristic Configuration descriptor */ 
 316:Generated_Source\PSoC4/BLE_custom.c ****                 }, 
 317:Generated_Source\PSoC4/BLE_custom.c ****             },
 318:Generated_Source\PSoC4/BLE_custom.c **** 
 319:Generated_Source\PSoC4/BLE_custom.c ****             /* SENSOR_CAL_LEVEL characteristic */
 320:Generated_Source\PSoC4/BLE_custom.c ****             {
 321:Generated_Source\PSoC4/BLE_custom.c ****                 0x0061u, /* Handle of the SENSOR_CAL_LEVEL characteristic */ 
 322:Generated_Source\PSoC4/BLE_custom.c ****                 
 323:Generated_Source\PSoC4/BLE_custom.c ****                 /* Array of Descriptors handles */
 324:Generated_Source\PSoC4/BLE_custom.c ****                 {
 325:Generated_Source\PSoC4/BLE_custom.c ****                     0x0062u, /* Handle of the Characteristic User Description descriptor */ 
 326:Generated_Source\PSoC4/BLE_custom.c ****                     0x0063u, /* Handle of the Client Characteristic Configuration descriptor */ 
 327:Generated_Source\PSoC4/BLE_custom.c ****                 }, 
 328:Generated_Source\PSoC4/BLE_custom.c ****             },
 329:Generated_Source\PSoC4/BLE_custom.c **** 
 330:Generated_Source\PSoC4/BLE_custom.c ****             /* CAL_Z_COUNTS characteristic */
 331:Generated_Source\PSoC4/BLE_custom.c ****             {
 332:Generated_Source\PSoC4/BLE_custom.c ****                 0x0065u, /* Handle of the CAL_Z_COUNTS characteristic */ 
 333:Generated_Source\PSoC4/BLE_custom.c ****                 
 334:Generated_Source\PSoC4/BLE_custom.c ****                 /* Array of Descriptors handles */
 335:Generated_Source\PSoC4/BLE_custom.c ****                 {
 336:Generated_Source\PSoC4/BLE_custom.c ****                     0x0066u, /* Handle of the Characteristic User Description descriptor */ 
 337:Generated_Source\PSoC4/BLE_custom.c ****                     CYBLE_GATT_INVALID_ATTR_HANDLE_VALUE, 
 338:Generated_Source\PSoC4/BLE_custom.c ****                 }, 
 339:Generated_Source\PSoC4/BLE_custom.c ****             },
 340:Generated_Source\PSoC4/BLE_custom.c **** 
 341:Generated_Source\PSoC4/BLE_custom.c ****             /* ZERO_READING characteristic */
 342:Generated_Source\PSoC4/BLE_custom.c ****             {
 343:Generated_Source\PSoC4/BLE_custom.c ****                 0x0068u, /* Handle of the ZERO_READING characteristic */ 
 344:Generated_Source\PSoC4/BLE_custom.c ****                 
 345:Generated_Source\PSoC4/BLE_custom.c ****                 /* Array of Descriptors handles */
 346:Generated_Source\PSoC4/BLE_custom.c ****                 {
 347:Generated_Source\PSoC4/BLE_custom.c ****                     0x0069u, /* Handle of the Characteristic User Description descriptor */ 
 348:Generated_Source\PSoC4/BLE_custom.c ****                     0x006Au, /* Handle of the Client Characteristic Configuration descriptor */ 
 349:Generated_Source\PSoC4/BLE_custom.c ****                 }, 
 350:Generated_Source\PSoC4/BLE_custom.c ****             },
 351:Generated_Source\PSoC4/BLE_custom.c **** 
 352:Generated_Source\PSoC4/BLE_custom.c ****             /* CAL_ZERO_ERROR characteristic */
ARM GAS  C:\Users\alexport\AppData\Local\Temp\ccsdHQYF.s 			page 10


 353:Generated_Source\PSoC4/BLE_custom.c ****             {
 354:Generated_Source\PSoC4/BLE_custom.c ****                 0x006Cu, /* Handle of the CAL_ZERO_ERROR characteristic */ 
 355:Generated_Source\PSoC4/BLE_custom.c ****                 
 356:Generated_Source\PSoC4/BLE_custom.c ****                 /* Array of Descriptors handles */
 357:Generated_Source\PSoC4/BLE_custom.c ****                 {
 358:Generated_Source\PSoC4/BLE_custom.c ****                     0x006Du, /* Handle of the Characteristic User Description descriptor */ 
 359:Generated_Source\PSoC4/BLE_custom.c ****                     0x006Eu, /* Handle of the Client Characteristic Configuration descriptor */ 
 360:Generated_Source\PSoC4/BLE_custom.c ****                 }, 
 361:Generated_Source\PSoC4/BLE_custom.c ****             },
 362:Generated_Source\PSoC4/BLE_custom.c **** 
 363:Generated_Source\PSoC4/BLE_custom.c ****             /* CAL_STEP characteristic */
 364:Generated_Source\PSoC4/BLE_custom.c ****             {
 365:Generated_Source\PSoC4/BLE_custom.c ****                 0x0070u, /* Handle of the CAL_STEP characteristic */ 
 366:Generated_Source\PSoC4/BLE_custom.c ****                 
 367:Generated_Source\PSoC4/BLE_custom.c ****                 /* Array of Descriptors handles */
 368:Generated_Source\PSoC4/BLE_custom.c ****                 {
 369:Generated_Source\PSoC4/BLE_custom.c ****                     0x0071u, /* Handle of the Characteristic User Description descriptor */ 
 370:Generated_Source\PSoC4/BLE_custom.c ****                     0x0072u, /* Handle of the Client Characteristic Configuration descriptor */ 
 371:Generated_Source\PSoC4/BLE_custom.c ****                 }, 
 372:Generated_Source\PSoC4/BLE_custom.c ****             },
 373:Generated_Source\PSoC4/BLE_custom.c **** 
 374:Generated_Source\PSoC4/BLE_custom.c ****             /* CAL_SPEED characteristic */
 375:Generated_Source\PSoC4/BLE_custom.c ****             {
 376:Generated_Source\PSoC4/BLE_custom.c ****                 0x0074u, /* Handle of the CAL_SPEED characteristic */ 
 377:Generated_Source\PSoC4/BLE_custom.c ****                 
 378:Generated_Source\PSoC4/BLE_custom.c ****                 /* Array of Descriptors handles */
 379:Generated_Source\PSoC4/BLE_custom.c ****                 {
 380:Generated_Source\PSoC4/BLE_custom.c ****                     0x0075u, /* Handle of the Characteristic User Description descriptor */ 
 381:Generated_Source\PSoC4/BLE_custom.c ****                     0x0076u, /* Handle of the Client Characteristic Configuration descriptor */ 
 382:Generated_Source\PSoC4/BLE_custom.c ****                 }, 
 383:Generated_Source\PSoC4/BLE_custom.c ****             },
 384:Generated_Source\PSoC4/BLE_custom.c **** 
 385:Generated_Source\PSoC4/BLE_custom.c ****             /* CAL_AS_FOUND characteristic */
 386:Generated_Source\PSoC4/BLE_custom.c ****             {
 387:Generated_Source\PSoC4/BLE_custom.c ****                 0x0078u, /* Handle of the CAL_AS_FOUND characteristic */ 
 388:Generated_Source\PSoC4/BLE_custom.c ****                 
 389:Generated_Source\PSoC4/BLE_custom.c ****                 /* Array of Descriptors handles */
 390:Generated_Source\PSoC4/BLE_custom.c ****                 {
 391:Generated_Source\PSoC4/BLE_custom.c ****                     0x0079u, /* Handle of the Characteristic User Description descriptor */ 
 392:Generated_Source\PSoC4/BLE_custom.c ****                     0x007Au, /* Handle of the Client Characteristic Configuration descriptor */ 
 393:Generated_Source\PSoC4/BLE_custom.c ****                 }, 
 394:Generated_Source\PSoC4/BLE_custom.c ****             },
 395:Generated_Source\PSoC4/BLE_custom.c **** 
 396:Generated_Source\PSoC4/BLE_custom.c ****             /* CAL_ADJUSTED characteristic */
 397:Generated_Source\PSoC4/BLE_custom.c ****             {
 398:Generated_Source\PSoC4/BLE_custom.c ****                 0x007Cu, /* Handle of the CAL_ADJUSTED characteristic */ 
 399:Generated_Source\PSoC4/BLE_custom.c ****                 
 400:Generated_Source\PSoC4/BLE_custom.c ****                 /* Array of Descriptors handles */
 401:Generated_Source\PSoC4/BLE_custom.c ****                 {
 402:Generated_Source\PSoC4/BLE_custom.c ****                     0x007Du, /* Handle of the Characteristic User Description descriptor */ 
 403:Generated_Source\PSoC4/BLE_custom.c ****                     0x007Eu, /* Handle of the Client Characteristic Configuration descriptor */ 
 404:Generated_Source\PSoC4/BLE_custom.c ****                 }, 
 405:Generated_Source\PSoC4/BLE_custom.c ****             },
 406:Generated_Source\PSoC4/BLE_custom.c **** 
 407:Generated_Source\PSoC4/BLE_custom.c ****             /* CAL_COUNTS characteristic */
 408:Generated_Source\PSoC4/BLE_custom.c ****             {
 409:Generated_Source\PSoC4/BLE_custom.c ****                 0x0080u, /* Handle of the CAL_COUNTS characteristic */ 
ARM GAS  C:\Users\alexport\AppData\Local\Temp\ccsdHQYF.s 			page 11


 410:Generated_Source\PSoC4/BLE_custom.c ****                 
 411:Generated_Source\PSoC4/BLE_custom.c ****                 /* Array of Descriptors handles */
 412:Generated_Source\PSoC4/BLE_custom.c ****                 {
 413:Generated_Source\PSoC4/BLE_custom.c ****                     0x0081u, /* Handle of the Characteristic User Description descriptor */ 
 414:Generated_Source\PSoC4/BLE_custom.c ****                     CYBLE_GATT_INVALID_ATTR_HANDLE_VALUE, 
 415:Generated_Source\PSoC4/BLE_custom.c ****                 }, 
 416:Generated_Source\PSoC4/BLE_custom.c ****             },
 417:Generated_Source\PSoC4/BLE_custom.c **** 
 418:Generated_Source\PSoC4/BLE_custom.c ****             /* SENSOR_LIFE characteristic */
 419:Generated_Source\PSoC4/BLE_custom.c ****             {
 420:Generated_Source\PSoC4/BLE_custom.c ****                 0x0083u, /* Handle of the SENSOR_LIFE characteristic */ 
 421:Generated_Source\PSoC4/BLE_custom.c ****                 
 422:Generated_Source\PSoC4/BLE_custom.c ****                 /* Array of Descriptors handles */
 423:Generated_Source\PSoC4/BLE_custom.c ****                 {
 424:Generated_Source\PSoC4/BLE_custom.c ****                     0x0084u, /* Handle of the Characteristic User Description descriptor */ 
 425:Generated_Source\PSoC4/BLE_custom.c ****                     0x0085u, /* Handle of the Client Characteristic Configuration descriptor */ 
 426:Generated_Source\PSoC4/BLE_custom.c ****                 }, 
 427:Generated_Source\PSoC4/BLE_custom.c ****             },
 428:Generated_Source\PSoC4/BLE_custom.c **** 
 429:Generated_Source\PSoC4/BLE_custom.c ****             /* CAL_CLEARING characteristic */
 430:Generated_Source\PSoC4/BLE_custom.c ****             {
 431:Generated_Source\PSoC4/BLE_custom.c ****                 0x0087u, /* Handle of the CAL_CLEARING characteristic */ 
 432:Generated_Source\PSoC4/BLE_custom.c ****                 
 433:Generated_Source\PSoC4/BLE_custom.c ****                 /* Array of Descriptors handles */
 434:Generated_Source\PSoC4/BLE_custom.c ****                 {
 435:Generated_Source\PSoC4/BLE_custom.c ****                     0x0088u, /* Handle of the Characteristic User Description descriptor */ 
 436:Generated_Source\PSoC4/BLE_custom.c ****                     0x0089u, /* Handle of the Client Characteristic Configuration descriptor */ 
 437:Generated_Source\PSoC4/BLE_custom.c ****                 }, 
 438:Generated_Source\PSoC4/BLE_custom.c ****             },
 439:Generated_Source\PSoC4/BLE_custom.c **** 
 440:Generated_Source\PSoC4/BLE_custom.c ****             /* CAL_SPAN_ERROR characteristic */
 441:Generated_Source\PSoC4/BLE_custom.c ****             {
 442:Generated_Source\PSoC4/BLE_custom.c ****                 0x008Bu, /* Handle of the CAL_SPAN_ERROR characteristic */ 
 443:Generated_Source\PSoC4/BLE_custom.c ****                 
 444:Generated_Source\PSoC4/BLE_custom.c ****                 /* Array of Descriptors handles */
 445:Generated_Source\PSoC4/BLE_custom.c ****                 {
 446:Generated_Source\PSoC4/BLE_custom.c ****                     0x008Cu, /* Handle of the Characteristic User Description descriptor */ 
 447:Generated_Source\PSoC4/BLE_custom.c ****                     0x008Du, /* Handle of the Client Characteristic Configuration descriptor */ 
 448:Generated_Source\PSoC4/BLE_custom.c ****                 }, 
 449:Generated_Source\PSoC4/BLE_custom.c ****             },
 450:Generated_Source\PSoC4/BLE_custom.c **** 
 451:Generated_Source\PSoC4/BLE_custom.c ****             /* CALIBRATION_STATUS characteristic */
 452:Generated_Source\PSoC4/BLE_custom.c ****             {
 453:Generated_Source\PSoC4/BLE_custom.c ****                 0x008Fu, /* Handle of the CALIBRATION_STATUS characteristic */ 
 454:Generated_Source\PSoC4/BLE_custom.c ****                 
 455:Generated_Source\PSoC4/BLE_custom.c ****                 /* Array of Descriptors handles */
 456:Generated_Source\PSoC4/BLE_custom.c ****                 {
 457:Generated_Source\PSoC4/BLE_custom.c ****                     0x0090u, /* Handle of the Characteristic User Description descriptor */ 
 458:Generated_Source\PSoC4/BLE_custom.c ****                     0x0091u, /* Handle of the Client Characteristic Configuration descriptor */ 
 459:Generated_Source\PSoC4/BLE_custom.c ****                 }, 
 460:Generated_Source\PSoC4/BLE_custom.c ****             },
 461:Generated_Source\PSoC4/BLE_custom.c **** 
 462:Generated_Source\PSoC4/BLE_custom.c ****             /* READING_SCALED characteristic */
 463:Generated_Source\PSoC4/BLE_custom.c ****             {
 464:Generated_Source\PSoC4/BLE_custom.c ****                 0x0093u, /* Handle of the READING_SCALED characteristic */ 
 465:Generated_Source\PSoC4/BLE_custom.c ****                 
 466:Generated_Source\PSoC4/BLE_custom.c ****                 /* Array of Descriptors handles */
ARM GAS  C:\Users\alexport\AppData\Local\Temp\ccsdHQYF.s 			page 12


 467:Generated_Source\PSoC4/BLE_custom.c ****                 {
 468:Generated_Source\PSoC4/BLE_custom.c ****                     0x0094u, /* Handle of the Characteristic User Description descriptor */ 
 469:Generated_Source\PSoC4/BLE_custom.c ****                     0x0095u, /* Handle of the Client Characteristic Configuration descriptor */ 
 470:Generated_Source\PSoC4/BLE_custom.c ****                 }, 
 471:Generated_Source\PSoC4/BLE_custom.c ****             },
 472:Generated_Source\PSoC4/BLE_custom.c **** 
 473:Generated_Source\PSoC4/BLE_custom.c ****             /* ALERT_STATUS characteristic */
 474:Generated_Source\PSoC4/BLE_custom.c ****             {
 475:Generated_Source\PSoC4/BLE_custom.c ****                 0x0097u, /* Handle of the ALERT_STATUS characteristic */ 
 476:Generated_Source\PSoC4/BLE_custom.c ****                 
 477:Generated_Source\PSoC4/BLE_custom.c ****                 /* Array of Descriptors handles */
 478:Generated_Source\PSoC4/BLE_custom.c ****                 {
 479:Generated_Source\PSoC4/BLE_custom.c ****                     0x0098u, /* Handle of the Characteristic User Description descriptor */ 
 480:Generated_Source\PSoC4/BLE_custom.c ****                     0x0099u, /* Handle of the Client Characteristic Configuration descriptor */ 
 481:Generated_Source\PSoC4/BLE_custom.c ****                 }, 
 482:Generated_Source\PSoC4/BLE_custom.c ****             },
 483:Generated_Source\PSoC4/BLE_custom.c ****         }, 
 484:Generated_Source\PSoC4/BLE_custom.c ****     },
 485:Generated_Source\PSoC4/BLE_custom.c **** };
 486:Generated_Source\PSoC4/BLE_custom.c **** 
 487:Generated_Source\PSoC4/BLE_custom.c **** 
 488:Generated_Source\PSoC4/BLE_custom.c **** #endif /* (CYBLE_CUSTOM_SERVER) */
 489:Generated_Source\PSoC4/BLE_custom.c **** 
 490:Generated_Source\PSoC4/BLE_custom.c **** #ifdef CYBLE_CUSTOM_CLIENT
 491:Generated_Source\PSoC4/BLE_custom.c ****     
 492:Generated_Source\PSoC4/BLE_custom.c **** 
 493:Generated_Source\PSoC4/BLE_custom.c **** static uint16 cyBle_customDisServIndex;
 494:Generated_Source\PSoC4/BLE_custom.c **** static uint16 cyBle_customDisCharIndex;
 495:Generated_Source\PSoC4/BLE_custom.c **** 
 496:Generated_Source\PSoC4/BLE_custom.c **** #endif /* (CYBLE_CUSTOM_CLIENT) */
 497:Generated_Source\PSoC4/BLE_custom.c **** 
 498:Generated_Source\PSoC4/BLE_custom.c **** 
 499:Generated_Source\PSoC4/BLE_custom.c **** /****************************************************************************** 
 500:Generated_Source\PSoC4/BLE_custom.c **** * Function Name: CyBle_CustomInit
 501:Generated_Source\PSoC4/BLE_custom.c **** ***************************************************************************//**
 502:Generated_Source\PSoC4/BLE_custom.c **** * 
 503:Generated_Source\PSoC4/BLE_custom.c **** *  This function initializes Custom Service.
 504:Generated_Source\PSoC4/BLE_custom.c **** * 
 505:Generated_Source\PSoC4/BLE_custom.c **** * \return
 506:Generated_Source\PSoC4/BLE_custom.c **** *  None
 507:Generated_Source\PSoC4/BLE_custom.c **** * 
 508:Generated_Source\PSoC4/BLE_custom.c **** ******************************************************************************/
 509:Generated_Source\PSoC4/BLE_custom.c **** void CyBle_CustomInit(void)
 510:Generated_Source\PSoC4/BLE_custom.c **** {
 162              		.loc 1 510 0
 163              		.cfi_startproc
 164              		@ args = 0, pretend = 0, frame = 0
 165              		@ frame_needed = 1, uses_anonymous_args = 0
 166 0000 80B5     		push	{r7, lr}
 167              		.cfi_def_cfa_offset 8
 168              		.cfi_offset 7, -8
 169              		.cfi_offset 14, -4
 170 0002 00AF     		add	r7, sp, #0
 171              		.cfi_def_cfa_register 7
 511:Generated_Source\PSoC4/BLE_custom.c ****     
 512:Generated_Source\PSoC4/BLE_custom.c **** #ifdef CYBLE_CUSTOM_CLIENT
 513:Generated_Source\PSoC4/BLE_custom.c **** 
ARM GAS  C:\Users\alexport\AppData\Local\Temp\ccsdHQYF.s 			page 13


 514:Generated_Source\PSoC4/BLE_custom.c ****     uint16 locServIndex;
 515:Generated_Source\PSoC4/BLE_custom.c ****     uint16 locCharIndex;
 516:Generated_Source\PSoC4/BLE_custom.c ****     uint16 locDescIndex;
 517:Generated_Source\PSoC4/BLE_custom.c ****     
 518:Generated_Source\PSoC4/BLE_custom.c ****     for(locServIndex = 0u; locServIndex < CYBLE_CUSTOMC_SERVICE_COUNT; locServIndex++)
 519:Generated_Source\PSoC4/BLE_custom.c ****     {
 520:Generated_Source\PSoC4/BLE_custom.c ****         if(cyBle_serverInfo[CYBLE_SRVI_CUSTOMS + locServIndex].range.startHandle == CYBLE_GATT_INVA
 521:Generated_Source\PSoC4/BLE_custom.c ****         {
 522:Generated_Source\PSoC4/BLE_custom.c ****             for(locCharIndex = 0u; locCharIndex < cyBle_customCServ[locServIndex].charCount; locCha
 523:Generated_Source\PSoC4/BLE_custom.c ****             {
 524:Generated_Source\PSoC4/BLE_custom.c ****                 cyBle_customCServ[locServIndex].customServChar[locCharIndex].
 525:Generated_Source\PSoC4/BLE_custom.c ****                     customServCharHandle = 0u;
 526:Generated_Source\PSoC4/BLE_custom.c ****                 
 527:Generated_Source\PSoC4/BLE_custom.c ****                 for(locDescIndex = 0u; locDescIndex < 
 528:Generated_Source\PSoC4/BLE_custom.c ****                     cyBle_customCServ[locServIndex].customServChar[locCharIndex].descCount; 
 529:Generated_Source\PSoC4/BLE_custom.c ****                         locDescIndex++)
 530:Generated_Source\PSoC4/BLE_custom.c ****                 {
 531:Generated_Source\PSoC4/BLE_custom.c ****                     cyBle_customCServ[locServIndex].customServChar[locCharIndex].
 532:Generated_Source\PSoC4/BLE_custom.c ****                         customServCharDesc[locDescIndex].descHandle = 0u;
 533:Generated_Source\PSoC4/BLE_custom.c ****                 }
 534:Generated_Source\PSoC4/BLE_custom.c ****             }
 535:Generated_Source\PSoC4/BLE_custom.c ****         }
 536:Generated_Source\PSoC4/BLE_custom.c ****     }
 537:Generated_Source\PSoC4/BLE_custom.c **** 
 538:Generated_Source\PSoC4/BLE_custom.c **** #endif /* (CYBLE_CUSTOM_CLIENT) */
 539:Generated_Source\PSoC4/BLE_custom.c **** }
 172              		.loc 1 539 0
 173 0004 C046     		nop
 174 0006 BD46     		mov	sp, r7
 175              		@ sp needed
 176 0008 80BD     		pop	{r7, pc}
 177              		.cfi_endproc
 178              	.LFE2:
 179              		.size	CyBle_CustomInit, .-CyBle_CustomInit
 180 000a C046     		.text
 181              	.Letext0:
 182              		.file 2 "Generated_Source\\PSoC4\\cytypes.h"
 183              		.file 3 "Generated_Source\\PSoC4\\BLE_StackGatt.h"
 184              		.file 4 "Generated_Source\\PSoC4\\BLE_custom.h"
 185              		.file 5 "Generated_Source\\PSoC4\\BLE_Stack.h"
 186              		.file 6 "Generated_Source\\PSoC4\\BLE_dis.h"
 187              		.section	.debug_info,"",%progbits
 188              	.Ldebug_info0:
 189 0000 67030000 		.4byte	0x367
 190 0004 0400     		.2byte	0x4
 191 0006 00000000 		.4byte	.Ldebug_abbrev0
 192 000a 04       		.byte	0x4
 193 000b 01       		.uleb128 0x1
 194 000c 7D040000 		.4byte	.LASF104
 195 0010 0C       		.byte	0xc
 196 0011 21030000 		.4byte	.LASF105
 197 0015 AC050000 		.4byte	.LASF106
 198 0019 00000000 		.4byte	.Ldebug_ranges0+0
 199 001d 00000000 		.4byte	0
 200 0021 00000000 		.4byte	.Ldebug_line0
 201 0025 02       		.uleb128 0x2
 202 0026 01       		.byte	0x1
ARM GAS  C:\Users\alexport\AppData\Local\Temp\ccsdHQYF.s 			page 14


 203 0027 06       		.byte	0x6
 204 0028 43060000 		.4byte	.LASF0
 205 002c 02       		.uleb128 0x2
 206 002d 01       		.byte	0x1
 207 002e 08       		.byte	0x8
 208 002f 8F050000 		.4byte	.LASF1
 209 0033 02       		.uleb128 0x2
 210 0034 02       		.byte	0x2
 211 0035 05       		.byte	0x5
 212 0036 D6000000 		.4byte	.LASF2
 213 003a 02       		.uleb128 0x2
 214 003b 02       		.byte	0x2
 215 003c 07       		.byte	0x7
 216 003d 23080000 		.4byte	.LASF3
 217 0041 02       		.uleb128 0x2
 218 0042 04       		.byte	0x4
 219 0043 05       		.byte	0x5
 220 0044 92030000 		.4byte	.LASF4
 221 0048 02       		.uleb128 0x2
 222 0049 04       		.byte	0x4
 223 004a 07       		.byte	0x7
 224 004b D4060000 		.4byte	.LASF5
 225 004f 02       		.uleb128 0x2
 226 0050 08       		.byte	0x8
 227 0051 05       		.byte	0x5
 228 0052 5A010000 		.4byte	.LASF6
 229 0056 02       		.uleb128 0x2
 230 0057 08       		.byte	0x8
 231 0058 07       		.byte	0x7
 232 0059 45030000 		.4byte	.LASF7
 233 005d 03       		.uleb128 0x3
 234 005e 04       		.byte	0x4
 235 005f 05       		.byte	0x5
 236 0060 696E7400 		.ascii	"int\000"
 237 0064 02       		.uleb128 0x2
 238 0065 04       		.byte	0x4
 239 0066 07       		.byte	0x7
 240 0067 AC060000 		.4byte	.LASF8
 241 006b 04       		.uleb128 0x4
 242 006c 29020000 		.4byte	.LASF86
 243 0070 02       		.byte	0x2
 244 0071 FD01     		.2byte	0x1fd
 245 0073 3A000000 		.4byte	0x3a
 246 0077 02       		.uleb128 0x2
 247 0078 04       		.byte	0x4
 248 0079 04       		.byte	0x4
 249 007a D9020000 		.4byte	.LASF9
 250 007e 02       		.uleb128 0x2
 251 007f 08       		.byte	0x8
 252 0080 04       		.byte	0x4
 253 0081 0C090000 		.4byte	.LASF10
 254 0085 02       		.uleb128 0x2
 255 0086 01       		.byte	0x1
 256 0087 08       		.byte	0x8
 257 0088 02080000 		.4byte	.LASF11
 258 008c 02       		.uleb128 0x2
 259 008d 08       		.byte	0x8
ARM GAS  C:\Users\alexport\AppData\Local\Temp\ccsdHQYF.s 			page 15


 260 008e 04       		.byte	0x4
 261 008f 5D050000 		.4byte	.LASF12
 262 0093 02       		.uleb128 0x2
 263 0094 04       		.byte	0x4
 264 0095 07       		.byte	0x7
 265 0096 18010000 		.4byte	.LASF13
 266 009a 05       		.uleb128 0x5
 267 009b 01       		.byte	0x1
 268 009c 2C000000 		.4byte	0x2c
 269 00a0 05       		.byte	0x5
 270 00a1 3501     		.2byte	0x135
 271 00a3 58020000 		.4byte	0x258
 272 00a7 06       		.uleb128 0x6
 273 00a8 83020000 		.4byte	.LASF14
 274 00ac 00       		.byte	0
 275 00ad 06       		.uleb128 0x6
 276 00ae C3010000 		.4byte	.LASF15
 277 00b2 01       		.byte	0x1
 278 00b3 06       		.uleb128 0x6
 279 00b4 CF0A0000 		.4byte	.LASF16
 280 00b8 02       		.byte	0x2
 281 00b9 06       		.uleb128 0x6
 282 00ba 79090000 		.4byte	.LASF17
 283 00be 03       		.byte	0x3
 284 00bf 06       		.uleb128 0x6
 285 00c0 9D010000 		.4byte	.LASF18
 286 00c4 04       		.byte	0x4
 287 00c5 06       		.uleb128 0x6
 288 00c6 24040000 		.4byte	.LASF19
 289 00ca 05       		.byte	0x5
 290 00cb 06       		.uleb128 0x6
 291 00cc 5D000000 		.4byte	.LASF20
 292 00d0 06       		.byte	0x6
 293 00d1 06       		.uleb128 0x6
 294 00d2 D7090000 		.4byte	.LASF21
 295 00d6 20       		.byte	0x20
 296 00d7 06       		.uleb128 0x6
 297 00d8 E6060000 		.4byte	.LASF22
 298 00dc 21       		.byte	0x21
 299 00dd 06       		.uleb128 0x6
 300 00de 00000000 		.4byte	.LASF23
 301 00e2 22       		.byte	0x22
 302 00e3 06       		.uleb128 0x6
 303 00e4 57040000 		.4byte	.LASF24
 304 00e8 23       		.byte	0x23
 305 00e9 06       		.uleb128 0x6
 306 00ea 90060000 		.4byte	.LASF25
 307 00ee 24       		.byte	0x24
 308 00ef 06       		.uleb128 0x6
 309 00f0 E0000000 		.4byte	.LASF26
 310 00f4 25       		.byte	0x25
 311 00f5 06       		.uleb128 0x6
 312 00f6 DB030000 		.4byte	.LASF27
 313 00fa 26       		.byte	0x26
 314 00fb 06       		.uleb128 0x6
 315 00fc BC030000 		.4byte	.LASF28
 316 0100 27       		.byte	0x27
ARM GAS  C:\Users\alexport\AppData\Local\Temp\ccsdHQYF.s 			page 16


 317 0101 06       		.uleb128 0x6
 318 0102 90000000 		.4byte	.LASF29
 319 0106 28       		.byte	0x28
 320 0107 06       		.uleb128 0x6
 321 0108 1E070000 		.4byte	.LASF30
 322 010c 29       		.byte	0x29
 323 010d 06       		.uleb128 0x6
 324 010e B2070000 		.4byte	.LASF31
 325 0112 2A       		.byte	0x2a
 326 0113 06       		.uleb128 0x6
 327 0114 AC080000 		.4byte	.LASF32
 328 0118 2B       		.byte	0x2b
 329 0119 06       		.uleb128 0x6
 330 011a 76070000 		.4byte	.LASF33
 331 011e 2C       		.byte	0x2c
 332 011f 06       		.uleb128 0x6
 333 0120 F8020000 		.4byte	.LASF34
 334 0124 2D       		.byte	0x2d
 335 0125 06       		.uleb128 0x6
 336 0126 B2000000 		.4byte	.LASF35
 337 012a 2E       		.byte	0x2e
 338 012b 06       		.uleb128 0x6
 339 012c CD0B0000 		.4byte	.LASF36
 340 0130 2F       		.byte	0x2f
 341 0131 06       		.uleb128 0x6
 342 0132 21010000 		.4byte	.LASF37
 343 0136 30       		.byte	0x30
 344 0137 06       		.uleb128 0x6
 345 0138 39050000 		.4byte	.LASF38
 346 013c 31       		.byte	0x31
 347 013d 06       		.uleb128 0x6
 348 013e 36080000 		.4byte	.LASF39
 349 0142 32       		.byte	0x32
 350 0143 06       		.uleb128 0x6
 351 0144 DB070000 		.4byte	.LASF40
 352 0148 33       		.byte	0x33
 353 0149 06       		.uleb128 0x6
 354 014a 3B070000 		.4byte	.LASF41
 355 014e 34       		.byte	0x34
 356 014f 06       		.uleb128 0x6
 357 0150 4B090000 		.4byte	.LASF42
 358 0154 35       		.byte	0x35
 359 0155 06       		.uleb128 0x6
 360 0156 71030000 		.4byte	.LASF43
 361 015a 36       		.byte	0x36
 362 015b 06       		.uleb128 0x6
 363 015c D6010000 		.4byte	.LASF44
 364 0160 37       		.byte	0x37
 365 0161 06       		.uleb128 0x6
 366 0162 76000000 		.4byte	.LASF45
 367 0166 40       		.byte	0x40
 368 0167 06       		.uleb128 0x6
 369 0168 B9060000 		.4byte	.LASF46
 370 016c 41       		.byte	0x41
 371 016d 06       		.uleb128 0x6
 372 016e FA000000 		.4byte	.LASF47
 373 0172 42       		.byte	0x42
ARM GAS  C:\Users\alexport\AppData\Local\Temp\ccsdHQYF.s 			page 17


 374 0173 06       		.uleb128 0x6
 375 0174 0B020000 		.4byte	.LASF48
 376 0178 43       		.byte	0x43
 377 0179 06       		.uleb128 0x6
 378 017a 760A0000 		.4byte	.LASF49
 379 017e 44       		.byte	0x44
 380 017f 06       		.uleb128 0x6
 381 0180 170A0000 		.4byte	.LASF50
 382 0184 45       		.byte	0x45
 383 0185 06       		.uleb128 0x6
 384 0186 550A0000 		.4byte	.LASF51
 385 018a 46       		.byte	0x46
 386 018b 06       		.uleb128 0x6
 387 018c 25060000 		.4byte	.LASF52
 388 0190 47       		.byte	0x47
 389 0191 06       		.uleb128 0x6
 390 0192 69060000 		.4byte	.LASF53
 391 0196 48       		.byte	0x48
 392 0197 06       		.uleb128 0x6
 393 0198 DF020000 		.4byte	.LASF54
 394 019c 49       		.byte	0x49
 395 019d 06       		.uleb128 0x6
 396 019e 6F080000 		.4byte	.LASF55
 397 01a2 4A       		.byte	0x4a
 398 01a3 06       		.uleb128 0x6
 399 01a4 43020000 		.4byte	.LASF56
 400 01a8 4B       		.byte	0x4b
 401 01a9 06       		.uleb128 0x6
 402 01aa 4F060000 		.4byte	.LASF57
 403 01ae 4C       		.byte	0x4c
 404 01af 06       		.uleb128 0x6
 405 01b0 43000000 		.4byte	.LASF58
 406 01b4 4D       		.byte	0x4d
 407 01b5 06       		.uleb128 0x6
 408 01b6 7F010000 		.4byte	.LASF59
 409 01ba 4E       		.byte	0x4e
 410 01bb 06       		.uleb128 0x6
 411 01bc 24000000 		.4byte	.LASF60
 412 01c0 4F       		.byte	0x4f
 413 01c1 06       		.uleb128 0x6
 414 01c2 3A0B0000 		.4byte	.LASF61
 415 01c6 50       		.byte	0x50
 416 01c7 06       		.uleb128 0x6
 417 01c8 8D080000 		.4byte	.LASF62
 418 01cc 51       		.byte	0x51
 419 01cd 06       		.uleb128 0x6
 420 01ce 03040000 		.4byte	.LASF63
 421 01d2 52       		.byte	0x52
 422 01d3 06       		.uleb128 0x6
 423 01d4 9B030000 		.4byte	.LASF64
 424 01d8 53       		.byte	0x53
 425 01d9 06       		.uleb128 0x6
 426 01da 62020000 		.4byte	.LASF65
 427 01de 54       		.byte	0x54
 428 01df 06       		.uleb128 0x6
 429 01e0 830B0000 		.4byte	.LASF66
 430 01e4 55       		.byte	0x55
ARM GAS  C:\Users\alexport\AppData\Local\Temp\ccsdHQYF.s 			page 18


 431 01e5 06       		.uleb128 0x6
 432 01e6 180B0000 		.4byte	.LASF67
 433 01ea 56       		.byte	0x56
 434 01eb 06       		.uleb128 0x6
 435 01ec EF0A0000 		.4byte	.LASF68
 436 01f0 57       		.byte	0x57
 437 01f1 06       		.uleb128 0x6
 438 01f2 53070000 		.4byte	.LASF69
 439 01f6 58       		.byte	0x58
 440 01f7 06       		.uleb128 0x6
 441 01f8 69050000 		.4byte	.LASF70
 442 01fc 70       		.byte	0x70
 443 01fd 06       		.uleb128 0x6
 444 01fe B1090000 		.4byte	.LASF71
 445 0202 71       		.byte	0x71
 446 0203 06       		.uleb128 0x6
 447 0204 07080000 		.4byte	.LASF72
 448 0208 72       		.byte	0x72
 449 0209 06       		.uleb128 0x6
 450 020a 9A020000 		.4byte	.LASF73
 451 020e 73       		.byte	0x73
 452 020f 06       		.uleb128 0x6
 453 0210 1B050000 		.4byte	.LASF74
 454 0214 74       		.byte	0x74
 455 0215 06       		.uleb128 0x6
 456 0216 FD060000 		.4byte	.LASF75
 457 021a 75       		.byte	0x75
 458 021b 06       		.uleb128 0x6
 459 021c B8020000 		.4byte	.LASF76
 460 0220 76       		.byte	0x76
 461 0221 06       		.uleb128 0x6
 462 0222 92090000 		.4byte	.LASF77
 463 0226 77       		.byte	0x77
 464 0227 06       		.uleb128 0x6
 465 0228 E9080000 		.4byte	.LASF78
 466 022c 78       		.byte	0x78
 467 022d 06       		.uleb128 0x6
 468 022e 13090000 		.4byte	.LASF79
 469 0232 79       		.byte	0x79
 470 0233 06       		.uleb128 0x6
 471 0234 AB0A0000 		.4byte	.LASF80
 472 0238 7A       		.byte	0x7a
 473 0239 06       		.uleb128 0x6
 474 023a CB080000 		.4byte	.LASF81
 475 023e FA       		.byte	0xfa
 476 023f 06       		.uleb128 0x6
 477 0240 F1050000 		.4byte	.LASF82
 478 0244 FB       		.byte	0xfb
 479 0245 06       		.uleb128 0x6
 480 0246 A70B0000 		.4byte	.LASF83
 481 024a FC       		.byte	0xfc
 482 024b 06       		.uleb128 0x6
 483 024c 9A070000 		.4byte	.LASF84
 484 0250 FD       		.byte	0xfd
 485 0251 06       		.uleb128 0x6
 486 0252 E10A0000 		.4byte	.LASF85
 487 0256 FF       		.byte	0xff
ARM GAS  C:\Users\alexport\AppData\Local\Temp\ccsdHQYF.s 			page 19


 488 0257 00       		.byte	0
 489 0258 04       		.uleb128 0x4
 490 0259 590B0000 		.4byte	.LASF87
 491 025d 03       		.byte	0x3
 492 025e 8901     		.2byte	0x189
 493 0260 6B000000 		.4byte	0x6b
 494 0264 07       		.uleb128 0x7
 495 0265 06       		.byte	0x6
 496 0266 04       		.byte	0x4
 497 0267 0901     		.2byte	0x109
 498 0269 88020000 		.4byte	0x288
 499 026d 08       		.uleb128 0x8
 500 026e 10060000 		.4byte	.LASF88
 501 0272 04       		.byte	0x4
 502 0273 0C01     		.2byte	0x10c
 503 0275 58020000 		.4byte	0x258
 504 0279 00       		.byte	0
 505 027a 08       		.uleb128 0x8
 506 027b 30020000 		.4byte	.LASF89
 507 027f 04       		.byte	0x4
 508 0280 0E01     		.2byte	0x10e
 509 0282 88020000 		.4byte	0x288
 510 0286 02       		.byte	0x2
 511 0287 00       		.byte	0
 512 0288 09       		.uleb128 0x9
 513 0289 58020000 		.4byte	0x258
 514 028d 98020000 		.4byte	0x298
 515 0291 0A       		.uleb128 0xa
 516 0292 93000000 		.4byte	0x93
 517 0296 01       		.byte	0x1
 518 0297 00       		.byte	0
 519 0298 04       		.uleb128 0x4
 520 0299 5C030000 		.4byte	.LASF90
 521 029d 04       		.byte	0x4
 522 029e 1001     		.2byte	0x110
 523 02a0 64020000 		.4byte	0x264
 524 02a4 07       		.uleb128 0x7
 525 02a5 80       		.byte	0x80
 526 02a6 04       		.byte	0x4
 527 02a7 1301     		.2byte	0x113
 528 02a9 C8020000 		.4byte	0x2c8
 529 02ad 08       		.uleb128 0x8
 530 02ae 68090000 		.4byte	.LASF91
 531 02b2 04       		.byte	0x4
 532 02b3 1601     		.2byte	0x116
 533 02b5 58020000 		.4byte	0x258
 534 02b9 00       		.byte	0
 535 02ba 08       		.uleb128 0x8
 536 02bb 9D050000 		.4byte	.LASF92
 537 02bf 04       		.byte	0x4
 538 02c0 1901     		.2byte	0x119
 539 02c2 C8020000 		.4byte	0x2c8
 540 02c6 02       		.byte	0x2
 541 02c7 00       		.byte	0
 542 02c8 09       		.uleb128 0x9
 543 02c9 98020000 		.4byte	0x298
 544 02cd D8020000 		.4byte	0x2d8
ARM GAS  C:\Users\alexport\AppData\Local\Temp\ccsdHQYF.s 			page 20


 545 02d1 0A       		.uleb128 0xa
 546 02d2 93000000 		.4byte	0x93
 547 02d6 14       		.byte	0x14
 548 02d7 00       		.byte	0
 549 02d8 04       		.uleb128 0x4
 550 02d9 0B050000 		.4byte	.LASF93
 551 02dd 04       		.byte	0x4
 552 02de 1B01     		.2byte	0x11b
 553 02e0 A4020000 		.4byte	0x2a4
 554 02e4 0B       		.uleb128 0xb
 555 02e5 01       		.byte	0x1
 556 02e6 2C000000 		.4byte	0x2c
 557 02ea 06       		.byte	0x6
 558 02eb 22       		.byte	0x22
 559 02ec 2D030000 		.4byte	0x32d
 560 02f0 06       		.uleb128 0x6
 561 02f1 FB090000 		.4byte	.LASF94
 562 02f5 00       		.byte	0
 563 02f6 06       		.uleb128 0x6
 564 02f7 40040000 		.4byte	.LASF95
 565 02fb 01       		.byte	0x1
 566 02fc 06       		.uleb128 0x6
 567 02fd 42010000 		.4byte	.LASF96
 568 0301 02       		.byte	0x2
 569 0302 06       		.uleb128 0x6
 570 0303 940A0000 		.4byte	.LASF97
 571 0307 03       		.byte	0x3
 572 0308 06       		.uleb128 0x6
 573 0309 3E0A0000 		.4byte	.LASF98
 574 030d 04       		.byte	0x4
 575 030e 06       		.uleb128 0x6
 576 030f 68010000 		.4byte	.LASF99
 577 0313 05       		.byte	0x5
 578 0314 06       		.uleb128 0x6
 579 0315 B90B0000 		.4byte	.LASF100
 580 0319 06       		.byte	0x6
 581 031a 06       		.uleb128 0x6
 582 031b 57080000 		.4byte	.LASF101
 583 031f 07       		.byte	0x7
 584 0320 06       		.uleb128 0x6
 585 0321 F60B0000 		.4byte	.LASF102
 586 0325 08       		.byte	0x8
 587 0326 06       		.uleb128 0x6
 588 0327 36090000 		.4byte	.LASF103
 589 032b 09       		.byte	0x9
 590 032c 00       		.byte	0
 591 032d 0C       		.uleb128 0xc
 592 032e B2010000 		.4byte	.LASF107
 593 0332 01       		.byte	0x1
 594 0333 FD01     		.2byte	0x1fd
 595 0335 00000000 		.4byte	.LFB2
 596 0339 0A000000 		.4byte	.LFE2-.LFB2
 597 033d 01       		.uleb128 0x1
 598 033e 9C       		.byte	0x9c
 599 033f 09       		.uleb128 0x9
 600 0340 4F030000 		.4byte	0x34f
 601 0344 4F030000 		.4byte	0x34f
ARM GAS  C:\Users\alexport\AppData\Local\Temp\ccsdHQYF.s 			page 21


 602 0348 0A       		.uleb128 0xa
 603 0349 93000000 		.4byte	0x93
 604 034d 01       		.byte	0x1
 605 034e 00       		.byte	0
 606 034f 0D       		.uleb128 0xd
 607 0350 D8020000 		.4byte	0x2d8
 608 0354 0E       		.uleb128 0xe
 609 0355 750B0000 		.4byte	.LASF108
 610 0359 01       		.byte	0x1
 611 035a 1A       		.byte	0x1a
 612 035b 65030000 		.4byte	0x365
 613 035f 05       		.uleb128 0x5
 614 0360 03       		.byte	0x3
 615 0361 00000000 		.4byte	cyBle_customs
 616 0365 0D       		.uleb128 0xd
 617 0366 3F030000 		.4byte	0x33f
 618 036a 00       		.byte	0
 619              		.section	.debug_abbrev,"",%progbits
 620              	.Ldebug_abbrev0:
 621 0000 01       		.uleb128 0x1
 622 0001 11       		.uleb128 0x11
 623 0002 01       		.byte	0x1
 624 0003 25       		.uleb128 0x25
 625 0004 0E       		.uleb128 0xe
 626 0005 13       		.uleb128 0x13
 627 0006 0B       		.uleb128 0xb
 628 0007 03       		.uleb128 0x3
 629 0008 0E       		.uleb128 0xe
 630 0009 1B       		.uleb128 0x1b
 631 000a 0E       		.uleb128 0xe
 632 000b 55       		.uleb128 0x55
 633 000c 17       		.uleb128 0x17
 634 000d 11       		.uleb128 0x11
 635 000e 01       		.uleb128 0x1
 636 000f 10       		.uleb128 0x10
 637 0010 17       		.uleb128 0x17
 638 0011 00       		.byte	0
 639 0012 00       		.byte	0
 640 0013 02       		.uleb128 0x2
 641 0014 24       		.uleb128 0x24
 642 0015 00       		.byte	0
 643 0016 0B       		.uleb128 0xb
 644 0017 0B       		.uleb128 0xb
 645 0018 3E       		.uleb128 0x3e
 646 0019 0B       		.uleb128 0xb
 647 001a 03       		.uleb128 0x3
 648 001b 0E       		.uleb128 0xe
 649 001c 00       		.byte	0
 650 001d 00       		.byte	0
 651 001e 03       		.uleb128 0x3
 652 001f 24       		.uleb128 0x24
 653 0020 00       		.byte	0
 654 0021 0B       		.uleb128 0xb
 655 0022 0B       		.uleb128 0xb
 656 0023 3E       		.uleb128 0x3e
 657 0024 0B       		.uleb128 0xb
 658 0025 03       		.uleb128 0x3
ARM GAS  C:\Users\alexport\AppData\Local\Temp\ccsdHQYF.s 			page 22


 659 0026 08       		.uleb128 0x8
 660 0027 00       		.byte	0
 661 0028 00       		.byte	0
 662 0029 04       		.uleb128 0x4
 663 002a 16       		.uleb128 0x16
 664 002b 00       		.byte	0
 665 002c 03       		.uleb128 0x3
 666 002d 0E       		.uleb128 0xe
 667 002e 3A       		.uleb128 0x3a
 668 002f 0B       		.uleb128 0xb
 669 0030 3B       		.uleb128 0x3b
 670 0031 05       		.uleb128 0x5
 671 0032 49       		.uleb128 0x49
 672 0033 13       		.uleb128 0x13
 673 0034 00       		.byte	0
 674 0035 00       		.byte	0
 675 0036 05       		.uleb128 0x5
 676 0037 04       		.uleb128 0x4
 677 0038 01       		.byte	0x1
 678 0039 0B       		.uleb128 0xb
 679 003a 0B       		.uleb128 0xb
 680 003b 49       		.uleb128 0x49
 681 003c 13       		.uleb128 0x13
 682 003d 3A       		.uleb128 0x3a
 683 003e 0B       		.uleb128 0xb
 684 003f 3B       		.uleb128 0x3b
 685 0040 05       		.uleb128 0x5
 686 0041 01       		.uleb128 0x1
 687 0042 13       		.uleb128 0x13
 688 0043 00       		.byte	0
 689 0044 00       		.byte	0
 690 0045 06       		.uleb128 0x6
 691 0046 28       		.uleb128 0x28
 692 0047 00       		.byte	0
 693 0048 03       		.uleb128 0x3
 694 0049 0E       		.uleb128 0xe
 695 004a 1C       		.uleb128 0x1c
 696 004b 0B       		.uleb128 0xb
 697 004c 00       		.byte	0
 698 004d 00       		.byte	0
 699 004e 07       		.uleb128 0x7
 700 004f 13       		.uleb128 0x13
 701 0050 01       		.byte	0x1
 702 0051 0B       		.uleb128 0xb
 703 0052 0B       		.uleb128 0xb
 704 0053 3A       		.uleb128 0x3a
 705 0054 0B       		.uleb128 0xb
 706 0055 3B       		.uleb128 0x3b
 707 0056 05       		.uleb128 0x5
 708 0057 01       		.uleb128 0x1
 709 0058 13       		.uleb128 0x13
 710 0059 00       		.byte	0
 711 005a 00       		.byte	0
 712 005b 08       		.uleb128 0x8
 713 005c 0D       		.uleb128 0xd
 714 005d 00       		.byte	0
 715 005e 03       		.uleb128 0x3
ARM GAS  C:\Users\alexport\AppData\Local\Temp\ccsdHQYF.s 			page 23


 716 005f 0E       		.uleb128 0xe
 717 0060 3A       		.uleb128 0x3a
 718 0061 0B       		.uleb128 0xb
 719 0062 3B       		.uleb128 0x3b
 720 0063 05       		.uleb128 0x5
 721 0064 49       		.uleb128 0x49
 722 0065 13       		.uleb128 0x13
 723 0066 38       		.uleb128 0x38
 724 0067 0B       		.uleb128 0xb
 725 0068 00       		.byte	0
 726 0069 00       		.byte	0
 727 006a 09       		.uleb128 0x9
 728 006b 01       		.uleb128 0x1
 729 006c 01       		.byte	0x1
 730 006d 49       		.uleb128 0x49
 731 006e 13       		.uleb128 0x13
 732 006f 01       		.uleb128 0x1
 733 0070 13       		.uleb128 0x13
 734 0071 00       		.byte	0
 735 0072 00       		.byte	0
 736 0073 0A       		.uleb128 0xa
 737 0074 21       		.uleb128 0x21
 738 0075 00       		.byte	0
 739 0076 49       		.uleb128 0x49
 740 0077 13       		.uleb128 0x13
 741 0078 2F       		.uleb128 0x2f
 742 0079 0B       		.uleb128 0xb
 743 007a 00       		.byte	0
 744 007b 00       		.byte	0
 745 007c 0B       		.uleb128 0xb
 746 007d 04       		.uleb128 0x4
 747 007e 01       		.byte	0x1
 748 007f 0B       		.uleb128 0xb
 749 0080 0B       		.uleb128 0xb
 750 0081 49       		.uleb128 0x49
 751 0082 13       		.uleb128 0x13
 752 0083 3A       		.uleb128 0x3a
 753 0084 0B       		.uleb128 0xb
 754 0085 3B       		.uleb128 0x3b
 755 0086 0B       		.uleb128 0xb
 756 0087 01       		.uleb128 0x1
 757 0088 13       		.uleb128 0x13
 758 0089 00       		.byte	0
 759 008a 00       		.byte	0
 760 008b 0C       		.uleb128 0xc
 761 008c 2E       		.uleb128 0x2e
 762 008d 00       		.byte	0
 763 008e 3F       		.uleb128 0x3f
 764 008f 19       		.uleb128 0x19
 765 0090 03       		.uleb128 0x3
 766 0091 0E       		.uleb128 0xe
 767 0092 3A       		.uleb128 0x3a
 768 0093 0B       		.uleb128 0xb
 769 0094 3B       		.uleb128 0x3b
 770 0095 05       		.uleb128 0x5
 771 0096 27       		.uleb128 0x27
 772 0097 19       		.uleb128 0x19
ARM GAS  C:\Users\alexport\AppData\Local\Temp\ccsdHQYF.s 			page 24


 773 0098 11       		.uleb128 0x11
 774 0099 01       		.uleb128 0x1
 775 009a 12       		.uleb128 0x12
 776 009b 06       		.uleb128 0x6
 777 009c 40       		.uleb128 0x40
 778 009d 18       		.uleb128 0x18
 779 009e 9742     		.uleb128 0x2117
 780 00a0 19       		.uleb128 0x19
 781 00a1 00       		.byte	0
 782 00a2 00       		.byte	0
 783 00a3 0D       		.uleb128 0xd
 784 00a4 26       		.uleb128 0x26
 785 00a5 00       		.byte	0
 786 00a6 49       		.uleb128 0x49
 787 00a7 13       		.uleb128 0x13
 788 00a8 00       		.byte	0
 789 00a9 00       		.byte	0
 790 00aa 0E       		.uleb128 0xe
 791 00ab 34       		.uleb128 0x34
 792 00ac 00       		.byte	0
 793 00ad 03       		.uleb128 0x3
 794 00ae 0E       		.uleb128 0xe
 795 00af 3A       		.uleb128 0x3a
 796 00b0 0B       		.uleb128 0xb
 797 00b1 3B       		.uleb128 0x3b
 798 00b2 0B       		.uleb128 0xb
 799 00b3 49       		.uleb128 0x49
 800 00b4 13       		.uleb128 0x13
 801 00b5 3F       		.uleb128 0x3f
 802 00b6 19       		.uleb128 0x19
 803 00b7 02       		.uleb128 0x2
 804 00b8 18       		.uleb128 0x18
 805 00b9 00       		.byte	0
 806 00ba 00       		.byte	0
 807 00bb 00       		.byte	0
 808              		.section	.debug_aranges,"",%progbits
 809 0000 1C000000 		.4byte	0x1c
 810 0004 0200     		.2byte	0x2
 811 0006 00000000 		.4byte	.Ldebug_info0
 812 000a 04       		.byte	0x4
 813 000b 00       		.byte	0
 814 000c 0000     		.2byte	0
 815 000e 0000     		.2byte	0
 816 0010 00000000 		.4byte	.LFB2
 817 0014 0A000000 		.4byte	.LFE2-.LFB2
 818 0018 00000000 		.4byte	0
 819 001c 00000000 		.4byte	0
 820              		.section	.debug_ranges,"",%progbits
 821              	.Ldebug_ranges0:
 822 0000 00000000 		.4byte	.LFB2
 823 0004 0A000000 		.4byte	.LFE2
 824 0008 00000000 		.4byte	0
 825 000c 00000000 		.4byte	0
 826              		.section	.debug_line,"",%progbits
 827              	.Ldebug_line0:
 828 0000 9F000000 		.section	.debug_str,"MS",%progbits,1
 828      02008600 
ARM GAS  C:\Users\alexport\AppData\Local\Temp\ccsdHQYF.s 			page 25


 828      00000201 
 828      FB0E0D00 
 828      01010101 
 829              	.LASF23:
 830 0000 4359424C 		.ascii	"CYBLE_EVT_GAP_PASSKEY_ENTRY_REQUEST\000"
 830      455F4556 
 830      545F4741 
 830      505F5041 
 830      53534B45 
 831              	.LASF60:
 832 0024 4359424C 		.ascii	"CYBLE_EVT_GATTS_PREP_WRITE_REQ\000"
 832      455F4556 
 832      545F4741 
 832      5454535F 
 832      50524550 
 833              	.LASF58:
 834 0043 4359424C 		.ascii	"CYBLE_EVT_GATTC_WRITE_RSP\000"
 834      455F4556 
 834      545F4741 
 834      5454435F 
 834      57524954 
 835              	.LASF20:
 836 005d 4359424C 		.ascii	"CYBLE_EVT_MEMORY_REQUEST\000"
 836      455F4556 
 836      545F4D45 
 836      4D4F5259 
 836      5F524551 
 837              	.LASF45:
 838 0076 4359424C 		.ascii	"CYBLE_EVT_GATTC_ERROR_RSP\000"
 838      455F4556 
 838      545F4741 
 838      5454435F 
 838      4552524F 
 839              	.LASF29:
 840 0090 4359424C 		.ascii	"CYBLE_EVT_GAP_DEVICE_DISCONNECTED\000"
 840      455F4556 
 840      545F4741 
 840      505F4445 
 840      56494345 
 841              	.LASF35:
 842 00b2 4359424C 		.ascii	"CYBLE_EVT_GAP_KEYPRESS_NOTIFICATION\000"
 842      455F4556 
 842      545F4741 
 842      505F4B45 
 842      59505245 
 843              	.LASF2:
 844 00d6 73686F72 		.ascii	"short int\000"
 844      7420696E 
 844      7400
 845              	.LASF26:
 846 00e0 4359424C 		.ascii	"CYBLE_EVT_GAP_AUTH_FAILED\000"
 846      455F4556 
 846      545F4741 
 846      505F4155 
 846      54485F46 
 847              	.LASF47:
 848 00fa 4359424C 		.ascii	"CYBLE_EVT_GATT_DISCONNECT_IND\000"
ARM GAS  C:\Users\alexport\AppData\Local\Temp\ccsdHQYF.s 			page 26


 848      455F4556 
 848      545F4741 
 848      54545F44 
 848      4953434F 
 849              	.LASF13:
 850 0118 73697A65 		.ascii	"sizetype\000"
 850      74797065 
 850      00
 851              	.LASF37:
 852 0121 4359424C 		.ascii	"CYBLE_EVT_GAP_DATA_LENGTH_CHANGE\000"
 852      455F4556 
 852      545F4741 
 852      505F4441 
 852      54415F4C 
 853              	.LASF96:
 854 0142 4359424C 		.ascii	"CYBLE_DIS_SERIAL_NUMBER\000"
 854      455F4449 
 854      535F5345 
 854      5249414C 
 854      5F4E554D 
 855              	.LASF6:
 856 015a 6C6F6E67 		.ascii	"long long int\000"
 856      206C6F6E 
 856      6720696E 
 856      7400
 857              	.LASF99:
 858 0168 4359424C 		.ascii	"CYBLE_DIS_SOFTWARE_REV\000"
 858      455F4449 
 858      535F534F 
 858      46545741 
 858      52455F52 
 859              	.LASF59:
 860 017f 4359424C 		.ascii	"CYBLE_EVT_GATTS_WRITE_CMD_REQ\000"
 860      455F4556 
 860      545F4741 
 860      5454535F 
 860      57524954 
 861              	.LASF18:
 862 019d 4359424C 		.ascii	"CYBLE_EVT_HCI_STATUS\000"
 862      455F4556 
 862      545F4843 
 862      495F5354 
 862      41545553 
 863              	.LASF107:
 864 01b2 4379426C 		.ascii	"CyBle_CustomInit\000"
 864      655F4375 
 864      73746F6D 
 864      496E6974 
 864      00
 865              	.LASF15:
 866 01c3 4359424C 		.ascii	"CYBLE_EVT_STACK_ON\000"
 866      455F4556 
 866      545F5354 
 866      41434B5F 
 866      4F4E00
 867              	.LASF44:
 868 01d6 4359424C 		.ascii	"CYBLE_EVT_GAP_SMP_LOC_P256_KEYS_GEN_AND_SET_COMPLET"
ARM GAS  C:\Users\alexport\AppData\Local\Temp\ccsdHQYF.s 			page 27


 868      455F4556 
 868      545F4741 
 868      505F534D 
 868      505F4C4F 
 869 0209 4500     		.ascii	"E\000"
 870              	.LASF48:
 871 020b 4359424C 		.ascii	"CYBLE_EVT_GATTS_XCNHG_MTU_REQ\000"
 871      455F4556 
 871      545F4741 
 871      5454535F 
 871      58434E48 
 872              	.LASF86:
 873 0229 75696E74 		.ascii	"uint16\000"
 873      313600
 874              	.LASF89:
 875 0230 63757374 		.ascii	"customServCharDesc\000"
 875      6F6D5365 
 875      72764368 
 875      61724465 
 875      736300
 876              	.LASF56:
 877 0243 4359424C 		.ascii	"CYBLE_EVT_GATTC_READ_MULTI_RSP\000"
 877      455F4556 
 877      545F4741 
 877      5454435F 
 877      52454144 
 878              	.LASF65:
 879 0262 4359424C 		.ascii	"CYBLE_EVT_GATTS_HANDLE_VALUE_CNF\000"
 879      455F4556 
 879      545F4741 
 879      5454535F 
 879      48414E44 
 880              	.LASF14:
 881 0283 4359424C 		.ascii	"CYBLE_EVT_HOST_INVALID\000"
 881      455F4556 
 881      545F484F 
 881      53545F49 
 881      4E56414C 
 882              	.LASF73:
 883 029a 4359424C 		.ascii	"CYBLE_EVT_L2CAP_CBFC_CONN_IND\000"
 883      455F4556 
 883      545F4C32 
 883      4341505F 
 883      43424643 
 884              	.LASF76:
 885 02b8 4359424C 		.ascii	"CYBLE_EVT_L2CAP_CBFC_DISCONN_CNF\000"
 885      455F4556 
 885      545F4C32 
 885      4341505F 
 885      43424643 
 886              	.LASF9:
 887 02d9 666C6F61 		.ascii	"float\000"
 887      7400
 888              	.LASF54:
 889 02df 4359424C 		.ascii	"CYBLE_EVT_GATTC_READ_RSP\000"
 889      455F4556 
 889      545F4741 
ARM GAS  C:\Users\alexport\AppData\Local\Temp\ccsdHQYF.s 			page 28


 889      5454435F 
 889      52454144 
 890              	.LASF34:
 891 02f8 4359424C 		.ascii	"CYBLE_EVT_GAP_NUMERIC_COMPARISON_REQUEST\000"
 891      455F4556 
 891      545F4741 
 891      505F4E55 
 891      4D455249 
 892              	.LASF105:
 893 0321 47656E65 		.ascii	"Generated_Source\\PSoC4\\BLE_custom.c\000"
 893      72617465 
 893      645F536F 
 893      75726365 
 893      5C50536F 
 894              	.LASF7:
 895 0345 6C6F6E67 		.ascii	"long long unsigned int\000"
 895      206C6F6E 
 895      6720756E 
 895      7369676E 
 895      65642069 
 896              	.LASF90:
 897 035c 4359424C 		.ascii	"CYBLE_CUSTOMS_INFO_T\000"
 897      455F4355 
 897      53544F4D 
 897      535F494E 
 897      464F5F54 
 898              	.LASF43:
 899 0371 4359424C 		.ascii	"CYBLE_EVT_GAP_AUTH_REQ_REPLY_ERR\000"
 899      455F4556 
 899      545F4741 
 899      505F4155 
 899      54485F52 
 900              	.LASF4:
 901 0392 6C6F6E67 		.ascii	"long int\000"
 901      20696E74 
 901      00
 902              	.LASF64:
 903 039b 4359424C 		.ascii	"CYBLE_EVT_GATTC_HANDLE_VALUE_IND\000"
 903      455F4556 
 903      545F4741 
 903      5454435F 
 903      48414E44 
 904              	.LASF28:
 905 03bc 4359424C 		.ascii	"CYBLE_EVT_GAP_DEVICE_CONNECTED\000"
 905      455F4556 
 905      545F4741 
 905      505F4445 
 905      56494345 
 906              	.LASF27:
 907 03db 4359424C 		.ascii	"CYBLE_EVT_GAPP_ADVERTISEMENT_START_STOP\000"
 907      455F4556 
 907      545F4741 
 907      50505F41 
 907      44564552 
 908              	.LASF63:
 909 0403 4359424C 		.ascii	"CYBLE_EVT_GATTC_HANDLE_VALUE_NTF\000"
 909      455F4556 
ARM GAS  C:\Users\alexport\AppData\Local\Temp\ccsdHQYF.s 			page 29


 909      545F4741 
 909      5454435F 
 909      48414E44 
 910              	.LASF19:
 911 0424 4359424C 		.ascii	"CYBLE_EVT_STACK_BUSY_STATUS\000"
 911      455F4556 
 911      545F5354 
 911      41434B5F 
 911      42555359 
 912              	.LASF95:
 913 0440 4359424C 		.ascii	"CYBLE_DIS_MODEL_NUMBER\000"
 913      455F4449 
 913      535F4D4F 
 913      44454C5F 
 913      4E554D42 
 914              	.LASF24:
 915 0457 4359424C 		.ascii	"CYBLE_EVT_GAP_PASSKEY_DISPLAY_REQUEST\000"
 915      455F4556 
 915      545F4741 
 915      505F5041 
 915      53534B45 
 916              	.LASF104:
 917 047d 474E5520 		.ascii	"GNU C11 5.4.1 20160609 (release) [ARM/embedded-5-br"
 917      43313120 
 917      352E342E 
 917      31203230 
 917      31363036 
 918 04b0 616E6368 		.ascii	"anch revision 237715] -mcpu=cortex-m0 -mthumb -g -O"
 918      20726576 
 918      6973696F 
 918      6E203233 
 918      37373135 
 919 04e3 30202D66 		.ascii	"0 -ffunction-sections -ffat-lto-objects\000"
 919      66756E63 
 919      74696F6E 
 919      2D736563 
 919      74696F6E 
 920              	.LASF93:
 921 050b 4359424C 		.ascii	"CYBLE_CUSTOMS_T\000"
 921      455F4355 
 921      53544F4D 
 921      535F5400 
 922              	.LASF74:
 923 051b 4359424C 		.ascii	"CYBLE_EVT_L2CAP_CBFC_CONN_CNF\000"
 923      455F4556 
 923      545F4C32 
 923      4341505F 
 923      43424643 
 924              	.LASF38:
 925 0539 4359424C 		.ascii	"CYBLE_EVT_GAP_ENHANCE_CONN_COMPLETE\000"
 925      455F4556 
 925      545F4741 
 925      505F454E 
 925      48414E43 
 926              	.LASF12:
 927 055d 6C6F6E67 		.ascii	"long double\000"
 927      20646F75 
ARM GAS  C:\Users\alexport\AppData\Local\Temp\ccsdHQYF.s 			page 30


 927      626C6500 
 928              	.LASF70:
 929 0569 4359424C 		.ascii	"CYBLE_EVT_L2CAP_CONN_PARAM_UPDATE_REQ\000"
 929      455F4556 
 929      545F4C32 
 929      4341505F 
 929      434F4E4E 
 930              	.LASF1:
 931 058f 756E7369 		.ascii	"unsigned char\000"
 931      676E6564 
 931      20636861 
 931      7200
 932              	.LASF92:
 933 059d 63757374 		.ascii	"customServInfo\000"
 933      6F6D5365 
 933      7276496E 
 933      666F00
 934              	.LASF106:
 935 05ac 433A5C55 		.ascii	"C:\\Users\\alexport\\OneDrive - Safeguard Analytics"
 935      73657273 
 935      5C616C65 
 935      78706F72 
 935      745C4F6E 
 936 05dc 5C53412D 		.ascii	"\\SA-1AQ\\SA-200.cydsn\000"
 936      3141515C 
 936      53412D32 
 936      30302E63 
 936      7964736E 
 937              	.LASF82:
 938 05f1 4359424C 		.ascii	"CYBLE_EVT_LE_PING_AUTH_TIMEOUT\000"
 938      455F4556 
 938      545F4C45 
 938      5F50494E 
 938      475F4155 
 939              	.LASF88:
 940 0610 63757374 		.ascii	"customServCharHandle\000"
 940      6F6D5365 
 940      72764368 
 940      61724861 
 940      6E646C65 
 941              	.LASF52:
 942 0625 4359424C 		.ascii	"CYBLE_EVT_GATTC_FIND_INFO_RSP\000"
 942      455F4556 
 942      545F4741 
 942      5454435F 
 942      46494E44 
 943              	.LASF0:
 944 0643 7369676E 		.ascii	"signed char\000"
 944      65642063 
 944      68617200 
 945              	.LASF57:
 946 064f 4359424C 		.ascii	"CYBLE_EVT_GATTS_WRITE_REQ\000"
 946      455F4556 
 946      545F4741 
 946      5454535F 
 946      57524954 
 947              	.LASF53:
ARM GAS  C:\Users\alexport\AppData\Local\Temp\ccsdHQYF.s 			page 31


 948 0669 4359424C 		.ascii	"CYBLE_EVT_GATTC_FIND_BY_TYPE_VALUE_RSP\000"
 948      455F4556 
 948      545F4741 
 948      5454435F 
 948      46494E44 
 949              	.LASF25:
 950 0690 4359424C 		.ascii	"CYBLE_EVT_GAP_AUTH_COMPLETE\000"
 950      455F4556 
 950      545F4741 
 950      505F4155 
 950      54485F43 
 951              	.LASF8:
 952 06ac 756E7369 		.ascii	"unsigned int\000"
 952      676E6564 
 952      20696E74 
 952      00
 953              	.LASF46:
 954 06b9 4359424C 		.ascii	"CYBLE_EVT_GATT_CONNECT_IND\000"
 954      455F4556 
 954      545F4741 
 954      54545F43 
 954      4F4E4E45 
 955              	.LASF5:
 956 06d4 6C6F6E67 		.ascii	"long unsigned int\000"
 956      20756E73 
 956      69676E65 
 956      6420696E 
 956      7400
 957              	.LASF22:
 958 06e6 4359424C 		.ascii	"CYBLE_EVT_GAP_AUTH_REQ\000"
 958      455F4556 
 958      545F4741 
 958      505F4155 
 958      54485F52 
 959              	.LASF75:
 960 06fd 4359424C 		.ascii	"CYBLE_EVT_L2CAP_CBFC_DISCONN_IND\000"
 960      455F4556 
 960      545F4C32 
 960      4341505F 
 960      43424643 
 961              	.LASF30:
 962 071e 4359424C 		.ascii	"CYBLE_EVT_GAP_ENCRYPT_CHANGE\000"
 962      455F4556 
 962      545F4741 
 962      505F454E 
 962      43525950 
 963              	.LASF41:
 964 073b 4359424C 		.ascii	"CYBLE_EVT_GAP_CONN_ESTB\000"
 964      455F4556 
 964      545F4741 
 964      505F434F 
 964      4E4E5F45 
 965              	.LASF69:
 966 0753 4359424C 		.ascii	"CYBLE_EVT_GATTC_LONG_PROCEDURE_END\000"
 966      455F4556 
 966      545F4741 
 966      5454435F 
ARM GAS  C:\Users\alexport\AppData\Local\Temp\ccsdHQYF.s 			page 32


 966      4C4F4E47 
 967              	.LASF33:
 968 0776 4359424C 		.ascii	"CYBLE_EVT_GAP_KEYINFO_EXCHNGE_CMPLT\000"
 968      455F4556 
 968      545F4741 
 968      505F4B45 
 968      59494E46 
 969              	.LASF84:
 970 079a 4359424C 		.ascii	"CYBLE_EVT_FLASH_CORRUPT\000"
 970      455F4556 
 970      545F464C 
 970      4153485F 
 970      434F5252 
 971              	.LASF31:
 972 07b2 4359424C 		.ascii	"CYBLE_EVT_GAP_CONNECTION_UPDATE_COMPLETE\000"
 972      455F4556 
 972      545F4741 
 972      505F434F 
 972      4E4E4543 
 973              	.LASF40:
 974 07db 4359424C 		.ascii	"CYBLE_EVT_GAP_SMP_NEGOTIATED_AUTH_INFO\000"
 974      455F4556 
 974      545F4741 
 974      505F534D 
 974      505F4E45 
 975              	.LASF11:
 976 0802 63686172 		.ascii	"char\000"
 976      00
 977              	.LASF72:
 978 0807 4359424C 		.ascii	"CYBLE_EVT_L2CAP_COMMAND_REJ\000"
 978      455F4556 
 978      545F4C32 
 978      4341505F 
 978      434F4D4D 
 979              	.LASF3:
 980 0823 73686F72 		.ascii	"short unsigned int\000"
 980      7420756E 
 980      7369676E 
 980      65642069 
 980      6E7400
 981              	.LASF39:
 982 0836 4359424C 		.ascii	"CYBLE_EVT_GAPC_DIRECT_ADV_REPORT\000"
 982      455F4556 
 982      545F4741 
 982      50435F44 
 982      49524543 
 983              	.LASF101:
 984 0857 4359424C 		.ascii	"CYBLE_DIS_REG_CERT_DATA\000"
 984      455F4449 
 984      535F5245 
 984      475F4345 
 984      52545F44 
 985              	.LASF55:
 986 086f 4359424C 		.ascii	"CYBLE_EVT_GATTC_READ_BLOB_RSP\000"
 986      455F4556 
 986      545F4741 
 986      5454435F 
ARM GAS  C:\Users\alexport\AppData\Local\Temp\ccsdHQYF.s 			page 33


 986      52454144 
 987              	.LASF62:
 988 088d 4359424C 		.ascii	"CYBLE_EVT_GATTC_EXEC_WRITE_RSP\000"
 988      455F4556 
 988      545F4741 
 988      5454435F 
 988      45584543 
 989              	.LASF32:
 990 08ac 4359424C 		.ascii	"CYBLE_EVT_GAPC_SCAN_START_STOP\000"
 990      455F4556 
 990      545F4741 
 990      50435F53 
 990      43414E5F 
 991              	.LASF81:
 992 08cb 4359424C 		.ascii	"CYBLE_EVT_PENDING_FLASH_WRITE\000"
 992      455F4556 
 992      545F5045 
 992      4E44494E 
 992      475F464C 
 993              	.LASF78:
 994 08e9 4359424C 		.ascii	"CYBLE_EVT_L2CAP_CBFC_RX_CREDIT_IND\000"
 994      455F4556 
 994      545F4C32 
 994      4341505F 
 994      43424643 
 995              	.LASF10:
 996 090c 646F7562 		.ascii	"double\000"
 996      6C6500
 997              	.LASF79:
 998 0913 4359424C 		.ascii	"CYBLE_EVT_L2CAP_CBFC_TX_CREDIT_IND\000"
 998      455F4556 
 998      545F4C32 
 998      4341505F 
 998      43424643 
 999              	.LASF103:
 1000 0936 4359424C 		.ascii	"CYBLE_DIS_CHAR_COUNT\000"
 1000      455F4449 
 1000      535F4348 
 1000      41525F43 
 1000      4F554E54 
 1001              	.LASF42:
 1002 094b 4359424C 		.ascii	"CYBLE_EVT_GAP_SCAN_REQ_RECVD\000"
 1002      455F4556 
 1002      545F4741 
 1002      505F5343 
 1002      414E5F52 
 1003              	.LASF91:
 1004 0968 63757374 		.ascii	"customServHandle\000"
 1004      6F6D5365 
 1004      72764861 
 1004      6E646C65 
 1004      00
 1005              	.LASF17:
 1006 0979 4359424C 		.ascii	"CYBLE_EVT_HARDWARE_ERROR\000"
 1006      455F4556 
 1006      545F4841 
 1006      52445741 
ARM GAS  C:\Users\alexport\AppData\Local\Temp\ccsdHQYF.s 			page 34


 1006      52455F45 
 1007              	.LASF77:
 1008 0992 4359424C 		.ascii	"CYBLE_EVT_L2CAP_CBFC_DATA_READ\000"
 1008      455F4556 
 1008      545F4C32 
 1008      4341505F 
 1008      43424643 
 1009              	.LASF71:
 1010 09b1 4359424C 		.ascii	"CYBLE_EVT_L2CAP_CONN_PARAM_UPDATE_RSP\000"
 1010      455F4556 
 1010      545F4C32 
 1010      4341505F 
 1010      434F4E4E 
 1011              	.LASF21:
 1012 09d7 4359424C 		.ascii	"CYBLE_EVT_GAPC_SCAN_PROGRESS_RESULT\000"
 1012      455F4556 
 1012      545F4741 
 1012      50435F53 
 1012      43414E5F 
 1013              	.LASF94:
 1014 09fb 4359424C 		.ascii	"CYBLE_DIS_MANUFACTURER_NAME\000"
 1014      455F4449 
 1014      535F4D41 
 1014      4E554641 
 1014      43545552 
 1015              	.LASF50:
 1016 0a17 4359424C 		.ascii	"CYBLE_EVT_GATTC_READ_BY_GROUP_TYPE_RSP\000"
 1016      455F4556 
 1016      545F4741 
 1016      5454435F 
 1016      52454144 
 1017              	.LASF98:
 1018 0a3e 4359424C 		.ascii	"CYBLE_DIS_FIRMWARE_REV\000"
 1018      455F4449 
 1018      535F4649 
 1018      524D5741 
 1018      52455F52 
 1019              	.LASF51:
 1020 0a55 4359424C 		.ascii	"CYBLE_EVT_GATTC_READ_BY_TYPE_RSP\000"
 1020      455F4556 
 1020      545F4741 
 1020      5454435F 
 1020      52454144 
 1021              	.LASF49:
 1022 0a76 4359424C 		.ascii	"CYBLE_EVT_GATTC_XCHNG_MTU_RSP\000"
 1022      455F4556 
 1022      545F4741 
 1022      5454435F 
 1022      5843484E 
 1023              	.LASF97:
 1024 0a94 4359424C 		.ascii	"CYBLE_DIS_HARDWARE_REV\000"
 1024      455F4449 
 1024      535F4841 
 1024      52445741 
 1024      52455F52 
 1025              	.LASF80:
 1026 0aab 4359424C 		.ascii	"CYBLE_EVT_L2CAP_CBFC_DATA_WRITE_IND\000"
ARM GAS  C:\Users\alexport\AppData\Local\Temp\ccsdHQYF.s 			page 35


 1026      455F4556 
 1026      545F4C32 
 1026      4341505F 
 1026      43424643 
 1027              	.LASF16:
 1028 0acf 4359424C 		.ascii	"CYBLE_EVT_TIMEOUT\000"
 1028      455F4556 
 1028      545F5449 
 1028      4D454F55 
 1028      5400
 1029              	.LASF85:
 1030 0ae1 4359424C 		.ascii	"CYBLE_EVT_MAX\000"
 1030      455F4556 
 1030      545F4D41 
 1030      5800
 1031              	.LASF68:
 1032 0aef 4359424C 		.ascii	"CYBLE_EVT_GATTS_READ_CHAR_VAL_ACCESS_REQ\000"
 1032      455F4556 
 1032      545F4741 
 1032      5454535F 
 1032      52454144 
 1033              	.LASF67:
 1034 0b18 4359424C 		.ascii	"CYBLE_EVT_GATTC_STOP_CMD_COMPLETE\000"
 1034      455F4556 
 1034      545F4741 
 1034      5454435F 
 1034      53544F50 
 1035              	.LASF61:
 1036 0b3a 4359424C 		.ascii	"CYBLE_EVT_GATTS_EXEC_WRITE_REQ\000"
 1036      455F4556 
 1036      545F4741 
 1036      5454535F 
 1036      45584543 
 1037              	.LASF87:
 1038 0b59 4359424C 		.ascii	"CYBLE_GATT_DB_ATTR_HANDLE_T\000"
 1038      455F4741 
 1038      54545F44 
 1038      425F4154 
 1038      54525F48 
 1039              	.LASF108:
 1040 0b75 6379426C 		.ascii	"cyBle_customs\000"
 1040      655F6375 
 1040      73746F6D 
 1040      7300
 1041              	.LASF66:
 1042 0b83 4359424C 		.ascii	"CYBLE_EVT_GATTS_DATA_SIGNED_CMD_REQ\000"
 1042      455F4556 
 1042      545F4741 
 1042      5454535F 
 1042      44415441 
 1043              	.LASF83:
 1044 0ba7 4359424C 		.ascii	"CYBLE_EVT_HCI_PKT\000"
 1044      455F4556 
 1044      545F4843 
 1044      495F504B 
 1044      5400
 1045              	.LASF100:
ARM GAS  C:\Users\alexport\AppData\Local\Temp\ccsdHQYF.s 			page 36


 1046 0bb9 4359424C 		.ascii	"CYBLE_DIS_SYSTEM_ID\000"
 1046      455F4449 
 1046      535F5359 
 1046      5354454D 
 1046      5F494400 
 1047              	.LASF36:
 1048 0bcd 4359424C 		.ascii	"CYBLE_EVT_GAP_OOB_GENERATED_NOTIFICATION\000"
 1048      455F4556 
 1048      545F4741 
 1048      505F4F4F 
 1048      425F4745 
 1049              	.LASF102:
 1050 0bf6 4359424C 		.ascii	"CYBLE_DIS_PNP_ID\000"
 1050      455F4449 
 1050      535F504E 
 1050      505F4944 
 1050      00
 1051              		.ident	"GCC: (GNU Tools for ARM Embedded Processors) 5.4.1 20160609 (release) [ARM/embedded-5-bran
