ARM GAS  C:\Users\alexport\AppData\Local\Temp\ccnFf3kW.s 			page 1


   1              		.syntax unified
   2              		.cpu cortex-m0
   3              		.fpu softvfp
   4              		.eabi_attribute 20, 1
   5              		.eabi_attribute 21, 1
   6              		.eabi_attribute 23, 3
   7              		.eabi_attribute 24, 1
   8              		.eabi_attribute 25, 1
   9              		.eabi_attribute 26, 1
  10              		.eabi_attribute 30, 6
  11              		.eabi_attribute 34, 0
  12              		.eabi_attribute 18, 4
  13              		.thumb
  14              		.syntax unified
  15              		.file	"Bootloadable.c"
  16              		.text
  17              	.Ltext0:
  18              		.cfi_sections	.debug_frame
  19              		.section	.text.Bootloadable_Load,"ax",%progbits
  20              		.align	2
  21              		.global	Bootloadable_Load
  22              		.code	16
  23              		.thumb_func
  24              		.type	Bootloadable_Load, %function
  25              	Bootloadable_Load:
  26              	.LFB2:
  27              		.file 1 "Generated_Source\\PSoC4\\Bootloadable.c"
   1:Generated_Source\PSoC4/Bootloadable.c **** /****************************************************************************//**
   2:Generated_Source\PSoC4/Bootloadable.c **** * \file Bootloadable.c
   3:Generated_Source\PSoC4/Bootloadable.c **** * \version 1.60
   4:Generated_Source\PSoC4/Bootloadable.c **** *
   5:Generated_Source\PSoC4/Bootloadable.c **** * \brief
   6:Generated_Source\PSoC4/Bootloadable.c **** *   Provides an API for the Bootloadable application.
   7:Generated_Source\PSoC4/Bootloadable.c **** *
   8:Generated_Source\PSoC4/Bootloadable.c **** ********************************************************************************
   9:Generated_Source\PSoC4/Bootloadable.c **** * \copyright
  10:Generated_Source\PSoC4/Bootloadable.c **** * Copyright 2008-2015, Cypress Semiconductor Corporation.  All rights reserved.
  11:Generated_Source\PSoC4/Bootloadable.c **** * You may use this file only in accordance with the license, terms, conditions,
  12:Generated_Source\PSoC4/Bootloadable.c **** * disclaimers, and limitations in the end user license agreement accompanying
  13:Generated_Source\PSoC4/Bootloadable.c **** * the software package with which this file was provided.
  14:Generated_Source\PSoC4/Bootloadable.c **** *******************************************************************************/
  15:Generated_Source\PSoC4/Bootloadable.c **** 
  16:Generated_Source\PSoC4/Bootloadable.c **** #include "Bootloadable.h"
  17:Generated_Source\PSoC4/Bootloadable.c **** 
  18:Generated_Source\PSoC4/Bootloadable.c **** /**
  19:Generated_Source\PSoC4/Bootloadable.c ****  \defgroup functions_group Functions
  20:Generated_Source\PSoC4/Bootloadable.c ****  @{
  21:Generated_Source\PSoC4/Bootloadable.c **** */
  22:Generated_Source\PSoC4/Bootloadable.c **** 
  23:Generated_Source\PSoC4/Bootloadable.c **** #if (CYDEV_PROJ_TYPE == CYDEV_PROJ_TYPE_LOADABLEANDBOOTLOADER)
  24:Generated_Source\PSoC4/Bootloadable.c **** static cystatus Bootloadable_WriteFlashByte(const uint32 address, const uint8 inputValue) CYLARGE \
  25:Generated_Source\PSoC4/Bootloadable.c ****                                ;
  26:Generated_Source\PSoC4/Bootloadable.c **** #endif /*(CYDEV_PROJ_TYPE == CYDEV_PROJ_TYPE_LOADABLEANDBOOTLOADER)*/
  27:Generated_Source\PSoC4/Bootloadable.c **** 
  28:Generated_Source\PSoC4/Bootloadable.c **** /*******************************************************************************
  29:Generated_Source\PSoC4/Bootloadable.c **** * Function Name: Bootloadable_Load
  30:Generated_Source\PSoC4/Bootloadable.c **** ****************************************************************************//**
ARM GAS  C:\Users\alexport\AppData\Local\Temp\ccnFf3kW.s 			page 2


  31:Generated_Source\PSoC4/Bootloadable.c **** *
  32:Generated_Source\PSoC4/Bootloadable.c **** * \brief
  33:Generated_Source\PSoC4/Bootloadable.c **** *  Schedules the Bootloader/Launcher to be launched and then performs
  34:Generated_Source\PSoC4/Bootloadable.c **** *  a software reset to launch it
  35:Generated_Source\PSoC4/Bootloadable.c **** *
  36:Generated_Source\PSoC4/Bootloadable.c **** * \return
  37:Generated_Source\PSoC4/Bootloadable.c **** *  This method will never return. It will load a new application and reset
  38:Generated_Source\PSoC4/Bootloadable.c **** *  the device.
  39:Generated_Source\PSoC4/Bootloadable.c **** *
  40:Generated_Source\PSoC4/Bootloadable.c **** *******************************************************************************/
  41:Generated_Source\PSoC4/Bootloadable.c **** void Bootloadable_Load(void) 
  42:Generated_Source\PSoC4/Bootloadable.c **** {
  28              		.loc 1 42 0
  29              		.cfi_startproc
  30              		@ args = 0, pretend = 0, frame = 0
  31              		@ frame_needed = 1, uses_anonymous_args = 0
  32 0000 80B5     		push	{r7, lr}
  33              		.cfi_def_cfa_offset 8
  34              		.cfi_offset 7, -8
  35              		.cfi_offset 14, -4
  36 0002 00AF     		add	r7, sp, #0
  37              		.cfi_def_cfa_register 7
  43:Generated_Source\PSoC4/Bootloadable.c ****     /* Schedule Bootloader to start after reset */
  44:Generated_Source\PSoC4/Bootloadable.c ****     Bootloadable_SET_RUN_TYPE(Bootloadable_SCHEDULE_BTLDR);
  38              		.loc 1 44 0
  39 0004 034B     		ldr	r3, .L2
  40 0006 4022     		movs	r2, #64
  41 0008 1A60     		str	r2, [r3]
  45:Generated_Source\PSoC4/Bootloadable.c **** 
  46:Generated_Source\PSoC4/Bootloadable.c ****     CySoftwareReset();
  42              		.loc 1 46 0
  43 000a FFF7FEFF 		bl	CySoftwareReset
  47:Generated_Source\PSoC4/Bootloadable.c **** }
  44              		.loc 1 47 0
  45 000e C046     		nop
  46 0010 BD46     		mov	sp, r7
  47              		@ sp needed
  48 0012 80BD     		pop	{r7, pc}
  49              	.L3:
  50              		.align	2
  51              	.L2:
  52 0014 00000000 		.word	cyBtldrRunType
  53              		.cfi_endproc
  54              	.LFE2:
  55              		.size	Bootloadable_Load, .-Bootloadable_Load
  56              		.section	.text.Bootloadable_SetFlashByte,"ax",%progbits
  57              		.align	2
  58              		.global	Bootloadable_SetFlashByte
  59              		.code	16
  60              		.thumb_func
  61              		.type	Bootloadable_SetFlashByte, %function
  62              	Bootloadable_SetFlashByte:
  63              	.LFB3:
  48:Generated_Source\PSoC4/Bootloadable.c **** 
  49:Generated_Source\PSoC4/Bootloadable.c **** #if (CYDEV_PROJ_TYPE == CYDEV_PROJ_TYPE_LOADABLEANDBOOTLOADER)
  50:Generated_Source\PSoC4/Bootloadable.c **** /*******************************************************************************
  51:Generated_Source\PSoC4/Bootloadable.c **** * Function Name: Bootloadable_GetActiveApplication
ARM GAS  C:\Users\alexport\AppData\Local\Temp\ccnFf3kW.s 			page 3


  52:Generated_Source\PSoC4/Bootloadable.c **** ****************************************************************************//**
  53:Generated_Source\PSoC4/Bootloadable.c **** *
  54:Generated_Source\PSoC4/Bootloadable.c **** * \brief
  55:Generated_Source\PSoC4/Bootloadable.c **** *   Gets the application which will be loaded after a next reset event.
  56:Generated_Source\PSoC4/Bootloadable.c **** *   NOTE Intended for the combination project type ONLY!
  57:Generated_Source\PSoC4/Bootloadable.c **** *
  58:Generated_Source\PSoC4/Bootloadable.c **** * \return 
  59:Generated_Source\PSoC4/Bootloadable.c **** *  A number of the current active application set in the metadata section.
  60:Generated_Source\PSoC4/Bootloadable.c **** *  \n  0 - app#0 is set as active.
  61:Generated_Source\PSoC4/Bootloadable.c **** *  \n  1 - app#1 is set as active.
  62:Generated_Source\PSoC4/Bootloadable.c **** *
  63:Generated_Source\PSoC4/Bootloadable.c **** * \note If neither of the applications is set active, then the API returns 0x02.
  64:Generated_Source\PSoC4/Bootloadable.c **** *
  65:Generated_Source\PSoC4/Bootloadable.c **** *******************************************************************************/
  66:Generated_Source\PSoC4/Bootloadable.c **** uint8 Bootloadable_GetActiveApplication(void) CYSMALL \
  67:Generated_Source\PSoC4/Bootloadable.c ****                           
  68:Generated_Source\PSoC4/Bootloadable.c **** {   
  69:Generated_Source\PSoC4/Bootloadable.c ****     uint8 result = Bootloadable_MD_BTLDB_ACTIVE_NONE;
  70:Generated_Source\PSoC4/Bootloadable.c ****     
  71:Generated_Source\PSoC4/Bootloadable.c ****     if (0u != Bootloadable_GET_CODE_DATA( \
  72:Generated_Source\PSoC4/Bootloadable.c ****               Bootloadable_MD_BTLDB_ACTIVE_OFFSET(Bootloadable_MD_BTLDB_ACTIVE_0))) 
  73:Generated_Source\PSoC4/Bootloadable.c ****     {
  74:Generated_Source\PSoC4/Bootloadable.c ****         result = Bootloadable_MD_BTLDB_ACTIVE_0;
  75:Generated_Source\PSoC4/Bootloadable.c ****     }
  76:Generated_Source\PSoC4/Bootloadable.c ****     else if (0u != Bootloadable_GET_CODE_DATA( \
  77:Generated_Source\PSoC4/Bootloadable.c ****                    Bootloadable_MD_BTLDB_ACTIVE_OFFSET(Bootloadable_MD_BTLDB_ACTIVE_1)))
  78:Generated_Source\PSoC4/Bootloadable.c ****     {
  79:Generated_Source\PSoC4/Bootloadable.c ****         result = Bootloadable_MD_BTLDB_ACTIVE_1;    
  80:Generated_Source\PSoC4/Bootloadable.c ****     }
  81:Generated_Source\PSoC4/Bootloadable.c ****     else
  82:Generated_Source\PSoC4/Bootloadable.c ****     {
  83:Generated_Source\PSoC4/Bootloadable.c ****         /*Do nothing, result is none*/
  84:Generated_Source\PSoC4/Bootloadable.c ****     }
  85:Generated_Source\PSoC4/Bootloadable.c ****     
  86:Generated_Source\PSoC4/Bootloadable.c ****     return (result);
  87:Generated_Source\PSoC4/Bootloadable.c **** }
  88:Generated_Source\PSoC4/Bootloadable.c **** 
  89:Generated_Source\PSoC4/Bootloadable.c **** /*******************************************************************************
  90:Generated_Source\PSoC4/Bootloadable.c **** * Function Name: Bootloadable_SetActiveApplication
  91:Generated_Source\PSoC4/Bootloadable.c **** ****************************************************************************//**
  92:Generated_Source\PSoC4/Bootloadable.c **** *
  93:Generated_Source\PSoC4/Bootloadable.c **** * \brief 
  94:Generated_Source\PSoC4/Bootloadable.c **** *   Sets the application which will be loaded after a next reset event.          
  95:Generated_Source\PSoC4/Bootloadable.c **** *   
  96:Generated_Source\PSoC4/Bootloadable.c **** * \details
  97:Generated_Source\PSoC4/Bootloadable.c **** * Theory: 
  98:Generated_Source\PSoC4/Bootloadable.c **** *   This API sets in the Flash (metadata section) the given active application 
  99:Generated_Source\PSoC4/Bootloadable.c **** *   number.
 100:Generated_Source\PSoC4/Bootloadable.c **** *          
 101:Generated_Source\PSoC4/Bootloadable.c **** *   NOTE The active application number is not set directly, but the boolean 
 102:Generated_Source\PSoC4/Bootloadable.c **** *   mark instead means that the application is active or not for the relative 
 103:Generated_Source\PSoC4/Bootloadable.c **** *   metadata. Both metadata sections are updated. For example, if the second 
 104:Generated_Source\PSoC4/Bootloadable.c **** *   application is to be set active, then in the metadata section for the first 
 105:Generated_Source\PSoC4/Bootloadable.c **** *   application there will be a "0" written, which means that it is not active, and 
 106:Generated_Source\PSoC4/Bootloadable.c **** *   for the second metadata section there will be a "1" written, which means that it is 
 107:Generated_Source\PSoC4/Bootloadable.c **** *   active. 
 108:Generated_Source\PSoC4/Bootloadable.c **** *
ARM GAS  C:\Users\alexport\AppData\Local\Temp\ccnFf3kW.s 			page 4


 109:Generated_Source\PSoC4/Bootloadable.c **** *   NOTE Intended for the combination project type ONLY!
 110:Generated_Source\PSoC4/Bootloadable.c **** *
 111:Generated_Source\PSoC4/Bootloadable.c **** * \param appId  
 112:Generated_Source\PSoC4/Bootloadable.c **** *   The active application number to be written to flash (metadata section) 
 113:Generated_Source\PSoC4/Bootloadable.c **** *   NOTE Possible values are:
 114:Generated_Source\PSoC4/Bootloadable.c **** *   0 - for the first application
 115:Generated_Source\PSoC4/Bootloadable.c **** *   1 - for the second application.
 116:Generated_Source\PSoC4/Bootloadable.c **** *   Any other number is considered invalid. 
 117:Generated_Source\PSoC4/Bootloadable.c **** *
 118:Generated_Source\PSoC4/Bootloadable.c **** * \return 
 119:Generated_Source\PSoC4/Bootloadable.c **** *   A status of writing to flash operation.
 120:Generated_Source\PSoC4/Bootloadable.c **** *   \n CYRET_SUCCESS - Returned if appId was successfully changed. 
 121:Generated_Source\PSoC4/Bootloadable.c **** *   \n CYRET_BAD_PARAM - Returned if the parameter appID passed to the function has the 
 122:Generated_Source\PSoC4/Bootloadable.c **** *                       same value as the active application ID. 
 123:Generated_Source\PSoC4/Bootloadable.c **** *   \note - The other non-zero value is considered as a failure during writing to flash.  
 124:Generated_Source\PSoC4/Bootloadable.c **** *
 125:Generated_Source\PSoC4/Bootloadable.c **** *   \note - This API does not update Bootloader_activeApp variable.
 126:Generated_Source\PSoC4/Bootloadable.c **** *
 127:Generated_Source\PSoC4/Bootloadable.c **** *******************************************************************************/
 128:Generated_Source\PSoC4/Bootloadable.c **** cystatus Bootloadable_SetActiveApplication(uint8 appId) CYSMALL \
 129:Generated_Source\PSoC4/Bootloadable.c ****                 
 130:Generated_Source\PSoC4/Bootloadable.c **** {
 131:Generated_Source\PSoC4/Bootloadable.c ****     cystatus result = CYRET_SUCCESS;
 132:Generated_Source\PSoC4/Bootloadable.c **** 
 133:Generated_Source\PSoC4/Bootloadable.c ****     uint8 CYDATA idx;
 134:Generated_Source\PSoC4/Bootloadable.c ****     
 135:Generated_Source\PSoC4/Bootloadable.c ****     /* If invalid application number */
 136:Generated_Source\PSoC4/Bootloadable.c ****     if (appId > Bootloadable_MD_BTLDB_ACTIVE_1)
 137:Generated_Source\PSoC4/Bootloadable.c ****     {
 138:Generated_Source\PSoC4/Bootloadable.c ****         result = CYRET_BAD_PARAM;
 139:Generated_Source\PSoC4/Bootloadable.c ****     }
 140:Generated_Source\PSoC4/Bootloadable.c ****     else
 141:Generated_Source\PSoC4/Bootloadable.c ****     {
 142:Generated_Source\PSoC4/Bootloadable.c ****         /* If appID has same value as active application ID */
 143:Generated_Source\PSoC4/Bootloadable.c ****         if (1u == Bootloadable_GET_CODE_DATA(Bootloadable_MD_BTLDB_ACTIVE_OFFSET(appId)))
 144:Generated_Source\PSoC4/Bootloadable.c ****         {
 145:Generated_Source\PSoC4/Bootloadable.c ****             result = CYRET_BAD_PARAM;
 146:Generated_Source\PSoC4/Bootloadable.c ****         }
 147:Generated_Source\PSoC4/Bootloadable.c ****         else
 148:Generated_Source\PSoC4/Bootloadable.c ****         {
 149:Generated_Source\PSoC4/Bootloadable.c ****             /* Updating metadata section */
 150:Generated_Source\PSoC4/Bootloadable.c ****             for(idx = 0u; idx < Bootloadable_MAX_NUM_OF_BTLDB; idx++)
 151:Generated_Source\PSoC4/Bootloadable.c ****             {
 152:Generated_Source\PSoC4/Bootloadable.c ****                 result |= Bootloadable_WriteFlashByte((uint32) Bootloadable_MD_BTLDB_ACTIVE_OFFSET(
 153:Generated_Source\PSoC4/Bootloadable.c ****                                                                                             (uint8)
 154:Generated_Source\PSoC4/Bootloadable.c ****             }
 155:Generated_Source\PSoC4/Bootloadable.c ****         }
 156:Generated_Source\PSoC4/Bootloadable.c ****     }
 157:Generated_Source\PSoC4/Bootloadable.c ****     
 158:Generated_Source\PSoC4/Bootloadable.c ****     return (result);
 159:Generated_Source\PSoC4/Bootloadable.c **** }
 160:Generated_Source\PSoC4/Bootloadable.c **** 
 161:Generated_Source\PSoC4/Bootloadable.c **** /*******************************************************************************
 162:Generated_Source\PSoC4/Bootloadable.c **** * Function Name: Bootloadable_WriteFlashByte
 163:Generated_Source\PSoC4/Bootloadable.c **** ****************************************************************************//**
 164:Generated_Source\PSoC4/Bootloadable.c **** *
 165:Generated_Source\PSoC4/Bootloadable.c **** * \brief 
ARM GAS  C:\Users\alexport\AppData\Local\Temp\ccnFf3kW.s 			page 5


 166:Generated_Source\PSoC4/Bootloadable.c **** *   This API writes to flash the specified data.
 167:Generated_Source\PSoC4/Bootloadable.c **** *
 168:Generated_Source\PSoC4/Bootloadable.c **** * \param address 
 169:Generated_Source\PSoC4/Bootloadable.c **** *   The address in flash.
 170:Generated_Source\PSoC4/Bootloadable.c **** *
 171:Generated_Source\PSoC4/Bootloadable.c **** * \param inputValue 
 172:Generated_Source\PSoC4/Bootloadable.c **** *   One-byte data.
 173:Generated_Source\PSoC4/Bootloadable.c **** *
 174:Generated_Source\PSoC4/Bootloadable.c **** * \return 
 175:Generated_Source\PSoC4/Bootloadable.c **** *   A status of the writing to flash procedure.
 176:Generated_Source\PSoC4/Bootloadable.c **** *
 177:Generated_Source\PSoC4/Bootloadable.c **** *******************************************************************************/
 178:Generated_Source\PSoC4/Bootloadable.c **** static cystatus Bootloadable_WriteFlashByte(const uint32 address, const uint8 inputValue) CYLARGE \
 179:Generated_Source\PSoC4/Bootloadable.c ****                                
 180:Generated_Source\PSoC4/Bootloadable.c **** {
 181:Generated_Source\PSoC4/Bootloadable.c ****     cystatus result = CYRET_SUCCESS;
 182:Generated_Source\PSoC4/Bootloadable.c ****     uint32 flsAddr = address - CYDEV_FLASH_BASE;
 183:Generated_Source\PSoC4/Bootloadable.c ****     uint8  rowData[CYDEV_FLS_ROW_SIZE];
 184:Generated_Source\PSoC4/Bootloadable.c **** 
 185:Generated_Source\PSoC4/Bootloadable.c ****     #if !(CY_PSOC4)
 186:Generated_Source\PSoC4/Bootloadable.c ****         uint8 arrayId = ( uint8 )(flsAddr / CYDEV_FLS_SECTOR_SIZE);
 187:Generated_Source\PSoC4/Bootloadable.c ****     #endif  /* !(CY_PSOC4) */
 188:Generated_Source\PSoC4/Bootloadable.c **** 
 189:Generated_Source\PSoC4/Bootloadable.c ****     #if (CY_PSOC4)
 190:Generated_Source\PSoC4/Bootloadable.c ****         uint16 rowNum = ( uint16 )(flsAddr / CYDEV_FLS_ROW_SIZE);
 191:Generated_Source\PSoC4/Bootloadable.c ****     #else
 192:Generated_Source\PSoC4/Bootloadable.c ****         uint16 rowNum = ( uint16 )((flsAddr % CYDEV_FLS_SECTOR_SIZE) / CYDEV_FLS_ROW_SIZE);
 193:Generated_Source\PSoC4/Bootloadable.c ****     #endif  /* (CY_PSOC4) */
 194:Generated_Source\PSoC4/Bootloadable.c **** 
 195:Generated_Source\PSoC4/Bootloadable.c ****     uint32 baseAddr = address - (address % CYDEV_FLS_ROW_SIZE);
 196:Generated_Source\PSoC4/Bootloadable.c ****     uint16 idx;
 197:Generated_Source\PSoC4/Bootloadable.c **** 
 198:Generated_Source\PSoC4/Bootloadable.c ****     for(idx = 0u; idx < CYDEV_FLS_ROW_SIZE; idx++)
 199:Generated_Source\PSoC4/Bootloadable.c ****     {
 200:Generated_Source\PSoC4/Bootloadable.c ****         rowData[idx] = (uint8)Bootloadable_GET_CODE_DATA(baseAddr + idx);
 201:Generated_Source\PSoC4/Bootloadable.c ****     }
 202:Generated_Source\PSoC4/Bootloadable.c **** 
 203:Generated_Source\PSoC4/Bootloadable.c ****     rowData[address % CYDEV_FLS_ROW_SIZE] = inputValue;
 204:Generated_Source\PSoC4/Bootloadable.c **** 
 205:Generated_Source\PSoC4/Bootloadable.c ****     #if(CY_PSOC4)
 206:Generated_Source\PSoC4/Bootloadable.c ****         result = CySysFlashWriteRow((uint32) rowNum, rowData);
 207:Generated_Source\PSoC4/Bootloadable.c ****     #else
 208:Generated_Source\PSoC4/Bootloadable.c ****         result = CyWriteRowData(arrayId, rowNum, rowData);
 209:Generated_Source\PSoC4/Bootloadable.c ****     #endif  /* (CY_PSOC4) */
 210:Generated_Source\PSoC4/Bootloadable.c **** 
 211:Generated_Source\PSoC4/Bootloadable.c ****     #if(CY_PSOC5)
 212:Generated_Source\PSoC4/Bootloadable.c ****         /***************************************************************************
 213:Generated_Source\PSoC4/Bootloadable.c ****         * When writing to flash, data in the instruction cache can become stale.
 214:Generated_Source\PSoC4/Bootloadable.c ****         * Therefore, the cache data does not correlate to the data just written to
 215:Generated_Source\PSoC4/Bootloadable.c ****         * flash. A call to CyFlushCache() is required to invalidate the data in the
 216:Generated_Source\PSoC4/Bootloadable.c ****         * cache and force fresh information to be loaded from flash.
 217:Generated_Source\PSoC4/Bootloadable.c ****         ***************************************************************************/
 218:Generated_Source\PSoC4/Bootloadable.c ****         CyFlushCache();
 219:Generated_Source\PSoC4/Bootloadable.c ****     #endif /* (CY_PSOC5) */
 220:Generated_Source\PSoC4/Bootloadable.c ****     return (result);
 221:Generated_Source\PSoC4/Bootloadable.c **** }
 222:Generated_Source\PSoC4/Bootloadable.c **** #endif /*(CYDEV_PROJ_TYPE == CYDEV_PROJ_TYPE_LOADABLEANDBOOTLOADER)*/
ARM GAS  C:\Users\alexport\AppData\Local\Temp\ccnFf3kW.s 			page 6


 223:Generated_Source\PSoC4/Bootloadable.c **** /** @} functions_group */
 224:Generated_Source\PSoC4/Bootloadable.c **** 
 225:Generated_Source\PSoC4/Bootloadable.c **** /*******************************************************************************
 226:Generated_Source\PSoC4/Bootloadable.c **** * The following code is OBSOLETE and must not be used.
 227:Generated_Source\PSoC4/Bootloadable.c **** *******************************************************************************/
 228:Generated_Source\PSoC4/Bootloadable.c **** void Bootloadable_SetFlashByte(uint32 address, uint8 runType) 
 229:Generated_Source\PSoC4/Bootloadable.c **** {
  64              		.loc 1 229 0
  65              		.cfi_startproc
  66              		@ args = 0, pretend = 0, frame = 280
  67              		@ frame_needed = 1, uses_anonymous_args = 0
  68 0000 80B5     		push	{r7, lr}
  69              		.cfi_def_cfa_offset 8
  70              		.cfi_offset 7, -8
  71              		.cfi_offset 14, -4
  72 0002 C6B0     		sub	sp, sp, #280
  73              		.cfi_def_cfa_offset 288
  74 0004 00AF     		add	r7, sp, #0
  75              		.cfi_def_cfa_register 7
  76 0006 7860     		str	r0, [r7, #4]
  77 0008 0A00     		movs	r2, r1
  78 000a 324B     		ldr	r3, .L7
  79 000c 8C21     		movs	r1, #140
  80 000e 4900     		lsls	r1, r1, #1
  81 0010 8C46     		mov	ip, r1
  82 0012 BC44     		add	ip, ip, r7
  83 0014 6344     		add	r3, r3, ip
  84 0016 1A70     		strb	r2, [r3]
 230:Generated_Source\PSoC4/Bootloadable.c ****     uint32 flsAddr = address - CYDEV_FLASH_BASE;
  85              		.loc 1 230 0
  86 0018 7B68     		ldr	r3, [r7, #4]
  87 001a 8822     		movs	r2, #136
  88 001c 5200     		lsls	r2, r2, #1
  89 001e BA18     		adds	r2, r7, r2
  90 0020 1360     		str	r3, [r2]
 231:Generated_Source\PSoC4/Bootloadable.c ****     uint8  rowData[CYDEV_FLS_ROW_SIZE];
 232:Generated_Source\PSoC4/Bootloadable.c **** 
 233:Generated_Source\PSoC4/Bootloadable.c ****     #if !(CY_PSOC4)
 234:Generated_Source\PSoC4/Bootloadable.c ****         uint8 arrayId = ( uint8 )(flsAddr / CYDEV_FLS_SECTOR_SIZE);
 235:Generated_Source\PSoC4/Bootloadable.c ****     #endif  /* !(CY_PSOC4) */
 236:Generated_Source\PSoC4/Bootloadable.c **** 
 237:Generated_Source\PSoC4/Bootloadable.c ****     #if (CY_PSOC4)
 238:Generated_Source\PSoC4/Bootloadable.c ****         uint16 rowNum = ( uint16 )(flsAddr / CYDEV_FLS_ROW_SIZE);
  91              		.loc 1 238 0
  92 0022 8823     		movs	r3, #136
  93 0024 5B00     		lsls	r3, r3, #1
  94 0026 FB18     		adds	r3, r7, r3
  95 0028 1B68     		ldr	r3, [r3]
  96 002a 1A0A     		lsrs	r2, r3, #8
  97 002c 8723     		movs	r3, #135
  98 002e 5B00     		lsls	r3, r3, #1
  99 0030 FB18     		adds	r3, r7, r3
 100 0032 1A80     		strh	r2, [r3]
 239:Generated_Source\PSoC4/Bootloadable.c ****     #else
 240:Generated_Source\PSoC4/Bootloadable.c ****         uint16 rowNum = ( uint16 )((flsAddr % CYDEV_FLS_SECTOR_SIZE) / CYDEV_FLS_ROW_SIZE);
 241:Generated_Source\PSoC4/Bootloadable.c ****     #endif  /* (CY_PSOC4) */
 242:Generated_Source\PSoC4/Bootloadable.c **** 
ARM GAS  C:\Users\alexport\AppData\Local\Temp\ccnFf3kW.s 			page 7


 243:Generated_Source\PSoC4/Bootloadable.c ****     uint32 baseAddr = address - (address % CYDEV_FLS_ROW_SIZE);
 101              		.loc 1 243 0
 102 0034 7B68     		ldr	r3, [r7, #4]
 103 0036 FF22     		movs	r2, #255
 104 0038 9343     		bics	r3, r2
 105 003a 8422     		movs	r2, #132
 106 003c 5200     		lsls	r2, r2, #1
 107 003e BA18     		adds	r2, r7, r2
 108 0040 1360     		str	r3, [r2]
 244:Generated_Source\PSoC4/Bootloadable.c ****     uint16 idx;
 245:Generated_Source\PSoC4/Bootloadable.c **** 
 246:Generated_Source\PSoC4/Bootloadable.c **** 
 247:Generated_Source\PSoC4/Bootloadable.c ****     for (idx = 0u; idx < CYDEV_FLS_ROW_SIZE; idx++)
 109              		.loc 1 247 0
 110 0042 8B23     		movs	r3, #139
 111 0044 5B00     		lsls	r3, r3, #1
 112 0046 FB18     		adds	r3, r7, r3
 113 0048 0022     		movs	r2, #0
 114 004a 1A80     		strh	r2, [r3]
 115 004c 1DE0     		b	.L5
 116              	.L6:
 248:Generated_Source\PSoC4/Bootloadable.c ****     {
 249:Generated_Source\PSoC4/Bootloadable.c ****         rowData[idx] = Bootloadable_GET_CODE_DATA(baseAddr + idx);
 117              		.loc 1 249 0 discriminator 3
 118 004e 8B23     		movs	r3, #139
 119 0050 5B00     		lsls	r3, r3, #1
 120 0052 FB18     		adds	r3, r7, r3
 121 0054 1B88     		ldrh	r3, [r3]
 122 0056 8B22     		movs	r2, #139
 123 0058 5200     		lsls	r2, r2, #1
 124 005a BA18     		adds	r2, r7, r2
 125 005c 1188     		ldrh	r1, [r2]
 126 005e 8422     		movs	r2, #132
 127 0060 5200     		lsls	r2, r2, #1
 128 0062 BA18     		adds	r2, r7, r2
 129 0064 1268     		ldr	r2, [r2]
 130 0066 8A18     		adds	r2, r1, r2
 131 0068 1178     		ldrb	r1, [r2]
 132 006a 1B4A     		ldr	r2, .L7+4
 133 006c 8C20     		movs	r0, #140
 134 006e 4000     		lsls	r0, r0, #1
 135 0070 8446     		mov	ip, r0
 136 0072 BC44     		add	ip, ip, r7
 137 0074 6244     		add	r2, r2, ip
 138 0076 D154     		strb	r1, [r2, r3]
 247:Generated_Source\PSoC4/Bootloadable.c ****     {
 139              		.loc 1 247 0 discriminator 3
 140 0078 8B23     		movs	r3, #139
 141 007a 5B00     		lsls	r3, r3, #1
 142 007c FB18     		adds	r3, r7, r3
 143 007e 1A88     		ldrh	r2, [r3]
 144 0080 8B23     		movs	r3, #139
 145 0082 5B00     		lsls	r3, r3, #1
 146 0084 FB18     		adds	r3, r7, r3
 147 0086 0132     		adds	r2, r2, #1
 148 0088 1A80     		strh	r2, [r3]
 149              	.L5:
ARM GAS  C:\Users\alexport\AppData\Local\Temp\ccnFf3kW.s 			page 8


 247:Generated_Source\PSoC4/Bootloadable.c ****     {
 150              		.loc 1 247 0 is_stmt 0 discriminator 1
 151 008a 8B23     		movs	r3, #139
 152 008c 5B00     		lsls	r3, r3, #1
 153 008e FB18     		adds	r3, r7, r3
 154 0090 1B88     		ldrh	r3, [r3]
 155 0092 FF2B     		cmp	r3, #255
 156 0094 DBD9     		bls	.L6
 250:Generated_Source\PSoC4/Bootloadable.c ****     }
 251:Generated_Source\PSoC4/Bootloadable.c ****     rowData[address % CYDEV_FLS_ROW_SIZE] = runType;
 157              		.loc 1 251 0 is_stmt 1
 158 0096 7B68     		ldr	r3, [r7, #4]
 159 0098 FF22     		movs	r2, #255
 160 009a 1340     		ands	r3, r2
 161 009c 0E4A     		ldr	r2, .L7+4
 162 009e 8C21     		movs	r1, #140
 163 00a0 4900     		lsls	r1, r1, #1
 164 00a2 8C46     		mov	ip, r1
 165 00a4 BC44     		add	ip, ip, r7
 166 00a6 6244     		add	r2, r2, ip
 167 00a8 0A49     		ldr	r1, .L7
 168 00aa 8C20     		movs	r0, #140
 169 00ac 4000     		lsls	r0, r0, #1
 170 00ae 8446     		mov	ip, r0
 171 00b0 BC44     		add	ip, ip, r7
 172 00b2 6144     		add	r1, r1, ip
 173 00b4 0978     		ldrb	r1, [r1]
 174 00b6 D154     		strb	r1, [r2, r3]
 252:Generated_Source\PSoC4/Bootloadable.c **** 
 253:Generated_Source\PSoC4/Bootloadable.c ****     #if(CY_PSOC4)
 254:Generated_Source\PSoC4/Bootloadable.c ****         (void) CySysFlashWriteRow((uint32) rowNum, rowData);
 175              		.loc 1 254 0
 176 00b8 8723     		movs	r3, #135
 177 00ba 5B00     		lsls	r3, r3, #1
 178 00bc FB18     		adds	r3, r7, r3
 179 00be 1B88     		ldrh	r3, [r3]
 180 00c0 0822     		movs	r2, #8
 181 00c2 BA18     		adds	r2, r7, r2
 182 00c4 1100     		movs	r1, r2
 183 00c6 1800     		movs	r0, r3
 184 00c8 FFF7FEFF 		bl	CySysFlashWriteRow
 255:Generated_Source\PSoC4/Bootloadable.c ****     #else
 256:Generated_Source\PSoC4/Bootloadable.c ****         (void) CyWriteRowData(arrayId, rowNum, rowData);
 257:Generated_Source\PSoC4/Bootloadable.c ****     #endif  /* (CY_PSOC4) */
 258:Generated_Source\PSoC4/Bootloadable.c **** 
 259:Generated_Source\PSoC4/Bootloadable.c ****     #if(CY_PSOC5)
 260:Generated_Source\PSoC4/Bootloadable.c ****         /***************************************************************************
 261:Generated_Source\PSoC4/Bootloadable.c ****         * When writing to flash, data in the instruction cache can become obsolete.
 262:Generated_Source\PSoC4/Bootloadable.c ****         * Therefore, the cache data does not correlate to the data just written to
 263:Generated_Source\PSoC4/Bootloadable.c ****         * flash. A call to CyFlushCache() is required to invalidate the data in the
 264:Generated_Source\PSoC4/Bootloadable.c ****         * cache and force fresh information to be loaded from flash.
 265:Generated_Source\PSoC4/Bootloadable.c ****         ***************************************************************************/
 266:Generated_Source\PSoC4/Bootloadable.c ****         CyFlushCache();
 267:Generated_Source\PSoC4/Bootloadable.c ****     #endif /* (CY_PSOC5) */
 268:Generated_Source\PSoC4/Bootloadable.c **** }
 185              		.loc 1 268 0
 186 00cc C046     		nop
ARM GAS  C:\Users\alexport\AppData\Local\Temp\ccnFf3kW.s 			page 9


 187 00ce BD46     		mov	sp, r7
 188 00d0 46B0     		add	sp, sp, #280
 189              		@ sp needed
 190 00d2 80BD     		pop	{r7, pc}
 191              	.L8:
 192              		.align	2
 193              	.L7:
 194 00d4 EBFEFFFF 		.word	-277
 195 00d8 F0FEFFFF 		.word	-272
 196              		.cfi_endproc
 197              	.LFE3:
 198              		.size	Bootloadable_SetFlashByte, .-Bootloadable_SetFlashByte
 199              		.text
 200              	.Letext0:
 201              		.file 2 "Generated_Source\\PSoC4\\cytypes.h"
 202              		.file 3 "Generated_Source\\PSoC4\\Bootloadable.h"
 203              		.section	.debug_info,"",%progbits
 204              	.Ldebug_info0:
 205 0000 5B010000 		.4byte	0x15b
 206 0004 0400     		.2byte	0x4
 207 0006 00000000 		.4byte	.Ldebug_abbrev0
 208 000a 04       		.byte	0x4
 209 000b 01       		.uleb128 0x1
 210 000c 93000000 		.4byte	.LASF23
 211 0010 0C       		.byte	0xc
 212 0011 84010000 		.4byte	.LASF24
 213 0015 36000000 		.4byte	.LASF25
 214 0019 00000000 		.4byte	.Ldebug_ranges0+0
 215 001d 00000000 		.4byte	0
 216 0021 00000000 		.4byte	.Ldebug_line0
 217 0025 02       		.uleb128 0x2
 218 0026 01       		.byte	0x1
 219 0027 06       		.byte	0x6
 220 0028 08020000 		.4byte	.LASF0
 221 002c 02       		.uleb128 0x2
 222 002d 01       		.byte	0x1
 223 002e 08       		.byte	0x8
 224 002f 20000000 		.4byte	.LASF1
 225 0033 02       		.uleb128 0x2
 226 0034 02       		.byte	0x2
 227 0035 05       		.byte	0x5
 228 0036 E9010000 		.4byte	.LASF2
 229 003a 02       		.uleb128 0x2
 230 003b 02       		.byte	0x2
 231 003c 07       		.byte	0x7
 232 003d 07000000 		.4byte	.LASF3
 233 0041 02       		.uleb128 0x2
 234 0042 04       		.byte	0x4
 235 0043 05       		.byte	0x5
 236 0044 F3010000 		.4byte	.LASF4
 237 0048 02       		.uleb128 0x2
 238 0049 04       		.byte	0x4
 239 004a 07       		.byte	0x7
 240 004b 7B000000 		.4byte	.LASF5
 241 004f 02       		.uleb128 0x2
 242 0050 08       		.byte	0x8
 243 0051 05       		.byte	0x5
ARM GAS  C:\Users\alexport\AppData\Local\Temp\ccnFf3kW.s 			page 10


 244 0052 BC010000 		.4byte	.LASF6
 245 0056 02       		.uleb128 0x2
 246 0057 08       		.byte	0x8
 247 0058 07       		.byte	0x7
 248 0059 65010000 		.4byte	.LASF7
 249 005d 03       		.uleb128 0x3
 250 005e 04       		.byte	0x4
 251 005f 05       		.byte	0x5
 252 0060 696E7400 		.ascii	"int\000"
 253 0064 02       		.uleb128 0x2
 254 0065 04       		.byte	0x4
 255 0066 07       		.byte	0x7
 256 0067 50010000 		.4byte	.LASF8
 257 006b 04       		.uleb128 0x4
 258 006c 8D000000 		.4byte	.LASF9
 259 0070 02       		.byte	0x2
 260 0071 FC01     		.2byte	0x1fc
 261 0073 2C000000 		.4byte	0x2c
 262 0077 04       		.uleb128 0x4
 263 0078 42010000 		.4byte	.LASF10
 264 007c 02       		.byte	0x2
 265 007d FD01     		.2byte	0x1fd
 266 007f 3A000000 		.4byte	0x3a
 267 0083 04       		.uleb128 0x4
 268 0084 49010000 		.4byte	.LASF11
 269 0088 02       		.byte	0x2
 270 0089 FE01     		.2byte	0x1fe
 271 008b 48000000 		.4byte	0x48
 272 008f 02       		.uleb128 0x2
 273 0090 04       		.byte	0x4
 274 0091 04       		.byte	0x4
 275 0092 1A000000 		.4byte	.LASF12
 276 0096 02       		.uleb128 0x2
 277 0097 08       		.byte	0x8
 278 0098 04       		.byte	0x4
 279 0099 33010000 		.4byte	.LASF13
 280 009d 02       		.uleb128 0x2
 281 009e 01       		.byte	0x1
 282 009f 08       		.byte	0x8
 283 00a0 CA010000 		.4byte	.LASF14
 284 00a4 05       		.uleb128 0x5
 285 00a5 83000000 		.4byte	0x83
 286 00a9 02       		.uleb128 0x2
 287 00aa 08       		.byte	0x8
 288 00ab 04       		.byte	0x4
 289 00ac FC010000 		.4byte	.LASF15
 290 00b0 02       		.uleb128 0x2
 291 00b1 04       		.byte	0x4
 292 00b2 07       		.byte	0x7
 293 00b3 B3010000 		.4byte	.LASF16
 294 00b7 06       		.uleb128 0x6
 295 00b8 21010000 		.4byte	.LASF26
 296 00bc 01       		.byte	0x1
 297 00bd 29       		.byte	0x29
 298 00be 00000000 		.4byte	.LFB2
 299 00c2 18000000 		.4byte	.LFE2-.LFB2
 300 00c6 01       		.uleb128 0x1
ARM GAS  C:\Users\alexport\AppData\Local\Temp\ccnFf3kW.s 			page 11


 301 00c7 9C       		.byte	0x9c
 302 00c8 07       		.uleb128 0x7
 303 00c9 CF010000 		.4byte	.LASF27
 304 00cd 01       		.byte	0x1
 305 00ce E4       		.byte	0xe4
 306 00cf 00000000 		.4byte	.LFB3
 307 00d3 DC000000 		.4byte	.LFE3-.LFB3
 308 00d7 01       		.uleb128 0x1
 309 00d8 9C       		.byte	0x9c
 310 00d9 43010000 		.4byte	0x143
 311 00dd 08       		.uleb128 0x8
 312 00de 5D010000 		.4byte	.LASF17
 313 00e2 01       		.byte	0x1
 314 00e3 E4       		.byte	0xe4
 315 00e4 83000000 		.4byte	0x83
 316 00e8 03       		.uleb128 0x3
 317 00e9 91       		.byte	0x91
 318 00ea E47D     		.sleb128 -284
 319 00ec 08       		.uleb128 0x8
 320 00ed 7C010000 		.4byte	.LASF18
 321 00f1 01       		.byte	0x1
 322 00f2 E4       		.byte	0xe4
 323 00f3 6B000000 		.4byte	0x6b
 324 00f7 03       		.uleb128 0x3
 325 00f8 91       		.byte	0x91
 326 00f9 E37D     		.sleb128 -285
 327 00fb 09       		.uleb128 0x9
 328 00fc 3A010000 		.4byte	.LASF19
 329 0100 01       		.byte	0x1
 330 0101 E6       		.byte	0xe6
 331 0102 83000000 		.4byte	0x83
 332 0106 02       		.uleb128 0x2
 333 0107 91       		.byte	0x91
 334 0108 70       		.sleb128 -16
 335 0109 09       		.uleb128 0x9
 336 010a 2E000000 		.4byte	.LASF20
 337 010e 01       		.byte	0x1
 338 010f E7       		.byte	0xe7
 339 0110 43010000 		.4byte	0x143
 340 0114 03       		.uleb128 0x3
 341 0115 91       		.byte	0x91
 342 0116 E87D     		.sleb128 -280
 343 0118 09       		.uleb128 0x9
 344 0119 00000000 		.4byte	.LASF21
 345 011d 01       		.byte	0x1
 346 011e EE       		.byte	0xee
 347 011f 77000000 		.4byte	0x77
 348 0123 02       		.uleb128 0x2
 349 0124 91       		.byte	0x91
 350 0125 6E       		.sleb128 -18
 351 0126 09       		.uleb128 0x9
 352 0127 AA010000 		.4byte	.LASF22
 353 012b 01       		.byte	0x1
 354 012c F3       		.byte	0xf3
 355 012d 83000000 		.4byte	0x83
 356 0131 02       		.uleb128 0x2
 357 0132 91       		.byte	0x91
ARM GAS  C:\Users\alexport\AppData\Local\Temp\ccnFf3kW.s 			page 12


 358 0133 68       		.sleb128 -24
 359 0134 0A       		.uleb128 0xa
 360 0135 69647800 		.ascii	"idx\000"
 361 0139 01       		.byte	0x1
 362 013a F4       		.byte	0xf4
 363 013b 77000000 		.4byte	0x77
 364 013f 02       		.uleb128 0x2
 365 0140 91       		.byte	0x91
 366 0141 76       		.sleb128 -10
 367 0142 00       		.byte	0
 368 0143 0B       		.uleb128 0xb
 369 0144 6B000000 		.4byte	0x6b
 370 0148 53010000 		.4byte	0x153
 371 014c 0C       		.uleb128 0xc
 372 014d B0000000 		.4byte	0xb0
 373 0151 FF       		.byte	0xff
 374 0152 00       		.byte	0
 375 0153 0D       		.uleb128 0xd
 376 0154 14020000 		.4byte	.LASF28
 377 0158 03       		.byte	0x3
 378 0159 38       		.byte	0x38
 379 015a A4000000 		.4byte	0xa4
 380 015e 00       		.byte	0
 381              		.section	.debug_abbrev,"",%progbits
 382              	.Ldebug_abbrev0:
 383 0000 01       		.uleb128 0x1
 384 0001 11       		.uleb128 0x11
 385 0002 01       		.byte	0x1
 386 0003 25       		.uleb128 0x25
 387 0004 0E       		.uleb128 0xe
 388 0005 13       		.uleb128 0x13
 389 0006 0B       		.uleb128 0xb
 390 0007 03       		.uleb128 0x3
 391 0008 0E       		.uleb128 0xe
 392 0009 1B       		.uleb128 0x1b
 393 000a 0E       		.uleb128 0xe
 394 000b 55       		.uleb128 0x55
 395 000c 17       		.uleb128 0x17
 396 000d 11       		.uleb128 0x11
 397 000e 01       		.uleb128 0x1
 398 000f 10       		.uleb128 0x10
 399 0010 17       		.uleb128 0x17
 400 0011 00       		.byte	0
 401 0012 00       		.byte	0
 402 0013 02       		.uleb128 0x2
 403 0014 24       		.uleb128 0x24
 404 0015 00       		.byte	0
 405 0016 0B       		.uleb128 0xb
 406 0017 0B       		.uleb128 0xb
 407 0018 3E       		.uleb128 0x3e
 408 0019 0B       		.uleb128 0xb
 409 001a 03       		.uleb128 0x3
 410 001b 0E       		.uleb128 0xe
 411 001c 00       		.byte	0
 412 001d 00       		.byte	0
 413 001e 03       		.uleb128 0x3
 414 001f 24       		.uleb128 0x24
ARM GAS  C:\Users\alexport\AppData\Local\Temp\ccnFf3kW.s 			page 13


 415 0020 00       		.byte	0
 416 0021 0B       		.uleb128 0xb
 417 0022 0B       		.uleb128 0xb
 418 0023 3E       		.uleb128 0x3e
 419 0024 0B       		.uleb128 0xb
 420 0025 03       		.uleb128 0x3
 421 0026 08       		.uleb128 0x8
 422 0027 00       		.byte	0
 423 0028 00       		.byte	0
 424 0029 04       		.uleb128 0x4
 425 002a 16       		.uleb128 0x16
 426 002b 00       		.byte	0
 427 002c 03       		.uleb128 0x3
 428 002d 0E       		.uleb128 0xe
 429 002e 3A       		.uleb128 0x3a
 430 002f 0B       		.uleb128 0xb
 431 0030 3B       		.uleb128 0x3b
 432 0031 05       		.uleb128 0x5
 433 0032 49       		.uleb128 0x49
 434 0033 13       		.uleb128 0x13
 435 0034 00       		.byte	0
 436 0035 00       		.byte	0
 437 0036 05       		.uleb128 0x5
 438 0037 35       		.uleb128 0x35
 439 0038 00       		.byte	0
 440 0039 49       		.uleb128 0x49
 441 003a 13       		.uleb128 0x13
 442 003b 00       		.byte	0
 443 003c 00       		.byte	0
 444 003d 06       		.uleb128 0x6
 445 003e 2E       		.uleb128 0x2e
 446 003f 00       		.byte	0
 447 0040 3F       		.uleb128 0x3f
 448 0041 19       		.uleb128 0x19
 449 0042 03       		.uleb128 0x3
 450 0043 0E       		.uleb128 0xe
 451 0044 3A       		.uleb128 0x3a
 452 0045 0B       		.uleb128 0xb
 453 0046 3B       		.uleb128 0x3b
 454 0047 0B       		.uleb128 0xb
 455 0048 27       		.uleb128 0x27
 456 0049 19       		.uleb128 0x19
 457 004a 11       		.uleb128 0x11
 458 004b 01       		.uleb128 0x1
 459 004c 12       		.uleb128 0x12
 460 004d 06       		.uleb128 0x6
 461 004e 40       		.uleb128 0x40
 462 004f 18       		.uleb128 0x18
 463 0050 9642     		.uleb128 0x2116
 464 0052 19       		.uleb128 0x19
 465 0053 00       		.byte	0
 466 0054 00       		.byte	0
 467 0055 07       		.uleb128 0x7
 468 0056 2E       		.uleb128 0x2e
 469 0057 01       		.byte	0x1
 470 0058 3F       		.uleb128 0x3f
 471 0059 19       		.uleb128 0x19
ARM GAS  C:\Users\alexport\AppData\Local\Temp\ccnFf3kW.s 			page 14


 472 005a 03       		.uleb128 0x3
 473 005b 0E       		.uleb128 0xe
 474 005c 3A       		.uleb128 0x3a
 475 005d 0B       		.uleb128 0xb
 476 005e 3B       		.uleb128 0x3b
 477 005f 0B       		.uleb128 0xb
 478 0060 27       		.uleb128 0x27
 479 0061 19       		.uleb128 0x19
 480 0062 11       		.uleb128 0x11
 481 0063 01       		.uleb128 0x1
 482 0064 12       		.uleb128 0x12
 483 0065 06       		.uleb128 0x6
 484 0066 40       		.uleb128 0x40
 485 0067 18       		.uleb128 0x18
 486 0068 9642     		.uleb128 0x2116
 487 006a 19       		.uleb128 0x19
 488 006b 01       		.uleb128 0x1
 489 006c 13       		.uleb128 0x13
 490 006d 00       		.byte	0
 491 006e 00       		.byte	0
 492 006f 08       		.uleb128 0x8
 493 0070 05       		.uleb128 0x5
 494 0071 00       		.byte	0
 495 0072 03       		.uleb128 0x3
 496 0073 0E       		.uleb128 0xe
 497 0074 3A       		.uleb128 0x3a
 498 0075 0B       		.uleb128 0xb
 499 0076 3B       		.uleb128 0x3b
 500 0077 0B       		.uleb128 0xb
 501 0078 49       		.uleb128 0x49
 502 0079 13       		.uleb128 0x13
 503 007a 02       		.uleb128 0x2
 504 007b 18       		.uleb128 0x18
 505 007c 00       		.byte	0
 506 007d 00       		.byte	0
 507 007e 09       		.uleb128 0x9
 508 007f 34       		.uleb128 0x34
 509 0080 00       		.byte	0
 510 0081 03       		.uleb128 0x3
 511 0082 0E       		.uleb128 0xe
 512 0083 3A       		.uleb128 0x3a
 513 0084 0B       		.uleb128 0xb
 514 0085 3B       		.uleb128 0x3b
 515 0086 0B       		.uleb128 0xb
 516 0087 49       		.uleb128 0x49
 517 0088 13       		.uleb128 0x13
 518 0089 02       		.uleb128 0x2
 519 008a 18       		.uleb128 0x18
 520 008b 00       		.byte	0
 521 008c 00       		.byte	0
 522 008d 0A       		.uleb128 0xa
 523 008e 34       		.uleb128 0x34
 524 008f 00       		.byte	0
 525 0090 03       		.uleb128 0x3
 526 0091 08       		.uleb128 0x8
 527 0092 3A       		.uleb128 0x3a
 528 0093 0B       		.uleb128 0xb
ARM GAS  C:\Users\alexport\AppData\Local\Temp\ccnFf3kW.s 			page 15


 529 0094 3B       		.uleb128 0x3b
 530 0095 0B       		.uleb128 0xb
 531 0096 49       		.uleb128 0x49
 532 0097 13       		.uleb128 0x13
 533 0098 02       		.uleb128 0x2
 534 0099 18       		.uleb128 0x18
 535 009a 00       		.byte	0
 536 009b 00       		.byte	0
 537 009c 0B       		.uleb128 0xb
 538 009d 01       		.uleb128 0x1
 539 009e 01       		.byte	0x1
 540 009f 49       		.uleb128 0x49
 541 00a0 13       		.uleb128 0x13
 542 00a1 01       		.uleb128 0x1
 543 00a2 13       		.uleb128 0x13
 544 00a3 00       		.byte	0
 545 00a4 00       		.byte	0
 546 00a5 0C       		.uleb128 0xc
 547 00a6 21       		.uleb128 0x21
 548 00a7 00       		.byte	0
 549 00a8 49       		.uleb128 0x49
 550 00a9 13       		.uleb128 0x13
 551 00aa 2F       		.uleb128 0x2f
 552 00ab 0B       		.uleb128 0xb
 553 00ac 00       		.byte	0
 554 00ad 00       		.byte	0
 555 00ae 0D       		.uleb128 0xd
 556 00af 34       		.uleb128 0x34
 557 00b0 00       		.byte	0
 558 00b1 03       		.uleb128 0x3
 559 00b2 0E       		.uleb128 0xe
 560 00b3 3A       		.uleb128 0x3a
 561 00b4 0B       		.uleb128 0xb
 562 00b5 3B       		.uleb128 0x3b
 563 00b6 0B       		.uleb128 0xb
 564 00b7 49       		.uleb128 0x49
 565 00b8 13       		.uleb128 0x13
 566 00b9 3F       		.uleb128 0x3f
 567 00ba 19       		.uleb128 0x19
 568 00bb 3C       		.uleb128 0x3c
 569 00bc 19       		.uleb128 0x19
 570 00bd 00       		.byte	0
 571 00be 00       		.byte	0
 572 00bf 00       		.byte	0
 573              		.section	.debug_aranges,"",%progbits
 574 0000 24000000 		.4byte	0x24
 575 0004 0200     		.2byte	0x2
 576 0006 00000000 		.4byte	.Ldebug_info0
 577 000a 04       		.byte	0x4
 578 000b 00       		.byte	0
 579 000c 0000     		.2byte	0
 580 000e 0000     		.2byte	0
 581 0010 00000000 		.4byte	.LFB2
 582 0014 18000000 		.4byte	.LFE2-.LFB2
 583 0018 00000000 		.4byte	.LFB3
 584 001c DC000000 		.4byte	.LFE3-.LFB3
 585 0020 00000000 		.4byte	0
ARM GAS  C:\Users\alexport\AppData\Local\Temp\ccnFf3kW.s 			page 16


 586 0024 00000000 		.4byte	0
 587              		.section	.debug_ranges,"",%progbits
 588              	.Ldebug_ranges0:
 589 0000 00000000 		.4byte	.LFB2
 590 0004 18000000 		.4byte	.LFE2
 591 0008 00000000 		.4byte	.LFB3
 592 000c DC000000 		.4byte	.LFE3
 593 0010 00000000 		.4byte	0
 594 0014 00000000 		.4byte	0
 595              		.section	.debug_line,"",%progbits
 596              	.Ldebug_line0:
 597 0000 9F000000 		.section	.debug_str,"MS",%progbits,1
 597      02005B00 
 597      00000201 
 597      FB0E0D00 
 597      01010101 
 598              	.LASF21:
 599 0000 726F774E 		.ascii	"rowNum\000"
 599      756D00
 600              	.LASF3:
 601 0007 73686F72 		.ascii	"short unsigned int\000"
 601      7420756E 
 601      7369676E 
 601      65642069 
 601      6E7400
 602              	.LASF12:
 603 001a 666C6F61 		.ascii	"float\000"
 603      7400
 604              	.LASF1:
 605 0020 756E7369 		.ascii	"unsigned char\000"
 605      676E6564 
 605      20636861 
 605      7200
 606              	.LASF20:
 607 002e 726F7744 		.ascii	"rowData\000"
 607      61746100 
 608              	.LASF25:
 609 0036 433A5C55 		.ascii	"C:\\Users\\alexport\\OneDrive - Safeguard Analytics"
 609      73657273 
 609      5C616C65 
 609      78706F72 
 609      745C4F6E 
 610 0066 5C53412D 		.ascii	"\\SA-220\\SA-220.cydsn\000"
 610      3232305C 
 610      53412D32 
 610      32302E63 
 610      7964736E 
 611              	.LASF5:
 612 007b 6C6F6E67 		.ascii	"long unsigned int\000"
 612      20756E73 
 612      69676E65 
 612      6420696E 
 612      7400
 613              	.LASF9:
 614 008d 75696E74 		.ascii	"uint8\000"
 614      3800
 615              	.LASF23:
ARM GAS  C:\Users\alexport\AppData\Local\Temp\ccnFf3kW.s 			page 17


 616 0093 474E5520 		.ascii	"GNU C11 5.4.1 20160609 (release) [ARM/embedded-5-br"
 616      43313120 
 616      352E342E 
 616      31203230 
 616      31363036 
 617 00c6 616E6368 		.ascii	"anch revision 237715] -mcpu=cortex-m0 -mthumb -g -O"
 617      20726576 
 617      6973696F 
 617      6E203233 
 617      37373135 
 618 00f9 30202D66 		.ascii	"0 -ffunction-sections -ffat-lto-objects\000"
 618      66756E63 
 618      74696F6E 
 618      2D736563 
 618      74696F6E 
 619              	.LASF26:
 620 0121 426F6F74 		.ascii	"Bootloadable_Load\000"
 620      6C6F6164 
 620      61626C65 
 620      5F4C6F61 
 620      6400
 621              	.LASF13:
 622 0133 646F7562 		.ascii	"double\000"
 622      6C6500
 623              	.LASF19:
 624 013a 666C7341 		.ascii	"flsAddr\000"
 624      64647200 
 625              	.LASF10:
 626 0142 75696E74 		.ascii	"uint16\000"
 626      313600
 627              	.LASF11:
 628 0149 75696E74 		.ascii	"uint32\000"
 628      333200
 629              	.LASF8:
 630 0150 756E7369 		.ascii	"unsigned int\000"
 630      676E6564 
 630      20696E74 
 630      00
 631              	.LASF17:
 632 015d 61646472 		.ascii	"address\000"
 632      65737300 
 633              	.LASF7:
 634 0165 6C6F6E67 		.ascii	"long long unsigned int\000"
 634      206C6F6E 
 634      6720756E 
 634      7369676E 
 634      65642069 
 635              	.LASF18:
 636 017c 72756E54 		.ascii	"runType\000"
 636      79706500 
 637              	.LASF24:
 638 0184 47656E65 		.ascii	"Generated_Source\\PSoC4\\Bootloadable.c\000"
 638      72617465 
 638      645F536F 
 638      75726365 
 638      5C50536F 
 639              	.LASF22:
ARM GAS  C:\Users\alexport\AppData\Local\Temp\ccnFf3kW.s 			page 18


 640 01aa 62617365 		.ascii	"baseAddr\000"
 640      41646472 
 640      00
 641              	.LASF16:
 642 01b3 73697A65 		.ascii	"sizetype\000"
 642      74797065 
 642      00
 643              	.LASF6:
 644 01bc 6C6F6E67 		.ascii	"long long int\000"
 644      206C6F6E 
 644      6720696E 
 644      7400
 645              	.LASF14:
 646 01ca 63686172 		.ascii	"char\000"
 646      00
 647              	.LASF27:
 648 01cf 426F6F74 		.ascii	"Bootloadable_SetFlashByte\000"
 648      6C6F6164 
 648      61626C65 
 648      5F536574 
 648      466C6173 
 649              	.LASF2:
 650 01e9 73686F72 		.ascii	"short int\000"
 650      7420696E 
 650      7400
 651              	.LASF4:
 652 01f3 6C6F6E67 		.ascii	"long int\000"
 652      20696E74 
 652      00
 653              	.LASF15:
 654 01fc 6C6F6E67 		.ascii	"long double\000"
 654      20646F75 
 654      626C6500 
 655              	.LASF0:
 656 0208 7369676E 		.ascii	"signed char\000"
 656      65642063 
 656      68617200 
 657              	.LASF28:
 658 0214 63794274 		.ascii	"cyBtldrRunType\000"
 658      6C647252 
 658      756E5479 
 658      706500
 659              		.ident	"GCC: (GNU Tools for ARM Embedded Processors) 5.4.1 20160609 (release) [ARM/embedded-5-bran
