ARM GAS  C:\Users\alexport\AppData\Local\Temp\ccFG5jzp.s 			page 1


   1              		.syntax unified
   2              		.cpu cortex-m0
   3              		.fpu softvfp
   4              		.eabi_attribute 20, 1
   5              		.eabi_attribute 21, 1
   6              		.eabi_attribute 23, 3
   7              		.eabi_attribute 24, 1
   8              		.eabi_attribute 25, 1
   9              		.eabi_attribute 26, 1
  10              		.eabi_attribute 30, 6
  11              		.eabi_attribute 34, 0
  12              		.eabi_attribute 18, 4
  13              		.thumb
  14              		.syntax unified
  15              		.file	"I2C_1_I2C.c"
  16              		.text
  17              	.Ltext0:
  18              		.cfi_sections	.debug_frame
  19              		.comm	I2C_1_state,1,1
  20              		.section	.text.I2C_1_I2CInit,"ax",%progbits
  21              		.align	2
  22              		.global	I2C_1_I2CInit
  23              		.code	16
  24              		.thumb_func
  25              		.type	I2C_1_I2CInit, %function
  26              	I2C_1_I2CInit:
  27              	.LFB2:
  28              		.file 1 "Generated_Source\\PSoC4\\I2C_1_I2C.c"
   1:Generated_Source\PSoC4/I2C_1_I2C.c **** /***************************************************************************//**
   2:Generated_Source\PSoC4/I2C_1_I2C.c **** * \file I2C_1_I2C.c
   3:Generated_Source\PSoC4/I2C_1_I2C.c **** * \version 4.0
   4:Generated_Source\PSoC4/I2C_1_I2C.c **** *
   5:Generated_Source\PSoC4/I2C_1_I2C.c **** * \brief
   6:Generated_Source\PSoC4/I2C_1_I2C.c **** *  This file provides the source code to the API for the SCB Component in
   7:Generated_Source\PSoC4/I2C_1_I2C.c **** *  I2C mode.
   8:Generated_Source\PSoC4/I2C_1_I2C.c **** *
   9:Generated_Source\PSoC4/I2C_1_I2C.c **** * Note:
  10:Generated_Source\PSoC4/I2C_1_I2C.c **** *
  11:Generated_Source\PSoC4/I2C_1_I2C.c **** *******************************************************************************
  12:Generated_Source\PSoC4/I2C_1_I2C.c **** * \copyright
  13:Generated_Source\PSoC4/I2C_1_I2C.c **** * Copyright 2013-2017, Cypress Semiconductor Corporation.  All rights reserved.
  14:Generated_Source\PSoC4/I2C_1_I2C.c **** * You may use this file only in accordance with the license, terms, conditions,
  15:Generated_Source\PSoC4/I2C_1_I2C.c **** * disclaimers, and limitations in the end user license agreement accompanying
  16:Generated_Source\PSoC4/I2C_1_I2C.c **** * the software package with which this file was provided.
  17:Generated_Source\PSoC4/I2C_1_I2C.c **** *******************************************************************************/
  18:Generated_Source\PSoC4/I2C_1_I2C.c **** 
  19:Generated_Source\PSoC4/I2C_1_I2C.c **** #include "I2C_1_PVT.h"
  20:Generated_Source\PSoC4/I2C_1_I2C.c **** #include "I2C_1_I2C_PVT.h"
  21:Generated_Source\PSoC4/I2C_1_I2C.c **** 
  22:Generated_Source\PSoC4/I2C_1_I2C.c **** 
  23:Generated_Source\PSoC4/I2C_1_I2C.c **** /***************************************
  24:Generated_Source\PSoC4/I2C_1_I2C.c **** *      I2C Private Vars
  25:Generated_Source\PSoC4/I2C_1_I2C.c **** ***************************************/
  26:Generated_Source\PSoC4/I2C_1_I2C.c **** 
  27:Generated_Source\PSoC4/I2C_1_I2C.c **** volatile uint8 I2C_1_state;  /* Current state of I2C FSM */
  28:Generated_Source\PSoC4/I2C_1_I2C.c **** 
  29:Generated_Source\PSoC4/I2C_1_I2C.c **** #if(I2C_1_SCB_MODE_UNCONFIG_CONST_CFG)
ARM GAS  C:\Users\alexport\AppData\Local\Temp\ccFG5jzp.s 			page 2


  30:Generated_Source\PSoC4/I2C_1_I2C.c **** 
  31:Generated_Source\PSoC4/I2C_1_I2C.c ****     /***************************************
  32:Generated_Source\PSoC4/I2C_1_I2C.c ****     *  Configuration Structure Initialization
  33:Generated_Source\PSoC4/I2C_1_I2C.c ****     ***************************************/
  34:Generated_Source\PSoC4/I2C_1_I2C.c **** 
  35:Generated_Source\PSoC4/I2C_1_I2C.c ****     /* Constant configuration of I2C */
  36:Generated_Source\PSoC4/I2C_1_I2C.c ****     const I2C_1_I2C_INIT_STRUCT I2C_1_configI2C =
  37:Generated_Source\PSoC4/I2C_1_I2C.c ****     {
  38:Generated_Source\PSoC4/I2C_1_I2C.c ****         I2C_1_I2C_MODE,
  39:Generated_Source\PSoC4/I2C_1_I2C.c ****         I2C_1_I2C_OVS_FACTOR_LOW,
  40:Generated_Source\PSoC4/I2C_1_I2C.c ****         I2C_1_I2C_OVS_FACTOR_HIGH,
  41:Generated_Source\PSoC4/I2C_1_I2C.c ****         I2C_1_I2C_MEDIAN_FILTER_ENABLE,
  42:Generated_Source\PSoC4/I2C_1_I2C.c ****         I2C_1_I2C_SLAVE_ADDRESS,
  43:Generated_Source\PSoC4/I2C_1_I2C.c ****         I2C_1_I2C_SLAVE_ADDRESS_MASK,
  44:Generated_Source\PSoC4/I2C_1_I2C.c ****         I2C_1_I2C_ACCEPT_ADDRESS,
  45:Generated_Source\PSoC4/I2C_1_I2C.c ****         I2C_1_I2C_WAKE_ENABLE,
  46:Generated_Source\PSoC4/I2C_1_I2C.c ****         I2C_1_I2C_BYTE_MODE_ENABLE,
  47:Generated_Source\PSoC4/I2C_1_I2C.c ****         I2C_1_I2C_DATA_RATE,
  48:Generated_Source\PSoC4/I2C_1_I2C.c ****         I2C_1_I2C_ACCEPT_GENERAL_CALL,
  49:Generated_Source\PSoC4/I2C_1_I2C.c ****     };
  50:Generated_Source\PSoC4/I2C_1_I2C.c **** 
  51:Generated_Source\PSoC4/I2C_1_I2C.c ****     /*******************************************************************************
  52:Generated_Source\PSoC4/I2C_1_I2C.c ****     * Function Name: I2C_1_I2CInit
  53:Generated_Source\PSoC4/I2C_1_I2C.c ****     ****************************************************************************//**
  54:Generated_Source\PSoC4/I2C_1_I2C.c ****     *
  55:Generated_Source\PSoC4/I2C_1_I2C.c ****     *
  56:Generated_Source\PSoC4/I2C_1_I2C.c ****     *  Configures the I2C_1 for I2C operation.
  57:Generated_Source\PSoC4/I2C_1_I2C.c ****     *
  58:Generated_Source\PSoC4/I2C_1_I2C.c ****     *  This function is intended specifically to be used when the I2C_1 
  59:Generated_Source\PSoC4/I2C_1_I2C.c ****     *  configuration is set to “Unconfigured I2C_1” in the customizer. 
  60:Generated_Source\PSoC4/I2C_1_I2C.c ****     *  After initializing the I2C_1 in I2C mode using this function, 
  61:Generated_Source\PSoC4/I2C_1_I2C.c ****     *  the component can be enabled using the I2C_1_Start() or 
  62:Generated_Source\PSoC4/I2C_1_I2C.c ****     * I2C_1_Enable() function.
  63:Generated_Source\PSoC4/I2C_1_I2C.c ****     *  This function uses a pointer to a structure that provides the configuration 
  64:Generated_Source\PSoC4/I2C_1_I2C.c ****     *  settings. This structure contains the same information that would otherwise 
  65:Generated_Source\PSoC4/I2C_1_I2C.c ****     *  be provided by the customizer settings.
  66:Generated_Source\PSoC4/I2C_1_I2C.c ****     *
  67:Generated_Source\PSoC4/I2C_1_I2C.c ****     *  \param config: pointer to a structure that contains the following list of 
  68:Generated_Source\PSoC4/I2C_1_I2C.c ****     *   fields. These fields match the selections available in the customizer. 
  69:Generated_Source\PSoC4/I2C_1_I2C.c ****     *   Refer to the customizer for further description of the settings.
  70:Generated_Source\PSoC4/I2C_1_I2C.c ****     *
  71:Generated_Source\PSoC4/I2C_1_I2C.c ****     *******************************************************************************/
  72:Generated_Source\PSoC4/I2C_1_I2C.c ****     void I2C_1_I2CInit(const I2C_1_I2C_INIT_STRUCT *config)
  73:Generated_Source\PSoC4/I2C_1_I2C.c ****     {
  74:Generated_Source\PSoC4/I2C_1_I2C.c ****         uint32 medianFilter;
  75:Generated_Source\PSoC4/I2C_1_I2C.c ****         uint32 locEnableWake;
  76:Generated_Source\PSoC4/I2C_1_I2C.c **** 
  77:Generated_Source\PSoC4/I2C_1_I2C.c ****         if(NULL == config)
  78:Generated_Source\PSoC4/I2C_1_I2C.c ****         {
  79:Generated_Source\PSoC4/I2C_1_I2C.c ****             CYASSERT(0u != 0u); /* Halt execution due to bad function parameter */
  80:Generated_Source\PSoC4/I2C_1_I2C.c ****         }
  81:Generated_Source\PSoC4/I2C_1_I2C.c ****         else
  82:Generated_Source\PSoC4/I2C_1_I2C.c ****         {
  83:Generated_Source\PSoC4/I2C_1_I2C.c ****             /* Configure pins */
  84:Generated_Source\PSoC4/I2C_1_I2C.c ****             I2C_1_SetPins(I2C_1_SCB_MODE_I2C, I2C_1_DUMMY_PARAM,
  85:Generated_Source\PSoC4/I2C_1_I2C.c ****                                      I2C_1_DUMMY_PARAM);
  86:Generated_Source\PSoC4/I2C_1_I2C.c **** 
ARM GAS  C:\Users\alexport\AppData\Local\Temp\ccFG5jzp.s 			page 3


  87:Generated_Source\PSoC4/I2C_1_I2C.c ****             /* Store internal configuration */
  88:Generated_Source\PSoC4/I2C_1_I2C.c ****             I2C_1_scbMode       = (uint8) I2C_1_SCB_MODE_I2C;
  89:Generated_Source\PSoC4/I2C_1_I2C.c ****             I2C_1_scbEnableWake = (uint8) config->enableWake;
  90:Generated_Source\PSoC4/I2C_1_I2C.c ****             I2C_1_scbEnableIntr = (uint8) I2C_1_SCB_IRQ_INTERNAL;
  91:Generated_Source\PSoC4/I2C_1_I2C.c **** 
  92:Generated_Source\PSoC4/I2C_1_I2C.c ****             I2C_1_mode          = (uint8) config->mode;
  93:Generated_Source\PSoC4/I2C_1_I2C.c ****             I2C_1_acceptAddr    = (uint8) config->acceptAddr;
  94:Generated_Source\PSoC4/I2C_1_I2C.c **** 
  95:Generated_Source\PSoC4/I2C_1_I2C.c ****         #if (I2C_1_CY_SCBIP_V0)
  96:Generated_Source\PSoC4/I2C_1_I2C.c ****             /* Adjust SDA filter settings. Ticket ID#150521 */
  97:Generated_Source\PSoC4/I2C_1_I2C.c ****             I2C_1_SET_I2C_CFG_SDA_FILT_TRIM(I2C_1_EC_AM_I2C_CFG_SDA_FILT_TRIM);
  98:Generated_Source\PSoC4/I2C_1_I2C.c ****         #endif /* (I2C_1_CY_SCBIP_V0) */
  99:Generated_Source\PSoC4/I2C_1_I2C.c **** 
 100:Generated_Source\PSoC4/I2C_1_I2C.c ****             /* Adjust AF and DF filter settings. Ticket ID#176179 */
 101:Generated_Source\PSoC4/I2C_1_I2C.c ****             if (((I2C_1_I2C_MODE_SLAVE != config->mode) &&
 102:Generated_Source\PSoC4/I2C_1_I2C.c ****                  (config->dataRate <= I2C_1_I2C_DATA_RATE_FS_MODE_MAX)) ||
 103:Generated_Source\PSoC4/I2C_1_I2C.c ****                  (I2C_1_I2C_MODE_SLAVE == config->mode))
 104:Generated_Source\PSoC4/I2C_1_I2C.c ****             {
 105:Generated_Source\PSoC4/I2C_1_I2C.c ****                 /* AF = 1, DF = 0 */
 106:Generated_Source\PSoC4/I2C_1_I2C.c ****                 I2C_1_I2C_CFG_ANALOG_FITER_ENABLE;
 107:Generated_Source\PSoC4/I2C_1_I2C.c ****                 medianFilter = I2C_1_DIGITAL_FILTER_DISABLE;
 108:Generated_Source\PSoC4/I2C_1_I2C.c ****             }
 109:Generated_Source\PSoC4/I2C_1_I2C.c ****             else
 110:Generated_Source\PSoC4/I2C_1_I2C.c ****             {
 111:Generated_Source\PSoC4/I2C_1_I2C.c ****                 /* AF = 0, DF = 1 */
 112:Generated_Source\PSoC4/I2C_1_I2C.c ****                 I2C_1_I2C_CFG_ANALOG_FITER_DISABLE;
 113:Generated_Source\PSoC4/I2C_1_I2C.c ****                 medianFilter = I2C_1_DIGITAL_FILTER_ENABLE;
 114:Generated_Source\PSoC4/I2C_1_I2C.c ****             }
 115:Generated_Source\PSoC4/I2C_1_I2C.c **** 
 116:Generated_Source\PSoC4/I2C_1_I2C.c ****         #if (!I2C_1_CY_SCBIP_V0)
 117:Generated_Source\PSoC4/I2C_1_I2C.c ****             locEnableWake = (I2C_1_I2C_MULTI_MASTER_SLAVE) ? (0u) : (config->enableWake);
 118:Generated_Source\PSoC4/I2C_1_I2C.c ****         #else
 119:Generated_Source\PSoC4/I2C_1_I2C.c ****             locEnableWake = config->enableWake;
 120:Generated_Source\PSoC4/I2C_1_I2C.c ****         #endif /* (!I2C_1_CY_SCBIP_V0) */
 121:Generated_Source\PSoC4/I2C_1_I2C.c **** 
 122:Generated_Source\PSoC4/I2C_1_I2C.c ****             /* Configure I2C interface */
 123:Generated_Source\PSoC4/I2C_1_I2C.c ****             I2C_1_CTRL_REG     = I2C_1_GET_CTRL_BYTE_MODE  (config->enableByteMode) |
 124:Generated_Source\PSoC4/I2C_1_I2C.c ****                                             I2C_1_GET_CTRL_ADDR_ACCEPT(config->acceptAddr)     |
 125:Generated_Source\PSoC4/I2C_1_I2C.c ****                                             I2C_1_GET_CTRL_EC_AM_MODE (locEnableWake);
 126:Generated_Source\PSoC4/I2C_1_I2C.c **** 
 127:Generated_Source\PSoC4/I2C_1_I2C.c ****             I2C_1_I2C_CTRL_REG = I2C_1_GET_I2C_CTRL_HIGH_PHASE_OVS(config->oversampleHigh) |
 128:Generated_Source\PSoC4/I2C_1_I2C.c ****                     I2C_1_GET_I2C_CTRL_LOW_PHASE_OVS (config->oversampleLow)                       
 129:Generated_Source\PSoC4/I2C_1_I2C.c ****                     I2C_1_GET_I2C_CTRL_S_GENERAL_IGNORE((uint32)(0u == config->acceptGeneralAddr)) 
 130:Generated_Source\PSoC4/I2C_1_I2C.c ****                     I2C_1_GET_I2C_CTRL_SL_MSTR_MODE  (config->mode);
 131:Generated_Source\PSoC4/I2C_1_I2C.c **** 
 132:Generated_Source\PSoC4/I2C_1_I2C.c ****             /* Configure RX direction */
 133:Generated_Source\PSoC4/I2C_1_I2C.c ****             I2C_1_RX_CTRL_REG      = I2C_1_GET_RX_CTRL_MEDIAN(medianFilter) |
 134:Generated_Source\PSoC4/I2C_1_I2C.c ****                                                 I2C_1_I2C_RX_CTRL;
 135:Generated_Source\PSoC4/I2C_1_I2C.c ****             I2C_1_RX_FIFO_CTRL_REG = I2C_1_CLEAR_REG;
 136:Generated_Source\PSoC4/I2C_1_I2C.c **** 
 137:Generated_Source\PSoC4/I2C_1_I2C.c ****             /* Set default address and mask */
 138:Generated_Source\PSoC4/I2C_1_I2C.c ****             I2C_1_RX_MATCH_REG    = ((I2C_1_I2C_SLAVE) ?
 139:Generated_Source\PSoC4/I2C_1_I2C.c ****                                                 (I2C_1_GET_I2C_8BIT_ADDRESS(config->slaveAddr) |
 140:Generated_Source\PSoC4/I2C_1_I2C.c ****                                                  I2C_1_GET_RX_MATCH_MASK(config->slaveAddrMask)) :
 141:Generated_Source\PSoC4/I2C_1_I2C.c ****                                                 (I2C_1_CLEAR_REG));
 142:Generated_Source\PSoC4/I2C_1_I2C.c **** 
 143:Generated_Source\PSoC4/I2C_1_I2C.c **** 
ARM GAS  C:\Users\alexport\AppData\Local\Temp\ccFG5jzp.s 			page 4


 144:Generated_Source\PSoC4/I2C_1_I2C.c ****             /* Configure TX direction */
 145:Generated_Source\PSoC4/I2C_1_I2C.c ****             I2C_1_TX_CTRL_REG      = I2C_1_I2C_TX_CTRL;
 146:Generated_Source\PSoC4/I2C_1_I2C.c ****             I2C_1_TX_FIFO_CTRL_REG = I2C_1_CLEAR_REG;
 147:Generated_Source\PSoC4/I2C_1_I2C.c **** 
 148:Generated_Source\PSoC4/I2C_1_I2C.c ****             /* Configure interrupt with I2C handler but do not enable it */
 149:Generated_Source\PSoC4/I2C_1_I2C.c ****             CyIntDisable    (I2C_1_ISR_NUMBER);
 150:Generated_Source\PSoC4/I2C_1_I2C.c ****             CyIntSetPriority(I2C_1_ISR_NUMBER, I2C_1_ISR_PRIORITY);
 151:Generated_Source\PSoC4/I2C_1_I2C.c ****             (void) CyIntSetVector(I2C_1_ISR_NUMBER, &I2C_1_I2C_ISR);
 152:Generated_Source\PSoC4/I2C_1_I2C.c **** 
 153:Generated_Source\PSoC4/I2C_1_I2C.c ****             /* Configure interrupt sources */
 154:Generated_Source\PSoC4/I2C_1_I2C.c ****         #if(!I2C_1_CY_SCBIP_V1)
 155:Generated_Source\PSoC4/I2C_1_I2C.c ****             I2C_1_INTR_SPI_EC_MASK_REG = I2C_1_NO_INTR_SOURCES;
 156:Generated_Source\PSoC4/I2C_1_I2C.c ****         #endif /* (!I2C_1_CY_SCBIP_V1) */
 157:Generated_Source\PSoC4/I2C_1_I2C.c **** 
 158:Generated_Source\PSoC4/I2C_1_I2C.c ****             I2C_1_INTR_I2C_EC_MASK_REG = I2C_1_NO_INTR_SOURCES;
 159:Generated_Source\PSoC4/I2C_1_I2C.c ****             I2C_1_INTR_RX_MASK_REG     = I2C_1_NO_INTR_SOURCES;
 160:Generated_Source\PSoC4/I2C_1_I2C.c ****             I2C_1_INTR_TX_MASK_REG     = I2C_1_NO_INTR_SOURCES;
 161:Generated_Source\PSoC4/I2C_1_I2C.c **** 
 162:Generated_Source\PSoC4/I2C_1_I2C.c ****             I2C_1_INTR_SLAVE_MASK_REG  = ((I2C_1_I2C_SLAVE) ?
 163:Generated_Source\PSoC4/I2C_1_I2C.c ****                             (I2C_1_GET_INTR_SLAVE_I2C_GENERAL(config->acceptGeneralAddr) |
 164:Generated_Source\PSoC4/I2C_1_I2C.c ****                              I2C_1_I2C_INTR_SLAVE_MASK) : (I2C_1_CLEAR_REG));
 165:Generated_Source\PSoC4/I2C_1_I2C.c **** 
 166:Generated_Source\PSoC4/I2C_1_I2C.c ****             I2C_1_INTR_MASTER_MASK_REG = I2C_1_NO_INTR_SOURCES;
 167:Generated_Source\PSoC4/I2C_1_I2C.c **** 
 168:Generated_Source\PSoC4/I2C_1_I2C.c ****             /* Configure global variables */
 169:Generated_Source\PSoC4/I2C_1_I2C.c ****             I2C_1_state = I2C_1_I2C_FSM_IDLE;
 170:Generated_Source\PSoC4/I2C_1_I2C.c **** 
 171:Generated_Source\PSoC4/I2C_1_I2C.c ****             /* Internal slave variables */
 172:Generated_Source\PSoC4/I2C_1_I2C.c ****             I2C_1_slStatus        = 0u;
 173:Generated_Source\PSoC4/I2C_1_I2C.c ****             I2C_1_slRdBufIndex    = 0u;
 174:Generated_Source\PSoC4/I2C_1_I2C.c ****             I2C_1_slWrBufIndex    = 0u;
 175:Generated_Source\PSoC4/I2C_1_I2C.c ****             I2C_1_slOverFlowCount = 0u;
 176:Generated_Source\PSoC4/I2C_1_I2C.c **** 
 177:Generated_Source\PSoC4/I2C_1_I2C.c ****             /* Internal master variables */
 178:Generated_Source\PSoC4/I2C_1_I2C.c ****             I2C_1_mstrStatus     = 0u;
 179:Generated_Source\PSoC4/I2C_1_I2C.c ****             I2C_1_mstrRdBufIndex = 0u;
 180:Generated_Source\PSoC4/I2C_1_I2C.c ****             I2C_1_mstrWrBufIndex = 0u;
 181:Generated_Source\PSoC4/I2C_1_I2C.c ****         }
 182:Generated_Source\PSoC4/I2C_1_I2C.c ****     }
 183:Generated_Source\PSoC4/I2C_1_I2C.c **** 
 184:Generated_Source\PSoC4/I2C_1_I2C.c **** #else
 185:Generated_Source\PSoC4/I2C_1_I2C.c **** 
 186:Generated_Source\PSoC4/I2C_1_I2C.c ****     /*******************************************************************************
 187:Generated_Source\PSoC4/I2C_1_I2C.c ****     * Function Name: I2C_1_I2CInit
 188:Generated_Source\PSoC4/I2C_1_I2C.c ****     ****************************************************************************//**
 189:Generated_Source\PSoC4/I2C_1_I2C.c ****     *
 190:Generated_Source\PSoC4/I2C_1_I2C.c ****     *  Configures the SCB for the I2C operation.
 191:Generated_Source\PSoC4/I2C_1_I2C.c ****     *
 192:Generated_Source\PSoC4/I2C_1_I2C.c ****     *******************************************************************************/
 193:Generated_Source\PSoC4/I2C_1_I2C.c ****     void I2C_1_I2CInit(void)
 194:Generated_Source\PSoC4/I2C_1_I2C.c ****     {
  29              		.loc 1 194 0
  30              		.cfi_startproc
  31              		@ args = 0, pretend = 0, frame = 0
  32              		@ frame_needed = 1, uses_anonymous_args = 0
  33 0000 80B5     		push	{r7, lr}
  34              		.cfi_def_cfa_offset 8
ARM GAS  C:\Users\alexport\AppData\Local\Temp\ccFG5jzp.s 			page 5


  35              		.cfi_offset 7, -8
  36              		.cfi_offset 14, -4
  37 0002 00AF     		add	r7, sp, #0
  38              		.cfi_def_cfa_register 7
 195:Generated_Source\PSoC4/I2C_1_I2C.c ****     #if(I2C_1_CY_SCBIP_V0)
 196:Generated_Source\PSoC4/I2C_1_I2C.c ****         /* Adjust SDA filter settings. Ticket ID#150521 */
 197:Generated_Source\PSoC4/I2C_1_I2C.c ****         I2C_1_SET_I2C_CFG_SDA_FILT_TRIM(I2C_1_EC_AM_I2C_CFG_SDA_FILT_TRIM);
 198:Generated_Source\PSoC4/I2C_1_I2C.c ****     #endif /* (I2C_1_CY_SCBIP_V0) */
 199:Generated_Source\PSoC4/I2C_1_I2C.c **** 
 200:Generated_Source\PSoC4/I2C_1_I2C.c ****         /* Adjust AF and DF filter settings. Ticket ID#176179 */
 201:Generated_Source\PSoC4/I2C_1_I2C.c ****         I2C_1_I2C_CFG_ANALOG_FITER_ENABLE_ADJ;
 202:Generated_Source\PSoC4/I2C_1_I2C.c **** 
 203:Generated_Source\PSoC4/I2C_1_I2C.c ****         /* Configure I2C interface */
 204:Generated_Source\PSoC4/I2C_1_I2C.c ****         I2C_1_CTRL_REG     = I2C_1_I2C_DEFAULT_CTRL;
  39              		.loc 1 204 0
  40 0004 224B     		ldr	r3, .L2
  41 0006 0022     		movs	r2, #0
  42 0008 1A60     		str	r2, [r3]
 205:Generated_Source\PSoC4/I2C_1_I2C.c ****         I2C_1_I2C_CTRL_REG = I2C_1_I2C_DEFAULT_I2C_CTRL;
  43              		.loc 1 205 0
  44 000a 224B     		ldr	r3, .L2+4
  45 000c 224A     		ldr	r2, .L2+8
  46 000e 1A60     		str	r2, [r3]
 206:Generated_Source\PSoC4/I2C_1_I2C.c **** 
 207:Generated_Source\PSoC4/I2C_1_I2C.c ****         /* Configure RX direction */
 208:Generated_Source\PSoC4/I2C_1_I2C.c ****         I2C_1_RX_CTRL_REG      = I2C_1_I2C_DEFAULT_RX_CTRL;
  47              		.loc 1 208 0
  48 0010 224B     		ldr	r3, .L2+12
  49 0012 234A     		ldr	r2, .L2+16
  50 0014 1A60     		str	r2, [r3]
 209:Generated_Source\PSoC4/I2C_1_I2C.c ****         I2C_1_RX_FIFO_CTRL_REG = I2C_1_I2C_DEFAULT_RX_FIFO_CTRL;
  51              		.loc 1 209 0
  52 0016 234B     		ldr	r3, .L2+20
  53 0018 0022     		movs	r2, #0
  54 001a 1A60     		str	r2, [r3]
 210:Generated_Source\PSoC4/I2C_1_I2C.c **** 
 211:Generated_Source\PSoC4/I2C_1_I2C.c ****         /* Set default address and mask */
 212:Generated_Source\PSoC4/I2C_1_I2C.c ****         I2C_1_RX_MATCH_REG     = I2C_1_I2C_DEFAULT_RX_MATCH;
  55              		.loc 1 212 0
  56 001c 224B     		ldr	r3, .L2+24
  57 001e 234A     		ldr	r2, .L2+28
  58 0020 1A60     		str	r2, [r3]
 213:Generated_Source\PSoC4/I2C_1_I2C.c **** 
 214:Generated_Source\PSoC4/I2C_1_I2C.c ****         /* Configure TX direction */
 215:Generated_Source\PSoC4/I2C_1_I2C.c ****         I2C_1_TX_CTRL_REG      = I2C_1_I2C_DEFAULT_TX_CTRL;
  59              		.loc 1 215 0
  60 0022 234B     		ldr	r3, .L2+32
  61 0024 1E4A     		ldr	r2, .L2+16
  62 0026 1A60     		str	r2, [r3]
 216:Generated_Source\PSoC4/I2C_1_I2C.c ****         I2C_1_TX_FIFO_CTRL_REG = I2C_1_I2C_DEFAULT_TX_FIFO_CTRL;
  63              		.loc 1 216 0
  64 0028 224B     		ldr	r3, .L2+36
  65 002a 0022     		movs	r2, #0
  66 002c 1A60     		str	r2, [r3]
 217:Generated_Source\PSoC4/I2C_1_I2C.c **** 
 218:Generated_Source\PSoC4/I2C_1_I2C.c ****         /* Configure interrupt with I2C handler but do not enable it */
 219:Generated_Source\PSoC4/I2C_1_I2C.c ****         CyIntDisable    (I2C_1_ISR_NUMBER);
ARM GAS  C:\Users\alexport\AppData\Local\Temp\ccFG5jzp.s 			page 6


  67              		.loc 1 219 0
  68 002e 0A20     		movs	r0, #10
  69 0030 FFF7FEFF 		bl	CyIntDisable
 220:Generated_Source\PSoC4/I2C_1_I2C.c ****         CyIntSetPriority(I2C_1_ISR_NUMBER, I2C_1_ISR_PRIORITY);
  70              		.loc 1 220 0
  71 0034 0321     		movs	r1, #3
  72 0036 0A20     		movs	r0, #10
  73 0038 FFF7FEFF 		bl	CyIntSetPriority
 221:Generated_Source\PSoC4/I2C_1_I2C.c ****     #if(!I2C_1_I2C_EXTERN_INTR_HANDLER)
 222:Generated_Source\PSoC4/I2C_1_I2C.c ****         (void) CyIntSetVector(I2C_1_ISR_NUMBER, &I2C_1_I2C_ISR);
  74              		.loc 1 222 0
  75 003c 1E4B     		ldr	r3, .L2+40
  76 003e 1900     		movs	r1, r3
  77 0040 0A20     		movs	r0, #10
  78 0042 FFF7FEFF 		bl	CyIntSetVector
 223:Generated_Source\PSoC4/I2C_1_I2C.c ****     #endif /* (I2C_1_I2C_EXTERN_INTR_HANDLER) */
 224:Generated_Source\PSoC4/I2C_1_I2C.c **** 
 225:Generated_Source\PSoC4/I2C_1_I2C.c ****         /* Configure interrupt sources */
 226:Generated_Source\PSoC4/I2C_1_I2C.c ****     #if(!I2C_1_CY_SCBIP_V1)
 227:Generated_Source\PSoC4/I2C_1_I2C.c ****         I2C_1_INTR_SPI_EC_MASK_REG = I2C_1_I2C_DEFAULT_INTR_SPI_EC_MASK;
  79              		.loc 1 227 0
  80 0046 1D4B     		ldr	r3, .L2+44
  81 0048 0022     		movs	r2, #0
  82 004a 1A60     		str	r2, [r3]
 228:Generated_Source\PSoC4/I2C_1_I2C.c ****     #endif /* (!I2C_1_CY_SCBIP_V1) */
 229:Generated_Source\PSoC4/I2C_1_I2C.c **** 
 230:Generated_Source\PSoC4/I2C_1_I2C.c ****         I2C_1_INTR_I2C_EC_MASK_REG = I2C_1_I2C_DEFAULT_INTR_I2C_EC_MASK;
  83              		.loc 1 230 0
  84 004c 1C4B     		ldr	r3, .L2+48
  85 004e 0022     		movs	r2, #0
  86 0050 1A60     		str	r2, [r3]
 231:Generated_Source\PSoC4/I2C_1_I2C.c ****         I2C_1_INTR_SLAVE_MASK_REG  = I2C_1_I2C_DEFAULT_INTR_SLAVE_MASK;
  87              		.loc 1 231 0
  88 0052 1C4B     		ldr	r3, .L2+52
  89 0054 4C22     		movs	r2, #76
  90 0056 FF32     		adds	r2, r2, #255
  91 0058 1A60     		str	r2, [r3]
 232:Generated_Source\PSoC4/I2C_1_I2C.c ****         I2C_1_INTR_MASTER_MASK_REG = I2C_1_I2C_DEFAULT_INTR_MASTER_MASK;
  92              		.loc 1 232 0
  93 005a 1B4B     		ldr	r3, .L2+56
  94 005c 0022     		movs	r2, #0
  95 005e 1A60     		str	r2, [r3]
 233:Generated_Source\PSoC4/I2C_1_I2C.c ****         I2C_1_INTR_RX_MASK_REG     = I2C_1_I2C_DEFAULT_INTR_RX_MASK;
  96              		.loc 1 233 0
  97 0060 1A4B     		ldr	r3, .L2+60
  98 0062 0022     		movs	r2, #0
  99 0064 1A60     		str	r2, [r3]
 234:Generated_Source\PSoC4/I2C_1_I2C.c ****         I2C_1_INTR_TX_MASK_REG     = I2C_1_I2C_DEFAULT_INTR_TX_MASK;
 100              		.loc 1 234 0
 101 0066 1A4B     		ldr	r3, .L2+64
 102 0068 0022     		movs	r2, #0
 103 006a 1A60     		str	r2, [r3]
 235:Generated_Source\PSoC4/I2C_1_I2C.c **** 
 236:Generated_Source\PSoC4/I2C_1_I2C.c ****         /* Configure global variables */
 237:Generated_Source\PSoC4/I2C_1_I2C.c ****         I2C_1_state = I2C_1_I2C_FSM_IDLE;
 104              		.loc 1 237 0
 105 006c 194B     		ldr	r3, .L2+68
ARM GAS  C:\Users\alexport\AppData\Local\Temp\ccFG5jzp.s 			page 7


 106 006e 1022     		movs	r2, #16
 107 0070 1A70     		strb	r2, [r3]
 238:Generated_Source\PSoC4/I2C_1_I2C.c **** 
 239:Generated_Source\PSoC4/I2C_1_I2C.c ****     #if(I2C_1_I2C_SLAVE)
 240:Generated_Source\PSoC4/I2C_1_I2C.c ****         /* Internal slave variable */
 241:Generated_Source\PSoC4/I2C_1_I2C.c ****         I2C_1_slStatus        = 0u;
 108              		.loc 1 241 0
 109 0072 194B     		ldr	r3, .L2+72
 110 0074 0022     		movs	r2, #0
 111 0076 1A70     		strb	r2, [r3]
 242:Generated_Source\PSoC4/I2C_1_I2C.c ****         I2C_1_slRdBufIndex    = 0u;
 112              		.loc 1 242 0
 113 0078 184B     		ldr	r3, .L2+76
 114 007a 0022     		movs	r2, #0
 115 007c 1A60     		str	r2, [r3]
 243:Generated_Source\PSoC4/I2C_1_I2C.c ****         I2C_1_slWrBufIndex    = 0u;
 116              		.loc 1 243 0
 117 007e 184B     		ldr	r3, .L2+80
 118 0080 0022     		movs	r2, #0
 119 0082 1A60     		str	r2, [r3]
 244:Generated_Source\PSoC4/I2C_1_I2C.c ****         I2C_1_slOverFlowCount = 0u;
 120              		.loc 1 244 0
 121 0084 174B     		ldr	r3, .L2+84
 122 0086 0022     		movs	r2, #0
 123 0088 1A70     		strb	r2, [r3]
 245:Generated_Source\PSoC4/I2C_1_I2C.c ****     #endif /* (I2C_1_I2C_SLAVE) */
 246:Generated_Source\PSoC4/I2C_1_I2C.c **** 
 247:Generated_Source\PSoC4/I2C_1_I2C.c ****     #if(I2C_1_I2C_MASTER)
 248:Generated_Source\PSoC4/I2C_1_I2C.c ****     /* Internal master variable */
 249:Generated_Source\PSoC4/I2C_1_I2C.c ****         I2C_1_mstrStatus     = 0u;
 250:Generated_Source\PSoC4/I2C_1_I2C.c ****         I2C_1_mstrRdBufIndex = 0u;
 251:Generated_Source\PSoC4/I2C_1_I2C.c ****         I2C_1_mstrWrBufIndex = 0u;
 252:Generated_Source\PSoC4/I2C_1_I2C.c ****     #endif /* (I2C_1_I2C_MASTER) */
 253:Generated_Source\PSoC4/I2C_1_I2C.c ****     }
 124              		.loc 1 253 0
 125 008a C046     		nop
 126 008c BD46     		mov	sp, r7
 127              		@ sp needed
 128 008e 80BD     		pop	{r7, pc}
 129              	.L3:
 130              		.align	2
 131              	.L2:
 132 0090 00002540 		.word	1076166656
 133 0094 60002540 		.word	1076166752
 134 0098 77080040 		.word	1073743991
 135 009c 00032540 		.word	1076167424
 136 00a0 07010080 		.word	-2147483385
 137 00a4 04032540 		.word	1076167428
 138 00a8 10032540 		.word	1076167440
 139 00ac 1000FE00 		.word	16646160
 140 00b0 00022540 		.word	1076167168
 141 00b4 04022540 		.word	1076167172
 142 00b8 00000000 		.word	I2C_1_I2C_ISR
 143 00bc C80E2540 		.word	1076170440
 144 00c0 880E2540 		.word	1076170376
 145 00c4 480F2540 		.word	1076170568
 146 00c8 080F2540 		.word	1076170504
ARM GAS  C:\Users\alexport\AppData\Local\Temp\ccFG5jzp.s 			page 8


 147 00cc C80F2540 		.word	1076170696
 148 00d0 880F2540 		.word	1076170632
 149 00d4 00000000 		.word	I2C_1_state
 150 00d8 00000000 		.word	I2C_1_slStatus
 151 00dc 00000000 		.word	I2C_1_slRdBufIndex
 152 00e0 00000000 		.word	I2C_1_slWrBufIndex
 153 00e4 00000000 		.word	I2C_1_slOverFlowCount
 154              		.cfi_endproc
 155              	.LFE2:
 156              		.size	I2C_1_I2CInit, .-I2C_1_I2CInit
 157              		.section	.text.I2C_1_I2CStop,"ax",%progbits
 158              		.align	2
 159              		.global	I2C_1_I2CStop
 160              		.code	16
 161              		.thumb_func
 162              		.type	I2C_1_I2CStop, %function
 163              	I2C_1_I2CStop:
 164              	.LFB3:
 254:Generated_Source\PSoC4/I2C_1_I2C.c **** #endif /* (I2C_1_SCB_MODE_UNCONFIG_CONST_CFG) */
 255:Generated_Source\PSoC4/I2C_1_I2C.c **** 
 256:Generated_Source\PSoC4/I2C_1_I2C.c **** 
 257:Generated_Source\PSoC4/I2C_1_I2C.c **** /*******************************************************************************
 258:Generated_Source\PSoC4/I2C_1_I2C.c **** * Function Name: I2C_1_I2CStop
 259:Generated_Source\PSoC4/I2C_1_I2C.c **** ****************************************************************************//**
 260:Generated_Source\PSoC4/I2C_1_I2C.c **** *
 261:Generated_Source\PSoC4/I2C_1_I2C.c **** *  Resets the I2C FSM into the default state.
 262:Generated_Source\PSoC4/I2C_1_I2C.c **** *
 263:Generated_Source\PSoC4/I2C_1_I2C.c **** *******************************************************************************/
 264:Generated_Source\PSoC4/I2C_1_I2C.c **** void I2C_1_I2CStop(void)
 265:Generated_Source\PSoC4/I2C_1_I2C.c **** {
 165              		.loc 1 265 0
 166              		.cfi_startproc
 167              		@ args = 0, pretend = 0, frame = 0
 168              		@ frame_needed = 1, uses_anonymous_args = 0
 169 0000 80B5     		push	{r7, lr}
 170              		.cfi_def_cfa_offset 8
 171              		.cfi_offset 7, -8
 172              		.cfi_offset 14, -4
 173 0002 00AF     		add	r7, sp, #0
 174              		.cfi_def_cfa_register 7
 266:Generated_Source\PSoC4/I2C_1_I2C.c ****     /* Clear command registers because they keep assigned value after IP block was disabled */
 267:Generated_Source\PSoC4/I2C_1_I2C.c ****     I2C_1_I2C_MASTER_CMD_REG = 0u;
 175              		.loc 1 267 0
 176 0004 054B     		ldr	r3, .L5
 177 0006 0022     		movs	r2, #0
 178 0008 1A60     		str	r2, [r3]
 268:Generated_Source\PSoC4/I2C_1_I2C.c ****     I2C_1_I2C_SLAVE_CMD_REG  = 0u;
 179              		.loc 1 268 0
 180 000a 054B     		ldr	r3, .L5+4
 181 000c 0022     		movs	r2, #0
 182 000e 1A60     		str	r2, [r3]
 269:Generated_Source\PSoC4/I2C_1_I2C.c ****     
 270:Generated_Source\PSoC4/I2C_1_I2C.c ****     I2C_1_state = I2C_1_I2C_FSM_IDLE;
 183              		.loc 1 270 0
 184 0010 044B     		ldr	r3, .L5+8
 185 0012 1022     		movs	r2, #16
 186 0014 1A70     		strb	r2, [r3]
ARM GAS  C:\Users\alexport\AppData\Local\Temp\ccFG5jzp.s 			page 9


 271:Generated_Source\PSoC4/I2C_1_I2C.c **** }
 187              		.loc 1 271 0
 188 0016 C046     		nop
 189 0018 BD46     		mov	sp, r7
 190              		@ sp needed
 191 001a 80BD     		pop	{r7, pc}
 192              	.L6:
 193              		.align	2
 194              	.L5:
 195 001c 68002540 		.word	1076166760
 196 0020 6C002540 		.word	1076166764
 197 0024 00000000 		.word	I2C_1_state
 198              		.cfi_endproc
 199              	.LFE3:
 200              		.size	I2C_1_I2CStop, .-I2C_1_I2CStop
 201              		.section	.text.I2C_1_I2CFwBlockReset,"ax",%progbits
 202              		.align	2
 203              		.global	I2C_1_I2CFwBlockReset
 204              		.code	16
 205              		.thumb_func
 206              		.type	I2C_1_I2CFwBlockReset, %function
 207              	I2C_1_I2CFwBlockReset:
 208              	.LFB4:
 272:Generated_Source\PSoC4/I2C_1_I2C.c **** 
 273:Generated_Source\PSoC4/I2C_1_I2C.c **** 
 274:Generated_Source\PSoC4/I2C_1_I2C.c **** /*******************************************************************************
 275:Generated_Source\PSoC4/I2C_1_I2C.c **** * Function Name: I2C_1_I2CFwBlockReset
 276:Generated_Source\PSoC4/I2C_1_I2C.c **** ****************************************************************************//**
 277:Generated_Source\PSoC4/I2C_1_I2C.c **** *
 278:Generated_Source\PSoC4/I2C_1_I2C.c **** * Resets the scb IP block and I2C into the known state.
 279:Generated_Source\PSoC4/I2C_1_I2C.c **** *
 280:Generated_Source\PSoC4/I2C_1_I2C.c **** *******************************************************************************/
 281:Generated_Source\PSoC4/I2C_1_I2C.c **** void I2C_1_I2CFwBlockReset(void)
 282:Generated_Source\PSoC4/I2C_1_I2C.c **** {
 209              		.loc 1 282 0
 210              		.cfi_startproc
 211              		@ args = 0, pretend = 0, frame = 0
 212              		@ frame_needed = 1, uses_anonymous_args = 0
 213 0000 80B5     		push	{r7, lr}
 214              		.cfi_def_cfa_offset 8
 215              		.cfi_offset 7, -8
 216              		.cfi_offset 14, -4
 217 0002 00AF     		add	r7, sp, #0
 218              		.cfi_def_cfa_register 7
 283:Generated_Source\PSoC4/I2C_1_I2C.c ****     /* Disable scb IP: stop respond to I2C traffic */
 284:Generated_Source\PSoC4/I2C_1_I2C.c ****     I2C_1_CTRL_REG &= (uint32) ~I2C_1_CTRL_ENABLED;
 219              		.loc 1 284 0
 220 0004 124B     		ldr	r3, .L8
 221 0006 124A     		ldr	r2, .L8
 222 0008 1268     		ldr	r2, [r2]
 223 000a 5200     		lsls	r2, r2, #1
 224 000c 5208     		lsrs	r2, r2, #1
 225 000e 1A60     		str	r2, [r3]
 285:Generated_Source\PSoC4/I2C_1_I2C.c **** 
 286:Generated_Source\PSoC4/I2C_1_I2C.c ****     /* Clear command registers they are not cleared after scb IP is disabled */
 287:Generated_Source\PSoC4/I2C_1_I2C.c ****     I2C_1_I2C_MASTER_CMD_REG = 0u;
 226              		.loc 1 287 0
ARM GAS  C:\Users\alexport\AppData\Local\Temp\ccFG5jzp.s 			page 10


 227 0010 104B     		ldr	r3, .L8+4
 228 0012 0022     		movs	r2, #0
 229 0014 1A60     		str	r2, [r3]
 288:Generated_Source\PSoC4/I2C_1_I2C.c ****     I2C_1_I2C_SLAVE_CMD_REG  = 0u;
 230              		.loc 1 288 0
 231 0016 104B     		ldr	r3, .L8+8
 232 0018 0022     		movs	r2, #0
 233 001a 1A60     		str	r2, [r3]
 289:Generated_Source\PSoC4/I2C_1_I2C.c **** 
 290:Generated_Source\PSoC4/I2C_1_I2C.c ****     I2C_1_DISABLE_AUTO_DATA;
 234              		.loc 1 290 0
 235 001c 0F4B     		ldr	r3, .L8+12
 236 001e 0F4A     		ldr	r2, .L8+12
 237 0020 1268     		ldr	r2, [r2]
 238 0022 0F49     		ldr	r1, .L8+16
 239 0024 0A40     		ands	r2, r1
 240 0026 1A60     		str	r2, [r3]
 291:Generated_Source\PSoC4/I2C_1_I2C.c **** 
 292:Generated_Source\PSoC4/I2C_1_I2C.c ****     I2C_1_SetTxInterruptMode(I2C_1_NO_INTR_SOURCES);
 241              		.loc 1 292 0
 242 0028 0E4B     		ldr	r3, .L8+20
 243 002a 0022     		movs	r2, #0
 244 002c 1A60     		str	r2, [r3]
 293:Generated_Source\PSoC4/I2C_1_I2C.c ****     I2C_1_SetRxInterruptMode(I2C_1_NO_INTR_SOURCES);
 245              		.loc 1 293 0
 246 002e 0E4B     		ldr	r3, .L8+24
 247 0030 0022     		movs	r2, #0
 248 0032 1A60     		str	r2, [r3]
 294:Generated_Source\PSoC4/I2C_1_I2C.c ****     
 295:Generated_Source\PSoC4/I2C_1_I2C.c **** #if(I2C_1_CY_SCBIP_V0)
 296:Generated_Source\PSoC4/I2C_1_I2C.c ****     /* Clear interrupt sources as they are not cleared after scb IP is disabled */
 297:Generated_Source\PSoC4/I2C_1_I2C.c ****     I2C_1_ClearTxInterruptSource    (I2C_1_INTR_TX_ALL);
 298:Generated_Source\PSoC4/I2C_1_I2C.c ****     I2C_1_ClearRxInterruptSource    (I2C_1_INTR_RX_ALL);
 299:Generated_Source\PSoC4/I2C_1_I2C.c ****     I2C_1_ClearSlaveInterruptSource (I2C_1_INTR_SLAVE_ALL);
 300:Generated_Source\PSoC4/I2C_1_I2C.c ****     I2C_1_ClearMasterInterruptSource(I2C_1_INTR_MASTER_ALL);
 301:Generated_Source\PSoC4/I2C_1_I2C.c **** #endif /* (I2C_1_CY_SCBIP_V0) */
 302:Generated_Source\PSoC4/I2C_1_I2C.c **** 
 303:Generated_Source\PSoC4/I2C_1_I2C.c ****     I2C_1_state = I2C_1_I2C_FSM_IDLE;
 249              		.loc 1 303 0
 250 0034 0D4B     		ldr	r3, .L8+28
 251 0036 1022     		movs	r2, #16
 252 0038 1A70     		strb	r2, [r3]
 304:Generated_Source\PSoC4/I2C_1_I2C.c **** 
 305:Generated_Source\PSoC4/I2C_1_I2C.c ****     /* Enable scb IP: start respond to I2C traffic */
 306:Generated_Source\PSoC4/I2C_1_I2C.c ****     I2C_1_CTRL_REG |= (uint32) I2C_1_CTRL_ENABLED;
 253              		.loc 1 306 0
 254 003a 054B     		ldr	r3, .L8
 255 003c 044A     		ldr	r2, .L8
 256 003e 1268     		ldr	r2, [r2]
 257 0040 8021     		movs	r1, #128
 258 0042 0906     		lsls	r1, r1, #24
 259 0044 0A43     		orrs	r2, r1
 260 0046 1A60     		str	r2, [r3]
 307:Generated_Source\PSoC4/I2C_1_I2C.c **** }
 261              		.loc 1 307 0
 262 0048 C046     		nop
 263 004a BD46     		mov	sp, r7
ARM GAS  C:\Users\alexport\AppData\Local\Temp\ccFG5jzp.s 			page 11


 264              		@ sp needed
 265 004c 80BD     		pop	{r7, pc}
 266              	.L9:
 267 004e C046     		.align	2
 268              	.L8:
 269 0050 00002540 		.word	1076166656
 270 0054 68002540 		.word	1076166760
 271 0058 6C002540 		.word	1076166764
 272 005c 60002540 		.word	1076166752
 273 0060 FF5CFFFF 		.word	-41729
 274 0064 880F2540 		.word	1076170632
 275 0068 C80F2540 		.word	1076170696
 276 006c 00000000 		.word	I2C_1_state
 277              		.cfi_endproc
 278              	.LFE4:
 279              		.size	I2C_1_I2CFwBlockReset, .-I2C_1_I2CFwBlockReset
 280              		.text
 281              	.Letext0:
 282              		.file 2 "Generated_Source\\PSoC4/cytypes.h"
 283              		.file 3 "Generated_Source\\PSoC4\\I2C_1_I2C_PVT.h"
 284              		.section	.debug_info,"",%progbits
 285              	.Ldebug_info0:
 286 0000 2B010000 		.4byte	0x12b
 287 0004 0400     		.2byte	0x4
 288 0006 00000000 		.4byte	.Ldebug_abbrev0
 289 000a 04       		.byte	0x4
 290 000b 01       		.uleb128 0x1
 291 000c A6010000 		.4byte	.LASF25
 292 0010 0C       		.byte	0xc
 293 0011 73000000 		.4byte	.LASF26
 294 0015 96000000 		.4byte	.LASF27
 295 0019 00000000 		.4byte	.Ldebug_ranges0+0
 296 001d 00000000 		.4byte	0
 297 0021 00000000 		.4byte	.Ldebug_line0
 298 0025 02       		.uleb128 0x2
 299 0026 01       		.byte	0x1
 300 0027 06       		.byte	0x6
 301 0028 4F010000 		.4byte	.LASF0
 302 002c 02       		.uleb128 0x2
 303 002d 01       		.byte	0x1
 304 002e 08       		.byte	0x8
 305 002f 22000000 		.4byte	.LASF1
 306 0033 02       		.uleb128 0x2
 307 0034 02       		.byte	0x2
 308 0035 05       		.byte	0x5
 309 0036 9C010000 		.4byte	.LASF2
 310 003a 02       		.uleb128 0x2
 311 003b 02       		.byte	0x2
 312 003c 07       		.byte	0x7
 313 003d 3C010000 		.4byte	.LASF3
 314 0041 02       		.uleb128 0x2
 315 0042 04       		.byte	0x4
 316 0043 05       		.byte	0x5
 317 0044 F6000000 		.4byte	.LASF4
 318 0048 02       		.uleb128 0x2
 319 0049 04       		.byte	0x4
 320 004a 07       		.byte	0x7
ARM GAS  C:\Users\alexport\AppData\Local\Temp\ccFG5jzp.s 			page 12


 321 004b 44000000 		.4byte	.LASF5
 322 004f 02       		.uleb128 0x2
 323 0050 08       		.byte	0x8
 324 0051 05       		.byte	0x5
 325 0052 00000000 		.4byte	.LASF6
 326 0056 02       		.uleb128 0x2
 327 0057 08       		.byte	0x8
 328 0058 07       		.byte	0x7
 329 0059 56000000 		.4byte	.LASF7
 330 005d 03       		.uleb128 0x3
 331 005e 04       		.byte	0x4
 332 005f 05       		.byte	0x5
 333 0060 696E7400 		.ascii	"int\000"
 334 0064 02       		.uleb128 0x2
 335 0065 04       		.byte	0x4
 336 0066 07       		.byte	0x7
 337 0067 15000000 		.4byte	.LASF8
 338 006b 04       		.uleb128 0x4
 339 006c 3E000000 		.4byte	.LASF9
 340 0070 02       		.byte	0x2
 341 0071 FC01     		.2byte	0x1fc
 342 0073 2C000000 		.4byte	0x2c
 343 0077 04       		.uleb128 0x4
 344 0078 0E000000 		.4byte	.LASF10
 345 007c 02       		.byte	0x2
 346 007d FE01     		.2byte	0x1fe
 347 007f 48000000 		.4byte	0x48
 348 0083 02       		.uleb128 0x2
 349 0084 04       		.byte	0x4
 350 0085 04       		.byte	0x4
 351 0086 6D000000 		.4byte	.LASF11
 352 008a 02       		.uleb128 0x2
 353 008b 08       		.byte	0x8
 354 008c 04       		.byte	0x4
 355 008d 0E010000 		.4byte	.LASF12
 356 0091 02       		.uleb128 0x2
 357 0092 01       		.byte	0x1
 358 0093 08       		.byte	0x8
 359 0094 F1000000 		.4byte	.LASF13
 360 0098 05       		.uleb128 0x5
 361 0099 6B000000 		.4byte	0x6b
 362 009d 04       		.uleb128 0x4
 363 009e 28010000 		.4byte	.LASF14
 364 00a2 02       		.byte	0x2
 365 00a3 A802     		.2byte	0x2a8
 366 00a5 A9000000 		.4byte	0xa9
 367 00a9 05       		.uleb128 0x5
 368 00aa 77000000 		.4byte	0x77
 369 00ae 02       		.uleb128 0x2
 370 00af 08       		.byte	0x8
 371 00b0 04       		.byte	0x4
 372 00b1 5B010000 		.4byte	.LASF15
 373 00b5 02       		.uleb128 0x2
 374 00b6 04       		.byte	0x4
 375 00b7 07       		.byte	0x7
 376 00b8 34020000 		.4byte	.LASF16
 377 00bc 06       		.uleb128 0x6
ARM GAS  C:\Users\alexport\AppData\Local\Temp\ccFG5jzp.s 			page 13


 378 00bd 2E010000 		.4byte	.LASF17
 379 00c1 01       		.byte	0x1
 380 00c2 C1       		.byte	0xc1
 381 00c3 00000000 		.4byte	.LFB2
 382 00c7 E8000000 		.4byte	.LFE2-.LFB2
 383 00cb 01       		.uleb128 0x1
 384 00cc 9C       		.byte	0x9c
 385 00cd 07       		.uleb128 0x7
 386 00ce 30000000 		.4byte	.LASF18
 387 00d2 01       		.byte	0x1
 388 00d3 0801     		.2byte	0x108
 389 00d5 00000000 		.4byte	.LFB3
 390 00d9 28000000 		.4byte	.LFE3-.LFB3
 391 00dd 01       		.uleb128 0x1
 392 00de 9C       		.byte	0x9c
 393 00df 07       		.uleb128 0x7
 394 00e0 7A010000 		.4byte	.LASF19
 395 00e4 01       		.byte	0x1
 396 00e5 1901     		.2byte	0x119
 397 00e7 00000000 		.4byte	.LFB4
 398 00eb 70000000 		.4byte	.LFE4-.LFB4
 399 00ef 01       		.uleb128 0x1
 400 00f0 9C       		.byte	0x9c
 401 00f1 08       		.uleb128 0x8
 402 00f2 90010000 		.4byte	.LASF20
 403 00f6 01       		.byte	0x1
 404 00f7 1B       		.byte	0x1b
 405 00f8 98000000 		.4byte	0x98
 406 00fc 05       		.uleb128 0x5
 407 00fd 03       		.byte	0x3
 408 00fe 00000000 		.4byte	I2C_1_state
 409 0102 09       		.uleb128 0x9
 410 0103 FF000000 		.4byte	.LASF21
 411 0107 03       		.byte	0x3
 412 0108 21       		.byte	0x21
 413 0109 98000000 		.4byte	0x98
 414 010d 09       		.uleb128 0x9
 415 010e 15010000 		.4byte	.LASF22
 416 0112 03       		.byte	0x3
 417 0113 26       		.byte	0x26
 418 0114 A9000000 		.4byte	0xa9
 419 0118 09       		.uleb128 0x9
 420 0119 67010000 		.4byte	.LASF23
 421 011d 03       		.byte	0x3
 422 011e 2B       		.byte	0x2b
 423 011f A9000000 		.4byte	0xa9
 424 0123 09       		.uleb128 0x9
 425 0124 DB000000 		.4byte	.LASF24
 426 0128 03       		.byte	0x3
 427 0129 2D       		.byte	0x2d
 428 012a 98000000 		.4byte	0x98
 429 012e 00       		.byte	0
 430              		.section	.debug_abbrev,"",%progbits
 431              	.Ldebug_abbrev0:
 432 0000 01       		.uleb128 0x1
 433 0001 11       		.uleb128 0x11
 434 0002 01       		.byte	0x1
ARM GAS  C:\Users\alexport\AppData\Local\Temp\ccFG5jzp.s 			page 14


 435 0003 25       		.uleb128 0x25
 436 0004 0E       		.uleb128 0xe
 437 0005 13       		.uleb128 0x13
 438 0006 0B       		.uleb128 0xb
 439 0007 03       		.uleb128 0x3
 440 0008 0E       		.uleb128 0xe
 441 0009 1B       		.uleb128 0x1b
 442 000a 0E       		.uleb128 0xe
 443 000b 55       		.uleb128 0x55
 444 000c 17       		.uleb128 0x17
 445 000d 11       		.uleb128 0x11
 446 000e 01       		.uleb128 0x1
 447 000f 10       		.uleb128 0x10
 448 0010 17       		.uleb128 0x17
 449 0011 00       		.byte	0
 450 0012 00       		.byte	0
 451 0013 02       		.uleb128 0x2
 452 0014 24       		.uleb128 0x24
 453 0015 00       		.byte	0
 454 0016 0B       		.uleb128 0xb
 455 0017 0B       		.uleb128 0xb
 456 0018 3E       		.uleb128 0x3e
 457 0019 0B       		.uleb128 0xb
 458 001a 03       		.uleb128 0x3
 459 001b 0E       		.uleb128 0xe
 460 001c 00       		.byte	0
 461 001d 00       		.byte	0
 462 001e 03       		.uleb128 0x3
 463 001f 24       		.uleb128 0x24
 464 0020 00       		.byte	0
 465 0021 0B       		.uleb128 0xb
 466 0022 0B       		.uleb128 0xb
 467 0023 3E       		.uleb128 0x3e
 468 0024 0B       		.uleb128 0xb
 469 0025 03       		.uleb128 0x3
 470 0026 08       		.uleb128 0x8
 471 0027 00       		.byte	0
 472 0028 00       		.byte	0
 473 0029 04       		.uleb128 0x4
 474 002a 16       		.uleb128 0x16
 475 002b 00       		.byte	0
 476 002c 03       		.uleb128 0x3
 477 002d 0E       		.uleb128 0xe
 478 002e 3A       		.uleb128 0x3a
 479 002f 0B       		.uleb128 0xb
 480 0030 3B       		.uleb128 0x3b
 481 0031 05       		.uleb128 0x5
 482 0032 49       		.uleb128 0x49
 483 0033 13       		.uleb128 0x13
 484 0034 00       		.byte	0
 485 0035 00       		.byte	0
 486 0036 05       		.uleb128 0x5
 487 0037 35       		.uleb128 0x35
 488 0038 00       		.byte	0
 489 0039 49       		.uleb128 0x49
 490 003a 13       		.uleb128 0x13
 491 003b 00       		.byte	0
ARM GAS  C:\Users\alexport\AppData\Local\Temp\ccFG5jzp.s 			page 15


 492 003c 00       		.byte	0
 493 003d 06       		.uleb128 0x6
 494 003e 2E       		.uleb128 0x2e
 495 003f 00       		.byte	0
 496 0040 3F       		.uleb128 0x3f
 497 0041 19       		.uleb128 0x19
 498 0042 03       		.uleb128 0x3
 499 0043 0E       		.uleb128 0xe
 500 0044 3A       		.uleb128 0x3a
 501 0045 0B       		.uleb128 0xb
 502 0046 3B       		.uleb128 0x3b
 503 0047 0B       		.uleb128 0xb
 504 0048 27       		.uleb128 0x27
 505 0049 19       		.uleb128 0x19
 506 004a 11       		.uleb128 0x11
 507 004b 01       		.uleb128 0x1
 508 004c 12       		.uleb128 0x12
 509 004d 06       		.uleb128 0x6
 510 004e 40       		.uleb128 0x40
 511 004f 18       		.uleb128 0x18
 512 0050 9642     		.uleb128 0x2116
 513 0052 19       		.uleb128 0x19
 514 0053 00       		.byte	0
 515 0054 00       		.byte	0
 516 0055 07       		.uleb128 0x7
 517 0056 2E       		.uleb128 0x2e
 518 0057 00       		.byte	0
 519 0058 3F       		.uleb128 0x3f
 520 0059 19       		.uleb128 0x19
 521 005a 03       		.uleb128 0x3
 522 005b 0E       		.uleb128 0xe
 523 005c 3A       		.uleb128 0x3a
 524 005d 0B       		.uleb128 0xb
 525 005e 3B       		.uleb128 0x3b
 526 005f 05       		.uleb128 0x5
 527 0060 27       		.uleb128 0x27
 528 0061 19       		.uleb128 0x19
 529 0062 11       		.uleb128 0x11
 530 0063 01       		.uleb128 0x1
 531 0064 12       		.uleb128 0x12
 532 0065 06       		.uleb128 0x6
 533 0066 40       		.uleb128 0x40
 534 0067 18       		.uleb128 0x18
 535 0068 9742     		.uleb128 0x2117
 536 006a 19       		.uleb128 0x19
 537 006b 00       		.byte	0
 538 006c 00       		.byte	0
 539 006d 08       		.uleb128 0x8
 540 006e 34       		.uleb128 0x34
 541 006f 00       		.byte	0
 542 0070 03       		.uleb128 0x3
 543 0071 0E       		.uleb128 0xe
 544 0072 3A       		.uleb128 0x3a
 545 0073 0B       		.uleb128 0xb
 546 0074 3B       		.uleb128 0x3b
 547 0075 0B       		.uleb128 0xb
 548 0076 49       		.uleb128 0x49
ARM GAS  C:\Users\alexport\AppData\Local\Temp\ccFG5jzp.s 			page 16


 549 0077 13       		.uleb128 0x13
 550 0078 3F       		.uleb128 0x3f
 551 0079 19       		.uleb128 0x19
 552 007a 02       		.uleb128 0x2
 553 007b 18       		.uleb128 0x18
 554 007c 00       		.byte	0
 555 007d 00       		.byte	0
 556 007e 09       		.uleb128 0x9
 557 007f 34       		.uleb128 0x34
 558 0080 00       		.byte	0
 559 0081 03       		.uleb128 0x3
 560 0082 0E       		.uleb128 0xe
 561 0083 3A       		.uleb128 0x3a
 562 0084 0B       		.uleb128 0xb
 563 0085 3B       		.uleb128 0x3b
 564 0086 0B       		.uleb128 0xb
 565 0087 49       		.uleb128 0x49
 566 0088 13       		.uleb128 0x13
 567 0089 3F       		.uleb128 0x3f
 568 008a 19       		.uleb128 0x19
 569 008b 3C       		.uleb128 0x3c
 570 008c 19       		.uleb128 0x19
 571 008d 00       		.byte	0
 572 008e 00       		.byte	0
 573 008f 00       		.byte	0
 574              		.section	.debug_aranges,"",%progbits
 575 0000 2C000000 		.4byte	0x2c
 576 0004 0200     		.2byte	0x2
 577 0006 00000000 		.4byte	.Ldebug_info0
 578 000a 04       		.byte	0x4
 579 000b 00       		.byte	0
 580 000c 0000     		.2byte	0
 581 000e 0000     		.2byte	0
 582 0010 00000000 		.4byte	.LFB2
 583 0014 E8000000 		.4byte	.LFE2-.LFB2
 584 0018 00000000 		.4byte	.LFB3
 585 001c 28000000 		.4byte	.LFE3-.LFB3
 586 0020 00000000 		.4byte	.LFB4
 587 0024 70000000 		.4byte	.LFE4-.LFB4
 588 0028 00000000 		.4byte	0
 589 002c 00000000 		.4byte	0
 590              		.section	.debug_ranges,"",%progbits
 591              	.Ldebug_ranges0:
 592 0000 00000000 		.4byte	.LFB2
 593 0004 E8000000 		.4byte	.LFE2
 594 0008 00000000 		.4byte	.LFB3
 595 000c 28000000 		.4byte	.LFE3
 596 0010 00000000 		.4byte	.LFB4
 597 0014 70000000 		.4byte	.LFE4
 598 0018 00000000 		.4byte	0
 599 001c 00000000 		.4byte	0
 600              		.section	.debug_line,"",%progbits
 601              	.Ldebug_line0:
 602 0000 B8000000 		.section	.debug_str,"MS",%progbits,1
 602      02005900 
 602      00000201 
 602      FB0E0D00 
ARM GAS  C:\Users\alexport\AppData\Local\Temp\ccFG5jzp.s 			page 17


 602      01010101 
 603              	.LASF6:
 604 0000 6C6F6E67 		.ascii	"long long int\000"
 604      206C6F6E 
 604      6720696E 
 604      7400
 605              	.LASF10:
 606 000e 75696E74 		.ascii	"uint32\000"
 606      333200
 607              	.LASF8:
 608 0015 756E7369 		.ascii	"unsigned int\000"
 608      676E6564 
 608      20696E74 
 608      00
 609              	.LASF1:
 610 0022 756E7369 		.ascii	"unsigned char\000"
 610      676E6564 
 610      20636861 
 610      7200
 611              	.LASF18:
 612 0030 4932435F 		.ascii	"I2C_1_I2CStop\000"
 612      315F4932 
 612      4353746F 
 612      7000
 613              	.LASF9:
 614 003e 75696E74 		.ascii	"uint8\000"
 614      3800
 615              	.LASF5:
 616 0044 6C6F6E67 		.ascii	"long unsigned int\000"
 616      20756E73 
 616      69676E65 
 616      6420696E 
 616      7400
 617              	.LASF7:
 618 0056 6C6F6E67 		.ascii	"long long unsigned int\000"
 618      206C6F6E 
 618      6720756E 
 618      7369676E 
 618      65642069 
 619              	.LASF11:
 620 006d 666C6F61 		.ascii	"float\000"
 620      7400
 621              	.LASF26:
 622 0073 47656E65 		.ascii	"Generated_Source\\PSoC4\\I2C_1_I2C.c\000"
 622      72617465 
 622      645F536F 
 622      75726365 
 622      5C50536F 
 623              	.LASF27:
 624 0096 433A5C55 		.ascii	"C:\\Users\\alexport\\OneDrive - Safeguard Analytics"
 624      73657273 
 624      5C616C65 
 624      78706F72 
 624      745C4F6E 
 625 00c6 5C53412D 		.ascii	"\\SA-1AQ\\SA-1AQ.cydsn\000"
 625      3141515C 
 625      53412D31 
ARM GAS  C:\Users\alexport\AppData\Local\Temp\ccFG5jzp.s 			page 18


 625      41512E63 
 625      7964736E 
 626              	.LASF24:
 627 00db 4932435F 		.ascii	"I2C_1_slOverFlowCount\000"
 627      315F736C 
 627      4F766572 
 627      466C6F77 
 627      436F756E 
 628              	.LASF13:
 629 00f1 63686172 		.ascii	"char\000"
 629      00
 630              	.LASF4:
 631 00f6 6C6F6E67 		.ascii	"long int\000"
 631      20696E74 
 631      00
 632              	.LASF21:
 633 00ff 4932435F 		.ascii	"I2C_1_slStatus\000"
 633      315F736C 
 633      53746174 
 633      757300
 634              	.LASF12:
 635 010e 646F7562 		.ascii	"double\000"
 635      6C6500
 636              	.LASF22:
 637 0115 4932435F 		.ascii	"I2C_1_slWrBufIndex\000"
 637      315F736C 
 637      57724275 
 637      66496E64 
 637      657800
 638              	.LASF14:
 639 0128 72656733 		.ascii	"reg32\000"
 639      3200
 640              	.LASF17:
 641 012e 4932435F 		.ascii	"I2C_1_I2CInit\000"
 641      315F4932 
 641      43496E69 
 641      7400
 642              	.LASF3:
 643 013c 73686F72 		.ascii	"short unsigned int\000"
 643      7420756E 
 643      7369676E 
 643      65642069 
 643      6E7400
 644              	.LASF0:
 645 014f 7369676E 		.ascii	"signed char\000"
 645      65642063 
 645      68617200 
 646              	.LASF15:
 647 015b 6C6F6E67 		.ascii	"long double\000"
 647      20646F75 
 647      626C6500 
 648              	.LASF23:
 649 0167 4932435F 		.ascii	"I2C_1_slRdBufIndex\000"
 649      315F736C 
 649      52644275 
 649      66496E64 
 649      657800
ARM GAS  C:\Users\alexport\AppData\Local\Temp\ccFG5jzp.s 			page 19


 650              	.LASF19:
 651 017a 4932435F 		.ascii	"I2C_1_I2CFwBlockReset\000"
 651      315F4932 
 651      43467742 
 651      6C6F636B 
 651      52657365 
 652              	.LASF20:
 653 0190 4932435F 		.ascii	"I2C_1_state\000"
 653      315F7374 
 653      61746500 
 654              	.LASF2:
 655 019c 73686F72 		.ascii	"short int\000"
 655      7420696E 
 655      7400
 656              	.LASF25:
 657 01a6 474E5520 		.ascii	"GNU C11 5.4.1 20160609 (release) [ARM/embedded-5-br"
 657      43313120 
 657      352E342E 
 657      31203230 
 657      31363036 
 658 01d9 616E6368 		.ascii	"anch revision 237715] -mcpu=cortex-m0 -mthumb -g -O"
 658      20726576 
 658      6973696F 
 658      6E203233 
 658      37373135 
 659 020c 30202D66 		.ascii	"0 -ffunction-sections -ffat-lto-objects\000"
 659      66756E63 
 659      74696F6E 
 659      2D736563 
 659      74696F6E 
 660              	.LASF16:
 661 0234 73697A65 		.ascii	"sizetype\000"
 661      74797065 
 661      00
 662              		.ident	"GCC: (GNU Tools for ARM Embedded Processors) 5.4.1 20160609 (release) [ARM/embedded-5-bran
