ARM GAS  C:\Users\alexport\AppData\Local\Temp\ccGT4NC2.s 			page 1


   1              		.syntax unified
   2              		.cpu cortex-m0
   3              		.fpu softvfp
   4              		.eabi_attribute 20, 1
   5              		.eabi_attribute 21, 1
   6              		.eabi_attribute 23, 3
   7              		.eabi_attribute 24, 1
   8              		.eabi_attribute 25, 1
   9              		.eabi_attribute 26, 1
  10              		.eabi_attribute 30, 6
  11              		.eabi_attribute 34, 0
  12              		.eabi_attribute 18, 4
  13              		.thumb
  14              		.syntax unified
  15              		.file	"IDAC_1.c"
  16              		.text
  17              	.Ltext0:
  18              		.cfi_sections	.debug_frame
  19              		.global	IDAC_1_initVar
  20              		.bss
  21              		.align	2
  22              		.type	IDAC_1_initVar, %object
  23              		.size	IDAC_1_initVar, 4
  24              	IDAC_1_initVar:
  25 0000 00000000 		.space	4
  26              		.section	.text.IDAC_1_Init,"ax",%progbits
  27              		.align	2
  28              		.global	IDAC_1_Init
  29              		.code	16
  30              		.thumb_func
  31              		.type	IDAC_1_Init, %function
  32              	IDAC_1_Init:
  33              	.LFB2:
  34              		.file 1 "Generated_Source\\PSoC4\\IDAC_1.c"
   1:Generated_Source\PSoC4/IDAC_1.c **** /*******************************************************************************
   2:Generated_Source\PSoC4/IDAC_1.c **** * File Name: IDAC_1.c
   3:Generated_Source\PSoC4/IDAC_1.c **** * Version 1.10
   4:Generated_Source\PSoC4/IDAC_1.c **** *
   5:Generated_Source\PSoC4/IDAC_1.c **** * Description:
   6:Generated_Source\PSoC4/IDAC_1.c **** *  This file provides the source code of APIs for the IDAC_P4 component.
   7:Generated_Source\PSoC4/IDAC_1.c **** *
   8:Generated_Source\PSoC4/IDAC_1.c **** *******************************************************************************
   9:Generated_Source\PSoC4/IDAC_1.c **** * Copyright 2013-2015, Cypress Semiconductor Corporation.  All rights reserved.
  10:Generated_Source\PSoC4/IDAC_1.c **** * You may use this file only in accordance with the license, terms, conditions,
  11:Generated_Source\PSoC4/IDAC_1.c **** * disclaimers, and limitations in the end user license agreement accompanying
  12:Generated_Source\PSoC4/IDAC_1.c **** * the software package with which this file was provided.
  13:Generated_Source\PSoC4/IDAC_1.c **** *******************************************************************************/
  14:Generated_Source\PSoC4/IDAC_1.c **** 
  15:Generated_Source\PSoC4/IDAC_1.c **** #include "IDAC_1.h"
  16:Generated_Source\PSoC4/IDAC_1.c **** 
  17:Generated_Source\PSoC4/IDAC_1.c **** uint32 IDAC_1_initVar = 0u;
  18:Generated_Source\PSoC4/IDAC_1.c **** 
  19:Generated_Source\PSoC4/IDAC_1.c **** 
  20:Generated_Source\PSoC4/IDAC_1.c **** /*******************************************************************************
  21:Generated_Source\PSoC4/IDAC_1.c **** * Function Name: IDAC_1_Init
  22:Generated_Source\PSoC4/IDAC_1.c **** ********************************************************************************
  23:Generated_Source\PSoC4/IDAC_1.c **** *
ARM GAS  C:\Users\alexport\AppData\Local\Temp\ccGT4NC2.s 			page 2


  24:Generated_Source\PSoC4/IDAC_1.c **** * Summary:
  25:Generated_Source\PSoC4/IDAC_1.c **** *  Initializes IDAC registers with initial values provided from customizer.
  26:Generated_Source\PSoC4/IDAC_1.c **** *
  27:Generated_Source\PSoC4/IDAC_1.c **** * Parameters:
  28:Generated_Source\PSoC4/IDAC_1.c **** *  None
  29:Generated_Source\PSoC4/IDAC_1.c **** *
  30:Generated_Source\PSoC4/IDAC_1.c **** * Return:
  31:Generated_Source\PSoC4/IDAC_1.c **** *  None
  32:Generated_Source\PSoC4/IDAC_1.c **** *
  33:Generated_Source\PSoC4/IDAC_1.c **** * Global variables:
  34:Generated_Source\PSoC4/IDAC_1.c **** *  None
  35:Generated_Source\PSoC4/IDAC_1.c **** *
  36:Generated_Source\PSoC4/IDAC_1.c **** *******************************************************************************/
  37:Generated_Source\PSoC4/IDAC_1.c **** void IDAC_1_Init(void)
  38:Generated_Source\PSoC4/IDAC_1.c **** {
  35              		.loc 1 38 0
  36              		.cfi_startproc
  37              		@ args = 0, pretend = 0, frame = 8
  38              		@ frame_needed = 1, uses_anonymous_args = 0
  39 0000 90B5     		push	{r4, r7, lr}
  40              		.cfi_def_cfa_offset 12
  41              		.cfi_offset 4, -12
  42              		.cfi_offset 7, -8
  43              		.cfi_offset 14, -4
  44 0002 83B0     		sub	sp, sp, #12
  45              		.cfi_def_cfa_offset 24
  46 0004 00AF     		add	r7, sp, #0
  47              		.cfi_def_cfa_register 7
  39:Generated_Source\PSoC4/IDAC_1.c ****     uint32 regVal;
  40:Generated_Source\PSoC4/IDAC_1.c ****     uint8 enableInterrupts;
  41:Generated_Source\PSoC4/IDAC_1.c **** 
  42:Generated_Source\PSoC4/IDAC_1.c ****     /* Set initial configuration */
  43:Generated_Source\PSoC4/IDAC_1.c ****     enableInterrupts = CyEnterCriticalSection();
  48              		.loc 1 43 0
  49 0006 FC1D     		adds	r4, r7, #7
  50 0008 FFF7FEFF 		bl	CyEnterCriticalSection
  51 000c 0300     		movs	r3, r0
  52 000e 2370     		strb	r3, [r4]
  44:Generated_Source\PSoC4/IDAC_1.c ****     
  45:Generated_Source\PSoC4/IDAC_1.c ****     #if(IDAC_1_MODE_SOURCE == IDAC_1_IDAC_POLARITY)
  46:Generated_Source\PSoC4/IDAC_1.c ****         regVal  = IDAC_1_CSD_TRIM1_REG & ~(IDAC_1_CSD_IDAC_TRIM1_MASK);
  47:Generated_Source\PSoC4/IDAC_1.c ****         regVal |=  (IDAC_1_SFLASH_TRIM1_REG & IDAC_1_CSD_IDAC_TRIM1_MASK);
  48:Generated_Source\PSoC4/IDAC_1.c ****         IDAC_1_CSD_TRIM1_REG = regVal;
  49:Generated_Source\PSoC4/IDAC_1.c ****     #else
  50:Generated_Source\PSoC4/IDAC_1.c ****         regVal  = IDAC_1_CSD_TRIM2_REG & ~(IDAC_1_CSD_IDAC_TRIM2_MASK);
  53              		.loc 1 50 0
  54 0010 184B     		ldr	r3, .L2
  55 0012 1B68     		ldr	r3, [r3]
  56 0014 0F22     		movs	r2, #15
  57 0016 9343     		bics	r3, r2
  58 0018 3B60     		str	r3, [r7]
  51:Generated_Source\PSoC4/IDAC_1.c ****         regVal |=  (IDAC_1_SFLASH_TRIM2_REG & IDAC_1_CSD_IDAC_TRIM2_MASK);
  59              		.loc 1 51 0
  60 001a 174B     		ldr	r3, .L2+4
  61 001c 1B78     		ldrb	r3, [r3]
  62 001e DBB2     		uxtb	r3, r3
  63 0020 1A00     		movs	r2, r3
ARM GAS  C:\Users\alexport\AppData\Local\Temp\ccGT4NC2.s 			page 3


  64 0022 0F23     		movs	r3, #15
  65 0024 1340     		ands	r3, r2
  66 0026 3A68     		ldr	r2, [r7]
  67 0028 1343     		orrs	r3, r2
  68 002a 3B60     		str	r3, [r7]
  52:Generated_Source\PSoC4/IDAC_1.c ****         IDAC_1_CSD_TRIM2_REG = regVal;
  69              		.loc 1 52 0
  70 002c 114B     		ldr	r3, .L2
  71 002e 3A68     		ldr	r2, [r7]
  72 0030 1A60     		str	r2, [r3]
  53:Generated_Source\PSoC4/IDAC_1.c ****     #endif /* (IDAC_1_MODE_SOURCE == IDAC_1_IDAC_POLARITY) */
  54:Generated_Source\PSoC4/IDAC_1.c **** 
  55:Generated_Source\PSoC4/IDAC_1.c ****     /* clear previous values */
  56:Generated_Source\PSoC4/IDAC_1.c ****     IDAC_1_IDAC_CONTROL_REG &= ((uint32)~((uint32)IDAC_1_IDAC_VALUE_MASK <<
  73              		.loc 1 56 0
  74 0032 124B     		ldr	r3, .L2+8
  75 0034 114A     		ldr	r2, .L2+8
  76 0036 1268     		ldr	r2, [r2]
  77 0038 1A60     		str	r2, [r3]
  57:Generated_Source\PSoC4/IDAC_1.c ****         IDAC_1_IDAC_VALUE_POSITION)) | ((uint32)~((uint32)IDAC_1_IDAC_MODE_MASK <<
  58:Generated_Source\PSoC4/IDAC_1.c ****         IDAC_1_IDAC_MODE_POSITION))  | ((uint32)~((uint32)IDAC_1_IDAC_RANGE_MASK  <<
  59:Generated_Source\PSoC4/IDAC_1.c ****         IDAC_1_IDAC_RANGE_POSITION));
  60:Generated_Source\PSoC4/IDAC_1.c **** 
  61:Generated_Source\PSoC4/IDAC_1.c ****     IDAC_1_IDAC_POLARITY_CONTROL_REG &= (~(uint32)((uint32)IDAC_1_IDAC_POLARITY_MASK <<
  78              		.loc 1 61 0
  79 003a 114B     		ldr	r3, .L2+12
  80 003c 104A     		ldr	r2, .L2+12
  81 003e 1268     		ldr	r2, [r2]
  82 0040 1049     		ldr	r1, .L2+16
  83 0042 0A40     		ands	r2, r1
  84 0044 1A60     		str	r2, [r3]
  62:Generated_Source\PSoC4/IDAC_1.c ****         IDAC_1_IDAC_POLARITY_POSITION));
  63:Generated_Source\PSoC4/IDAC_1.c **** 
  64:Generated_Source\PSoC4/IDAC_1.c ****     /* set new configuration */
  65:Generated_Source\PSoC4/IDAC_1.c ****     IDAC_1_IDAC_CONTROL_REG |= (((uint32)IDAC_1_IDAC_INIT_VALUE <<
  85              		.loc 1 65 0
  86 0046 0D4B     		ldr	r3, .L2+8
  87 0048 0C4A     		ldr	r2, .L2+8
  88 004a 1268     		ldr	r2, [r2]
  89 004c 7821     		movs	r1, #120
  90 004e 0A43     		orrs	r2, r1
  91 0050 1A60     		str	r2, [r3]
  66:Generated_Source\PSoC4/IDAC_1.c ****         IDAC_1_IDAC_VALUE_POSITION) | ((uint32)IDAC_1_IDAC_RANGE <<
  67:Generated_Source\PSoC4/IDAC_1.c ****         IDAC_1_IDAC_RANGE_POSITION));
  68:Generated_Source\PSoC4/IDAC_1.c **** 
  69:Generated_Source\PSoC4/IDAC_1.c ****     IDAC_1_IDAC_POLARITY_CONTROL_REG |= ((uint32)IDAC_1_IDAC_POLARITY <<
  92              		.loc 1 69 0
  93 0052 0B4B     		ldr	r3, .L2+12
  94 0054 0A4A     		ldr	r2, .L2+12
  95 0056 1268     		ldr	r2, [r2]
  96 0058 8021     		movs	r1, #128
  97 005a 4902     		lsls	r1, r1, #9
  98 005c 0A43     		orrs	r2, r1
  99 005e 1A60     		str	r2, [r3]
  70:Generated_Source\PSoC4/IDAC_1.c ****                                                            IDAC_1_IDAC_POLARITY_POSITION);
  71:Generated_Source\PSoC4/IDAC_1.c **** 
  72:Generated_Source\PSoC4/IDAC_1.c ****     CyExitCriticalSection(enableInterrupts);
ARM GAS  C:\Users\alexport\AppData\Local\Temp\ccGT4NC2.s 			page 4


 100              		.loc 1 72 0
 101 0060 FB1D     		adds	r3, r7, #7
 102 0062 1B78     		ldrb	r3, [r3]
 103 0064 1800     		movs	r0, r3
 104 0066 FFF7FEFF 		bl	CyExitCriticalSection
  73:Generated_Source\PSoC4/IDAC_1.c **** 
  74:Generated_Source\PSoC4/IDAC_1.c **** }
 105              		.loc 1 74 0
 106 006a C046     		nop
 107 006c BD46     		mov	sp, r7
 108 006e 03B0     		add	sp, sp, #12
 109              		@ sp needed
 110 0070 90BD     		pop	{r4, r7, pc}
 111              	.L3:
 112 0072 C046     		.align	2
 113              	.L2:
 114 0074 04FF2840 		.word	1076428548
 115 0078 61F2FF0F 		.word	268431969
 116 007c 08002840 		.word	1076363272
 117 0080 04002840 		.word	1076363268
 118 0084 FFFFFEFF 		.word	-65537
 119              		.cfi_endproc
 120              	.LFE2:
 121              		.size	IDAC_1_Init, .-IDAC_1_Init
 122              		.section	.text.IDAC_1_Enable,"ax",%progbits
 123              		.align	2
 124              		.global	IDAC_1_Enable
 125              		.code	16
 126              		.thumb_func
 127              		.type	IDAC_1_Enable, %function
 128              	IDAC_1_Enable:
 129              	.LFB3:
  75:Generated_Source\PSoC4/IDAC_1.c **** 
  76:Generated_Source\PSoC4/IDAC_1.c **** 
  77:Generated_Source\PSoC4/IDAC_1.c **** /*******************************************************************************
  78:Generated_Source\PSoC4/IDAC_1.c **** * Function Name: IDAC_1_Enable
  79:Generated_Source\PSoC4/IDAC_1.c **** ********************************************************************************
  80:Generated_Source\PSoC4/IDAC_1.c **** *
  81:Generated_Source\PSoC4/IDAC_1.c **** * Summary:
  82:Generated_Source\PSoC4/IDAC_1.c **** *  Enables IDAC operations.
  83:Generated_Source\PSoC4/IDAC_1.c **** *
  84:Generated_Source\PSoC4/IDAC_1.c **** * Parameters:
  85:Generated_Source\PSoC4/IDAC_1.c **** *  None
  86:Generated_Source\PSoC4/IDAC_1.c **** *
  87:Generated_Source\PSoC4/IDAC_1.c **** * Return:
  88:Generated_Source\PSoC4/IDAC_1.c **** *  None
  89:Generated_Source\PSoC4/IDAC_1.c **** *
  90:Generated_Source\PSoC4/IDAC_1.c **** * Global variables:
  91:Generated_Source\PSoC4/IDAC_1.c **** *  None
  92:Generated_Source\PSoC4/IDAC_1.c **** *
  93:Generated_Source\PSoC4/IDAC_1.c **** *******************************************************************************/
  94:Generated_Source\PSoC4/IDAC_1.c **** void IDAC_1_Enable(void)
  95:Generated_Source\PSoC4/IDAC_1.c **** {
 130              		.loc 1 95 0
 131              		.cfi_startproc
 132              		@ args = 0, pretend = 0, frame = 8
 133              		@ frame_needed = 1, uses_anonymous_args = 0
ARM GAS  C:\Users\alexport\AppData\Local\Temp\ccGT4NC2.s 			page 5


 134 0000 90B5     		push	{r4, r7, lr}
 135              		.cfi_def_cfa_offset 12
 136              		.cfi_offset 4, -12
 137              		.cfi_offset 7, -8
 138              		.cfi_offset 14, -4
 139 0002 83B0     		sub	sp, sp, #12
 140              		.cfi_def_cfa_offset 24
 141 0004 00AF     		add	r7, sp, #0
 142              		.cfi_def_cfa_register 7
  96:Generated_Source\PSoC4/IDAC_1.c ****     uint8 enableInterrupts;
  97:Generated_Source\PSoC4/IDAC_1.c **** 
  98:Generated_Source\PSoC4/IDAC_1.c ****     enableInterrupts = CyEnterCriticalSection();
 143              		.loc 1 98 0
 144 0006 FC1D     		adds	r4, r7, #7
 145 0008 FFF7FEFF 		bl	CyEnterCriticalSection
 146 000c 0300     		movs	r3, r0
 147 000e 2370     		strb	r3, [r4]
  99:Generated_Source\PSoC4/IDAC_1.c **** 
 100:Generated_Source\PSoC4/IDAC_1.c ****     /* Enable the IDAC */
 101:Generated_Source\PSoC4/IDAC_1.c ****     IDAC_1_IDAC_CONTROL_REG |= ((uint32)IDAC_1_IDAC_EN_MODE <<
 148              		.loc 1 101 0
 149 0010 0B4B     		ldr	r3, .L5
 150 0012 0B4A     		ldr	r2, .L5
 151 0014 1268     		ldr	r2, [r2]
 152 0016 C021     		movs	r1, #192
 153 0018 8900     		lsls	r1, r1, #2
 154 001a 0A43     		orrs	r2, r1
 155 001c 1A60     		str	r2, [r3]
 102:Generated_Source\PSoC4/IDAC_1.c ****                                                   IDAC_1_IDAC_MODE_POSITION);
 103:Generated_Source\PSoC4/IDAC_1.c ****     IDAC_1_IDAC_POLARITY_CONTROL_REG |= ((uint32)IDAC_1_IDAC_CSD_EN <<
 156              		.loc 1 103 0
 157 001e 094B     		ldr	r3, .L5+4
 158 0020 084A     		ldr	r2, .L5+4
 159 0022 1268     		ldr	r2, [r2]
 160 0024 8021     		movs	r1, #128
 161 0026 0906     		lsls	r1, r1, #24
 162 0028 0A43     		orrs	r2, r1
 163 002a 1A60     		str	r2, [r3]
 104:Generated_Source\PSoC4/IDAC_1.c ****                                                            IDAC_1_IDAC_CSD_EN_POSITION);
 105:Generated_Source\PSoC4/IDAC_1.c ****     CyExitCriticalSection(enableInterrupts);
 164              		.loc 1 105 0
 165 002c FB1D     		adds	r3, r7, #7
 166 002e 1B78     		ldrb	r3, [r3]
 167 0030 1800     		movs	r0, r3
 168 0032 FFF7FEFF 		bl	CyExitCriticalSection
 106:Generated_Source\PSoC4/IDAC_1.c **** 
 107:Generated_Source\PSoC4/IDAC_1.c **** }
 169              		.loc 1 107 0
 170 0036 C046     		nop
 171 0038 BD46     		mov	sp, r7
 172 003a 03B0     		add	sp, sp, #12
 173              		@ sp needed
 174 003c 90BD     		pop	{r4, r7, pc}
 175              	.L6:
 176 003e C046     		.align	2
 177              	.L5:
 178 0040 08002840 		.word	1076363272
ARM GAS  C:\Users\alexport\AppData\Local\Temp\ccGT4NC2.s 			page 6


 179 0044 04002840 		.word	1076363268
 180              		.cfi_endproc
 181              	.LFE3:
 182              		.size	IDAC_1_Enable, .-IDAC_1_Enable
 183              		.section	.text.IDAC_1_Start,"ax",%progbits
 184              		.align	2
 185              		.global	IDAC_1_Start
 186              		.code	16
 187              		.thumb_func
 188              		.type	IDAC_1_Start, %function
 189              	IDAC_1_Start:
 190              	.LFB4:
 108:Generated_Source\PSoC4/IDAC_1.c **** 
 109:Generated_Source\PSoC4/IDAC_1.c **** 
 110:Generated_Source\PSoC4/IDAC_1.c **** /*******************************************************************************
 111:Generated_Source\PSoC4/IDAC_1.c **** * Function Name: IDAC_1_Start
 112:Generated_Source\PSoC4/IDAC_1.c **** ********************************************************************************
 113:Generated_Source\PSoC4/IDAC_1.c **** *
 114:Generated_Source\PSoC4/IDAC_1.c **** * Summary:
 115:Generated_Source\PSoC4/IDAC_1.c **** *  Starts the IDAC hardware.
 116:Generated_Source\PSoC4/IDAC_1.c **** *
 117:Generated_Source\PSoC4/IDAC_1.c **** * Parameters:
 118:Generated_Source\PSoC4/IDAC_1.c **** *  None
 119:Generated_Source\PSoC4/IDAC_1.c **** *
 120:Generated_Source\PSoC4/IDAC_1.c **** * Return:
 121:Generated_Source\PSoC4/IDAC_1.c **** *  None
 122:Generated_Source\PSoC4/IDAC_1.c **** *
 123:Generated_Source\PSoC4/IDAC_1.c **** * Global variables:
 124:Generated_Source\PSoC4/IDAC_1.c **** *  IDAC_1_initVar
 125:Generated_Source\PSoC4/IDAC_1.c **** *
 126:Generated_Source\PSoC4/IDAC_1.c **** *******************************************************************************/
 127:Generated_Source\PSoC4/IDAC_1.c **** void IDAC_1_Start(void)
 128:Generated_Source\PSoC4/IDAC_1.c **** {
 191              		.loc 1 128 0
 192              		.cfi_startproc
 193              		@ args = 0, pretend = 0, frame = 0
 194              		@ frame_needed = 1, uses_anonymous_args = 0
 195 0000 80B5     		push	{r7, lr}
 196              		.cfi_def_cfa_offset 8
 197              		.cfi_offset 7, -8
 198              		.cfi_offset 14, -4
 199 0002 00AF     		add	r7, sp, #0
 200              		.cfi_def_cfa_register 7
 129:Generated_Source\PSoC4/IDAC_1.c ****     if(0u == IDAC_1_initVar)
 201              		.loc 1 129 0
 202 0004 064B     		ldr	r3, .L9
 203 0006 1B68     		ldr	r3, [r3]
 204 0008 002B     		cmp	r3, #0
 205 000a 04D1     		bne	.L8
 130:Generated_Source\PSoC4/IDAC_1.c ****     {
 131:Generated_Source\PSoC4/IDAC_1.c ****         IDAC_1_Init();
 206              		.loc 1 131 0
 207 000c FFF7FEFF 		bl	IDAC_1_Init
 132:Generated_Source\PSoC4/IDAC_1.c ****         IDAC_1_initVar = 1u;
 208              		.loc 1 132 0
 209 0010 034B     		ldr	r3, .L9
 210 0012 0122     		movs	r2, #1
ARM GAS  C:\Users\alexport\AppData\Local\Temp\ccGT4NC2.s 			page 7


 211 0014 1A60     		str	r2, [r3]
 212              	.L8:
 133:Generated_Source\PSoC4/IDAC_1.c ****     }
 134:Generated_Source\PSoC4/IDAC_1.c **** 
 135:Generated_Source\PSoC4/IDAC_1.c ****     IDAC_1_Enable();
 213              		.loc 1 135 0
 214 0016 FFF7FEFF 		bl	IDAC_1_Enable
 136:Generated_Source\PSoC4/IDAC_1.c **** 
 137:Generated_Source\PSoC4/IDAC_1.c **** }
 215              		.loc 1 137 0
 216 001a C046     		nop
 217 001c BD46     		mov	sp, r7
 218              		@ sp needed
 219 001e 80BD     		pop	{r7, pc}
 220              	.L10:
 221              		.align	2
 222              	.L9:
 223 0020 00000000 		.word	IDAC_1_initVar
 224              		.cfi_endproc
 225              	.LFE4:
 226              		.size	IDAC_1_Start, .-IDAC_1_Start
 227              		.section	.text.IDAC_1_Stop,"ax",%progbits
 228              		.align	2
 229              		.global	IDAC_1_Stop
 230              		.code	16
 231              		.thumb_func
 232              		.type	IDAC_1_Stop, %function
 233              	IDAC_1_Stop:
 234              	.LFB5:
 138:Generated_Source\PSoC4/IDAC_1.c **** 
 139:Generated_Source\PSoC4/IDAC_1.c **** 
 140:Generated_Source\PSoC4/IDAC_1.c **** /*******************************************************************************
 141:Generated_Source\PSoC4/IDAC_1.c **** * Function Name: IDAC_1_Stop
 142:Generated_Source\PSoC4/IDAC_1.c **** ********************************************************************************
 143:Generated_Source\PSoC4/IDAC_1.c **** *
 144:Generated_Source\PSoC4/IDAC_1.c **** * Summary:
 145:Generated_Source\PSoC4/IDAC_1.c **** *  Stops the IDAC hardware.
 146:Generated_Source\PSoC4/IDAC_1.c **** *
 147:Generated_Source\PSoC4/IDAC_1.c **** * Parameters:
 148:Generated_Source\PSoC4/IDAC_1.c **** *  None
 149:Generated_Source\PSoC4/IDAC_1.c **** *
 150:Generated_Source\PSoC4/IDAC_1.c **** * Return:
 151:Generated_Source\PSoC4/IDAC_1.c **** *  None
 152:Generated_Source\PSoC4/IDAC_1.c **** *
 153:Generated_Source\PSoC4/IDAC_1.c **** * Global variables:
 154:Generated_Source\PSoC4/IDAC_1.c **** *  None
 155:Generated_Source\PSoC4/IDAC_1.c **** *
 156:Generated_Source\PSoC4/IDAC_1.c **** *******************************************************************************/
 157:Generated_Source\PSoC4/IDAC_1.c **** void IDAC_1_Stop(void)
 158:Generated_Source\PSoC4/IDAC_1.c **** {
 235              		.loc 1 158 0
 236              		.cfi_startproc
 237              		@ args = 0, pretend = 0, frame = 8
 238              		@ frame_needed = 1, uses_anonymous_args = 0
 239 0000 90B5     		push	{r4, r7, lr}
 240              		.cfi_def_cfa_offset 12
 241              		.cfi_offset 4, -12
ARM GAS  C:\Users\alexport\AppData\Local\Temp\ccGT4NC2.s 			page 8


 242              		.cfi_offset 7, -8
 243              		.cfi_offset 14, -4
 244 0002 83B0     		sub	sp, sp, #12
 245              		.cfi_def_cfa_offset 24
 246 0004 00AF     		add	r7, sp, #0
 247              		.cfi_def_cfa_register 7
 159:Generated_Source\PSoC4/IDAC_1.c ****     uint8 enableInterrupts;
 160:Generated_Source\PSoC4/IDAC_1.c **** 
 161:Generated_Source\PSoC4/IDAC_1.c ****     enableInterrupts = CyEnterCriticalSection();
 248              		.loc 1 161 0
 249 0006 FC1D     		adds	r4, r7, #7
 250 0008 FFF7FEFF 		bl	CyEnterCriticalSection
 251 000c 0300     		movs	r3, r0
 252 000e 2370     		strb	r3, [r4]
 162:Generated_Source\PSoC4/IDAC_1.c **** 
 163:Generated_Source\PSoC4/IDAC_1.c ****     /* Disable the IDAC */
 164:Generated_Source\PSoC4/IDAC_1.c ****     IDAC_1_IDAC_CONTROL_REG &= ((uint32)~((uint32)IDAC_1_IDAC_MODE_MASK <<
 253              		.loc 1 164 0
 254 0010 074B     		ldr	r3, .L12
 255 0012 074A     		ldr	r2, .L12
 256 0014 1268     		ldr	r2, [r2]
 257 0016 0749     		ldr	r1, .L12+4
 258 0018 0A40     		ands	r2, r1
 259 001a 1A60     		str	r2, [r3]
 165:Generated_Source\PSoC4/IDAC_1.c ****         IDAC_1_IDAC_MODE_POSITION));
 166:Generated_Source\PSoC4/IDAC_1.c ****     CyExitCriticalSection(enableInterrupts);
 260              		.loc 1 166 0
 261 001c FB1D     		adds	r3, r7, #7
 262 001e 1B78     		ldrb	r3, [r3]
 263 0020 1800     		movs	r0, r3
 264 0022 FFF7FEFF 		bl	CyExitCriticalSection
 167:Generated_Source\PSoC4/IDAC_1.c **** }
 265              		.loc 1 167 0
 266 0026 C046     		nop
 267 0028 BD46     		mov	sp, r7
 268 002a 03B0     		add	sp, sp, #12
 269              		@ sp needed
 270 002c 90BD     		pop	{r4, r7, pc}
 271              	.L13:
 272 002e C046     		.align	2
 273              	.L12:
 274 0030 08002840 		.word	1076363272
 275 0034 FFFCFFFF 		.word	-769
 276              		.cfi_endproc
 277              	.LFE5:
 278              		.size	IDAC_1_Stop, .-IDAC_1_Stop
 279              		.section	.text.IDAC_1_SetValue,"ax",%progbits
 280              		.align	2
 281              		.global	IDAC_1_SetValue
 282              		.code	16
 283              		.thumb_func
 284              		.type	IDAC_1_SetValue, %function
 285              	IDAC_1_SetValue:
 286              	.LFB6:
 168:Generated_Source\PSoC4/IDAC_1.c **** 
 169:Generated_Source\PSoC4/IDAC_1.c **** 
 170:Generated_Source\PSoC4/IDAC_1.c **** /*******************************************************************************
ARM GAS  C:\Users\alexport\AppData\Local\Temp\ccGT4NC2.s 			page 9


 171:Generated_Source\PSoC4/IDAC_1.c **** * Function Name: IDAC_1_SetValue
 172:Generated_Source\PSoC4/IDAC_1.c **** ********************************************************************************
 173:Generated_Source\PSoC4/IDAC_1.c **** *
 174:Generated_Source\PSoC4/IDAC_1.c **** * Summary:
 175:Generated_Source\PSoC4/IDAC_1.c **** *  Sets the IDAC value.
 176:Generated_Source\PSoC4/IDAC_1.c **** *
 177:Generated_Source\PSoC4/IDAC_1.c **** * Parameters:
 178:Generated_Source\PSoC4/IDAC_1.c **** *  uint32 value
 179:Generated_Source\PSoC4/IDAC_1.c **** *
 180:Generated_Source\PSoC4/IDAC_1.c **** * Return:
 181:Generated_Source\PSoC4/IDAC_1.c **** *  None
 182:Generated_Source\PSoC4/IDAC_1.c **** *
 183:Generated_Source\PSoC4/IDAC_1.c **** * Global variables:
 184:Generated_Source\PSoC4/IDAC_1.c **** *  None
 185:Generated_Source\PSoC4/IDAC_1.c **** *
 186:Generated_Source\PSoC4/IDAC_1.c **** *******************************************************************************/
 187:Generated_Source\PSoC4/IDAC_1.c **** void IDAC_1_SetValue(uint32 value)
 188:Generated_Source\PSoC4/IDAC_1.c **** {
 287              		.loc 1 188 0
 288              		.cfi_startproc
 289              		@ args = 0, pretend = 0, frame = 16
 290              		@ frame_needed = 1, uses_anonymous_args = 0
 291 0000 90B5     		push	{r4, r7, lr}
 292              		.cfi_def_cfa_offset 12
 293              		.cfi_offset 4, -12
 294              		.cfi_offset 7, -8
 295              		.cfi_offset 14, -4
 296 0002 85B0     		sub	sp, sp, #20
 297              		.cfi_def_cfa_offset 32
 298 0004 00AF     		add	r7, sp, #0
 299              		.cfi_def_cfa_register 7
 300 0006 7860     		str	r0, [r7, #4]
 189:Generated_Source\PSoC4/IDAC_1.c ****     uint8 enableInterrupts;
 190:Generated_Source\PSoC4/IDAC_1.c ****     uint32 newRegisterValue;
 191:Generated_Source\PSoC4/IDAC_1.c **** 
 192:Generated_Source\PSoC4/IDAC_1.c ****     enableInterrupts = CyEnterCriticalSection();
 301              		.loc 1 192 0
 302 0008 0F23     		movs	r3, #15
 303 000a FC18     		adds	r4, r7, r3
 304 000c FFF7FEFF 		bl	CyEnterCriticalSection
 305 0010 0300     		movs	r3, r0
 306 0012 2370     		strb	r3, [r4]
 193:Generated_Source\PSoC4/IDAC_1.c **** 
 194:Generated_Source\PSoC4/IDAC_1.c ****     #if(IDAC_1_IDAC_VALUE_POSITION != 0u)
 195:Generated_Source\PSoC4/IDAC_1.c ****         newRegisterValue = ((IDAC_1_IDAC_CONTROL_REG & (~(uint32)((uint32)IDAC_1_IDAC_VALUE_MASK <<
 196:Generated_Source\PSoC4/IDAC_1.c ****         IDAC_1_IDAC_VALUE_POSITION))) | (value << IDAC_1_IDAC_VALUE_POSITION));
 197:Generated_Source\PSoC4/IDAC_1.c ****     #else
 198:Generated_Source\PSoC4/IDAC_1.c ****         newRegisterValue = ((IDAC_1_IDAC_CONTROL_REG & (~(uint32)IDAC_1_IDAC_VALUE_MASK)) | value);
 307              		.loc 1 198 0
 308 0014 0A4B     		ldr	r3, .L15
 309 0016 1B68     		ldr	r3, [r3]
 310 0018 FF22     		movs	r2, #255
 311 001a 9343     		bics	r3, r2
 312 001c 1A00     		movs	r2, r3
 313 001e 7B68     		ldr	r3, [r7, #4]
 314 0020 1343     		orrs	r3, r2
 315 0022 BB60     		str	r3, [r7, #8]
ARM GAS  C:\Users\alexport\AppData\Local\Temp\ccGT4NC2.s 			page 10


 199:Generated_Source\PSoC4/IDAC_1.c ****     #endif /* IDAC_1_IDAC_VALUE_POSITION != 0u */
 200:Generated_Source\PSoC4/IDAC_1.c **** 
 201:Generated_Source\PSoC4/IDAC_1.c ****     IDAC_1_IDAC_CONTROL_REG = newRegisterValue;
 316              		.loc 1 201 0
 317 0024 064B     		ldr	r3, .L15
 318 0026 BA68     		ldr	r2, [r7, #8]
 319 0028 1A60     		str	r2, [r3]
 202:Generated_Source\PSoC4/IDAC_1.c **** 
 203:Generated_Source\PSoC4/IDAC_1.c ****     CyExitCriticalSection(enableInterrupts);
 320              		.loc 1 203 0
 321 002a 0F23     		movs	r3, #15
 322 002c FB18     		adds	r3, r7, r3
 323 002e 1B78     		ldrb	r3, [r3]
 324 0030 1800     		movs	r0, r3
 325 0032 FFF7FEFF 		bl	CyExitCriticalSection
 204:Generated_Source\PSoC4/IDAC_1.c **** }
 326              		.loc 1 204 0
 327 0036 C046     		nop
 328 0038 BD46     		mov	sp, r7
 329 003a 05B0     		add	sp, sp, #20
 330              		@ sp needed
 331 003c 90BD     		pop	{r4, r7, pc}
 332              	.L16:
 333 003e C046     		.align	2
 334              	.L15:
 335 0040 08002840 		.word	1076363272
 336              		.cfi_endproc
 337              	.LFE6:
 338              		.size	IDAC_1_SetValue, .-IDAC_1_SetValue
 339              		.text
 340              	.Letext0:
 341              		.file 2 "Generated_Source\\PSoC4\\cytypes.h"
 342              		.section	.debug_info,"",%progbits
 343              	.Ldebug_info0:
 344 0000 A1010000 		.4byte	0x1a1
 345 0004 0400     		.2byte	0x4
 346 0006 00000000 		.4byte	.Ldebug_abbrev0
 347 000a 04       		.byte	0x4
 348 000b 01       		.uleb128 0x1
 349 000c 88000000 		.4byte	.LASF25
 350 0010 0C       		.byte	0xc
 351 0011 B2010000 		.4byte	.LASF26
 352 0015 16010000 		.4byte	.LASF27
 353 0019 00000000 		.4byte	.Ldebug_ranges0+0
 354 001d 00000000 		.4byte	0
 355 0021 00000000 		.4byte	.Ldebug_line0
 356 0025 02       		.uleb128 0x2
 357 0026 01       		.byte	0x1
 358 0027 06       		.byte	0x6
 359 0028 2C020000 		.4byte	.LASF0
 360 002c 02       		.uleb128 0x2
 361 002d 01       		.byte	0x1
 362 002e 08       		.byte	0x8
 363 002f 5D000000 		.4byte	.LASF1
 364 0033 02       		.uleb128 0x2
 365 0034 02       		.byte	0x2
 366 0035 05       		.byte	0x5
ARM GAS  C:\Users\alexport\AppData\Local\Temp\ccGT4NC2.s 			page 11


 367 0036 FC010000 		.4byte	.LASF2
 368 003a 02       		.uleb128 0x2
 369 003b 02       		.byte	0x2
 370 003c 07       		.byte	0x7
 371 003d 1C000000 		.4byte	.LASF3
 372 0041 02       		.uleb128 0x2
 373 0042 04       		.byte	0x4
 374 0043 05       		.byte	0x5
 375 0044 17020000 		.4byte	.LASF4
 376 0048 02       		.uleb128 0x2
 377 0049 04       		.byte	0x4
 378 004a 07       		.byte	0x7
 379 004b 70000000 		.4byte	.LASF5
 380 004f 02       		.uleb128 0x2
 381 0050 08       		.byte	0x8
 382 0051 05       		.byte	0x5
 383 0052 E9010000 		.4byte	.LASF6
 384 0056 02       		.uleb128 0x2
 385 0057 08       		.byte	0x8
 386 0058 07       		.byte	0x7
 387 0059 9B010000 		.4byte	.LASF7
 388 005d 03       		.uleb128 0x3
 389 005e 04       		.byte	0x4
 390 005f 05       		.byte	0x5
 391 0060 696E7400 		.ascii	"int\000"
 392 0064 02       		.uleb128 0x2
 393 0065 04       		.byte	0x4
 394 0066 07       		.byte	0x7
 395 0067 2F000000 		.4byte	.LASF8
 396 006b 04       		.uleb128 0x4
 397 006c 82000000 		.4byte	.LASF9
 398 0070 02       		.byte	0x2
 399 0071 FC01     		.2byte	0x1fc
 400 0073 2C000000 		.4byte	0x2c
 401 0077 04       		.uleb128 0x4
 402 0078 87010000 		.4byte	.LASF10
 403 007c 02       		.byte	0x2
 404 007d FE01     		.2byte	0x1fe
 405 007f 48000000 		.4byte	0x48
 406 0083 02       		.uleb128 0x2
 407 0084 04       		.byte	0x4
 408 0085 04       		.byte	0x4
 409 0086 48000000 		.4byte	.LASF11
 410 008a 02       		.uleb128 0x2
 411 008b 08       		.byte	0x8
 412 008c 04       		.byte	0x4
 413 008d 79010000 		.4byte	.LASF12
 414 0091 02       		.uleb128 0x2
 415 0092 01       		.byte	0x1
 416 0093 08       		.byte	0x8
 417 0094 F7010000 		.4byte	.LASF13
 418 0098 04       		.uleb128 0x4
 419 0099 6B000000 		.4byte	.LASF14
 420 009d 02       		.byte	0x2
 421 009e A602     		.2byte	0x2a6
 422 00a0 A4000000 		.4byte	0xa4
 423 00a4 05       		.uleb128 0x5
ARM GAS  C:\Users\alexport\AppData\Local\Temp\ccGT4NC2.s 			page 12


 424 00a5 6B000000 		.4byte	0x6b
 425 00a9 04       		.uleb128 0x4
 426 00aa 00000000 		.4byte	.LASF15
 427 00ae 02       		.byte	0x2
 428 00af A802     		.2byte	0x2a8
 429 00b1 B5000000 		.4byte	0xb5
 430 00b5 05       		.uleb128 0x5
 431 00b6 77000000 		.4byte	0x77
 432 00ba 02       		.uleb128 0x2
 433 00bb 08       		.byte	0x8
 434 00bc 04       		.byte	0x4
 435 00bd 20020000 		.4byte	.LASF16
 436 00c1 02       		.uleb128 0x2
 437 00c2 04       		.byte	0x4
 438 00c3 07       		.byte	0x7
 439 00c4 E0010000 		.4byte	.LASF17
 440 00c8 06       		.uleb128 0x6
 441 00c9 38020000 		.4byte	.LASF20
 442 00cd 01       		.byte	0x1
 443 00ce 25       		.byte	0x25
 444 00cf 00000000 		.4byte	.LFB2
 445 00d3 88000000 		.4byte	.LFE2-.LFB2
 446 00d7 01       		.uleb128 0x1
 447 00d8 9C       		.byte	0x9c
 448 00d9 FA000000 		.4byte	0xfa
 449 00dd 07       		.uleb128 0x7
 450 00de 80010000 		.4byte	.LASF18
 451 00e2 01       		.byte	0x1
 452 00e3 27       		.byte	0x27
 453 00e4 77000000 		.4byte	0x77
 454 00e8 02       		.uleb128 0x2
 455 00e9 91       		.byte	0x91
 456 00ea 68       		.sleb128 -24
 457 00eb 07       		.uleb128 0x7
 458 00ec 68010000 		.4byte	.LASF19
 459 00f0 01       		.byte	0x1
 460 00f1 28       		.byte	0x28
 461 00f2 6B000000 		.4byte	0x6b
 462 00f6 02       		.uleb128 0x2
 463 00f7 91       		.byte	0x91
 464 00f8 6F       		.sleb128 -17
 465 00f9 00       		.byte	0
 466 00fa 06       		.uleb128 0x6
 467 00fb D2010000 		.4byte	.LASF21
 468 00ff 01       		.byte	0x1
 469 0100 5E       		.byte	0x5e
 470 0101 00000000 		.4byte	.LFB3
 471 0105 48000000 		.4byte	.LFE3-.LFB3
 472 0109 01       		.uleb128 0x1
 473 010a 9C       		.byte	0x9c
 474 010b 1E010000 		.4byte	0x11e
 475 010f 07       		.uleb128 0x7
 476 0110 68010000 		.4byte	.LASF19
 477 0114 01       		.byte	0x1
 478 0115 60       		.byte	0x60
 479 0116 6B000000 		.4byte	0x6b
 480 011a 02       		.uleb128 0x2
ARM GAS  C:\Users\alexport\AppData\Local\Temp\ccGT4NC2.s 			page 13


 481 011b 91       		.byte	0x91
 482 011c 6F       		.sleb128 -17
 483 011d 00       		.byte	0
 484 011e 08       		.uleb128 0x8
 485 011f 8E010000 		.4byte	.LASF28
 486 0123 01       		.byte	0x1
 487 0124 7F       		.byte	0x7f
 488 0125 00000000 		.4byte	.LFB4
 489 0129 24000000 		.4byte	.LFE4-.LFB4
 490 012d 01       		.uleb128 0x1
 491 012e 9C       		.byte	0x9c
 492 012f 06       		.uleb128 0x6
 493 0130 3C000000 		.4byte	.LASF22
 494 0134 01       		.byte	0x1
 495 0135 9D       		.byte	0x9d
 496 0136 00000000 		.4byte	.LFB5
 497 013a 38000000 		.4byte	.LFE5-.LFB5
 498 013e 01       		.uleb128 0x1
 499 013f 9C       		.byte	0x9c
 500 0140 53010000 		.4byte	0x153
 501 0144 07       		.uleb128 0x7
 502 0145 68010000 		.4byte	.LASF19
 503 0149 01       		.byte	0x1
 504 014a 9F       		.byte	0x9f
 505 014b 6B000000 		.4byte	0x6b
 506 014f 02       		.uleb128 0x2
 507 0150 91       		.byte	0x91
 508 0151 6F       		.sleb128 -17
 509 0152 00       		.byte	0
 510 0153 06       		.uleb128 0x6
 511 0154 06000000 		.4byte	.LASF23
 512 0158 01       		.byte	0x1
 513 0159 BB       		.byte	0xbb
 514 015a 00000000 		.4byte	.LFB6
 515 015e 44000000 		.4byte	.LFE6-.LFB6
 516 0162 01       		.uleb128 0x1
 517 0163 9C       		.byte	0x9c
 518 0164 93010000 		.4byte	0x193
 519 0168 09       		.uleb128 0x9
 520 0169 16000000 		.4byte	.LASF29
 521 016d 01       		.byte	0x1
 522 016e BB       		.byte	0xbb
 523 016f 77000000 		.4byte	0x77
 524 0173 02       		.uleb128 0x2
 525 0174 91       		.byte	0x91
 526 0175 64       		.sleb128 -28
 527 0176 07       		.uleb128 0x7
 528 0177 68010000 		.4byte	.LASF19
 529 017b 01       		.byte	0x1
 530 017c BD       		.byte	0xbd
 531 017d 6B000000 		.4byte	0x6b
 532 0181 02       		.uleb128 0x2
 533 0182 91       		.byte	0x91
 534 0183 6F       		.sleb128 -17
 535 0184 07       		.uleb128 0x7
 536 0185 06020000 		.4byte	.LASF24
 537 0189 01       		.byte	0x1
ARM GAS  C:\Users\alexport\AppData\Local\Temp\ccGT4NC2.s 			page 14


 538 018a BE       		.byte	0xbe
 539 018b 77000000 		.4byte	0x77
 540 018f 02       		.uleb128 0x2
 541 0190 91       		.byte	0x91
 542 0191 68       		.sleb128 -24
 543 0192 00       		.byte	0
 544 0193 0A       		.uleb128 0xa
 545 0194 4E000000 		.4byte	.LASF30
 546 0198 01       		.byte	0x1
 547 0199 11       		.byte	0x11
 548 019a 77000000 		.4byte	0x77
 549 019e 05       		.uleb128 0x5
 550 019f 03       		.byte	0x3
 551 01a0 00000000 		.4byte	IDAC_1_initVar
 552 01a4 00       		.byte	0
 553              		.section	.debug_abbrev,"",%progbits
 554              	.Ldebug_abbrev0:
 555 0000 01       		.uleb128 0x1
 556 0001 11       		.uleb128 0x11
 557 0002 01       		.byte	0x1
 558 0003 25       		.uleb128 0x25
 559 0004 0E       		.uleb128 0xe
 560 0005 13       		.uleb128 0x13
 561 0006 0B       		.uleb128 0xb
 562 0007 03       		.uleb128 0x3
 563 0008 0E       		.uleb128 0xe
 564 0009 1B       		.uleb128 0x1b
 565 000a 0E       		.uleb128 0xe
 566 000b 55       		.uleb128 0x55
 567 000c 17       		.uleb128 0x17
 568 000d 11       		.uleb128 0x11
 569 000e 01       		.uleb128 0x1
 570 000f 10       		.uleb128 0x10
 571 0010 17       		.uleb128 0x17
 572 0011 00       		.byte	0
 573 0012 00       		.byte	0
 574 0013 02       		.uleb128 0x2
 575 0014 24       		.uleb128 0x24
 576 0015 00       		.byte	0
 577 0016 0B       		.uleb128 0xb
 578 0017 0B       		.uleb128 0xb
 579 0018 3E       		.uleb128 0x3e
 580 0019 0B       		.uleb128 0xb
 581 001a 03       		.uleb128 0x3
 582 001b 0E       		.uleb128 0xe
 583 001c 00       		.byte	0
 584 001d 00       		.byte	0
 585 001e 03       		.uleb128 0x3
 586 001f 24       		.uleb128 0x24
 587 0020 00       		.byte	0
 588 0021 0B       		.uleb128 0xb
 589 0022 0B       		.uleb128 0xb
 590 0023 3E       		.uleb128 0x3e
 591 0024 0B       		.uleb128 0xb
 592 0025 03       		.uleb128 0x3
 593 0026 08       		.uleb128 0x8
 594 0027 00       		.byte	0
ARM GAS  C:\Users\alexport\AppData\Local\Temp\ccGT4NC2.s 			page 15


 595 0028 00       		.byte	0
 596 0029 04       		.uleb128 0x4
 597 002a 16       		.uleb128 0x16
 598 002b 00       		.byte	0
 599 002c 03       		.uleb128 0x3
 600 002d 0E       		.uleb128 0xe
 601 002e 3A       		.uleb128 0x3a
 602 002f 0B       		.uleb128 0xb
 603 0030 3B       		.uleb128 0x3b
 604 0031 05       		.uleb128 0x5
 605 0032 49       		.uleb128 0x49
 606 0033 13       		.uleb128 0x13
 607 0034 00       		.byte	0
 608 0035 00       		.byte	0
 609 0036 05       		.uleb128 0x5
 610 0037 35       		.uleb128 0x35
 611 0038 00       		.byte	0
 612 0039 49       		.uleb128 0x49
 613 003a 13       		.uleb128 0x13
 614 003b 00       		.byte	0
 615 003c 00       		.byte	0
 616 003d 06       		.uleb128 0x6
 617 003e 2E       		.uleb128 0x2e
 618 003f 01       		.byte	0x1
 619 0040 3F       		.uleb128 0x3f
 620 0041 19       		.uleb128 0x19
 621 0042 03       		.uleb128 0x3
 622 0043 0E       		.uleb128 0xe
 623 0044 3A       		.uleb128 0x3a
 624 0045 0B       		.uleb128 0xb
 625 0046 3B       		.uleb128 0x3b
 626 0047 0B       		.uleb128 0xb
 627 0048 27       		.uleb128 0x27
 628 0049 19       		.uleb128 0x19
 629 004a 11       		.uleb128 0x11
 630 004b 01       		.uleb128 0x1
 631 004c 12       		.uleb128 0x12
 632 004d 06       		.uleb128 0x6
 633 004e 40       		.uleb128 0x40
 634 004f 18       		.uleb128 0x18
 635 0050 9642     		.uleb128 0x2116
 636 0052 19       		.uleb128 0x19
 637 0053 01       		.uleb128 0x1
 638 0054 13       		.uleb128 0x13
 639 0055 00       		.byte	0
 640 0056 00       		.byte	0
 641 0057 07       		.uleb128 0x7
 642 0058 34       		.uleb128 0x34
 643 0059 00       		.byte	0
 644 005a 03       		.uleb128 0x3
 645 005b 0E       		.uleb128 0xe
 646 005c 3A       		.uleb128 0x3a
 647 005d 0B       		.uleb128 0xb
 648 005e 3B       		.uleb128 0x3b
 649 005f 0B       		.uleb128 0xb
 650 0060 49       		.uleb128 0x49
 651 0061 13       		.uleb128 0x13
ARM GAS  C:\Users\alexport\AppData\Local\Temp\ccGT4NC2.s 			page 16


 652 0062 02       		.uleb128 0x2
 653 0063 18       		.uleb128 0x18
 654 0064 00       		.byte	0
 655 0065 00       		.byte	0
 656 0066 08       		.uleb128 0x8
 657 0067 2E       		.uleb128 0x2e
 658 0068 00       		.byte	0
 659 0069 3F       		.uleb128 0x3f
 660 006a 19       		.uleb128 0x19
 661 006b 03       		.uleb128 0x3
 662 006c 0E       		.uleb128 0xe
 663 006d 3A       		.uleb128 0x3a
 664 006e 0B       		.uleb128 0xb
 665 006f 3B       		.uleb128 0x3b
 666 0070 0B       		.uleb128 0xb
 667 0071 27       		.uleb128 0x27
 668 0072 19       		.uleb128 0x19
 669 0073 11       		.uleb128 0x11
 670 0074 01       		.uleb128 0x1
 671 0075 12       		.uleb128 0x12
 672 0076 06       		.uleb128 0x6
 673 0077 40       		.uleb128 0x40
 674 0078 18       		.uleb128 0x18
 675 0079 9642     		.uleb128 0x2116
 676 007b 19       		.uleb128 0x19
 677 007c 00       		.byte	0
 678 007d 00       		.byte	0
 679 007e 09       		.uleb128 0x9
 680 007f 05       		.uleb128 0x5
 681 0080 00       		.byte	0
 682 0081 03       		.uleb128 0x3
 683 0082 0E       		.uleb128 0xe
 684 0083 3A       		.uleb128 0x3a
 685 0084 0B       		.uleb128 0xb
 686 0085 3B       		.uleb128 0x3b
 687 0086 0B       		.uleb128 0xb
 688 0087 49       		.uleb128 0x49
 689 0088 13       		.uleb128 0x13
 690 0089 02       		.uleb128 0x2
 691 008a 18       		.uleb128 0x18
 692 008b 00       		.byte	0
 693 008c 00       		.byte	0
 694 008d 0A       		.uleb128 0xa
 695 008e 34       		.uleb128 0x34
 696 008f 00       		.byte	0
 697 0090 03       		.uleb128 0x3
 698 0091 0E       		.uleb128 0xe
 699 0092 3A       		.uleb128 0x3a
 700 0093 0B       		.uleb128 0xb
 701 0094 3B       		.uleb128 0x3b
 702 0095 0B       		.uleb128 0xb
 703 0096 49       		.uleb128 0x49
 704 0097 13       		.uleb128 0x13
 705 0098 3F       		.uleb128 0x3f
 706 0099 19       		.uleb128 0x19
 707 009a 02       		.uleb128 0x2
 708 009b 18       		.uleb128 0x18
ARM GAS  C:\Users\alexport\AppData\Local\Temp\ccGT4NC2.s 			page 17


 709 009c 00       		.byte	0
 710 009d 00       		.byte	0
 711 009e 00       		.byte	0
 712              		.section	.debug_aranges,"",%progbits
 713 0000 3C000000 		.4byte	0x3c
 714 0004 0200     		.2byte	0x2
 715 0006 00000000 		.4byte	.Ldebug_info0
 716 000a 04       		.byte	0x4
 717 000b 00       		.byte	0
 718 000c 0000     		.2byte	0
 719 000e 0000     		.2byte	0
 720 0010 00000000 		.4byte	.LFB2
 721 0014 88000000 		.4byte	.LFE2-.LFB2
 722 0018 00000000 		.4byte	.LFB3
 723 001c 48000000 		.4byte	.LFE3-.LFB3
 724 0020 00000000 		.4byte	.LFB4
 725 0024 24000000 		.4byte	.LFE4-.LFB4
 726 0028 00000000 		.4byte	.LFB5
 727 002c 38000000 		.4byte	.LFE5-.LFB5
 728 0030 00000000 		.4byte	.LFB6
 729 0034 44000000 		.4byte	.LFE6-.LFB6
 730 0038 00000000 		.4byte	0
 731 003c 00000000 		.4byte	0
 732              		.section	.debug_ranges,"",%progbits
 733              	.Ldebug_ranges0:
 734 0000 00000000 		.4byte	.LFB2
 735 0004 88000000 		.4byte	.LFE2
 736 0008 00000000 		.4byte	.LFB3
 737 000c 48000000 		.4byte	.LFE3
 738 0010 00000000 		.4byte	.LFB4
 739 0014 24000000 		.4byte	.LFE4
 740 0018 00000000 		.4byte	.LFB5
 741 001c 38000000 		.4byte	.LFE5
 742 0020 00000000 		.4byte	.LFB6
 743 0024 44000000 		.4byte	.LFE6
 744 0028 00000000 		.4byte	0
 745 002c 00000000 		.4byte	0
 746              		.section	.debug_line,"",%progbits
 747              	.Ldebug_line0:
 748 0000 B5000000 		.section	.debug_str,"MS",%progbits,1
 748      02004300 
 748      00000201 
 748      FB0E0D00 
 748      01010101 
 749              	.LASF15:
 750 0000 72656733 		.ascii	"reg32\000"
 750      3200
 751              	.LASF23:
 752 0006 49444143 		.ascii	"IDAC_1_SetValue\000"
 752      5F315F53 
 752      65745661 
 752      6C756500 
 753              	.LASF29:
 754 0016 76616C75 		.ascii	"value\000"
 754      6500
 755              	.LASF3:
 756 001c 73686F72 		.ascii	"short unsigned int\000"
ARM GAS  C:\Users\alexport\AppData\Local\Temp\ccGT4NC2.s 			page 18


 756      7420756E 
 756      7369676E 
 756      65642069 
 756      6E7400
 757              	.LASF8:
 758 002f 756E7369 		.ascii	"unsigned int\000"
 758      676E6564 
 758      20696E74 
 758      00
 759              	.LASF22:
 760 003c 49444143 		.ascii	"IDAC_1_Stop\000"
 760      5F315F53 
 760      746F7000 
 761              	.LASF11:
 762 0048 666C6F61 		.ascii	"float\000"
 762      7400
 763              	.LASF30:
 764 004e 49444143 		.ascii	"IDAC_1_initVar\000"
 764      5F315F69 
 764      6E697456 
 764      617200
 765              	.LASF1:
 766 005d 756E7369 		.ascii	"unsigned char\000"
 766      676E6564 
 766      20636861 
 766      7200
 767              	.LASF14:
 768 006b 72656738 		.ascii	"reg8\000"
 768      00
 769              	.LASF5:
 770 0070 6C6F6E67 		.ascii	"long unsigned int\000"
 770      20756E73 
 770      69676E65 
 770      6420696E 
 770      7400
 771              	.LASF9:
 772 0082 75696E74 		.ascii	"uint8\000"
 772      3800
 773              	.LASF25:
 774 0088 474E5520 		.ascii	"GNU C11 5.4.1 20160609 (release) [ARM/embedded-5-br"
 774      43313120 
 774      352E342E 
 774      31203230 
 774      31363036 
 775 00bb 616E6368 		.ascii	"anch revision 237715] -mcpu=cortex-m0 -mthumb -g -O"
 775      20726576 
 775      6973696F 
 775      6E203233 
 775      37373135 
 776 00ee 30202D66 		.ascii	"0 -ffunction-sections -ffat-lto-objects\000"
 776      66756E63 
 776      74696F6E 
 776      2D736563 
 776      74696F6E 
 777              	.LASF27:
 778 0116 433A5C55 		.ascii	"C:\\Users\\alexport\\OneDrive - Safeguard Analytics"
 778      73657273 
ARM GAS  C:\Users\alexport\AppData\Local\Temp\ccGT4NC2.s 			page 19


 778      5C616C65 
 778      78706F72 
 778      745C4F6E 
 779 0146 5C544553 		.ascii	"\\TESTs\\UART UDB test\\SA-200.cydsn\000"
 779      54735C55 
 779      41525420 
 779      55444220 
 779      74657374 
 780              	.LASF19:
 781 0168 656E6162 		.ascii	"enableInterrupts\000"
 781      6C65496E 
 781      74657272 
 781      75707473 
 781      00
 782              	.LASF12:
 783 0179 646F7562 		.ascii	"double\000"
 783      6C6500
 784              	.LASF18:
 785 0180 72656756 		.ascii	"regVal\000"
 785      616C00
 786              	.LASF10:
 787 0187 75696E74 		.ascii	"uint32\000"
 787      333200
 788              	.LASF28:
 789 018e 49444143 		.ascii	"IDAC_1_Start\000"
 789      5F315F53 
 789      74617274 
 789      00
 790              	.LASF7:
 791 019b 6C6F6E67 		.ascii	"long long unsigned int\000"
 791      206C6F6E 
 791      6720756E 
 791      7369676E 
 791      65642069 
 792              	.LASF26:
 793 01b2 47656E65 		.ascii	"Generated_Source\\PSoC4\\IDAC_1.c\000"
 793      72617465 
 793      645F536F 
 793      75726365 
 793      5C50536F 
 794              	.LASF21:
 795 01d2 49444143 		.ascii	"IDAC_1_Enable\000"
 795      5F315F45 
 795      6E61626C 
 795      6500
 796              	.LASF17:
 797 01e0 73697A65 		.ascii	"sizetype\000"
 797      74797065 
 797      00
 798              	.LASF6:
 799 01e9 6C6F6E67 		.ascii	"long long int\000"
 799      206C6F6E 
 799      6720696E 
 799      7400
 800              	.LASF13:
 801 01f7 63686172 		.ascii	"char\000"
 801      00
ARM GAS  C:\Users\alexport\AppData\Local\Temp\ccGT4NC2.s 			page 20


 802              	.LASF2:
 803 01fc 73686F72 		.ascii	"short int\000"
 803      7420696E 
 803      7400
 804              	.LASF24:
 805 0206 6E657752 		.ascii	"newRegisterValue\000"
 805      65676973 
 805      74657256 
 805      616C7565 
 805      00
 806              	.LASF4:
 807 0217 6C6F6E67 		.ascii	"long int\000"
 807      20696E74 
 807      00
 808              	.LASF16:
 809 0220 6C6F6E67 		.ascii	"long double\000"
 809      20646F75 
 809      626C6500 
 810              	.LASF0:
 811 022c 7369676E 		.ascii	"signed char\000"
 811      65642063 
 811      68617200 
 812              	.LASF20:
 813 0238 49444143 		.ascii	"IDAC_1_Init\000"
 813      5F315F49 
 813      6E697400 
 814              		.ident	"GCC: (GNU Tools for ARM Embedded Processors) 5.4.1 20160609 (release) [ARM/embedded-5-bran
