ARM GAS  C:\Users\alexport\AppData\Local\Temp\ccJT9EI6.s 			page 1


   1              		.syntax unified
   2              		.cpu cortex-m0
   3              		.fpu softvfp
   4              		.eabi_attribute 20, 1
   5              		.eabi_attribute 21, 1
   6              		.eabi_attribute 23, 3
   7              		.eabi_attribute 24, 1
   8              		.eabi_attribute 25, 1
   9              		.eabi_attribute 26, 1
  10              		.eabi_attribute 30, 6
  11              		.eabi_attribute 34, 0
  12              		.eabi_attribute 18, 4
  13              		.thumb
  14              		.syntax unified
  15              		.file	"ModbusUART_PM.c"
  16              		.text
  17              	.Ltext0:
  18              		.cfi_sections	.debug_frame
  19              		.section	.text.ModbusUART_Sleep,"ax",%progbits
  20              		.align	2
  21              		.global	ModbusUART_Sleep
  22              		.code	16
  23              		.thumb_func
  24              		.type	ModbusUART_Sleep, %function
  25              	ModbusUART_Sleep:
  26              	.LFB2:
  27              		.file 1 "Generated_Source\\PSoC4\\ModbusUART_PM.c"
   1:Generated_Source\PSoC4/ModbusUART_PM.c **** /***************************************************************************//**
   2:Generated_Source\PSoC4/ModbusUART_PM.c **** * \file ModbusUART_PM.c
   3:Generated_Source\PSoC4/ModbusUART_PM.c **** * \version 4.0
   4:Generated_Source\PSoC4/ModbusUART_PM.c **** *
   5:Generated_Source\PSoC4/ModbusUART_PM.c **** * \brief
   6:Generated_Source\PSoC4/ModbusUART_PM.c **** *  This file provides the source code to the Power Management support for
   7:Generated_Source\PSoC4/ModbusUART_PM.c **** *  the SCB Component.
   8:Generated_Source\PSoC4/ModbusUART_PM.c **** *
   9:Generated_Source\PSoC4/ModbusUART_PM.c **** * Note:
  10:Generated_Source\PSoC4/ModbusUART_PM.c **** *
  11:Generated_Source\PSoC4/ModbusUART_PM.c **** ********************************************************************************
  12:Generated_Source\PSoC4/ModbusUART_PM.c **** * \copyright
  13:Generated_Source\PSoC4/ModbusUART_PM.c **** * Copyright 2013-2017, Cypress Semiconductor Corporation.  All rights reserved.
  14:Generated_Source\PSoC4/ModbusUART_PM.c **** * You may use this file only in accordance with the license, terms, conditions,
  15:Generated_Source\PSoC4/ModbusUART_PM.c **** * disclaimers, and limitations in the end user license agreement accompanying
  16:Generated_Source\PSoC4/ModbusUART_PM.c **** * the software package with which this file was provided.
  17:Generated_Source\PSoC4/ModbusUART_PM.c **** *******************************************************************************/
  18:Generated_Source\PSoC4/ModbusUART_PM.c **** 
  19:Generated_Source\PSoC4/ModbusUART_PM.c **** #include "ModbusUART.h"
  20:Generated_Source\PSoC4/ModbusUART_PM.c **** #include "ModbusUART_PVT.h"
  21:Generated_Source\PSoC4/ModbusUART_PM.c **** 
  22:Generated_Source\PSoC4/ModbusUART_PM.c **** #if(ModbusUART_SCB_MODE_I2C_INC)
  23:Generated_Source\PSoC4/ModbusUART_PM.c ****     #include "ModbusUART_I2C_PVT.h"
  24:Generated_Source\PSoC4/ModbusUART_PM.c **** #endif /* (ModbusUART_SCB_MODE_I2C_INC) */
  25:Generated_Source\PSoC4/ModbusUART_PM.c **** 
  26:Generated_Source\PSoC4/ModbusUART_PM.c **** #if(ModbusUART_SCB_MODE_EZI2C_INC)
  27:Generated_Source\PSoC4/ModbusUART_PM.c ****     #include "ModbusUART_EZI2C_PVT.h"
  28:Generated_Source\PSoC4/ModbusUART_PM.c **** #endif /* (ModbusUART_SCB_MODE_EZI2C_INC) */
  29:Generated_Source\PSoC4/ModbusUART_PM.c **** 
  30:Generated_Source\PSoC4/ModbusUART_PM.c **** #if(ModbusUART_SCB_MODE_SPI_INC || ModbusUART_SCB_MODE_UART_INC)
ARM GAS  C:\Users\alexport\AppData\Local\Temp\ccJT9EI6.s 			page 2


  31:Generated_Source\PSoC4/ModbusUART_PM.c ****     #include "ModbusUART_SPI_UART_PVT.h"
  32:Generated_Source\PSoC4/ModbusUART_PM.c **** #endif /* (ModbusUART_SCB_MODE_SPI_INC || ModbusUART_SCB_MODE_UART_INC) */
  33:Generated_Source\PSoC4/ModbusUART_PM.c **** 
  34:Generated_Source\PSoC4/ModbusUART_PM.c **** 
  35:Generated_Source\PSoC4/ModbusUART_PM.c **** /***************************************
  36:Generated_Source\PSoC4/ModbusUART_PM.c **** *   Backup Structure declaration
  37:Generated_Source\PSoC4/ModbusUART_PM.c **** ***************************************/
  38:Generated_Source\PSoC4/ModbusUART_PM.c **** 
  39:Generated_Source\PSoC4/ModbusUART_PM.c **** #if(ModbusUART_SCB_MODE_UNCONFIG_CONST_CFG || \
  40:Generated_Source\PSoC4/ModbusUART_PM.c ****    (ModbusUART_SCB_MODE_I2C_CONST_CFG   && (!ModbusUART_I2C_WAKE_ENABLE_CONST))   || \
  41:Generated_Source\PSoC4/ModbusUART_PM.c ****    (ModbusUART_SCB_MODE_EZI2C_CONST_CFG && (!ModbusUART_EZI2C_WAKE_ENABLE_CONST)) || \
  42:Generated_Source\PSoC4/ModbusUART_PM.c ****    (ModbusUART_SCB_MODE_SPI_CONST_CFG   && (!ModbusUART_SPI_WAKE_ENABLE_CONST))   || \
  43:Generated_Source\PSoC4/ModbusUART_PM.c ****    (ModbusUART_SCB_MODE_UART_CONST_CFG  && (!ModbusUART_UART_WAKE_ENABLE_CONST)))
  44:Generated_Source\PSoC4/ModbusUART_PM.c **** 
  45:Generated_Source\PSoC4/ModbusUART_PM.c ****     ModbusUART_BACKUP_STRUCT ModbusUART_backup =
  46:Generated_Source\PSoC4/ModbusUART_PM.c ****     {
  47:Generated_Source\PSoC4/ModbusUART_PM.c ****         0u, /* enableState */
  48:Generated_Source\PSoC4/ModbusUART_PM.c ****     };
  49:Generated_Source\PSoC4/ModbusUART_PM.c **** #endif
  50:Generated_Source\PSoC4/ModbusUART_PM.c **** 
  51:Generated_Source\PSoC4/ModbusUART_PM.c **** 
  52:Generated_Source\PSoC4/ModbusUART_PM.c **** /*******************************************************************************
  53:Generated_Source\PSoC4/ModbusUART_PM.c **** * Function Name: ModbusUART_Sleep
  54:Generated_Source\PSoC4/ModbusUART_PM.c **** ****************************************************************************//**
  55:Generated_Source\PSoC4/ModbusUART_PM.c **** *
  56:Generated_Source\PSoC4/ModbusUART_PM.c **** *  Prepares the ModbusUART component to enter Deep Sleep.
  57:Generated_Source\PSoC4/ModbusUART_PM.c **** *  The “Enable wakeup from Deep Sleep Mode” selection has an influence on this 
  58:Generated_Source\PSoC4/ModbusUART_PM.c **** *  function implementation:
  59:Generated_Source\PSoC4/ModbusUART_PM.c **** *  - Checked: configures the component to be wakeup source from Deep Sleep.
  60:Generated_Source\PSoC4/ModbusUART_PM.c **** *  - Unchecked: stores the current component state (enabled or disabled) and 
  61:Generated_Source\PSoC4/ModbusUART_PM.c **** *    disables the component. See SCB_Stop() function for details about component 
  62:Generated_Source\PSoC4/ModbusUART_PM.c **** *    disabling.
  63:Generated_Source\PSoC4/ModbusUART_PM.c **** *
  64:Generated_Source\PSoC4/ModbusUART_PM.c **** *  Call the ModbusUART_Sleep() function before calling the 
  65:Generated_Source\PSoC4/ModbusUART_PM.c **** *  CyPmSysDeepSleep() function. 
  66:Generated_Source\PSoC4/ModbusUART_PM.c **** *  Refer to the PSoC Creator System Reference Guide for more information about 
  67:Generated_Source\PSoC4/ModbusUART_PM.c **** *  power management functions and Low power section of this document for the 
  68:Generated_Source\PSoC4/ModbusUART_PM.c **** *  selected mode.
  69:Generated_Source\PSoC4/ModbusUART_PM.c **** *
  70:Generated_Source\PSoC4/ModbusUART_PM.c **** *  This function should not be called before entering Sleep.
  71:Generated_Source\PSoC4/ModbusUART_PM.c **** *
  72:Generated_Source\PSoC4/ModbusUART_PM.c **** *******************************************************************************/
  73:Generated_Source\PSoC4/ModbusUART_PM.c **** void ModbusUART_Sleep(void)
  74:Generated_Source\PSoC4/ModbusUART_PM.c **** {
  28              		.loc 1 74 0
  29              		.cfi_startproc
  30              		@ args = 0, pretend = 0, frame = 0
  31              		@ frame_needed = 1, uses_anonymous_args = 0
  32 0000 80B5     		push	{r7, lr}
  33              		.cfi_def_cfa_offset 8
  34              		.cfi_offset 7, -8
  35              		.cfi_offset 14, -4
  36 0002 00AF     		add	r7, sp, #0
  37              		.cfi_def_cfa_register 7
  75:Generated_Source\PSoC4/ModbusUART_PM.c **** #if(ModbusUART_SCB_MODE_UNCONFIG_CONST_CFG)
  76:Generated_Source\PSoC4/ModbusUART_PM.c **** 
  77:Generated_Source\PSoC4/ModbusUART_PM.c ****     if(ModbusUART_SCB_WAKE_ENABLE_CHECK)
ARM GAS  C:\Users\alexport\AppData\Local\Temp\ccJT9EI6.s 			page 3


  78:Generated_Source\PSoC4/ModbusUART_PM.c ****     {
  79:Generated_Source\PSoC4/ModbusUART_PM.c ****         if(ModbusUART_SCB_MODE_I2C_RUNTM_CFG)
  80:Generated_Source\PSoC4/ModbusUART_PM.c ****         {
  81:Generated_Source\PSoC4/ModbusUART_PM.c ****             ModbusUART_I2CSaveConfig();
  82:Generated_Source\PSoC4/ModbusUART_PM.c ****         }
  83:Generated_Source\PSoC4/ModbusUART_PM.c ****         else if(ModbusUART_SCB_MODE_EZI2C_RUNTM_CFG)
  84:Generated_Source\PSoC4/ModbusUART_PM.c ****         {
  85:Generated_Source\PSoC4/ModbusUART_PM.c ****             ModbusUART_EzI2CSaveConfig();
  86:Generated_Source\PSoC4/ModbusUART_PM.c ****         }
  87:Generated_Source\PSoC4/ModbusUART_PM.c ****     #if(!ModbusUART_CY_SCBIP_V1)
  88:Generated_Source\PSoC4/ModbusUART_PM.c ****         else if(ModbusUART_SCB_MODE_SPI_RUNTM_CFG)
  89:Generated_Source\PSoC4/ModbusUART_PM.c ****         {
  90:Generated_Source\PSoC4/ModbusUART_PM.c ****             ModbusUART_SpiSaveConfig();
  91:Generated_Source\PSoC4/ModbusUART_PM.c ****         }
  92:Generated_Source\PSoC4/ModbusUART_PM.c ****         else if(ModbusUART_SCB_MODE_UART_RUNTM_CFG)
  93:Generated_Source\PSoC4/ModbusUART_PM.c ****         {
  94:Generated_Source\PSoC4/ModbusUART_PM.c ****             ModbusUART_UartSaveConfig();
  95:Generated_Source\PSoC4/ModbusUART_PM.c ****         }
  96:Generated_Source\PSoC4/ModbusUART_PM.c ****     #endif /* (!ModbusUART_CY_SCBIP_V1) */
  97:Generated_Source\PSoC4/ModbusUART_PM.c ****         else
  98:Generated_Source\PSoC4/ModbusUART_PM.c ****         {
  99:Generated_Source\PSoC4/ModbusUART_PM.c ****             /* Unknown mode */
 100:Generated_Source\PSoC4/ModbusUART_PM.c ****         }
 101:Generated_Source\PSoC4/ModbusUART_PM.c ****     }
 102:Generated_Source\PSoC4/ModbusUART_PM.c ****     else
 103:Generated_Source\PSoC4/ModbusUART_PM.c ****     {
 104:Generated_Source\PSoC4/ModbusUART_PM.c ****         ModbusUART_backup.enableState = (uint8) ModbusUART_GET_CTRL_ENABLED;
 105:Generated_Source\PSoC4/ModbusUART_PM.c **** 
 106:Generated_Source\PSoC4/ModbusUART_PM.c ****         if(0u != ModbusUART_backup.enableState)
 107:Generated_Source\PSoC4/ModbusUART_PM.c ****         {
 108:Generated_Source\PSoC4/ModbusUART_PM.c ****             ModbusUART_Stop();
 109:Generated_Source\PSoC4/ModbusUART_PM.c ****         }
 110:Generated_Source\PSoC4/ModbusUART_PM.c ****     }
 111:Generated_Source\PSoC4/ModbusUART_PM.c **** 
 112:Generated_Source\PSoC4/ModbusUART_PM.c **** #else
 113:Generated_Source\PSoC4/ModbusUART_PM.c **** 
 114:Generated_Source\PSoC4/ModbusUART_PM.c ****     #if (ModbusUART_SCB_MODE_I2C_CONST_CFG && ModbusUART_I2C_WAKE_ENABLE_CONST)
 115:Generated_Source\PSoC4/ModbusUART_PM.c ****         ModbusUART_I2CSaveConfig();
 116:Generated_Source\PSoC4/ModbusUART_PM.c **** 
 117:Generated_Source\PSoC4/ModbusUART_PM.c ****     #elif (ModbusUART_SCB_MODE_EZI2C_CONST_CFG && ModbusUART_EZI2C_WAKE_ENABLE_CONST)
 118:Generated_Source\PSoC4/ModbusUART_PM.c ****         ModbusUART_EzI2CSaveConfig();
 119:Generated_Source\PSoC4/ModbusUART_PM.c **** 
 120:Generated_Source\PSoC4/ModbusUART_PM.c ****     #elif (ModbusUART_SCB_MODE_SPI_CONST_CFG && ModbusUART_SPI_WAKE_ENABLE_CONST)
 121:Generated_Source\PSoC4/ModbusUART_PM.c ****         ModbusUART_SpiSaveConfig();
 122:Generated_Source\PSoC4/ModbusUART_PM.c **** 
 123:Generated_Source\PSoC4/ModbusUART_PM.c ****     #elif (ModbusUART_SCB_MODE_UART_CONST_CFG && ModbusUART_UART_WAKE_ENABLE_CONST)
 124:Generated_Source\PSoC4/ModbusUART_PM.c ****         ModbusUART_UartSaveConfig();
  38              		.loc 1 124 0
  39 0004 FFF7FEFF 		bl	ModbusUART_UartSaveConfig
 125:Generated_Source\PSoC4/ModbusUART_PM.c **** 
 126:Generated_Source\PSoC4/ModbusUART_PM.c ****     #else
 127:Generated_Source\PSoC4/ModbusUART_PM.c **** 
 128:Generated_Source\PSoC4/ModbusUART_PM.c ****         ModbusUART_backup.enableState = (uint8) ModbusUART_GET_CTRL_ENABLED;
 129:Generated_Source\PSoC4/ModbusUART_PM.c **** 
 130:Generated_Source\PSoC4/ModbusUART_PM.c ****         if(0u != ModbusUART_backup.enableState)
 131:Generated_Source\PSoC4/ModbusUART_PM.c ****         {
 132:Generated_Source\PSoC4/ModbusUART_PM.c ****             ModbusUART_Stop();
ARM GAS  C:\Users\alexport\AppData\Local\Temp\ccJT9EI6.s 			page 4


 133:Generated_Source\PSoC4/ModbusUART_PM.c ****         }
 134:Generated_Source\PSoC4/ModbusUART_PM.c **** 
 135:Generated_Source\PSoC4/ModbusUART_PM.c ****     #endif /* defined (ModbusUART_SCB_MODE_I2C_CONST_CFG) && (ModbusUART_I2C_WAKE_ENABLE_CONST) */
 136:Generated_Source\PSoC4/ModbusUART_PM.c **** 
 137:Generated_Source\PSoC4/ModbusUART_PM.c **** #endif /* (ModbusUART_SCB_MODE_UNCONFIG_CONST_CFG) */
 138:Generated_Source\PSoC4/ModbusUART_PM.c **** }
  40              		.loc 1 138 0
  41 0008 C046     		nop
  42 000a BD46     		mov	sp, r7
  43              		@ sp needed
  44 000c 80BD     		pop	{r7, pc}
  45              		.cfi_endproc
  46              	.LFE2:
  47              		.size	ModbusUART_Sleep, .-ModbusUART_Sleep
  48 000e C046     		.section	.text.ModbusUART_Wakeup,"ax",%progbits
  49              		.align	2
  50              		.global	ModbusUART_Wakeup
  51              		.code	16
  52              		.thumb_func
  53              		.type	ModbusUART_Wakeup, %function
  54              	ModbusUART_Wakeup:
  55              	.LFB3:
 139:Generated_Source\PSoC4/ModbusUART_PM.c **** 
 140:Generated_Source\PSoC4/ModbusUART_PM.c **** 
 141:Generated_Source\PSoC4/ModbusUART_PM.c **** /*******************************************************************************
 142:Generated_Source\PSoC4/ModbusUART_PM.c **** * Function Name: ModbusUART_Wakeup
 143:Generated_Source\PSoC4/ModbusUART_PM.c **** ****************************************************************************//**
 144:Generated_Source\PSoC4/ModbusUART_PM.c **** *
 145:Generated_Source\PSoC4/ModbusUART_PM.c **** *  Prepares the ModbusUART component for Active mode operation after 
 146:Generated_Source\PSoC4/ModbusUART_PM.c **** *  Deep Sleep.
 147:Generated_Source\PSoC4/ModbusUART_PM.c **** *  The “Enable wakeup from Deep Sleep Mode” selection has influence on this 
 148:Generated_Source\PSoC4/ModbusUART_PM.c **** *  function implementation:
 149:Generated_Source\PSoC4/ModbusUART_PM.c **** *  - Checked: restores the component Active mode configuration.
 150:Generated_Source\PSoC4/ModbusUART_PM.c **** *  - Unchecked: enables the component if it was enabled before enter Deep Sleep.
 151:Generated_Source\PSoC4/ModbusUART_PM.c **** *
 152:Generated_Source\PSoC4/ModbusUART_PM.c **** *  This function should not be called after exiting Sleep.
 153:Generated_Source\PSoC4/ModbusUART_PM.c **** *
 154:Generated_Source\PSoC4/ModbusUART_PM.c **** *  \sideeffect
 155:Generated_Source\PSoC4/ModbusUART_PM.c **** *   Calling the ModbusUART_Wakeup() function without first calling the 
 156:Generated_Source\PSoC4/ModbusUART_PM.c **** *   ModbusUART_Sleep() function may produce unexpected behavior.
 157:Generated_Source\PSoC4/ModbusUART_PM.c **** *
 158:Generated_Source\PSoC4/ModbusUART_PM.c **** *******************************************************************************/
 159:Generated_Source\PSoC4/ModbusUART_PM.c **** void ModbusUART_Wakeup(void)
 160:Generated_Source\PSoC4/ModbusUART_PM.c **** {
  56              		.loc 1 160 0
  57              		.cfi_startproc
  58              		@ args = 0, pretend = 0, frame = 0
  59              		@ frame_needed = 1, uses_anonymous_args = 0
  60 0000 80B5     		push	{r7, lr}
  61              		.cfi_def_cfa_offset 8
  62              		.cfi_offset 7, -8
  63              		.cfi_offset 14, -4
  64 0002 00AF     		add	r7, sp, #0
  65              		.cfi_def_cfa_register 7
 161:Generated_Source\PSoC4/ModbusUART_PM.c **** #if(ModbusUART_SCB_MODE_UNCONFIG_CONST_CFG)
 162:Generated_Source\PSoC4/ModbusUART_PM.c **** 
 163:Generated_Source\PSoC4/ModbusUART_PM.c ****     if(ModbusUART_SCB_WAKE_ENABLE_CHECK)
ARM GAS  C:\Users\alexport\AppData\Local\Temp\ccJT9EI6.s 			page 5


 164:Generated_Source\PSoC4/ModbusUART_PM.c ****     {
 165:Generated_Source\PSoC4/ModbusUART_PM.c ****         if(ModbusUART_SCB_MODE_I2C_RUNTM_CFG)
 166:Generated_Source\PSoC4/ModbusUART_PM.c ****         {
 167:Generated_Source\PSoC4/ModbusUART_PM.c ****             ModbusUART_I2CRestoreConfig();
 168:Generated_Source\PSoC4/ModbusUART_PM.c ****         }
 169:Generated_Source\PSoC4/ModbusUART_PM.c ****         else if(ModbusUART_SCB_MODE_EZI2C_RUNTM_CFG)
 170:Generated_Source\PSoC4/ModbusUART_PM.c ****         {
 171:Generated_Source\PSoC4/ModbusUART_PM.c ****             ModbusUART_EzI2CRestoreConfig();
 172:Generated_Source\PSoC4/ModbusUART_PM.c ****         }
 173:Generated_Source\PSoC4/ModbusUART_PM.c ****     #if(!ModbusUART_CY_SCBIP_V1)
 174:Generated_Source\PSoC4/ModbusUART_PM.c ****         else if(ModbusUART_SCB_MODE_SPI_RUNTM_CFG)
 175:Generated_Source\PSoC4/ModbusUART_PM.c ****         {
 176:Generated_Source\PSoC4/ModbusUART_PM.c ****             ModbusUART_SpiRestoreConfig();
 177:Generated_Source\PSoC4/ModbusUART_PM.c ****         }
 178:Generated_Source\PSoC4/ModbusUART_PM.c ****         else if(ModbusUART_SCB_MODE_UART_RUNTM_CFG)
 179:Generated_Source\PSoC4/ModbusUART_PM.c ****         {
 180:Generated_Source\PSoC4/ModbusUART_PM.c ****             ModbusUART_UartRestoreConfig();
 181:Generated_Source\PSoC4/ModbusUART_PM.c ****         }
 182:Generated_Source\PSoC4/ModbusUART_PM.c ****     #endif /* (!ModbusUART_CY_SCBIP_V1) */
 183:Generated_Source\PSoC4/ModbusUART_PM.c ****         else
 184:Generated_Source\PSoC4/ModbusUART_PM.c ****         {
 185:Generated_Source\PSoC4/ModbusUART_PM.c ****             /* Unknown mode */
 186:Generated_Source\PSoC4/ModbusUART_PM.c ****         }
 187:Generated_Source\PSoC4/ModbusUART_PM.c ****     }
 188:Generated_Source\PSoC4/ModbusUART_PM.c ****     else
 189:Generated_Source\PSoC4/ModbusUART_PM.c ****     {
 190:Generated_Source\PSoC4/ModbusUART_PM.c ****         if(0u != ModbusUART_backup.enableState)
 191:Generated_Source\PSoC4/ModbusUART_PM.c ****         {
 192:Generated_Source\PSoC4/ModbusUART_PM.c ****             ModbusUART_Enable();
 193:Generated_Source\PSoC4/ModbusUART_PM.c ****         }
 194:Generated_Source\PSoC4/ModbusUART_PM.c ****     }
 195:Generated_Source\PSoC4/ModbusUART_PM.c **** 
 196:Generated_Source\PSoC4/ModbusUART_PM.c **** #else
 197:Generated_Source\PSoC4/ModbusUART_PM.c **** 
 198:Generated_Source\PSoC4/ModbusUART_PM.c ****     #if (ModbusUART_SCB_MODE_I2C_CONST_CFG  && ModbusUART_I2C_WAKE_ENABLE_CONST)
 199:Generated_Source\PSoC4/ModbusUART_PM.c ****         ModbusUART_I2CRestoreConfig();
 200:Generated_Source\PSoC4/ModbusUART_PM.c **** 
 201:Generated_Source\PSoC4/ModbusUART_PM.c ****     #elif (ModbusUART_SCB_MODE_EZI2C_CONST_CFG && ModbusUART_EZI2C_WAKE_ENABLE_CONST)
 202:Generated_Source\PSoC4/ModbusUART_PM.c ****         ModbusUART_EzI2CRestoreConfig();
 203:Generated_Source\PSoC4/ModbusUART_PM.c **** 
 204:Generated_Source\PSoC4/ModbusUART_PM.c ****     #elif (ModbusUART_SCB_MODE_SPI_CONST_CFG && ModbusUART_SPI_WAKE_ENABLE_CONST)
 205:Generated_Source\PSoC4/ModbusUART_PM.c ****         ModbusUART_SpiRestoreConfig();
 206:Generated_Source\PSoC4/ModbusUART_PM.c **** 
 207:Generated_Source\PSoC4/ModbusUART_PM.c ****     #elif (ModbusUART_SCB_MODE_UART_CONST_CFG && ModbusUART_UART_WAKE_ENABLE_CONST)
 208:Generated_Source\PSoC4/ModbusUART_PM.c ****         ModbusUART_UartRestoreConfig();
  66              		.loc 1 208 0
  67 0004 FFF7FEFF 		bl	ModbusUART_UartRestoreConfig
 209:Generated_Source\PSoC4/ModbusUART_PM.c **** 
 210:Generated_Source\PSoC4/ModbusUART_PM.c ****     #else
 211:Generated_Source\PSoC4/ModbusUART_PM.c **** 
 212:Generated_Source\PSoC4/ModbusUART_PM.c ****         if(0u != ModbusUART_backup.enableState)
 213:Generated_Source\PSoC4/ModbusUART_PM.c ****         {
 214:Generated_Source\PSoC4/ModbusUART_PM.c ****             ModbusUART_Enable();
 215:Generated_Source\PSoC4/ModbusUART_PM.c ****         }
 216:Generated_Source\PSoC4/ModbusUART_PM.c **** 
 217:Generated_Source\PSoC4/ModbusUART_PM.c ****     #endif /* (ModbusUART_I2C_WAKE_ENABLE_CONST) */
 218:Generated_Source\PSoC4/ModbusUART_PM.c **** 
ARM GAS  C:\Users\alexport\AppData\Local\Temp\ccJT9EI6.s 			page 6


 219:Generated_Source\PSoC4/ModbusUART_PM.c **** #endif /* (ModbusUART_SCB_MODE_UNCONFIG_CONST_CFG) */
 220:Generated_Source\PSoC4/ModbusUART_PM.c **** }
  68              		.loc 1 220 0
  69 0008 C046     		nop
  70 000a BD46     		mov	sp, r7
  71              		@ sp needed
  72 000c 80BD     		pop	{r7, pc}
  73              		.cfi_endproc
  74              	.LFE3:
  75              		.size	ModbusUART_Wakeup, .-ModbusUART_Wakeup
  76 000e C046     		.text
  77              	.Letext0:
  78              		.section	.debug_info,"",%progbits
  79              	.Ldebug_info0:
  80 0000 AD000000 		.4byte	0xad
  81 0004 0400     		.2byte	0x4
  82 0006 00000000 		.4byte	.Ldebug_abbrev0
  83 000a 04       		.byte	0x4
  84 000b 01       		.uleb128 0x1
  85 000c 20010000 		.4byte	.LASF16
  86 0010 0C       		.byte	0xc
  87 0011 4A000000 		.4byte	.LASF17
  88 0015 A6000000 		.4byte	.LASF18
  89 0019 00000000 		.4byte	.Ldebug_ranges0+0
  90 001d 00000000 		.4byte	0
  91 0021 00000000 		.4byte	.Ldebug_line0
  92 0025 02       		.uleb128 0x2
  93 0026 01       		.byte	0x1
  94 0027 06       		.byte	0x6
  95 0028 FE000000 		.4byte	.LASF0
  96 002c 02       		.uleb128 0x2
  97 002d 01       		.byte	0x1
  98 002e 08       		.byte	0x8
  99 002f 71000000 		.4byte	.LASF1
 100 0033 02       		.uleb128 0x2
 101 0034 02       		.byte	0x2
 102 0035 05       		.byte	0x5
 103 0036 16010000 		.4byte	.LASF2
 104 003a 02       		.uleb128 0x2
 105 003b 02       		.byte	0x2
 106 003c 07       		.byte	0x7
 107 003d EB000000 		.4byte	.LASF3
 108 0041 02       		.uleb128 0x2
 109 0042 04       		.byte	0x4
 110 0043 05       		.byte	0x5
 111 0044 84000000 		.4byte	.LASF4
 112 0048 02       		.uleb128 0x2
 113 0049 04       		.byte	0x4
 114 004a 07       		.byte	0x7
 115 004b 1B000000 		.4byte	.LASF5
 116 004f 02       		.uleb128 0x2
 117 0050 08       		.byte	0x8
 118 0051 05       		.byte	0x5
 119 0052 00000000 		.4byte	.LASF6
 120 0056 02       		.uleb128 0x2
 121 0057 08       		.byte	0x8
 122 0058 07       		.byte	0x7
ARM GAS  C:\Users\alexport\AppData\Local\Temp\ccJT9EI6.s 			page 7


 123 0059 2D000000 		.4byte	.LASF7
 124 005d 03       		.uleb128 0x3
 125 005e 04       		.byte	0x4
 126 005f 05       		.byte	0x5
 127 0060 696E7400 		.ascii	"int\000"
 128 0064 02       		.uleb128 0x2
 129 0065 04       		.byte	0x4
 130 0066 07       		.byte	0x7
 131 0067 0E000000 		.4byte	.LASF8
 132 006b 02       		.uleb128 0x2
 133 006c 04       		.byte	0x4
 134 006d 04       		.byte	0x4
 135 006e 44000000 		.4byte	.LASF9
 136 0072 02       		.uleb128 0x2
 137 0073 08       		.byte	0x8
 138 0074 04       		.byte	0x4
 139 0075 8D000000 		.4byte	.LASF10
 140 0079 02       		.uleb128 0x2
 141 007a 01       		.byte	0x1
 142 007b 08       		.byte	0x8
 143 007c 7F000000 		.4byte	.LASF11
 144 0080 02       		.uleb128 0x2
 145 0081 08       		.byte	0x8
 146 0082 04       		.byte	0x4
 147 0083 0A010000 		.4byte	.LASF12
 148 0087 02       		.uleb128 0x2
 149 0088 04       		.byte	0x4
 150 0089 07       		.byte	0x7
 151 008a BF010000 		.4byte	.LASF13
 152 008e 04       		.uleb128 0x4
 153 008f AE010000 		.4byte	.LASF14
 154 0093 01       		.byte	0x1
 155 0094 49       		.byte	0x49
 156 0095 00000000 		.4byte	.LFB2
 157 0099 0E000000 		.4byte	.LFE2-.LFB2
 158 009d 01       		.uleb128 0x1
 159 009e 9C       		.byte	0x9c
 160 009f 04       		.uleb128 0x4
 161 00a0 94000000 		.4byte	.LASF15
 162 00a4 01       		.byte	0x1
 163 00a5 9F       		.byte	0x9f
 164 00a6 00000000 		.4byte	.LFB3
 165 00aa 0E000000 		.4byte	.LFE3-.LFB3
 166 00ae 01       		.uleb128 0x1
 167 00af 9C       		.byte	0x9c
 168 00b0 00       		.byte	0
 169              		.section	.debug_abbrev,"",%progbits
 170              	.Ldebug_abbrev0:
 171 0000 01       		.uleb128 0x1
 172 0001 11       		.uleb128 0x11
 173 0002 01       		.byte	0x1
 174 0003 25       		.uleb128 0x25
 175 0004 0E       		.uleb128 0xe
 176 0005 13       		.uleb128 0x13
 177 0006 0B       		.uleb128 0xb
 178 0007 03       		.uleb128 0x3
 179 0008 0E       		.uleb128 0xe
ARM GAS  C:\Users\alexport\AppData\Local\Temp\ccJT9EI6.s 			page 8


 180 0009 1B       		.uleb128 0x1b
 181 000a 0E       		.uleb128 0xe
 182 000b 55       		.uleb128 0x55
 183 000c 17       		.uleb128 0x17
 184 000d 11       		.uleb128 0x11
 185 000e 01       		.uleb128 0x1
 186 000f 10       		.uleb128 0x10
 187 0010 17       		.uleb128 0x17
 188 0011 00       		.byte	0
 189 0012 00       		.byte	0
 190 0013 02       		.uleb128 0x2
 191 0014 24       		.uleb128 0x24
 192 0015 00       		.byte	0
 193 0016 0B       		.uleb128 0xb
 194 0017 0B       		.uleb128 0xb
 195 0018 3E       		.uleb128 0x3e
 196 0019 0B       		.uleb128 0xb
 197 001a 03       		.uleb128 0x3
 198 001b 0E       		.uleb128 0xe
 199 001c 00       		.byte	0
 200 001d 00       		.byte	0
 201 001e 03       		.uleb128 0x3
 202 001f 24       		.uleb128 0x24
 203 0020 00       		.byte	0
 204 0021 0B       		.uleb128 0xb
 205 0022 0B       		.uleb128 0xb
 206 0023 3E       		.uleb128 0x3e
 207 0024 0B       		.uleb128 0xb
 208 0025 03       		.uleb128 0x3
 209 0026 08       		.uleb128 0x8
 210 0027 00       		.byte	0
 211 0028 00       		.byte	0
 212 0029 04       		.uleb128 0x4
 213 002a 2E       		.uleb128 0x2e
 214 002b 00       		.byte	0
 215 002c 3F       		.uleb128 0x3f
 216 002d 19       		.uleb128 0x19
 217 002e 03       		.uleb128 0x3
 218 002f 0E       		.uleb128 0xe
 219 0030 3A       		.uleb128 0x3a
 220 0031 0B       		.uleb128 0xb
 221 0032 3B       		.uleb128 0x3b
 222 0033 0B       		.uleb128 0xb
 223 0034 27       		.uleb128 0x27
 224 0035 19       		.uleb128 0x19
 225 0036 11       		.uleb128 0x11
 226 0037 01       		.uleb128 0x1
 227 0038 12       		.uleb128 0x12
 228 0039 06       		.uleb128 0x6
 229 003a 40       		.uleb128 0x40
 230 003b 18       		.uleb128 0x18
 231 003c 9642     		.uleb128 0x2116
 232 003e 19       		.uleb128 0x19
 233 003f 00       		.byte	0
 234 0040 00       		.byte	0
 235 0041 00       		.byte	0
 236              		.section	.debug_aranges,"",%progbits
ARM GAS  C:\Users\alexport\AppData\Local\Temp\ccJT9EI6.s 			page 9


 237 0000 24000000 		.4byte	0x24
 238 0004 0200     		.2byte	0x2
 239 0006 00000000 		.4byte	.Ldebug_info0
 240 000a 04       		.byte	0x4
 241 000b 00       		.byte	0
 242 000c 0000     		.2byte	0
 243 000e 0000     		.2byte	0
 244 0010 00000000 		.4byte	.LFB2
 245 0014 0E000000 		.4byte	.LFE2-.LFB2
 246 0018 00000000 		.4byte	.LFB3
 247 001c 0E000000 		.4byte	.LFE3-.LFB3
 248 0020 00000000 		.4byte	0
 249 0024 00000000 		.4byte	0
 250              		.section	.debug_ranges,"",%progbits
 251              	.Ldebug_ranges0:
 252 0000 00000000 		.4byte	.LFB2
 253 0004 0E000000 		.4byte	.LFE2
 254 0008 00000000 		.4byte	.LFB3
 255 000c 0E000000 		.4byte	.LFE3
 256 0010 00000000 		.4byte	0
 257 0014 00000000 		.4byte	0
 258              		.section	.debug_line,"",%progbits
 259              	.Ldebug_line0:
 260 0000 6F000000 		.section	.debug_str,"MS",%progbits,1
 260      02003D00 
 260      00000201 
 260      FB0E0D00 
 260      01010101 
 261              	.LASF6:
 262 0000 6C6F6E67 		.ascii	"long long int\000"
 262      206C6F6E 
 262      6720696E 
 262      7400
 263              	.LASF8:
 264 000e 756E7369 		.ascii	"unsigned int\000"
 264      676E6564 
 264      20696E74 
 264      00
 265              	.LASF5:
 266 001b 6C6F6E67 		.ascii	"long unsigned int\000"
 266      20756E73 
 266      69676E65 
 266      6420696E 
 266      7400
 267              	.LASF7:
 268 002d 6C6F6E67 		.ascii	"long long unsigned int\000"
 268      206C6F6E 
 268      6720756E 
 268      7369676E 
 268      65642069 
 269              	.LASF9:
 270 0044 666C6F61 		.ascii	"float\000"
 270      7400
 271              	.LASF17:
 272 004a 47656E65 		.ascii	"Generated_Source\\PSoC4\\ModbusUART_PM.c\000"
 272      72617465 
 272      645F536F 
ARM GAS  C:\Users\alexport\AppData\Local\Temp\ccJT9EI6.s 			page 10


 272      75726365 
 272      5C50536F 
 273              	.LASF1:
 274 0071 756E7369 		.ascii	"unsigned char\000"
 274      676E6564 
 274      20636861 
 274      7200
 275              	.LASF11:
 276 007f 63686172 		.ascii	"char\000"
 276      00
 277              	.LASF4:
 278 0084 6C6F6E67 		.ascii	"long int\000"
 278      20696E74 
 278      00
 279              	.LASF10:
 280 008d 646F7562 		.ascii	"double\000"
 280      6C6500
 281              	.LASF15:
 282 0094 4D6F6462 		.ascii	"ModbusUART_Wakeup\000"
 282      75735541 
 282      52545F57 
 282      616B6575 
 282      7000
 283              	.LASF18:
 284 00a6 433A5C55 		.ascii	"C:\\Users\\alexport\\OneDrive - Safeguard Analytics"
 284      73657273 
 284      5C616C65 
 284      78706F72 
 284      745C4F6E 
 285 00d6 5C53412D 		.ascii	"\\SA-220\\SA-220.cydsn\000"
 285      3232305C 
 285      53412D32 
 285      32302E63 
 285      7964736E 
 286              	.LASF3:
 287 00eb 73686F72 		.ascii	"short unsigned int\000"
 287      7420756E 
 287      7369676E 
 287      65642069 
 287      6E7400
 288              	.LASF0:
 289 00fe 7369676E 		.ascii	"signed char\000"
 289      65642063 
 289      68617200 
 290              	.LASF12:
 291 010a 6C6F6E67 		.ascii	"long double\000"
 291      20646F75 
 291      626C6500 
 292              	.LASF2:
 293 0116 73686F72 		.ascii	"short int\000"
 293      7420696E 
 293      7400
 294              	.LASF16:
 295 0120 474E5520 		.ascii	"GNU C11 5.4.1 20160609 (release) [ARM/embedded-5-br"
 295      43313120 
 295      352E342E 
 295      31203230 
ARM GAS  C:\Users\alexport\AppData\Local\Temp\ccJT9EI6.s 			page 11


 295      31363036 
 296 0153 616E6368 		.ascii	"anch revision 237715] -mcpu=cortex-m0 -mthumb -g -O"
 296      20726576 
 296      6973696F 
 296      6E203233 
 296      37373135 
 297 0186 30202D66 		.ascii	"0 -ffunction-sections -ffat-lto-objects\000"
 297      66756E63 
 297      74696F6E 
 297      2D736563 
 297      74696F6E 
 298              	.LASF14:
 299 01ae 4D6F6462 		.ascii	"ModbusUART_Sleep\000"
 299      75735541 
 299      52545F53 
 299      6C656570 
 299      00
 300              	.LASF13:
 301 01bf 73697A65 		.ascii	"sizetype\000"
 301      74797065 
 301      00
 302              		.ident	"GCC: (GNU Tools for ARM Embedded Processors) 5.4.1 20160609 (release) [ARM/embedded-5-bran
