ARM GAS  C:\Users\alexport\AppData\Local\Temp\ccunthcd.s 			page 1


   1              		.syntax unified
   2              		.cpu cortex-m0
   3              		.fpu softvfp
   4              		.eabi_attribute 20, 1
   5              		.eabi_attribute 21, 1
   6              		.eabi_attribute 23, 3
   7              		.eabi_attribute 24, 1
   8              		.eabi_attribute 25, 1
   9              		.eabi_attribute 26, 1
  10              		.eabi_attribute 30, 6
  11              		.eabi_attribute 34, 0
  12              		.eabi_attribute 18, 4
  13              		.thumb
  14              		.syntax unified
  15              		.file	"PM_DMA_Enable.c"
  16              		.text
  17              	.Ltext0:
  18              		.cfi_sections	.debug_frame
  19              		.section	.text.PM_DMA_Enable_ChEnable,"ax",%progbits
  20              		.align	2
  21              		.code	16
  22              		.thumb_func
  23              		.type	PM_DMA_Enable_ChEnable, %function
  24              	PM_DMA_Enable_ChEnable:
  25              	.LFB0:
  26              		.file 1 "Generated_Source\\PSoC4\\PM_DMA_Enable.h"
   1:Generated_Source\PSoC4/PM_DMA_Enable.h **** /*******************************************************************************
   2:Generated_Source\PSoC4/PM_DMA_Enable.h **** * File Name: PM_DMA_Enable.h
   3:Generated_Source\PSoC4/PM_DMA_Enable.h **** * Version 1.0
   4:Generated_Source\PSoC4/PM_DMA_Enable.h **** *
   5:Generated_Source\PSoC4/PM_DMA_Enable.h **** * Description:
   6:Generated_Source\PSoC4/PM_DMA_Enable.h **** *  This file provides DMA channel defines and API function definitions.
   7:Generated_Source\PSoC4/PM_DMA_Enable.h **** *
   8:Generated_Source\PSoC4/PM_DMA_Enable.h **** ********************************************************************************
   9:Generated_Source\PSoC4/PM_DMA_Enable.h **** * Copyright 2015, Cypress Semiconductor Corporation. All rights reserved.
  10:Generated_Source\PSoC4/PM_DMA_Enable.h **** * You may use this file only in accordance with the license, terms, conditions,
  11:Generated_Source\PSoC4/PM_DMA_Enable.h **** * disclaimers, and limitations in the end user license agreement accompanying
  12:Generated_Source\PSoC4/PM_DMA_Enable.h **** * the software package with which this file was provided.
  13:Generated_Source\PSoC4/PM_DMA_Enable.h **** *******************************************************************************/
  14:Generated_Source\PSoC4/PM_DMA_Enable.h **** 
  15:Generated_Source\PSoC4/PM_DMA_Enable.h **** #ifndef CY_DMA_CHANNEL_PM_DMA_Enable_H
  16:Generated_Source\PSoC4/PM_DMA_Enable.h **** #define CY_DMA_CHANNEL_PM_DMA_Enable_H
  17:Generated_Source\PSoC4/PM_DMA_Enable.h **** 
  18:Generated_Source\PSoC4/PM_DMA_Enable.h **** #include "CyDMA.h"
  19:Generated_Source\PSoC4/PM_DMA_Enable.h **** 
  20:Generated_Source\PSoC4/PM_DMA_Enable.h ****     
  21:Generated_Source\PSoC4/PM_DMA_Enable.h **** /***************************************
  22:Generated_Source\PSoC4/PM_DMA_Enable.h **** *   Conditional Compilation Parameters
  23:Generated_Source\PSoC4/PM_DMA_Enable.h **** ***************************************/
  24:Generated_Source\PSoC4/PM_DMA_Enable.h **** 
  25:Generated_Source\PSoC4/PM_DMA_Enable.h **** #define PM_DMA_Enable_CHANNEL           (PM_DMA_Enable__CHANNEL_NUMBER)
  26:Generated_Source\PSoC4/PM_DMA_Enable.h **** #define PM_DMA_Enable_CHANNEL_MASK      ((uint32)(1UL << PM_DMA_Enable_CHANNEL))
  27:Generated_Source\PSoC4/PM_DMA_Enable.h **** 
  28:Generated_Source\PSoC4/PM_DMA_Enable.h **** 
  29:Generated_Source\PSoC4/PM_DMA_Enable.h **** /***************************************
  30:Generated_Source\PSoC4/PM_DMA_Enable.h **** *        Function Prototypes
  31:Generated_Source\PSoC4/PM_DMA_Enable.h **** ***************************************/
ARM GAS  C:\Users\alexport\AppData\Local\Temp\ccunthcd.s 			page 2


  32:Generated_Source\PSoC4/PM_DMA_Enable.h **** 
  33:Generated_Source\PSoC4/PM_DMA_Enable.h **** /* Functions specific to this DMA channel */
  34:Generated_Source\PSoC4/PM_DMA_Enable.h **** void PM_DMA_Enable_Init(void);
  35:Generated_Source\PSoC4/PM_DMA_Enable.h **** void PM_DMA_Enable_Start(void * srcAddress, void * dstAddress);
  36:Generated_Source\PSoC4/PM_DMA_Enable.h **** 
  37:Generated_Source\PSoC4/PM_DMA_Enable.h **** /* Inline functions that call global API functions */
  38:Generated_Source\PSoC4/PM_DMA_Enable.h **** static void   PM_DMA_Enable_ChEnable(void);
  39:Generated_Source\PSoC4/PM_DMA_Enable.h **** static void   PM_DMA_Enable_ChDisable(void);
  40:Generated_Source\PSoC4/PM_DMA_Enable.h **** static void   PM_DMA_Enable_Trigger(void);
  41:Generated_Source\PSoC4/PM_DMA_Enable.h **** static void   PM_DMA_Enable_SetPriority(int32 priority);
  42:Generated_Source\PSoC4/PM_DMA_Enable.h **** static int32  PM_DMA_Enable_GetPriority(void);
  43:Generated_Source\PSoC4/PM_DMA_Enable.h **** static void   PM_DMA_Enable_SetNextDescriptor(int32 descriptor);
  44:Generated_Source\PSoC4/PM_DMA_Enable.h **** static int32  PM_DMA_Enable_GetNextDescriptor(void);
  45:Generated_Source\PSoC4/PM_DMA_Enable.h **** static void   PM_DMA_Enable_SetConfiguration(int32 descriptor, const cydma_init_struct * config);
  46:Generated_Source\PSoC4/PM_DMA_Enable.h **** static void   PM_DMA_Enable_ValidateDescriptor(int32 descriptor);
  47:Generated_Source\PSoC4/PM_DMA_Enable.h **** static uint32 PM_DMA_Enable_GetDescriptorStatus(int32 descriptor);
  48:Generated_Source\PSoC4/PM_DMA_Enable.h **** static void   PM_DMA_Enable_SetSrcAddress(int32 descriptor, void * srcAddress);
  49:Generated_Source\PSoC4/PM_DMA_Enable.h **** static void * PM_DMA_Enable_GetSrcAddress(int32 descriptor);
  50:Generated_Source\PSoC4/PM_DMA_Enable.h **** static void   PM_DMA_Enable_SetDstAddress(int32 descriptor, void * dstAddress);
  51:Generated_Source\PSoC4/PM_DMA_Enable.h **** static void * PM_DMA_Enable_GetDstAddress(int32 descriptor);
  52:Generated_Source\PSoC4/PM_DMA_Enable.h **** static void   PM_DMA_Enable_SetDataElementSize(int32 descriptor, uint32 dataElementSize);
  53:Generated_Source\PSoC4/PM_DMA_Enable.h **** static uint32 PM_DMA_Enable_GetDataElementSize(int32 descriptor);
  54:Generated_Source\PSoC4/PM_DMA_Enable.h **** static void   PM_DMA_Enable_SetNumDataElements(int32 descriptor, int32 numDataElements);
  55:Generated_Source\PSoC4/PM_DMA_Enable.h **** static int32  PM_DMA_Enable_GetNumDataElements(int32 descriptor);
  56:Generated_Source\PSoC4/PM_DMA_Enable.h **** static void   PM_DMA_Enable_SetSrcDstTransferWidth(int32 descriptor, uint32 transferWidth);
  57:Generated_Source\PSoC4/PM_DMA_Enable.h **** static uint32 PM_DMA_Enable_GetSrcDstTransferWidth(int32 descriptor);
  58:Generated_Source\PSoC4/PM_DMA_Enable.h **** static void   PM_DMA_Enable_SetAddressIncrement(int32 descriptor, uint32 addressIncrement);
  59:Generated_Source\PSoC4/PM_DMA_Enable.h **** static uint32 PM_DMA_Enable_GetAddressIncrement(int32 descriptor);
  60:Generated_Source\PSoC4/PM_DMA_Enable.h **** static void   PM_DMA_Enable_SetTriggerType(int32 descriptor, uint32 triggerType);
  61:Generated_Source\PSoC4/PM_DMA_Enable.h **** static uint32 PM_DMA_Enable_GetTriggerType(int32 descriptor);
  62:Generated_Source\PSoC4/PM_DMA_Enable.h **** static void   PM_DMA_Enable_SetTransferMode(int32 descriptor, uint32 transferMode);
  63:Generated_Source\PSoC4/PM_DMA_Enable.h **** static uint32 PM_DMA_Enable_GetTransferMode(int32 descriptor);
  64:Generated_Source\PSoC4/PM_DMA_Enable.h **** static void   PM_DMA_Enable_SetPreemptable(int32 descriptor, uint32 preemptable);
  65:Generated_Source\PSoC4/PM_DMA_Enable.h **** static uint32 PM_DMA_Enable_GetPreemptable(int32 descriptor);
  66:Generated_Source\PSoC4/PM_DMA_Enable.h **** static void   PM_DMA_Enable_SetPostCompletionActions(int32 descriptor, uint32 actions);
  67:Generated_Source\PSoC4/PM_DMA_Enable.h **** static uint32 PM_DMA_Enable_GetPostCompletionAction(int32 descriptor);
  68:Generated_Source\PSoC4/PM_DMA_Enable.h **** static cydma_callback_t PM_DMA_Enable_SetInterruptCallback(cydma_callback_t callback);
  69:Generated_Source\PSoC4/PM_DMA_Enable.h **** static cydma_callback_t PM_DMA_Enable_GetInterruptCallback(void);
  70:Generated_Source\PSoC4/PM_DMA_Enable.h **** 
  71:Generated_Source\PSoC4/PM_DMA_Enable.h **** 
  72:Generated_Source\PSoC4/PM_DMA_Enable.h **** /*******************************************************************************
  73:Generated_Source\PSoC4/PM_DMA_Enable.h **** * Function Name: PM_DMA_Enable_ChEnable
  74:Generated_Source\PSoC4/PM_DMA_Enable.h **** ********************************************************************************
  75:Generated_Source\PSoC4/PM_DMA_Enable.h **** *
  76:Generated_Source\PSoC4/PM_DMA_Enable.h **** * Summary:
  77:Generated_Source\PSoC4/PM_DMA_Enable.h **** *  Enables the DMA channel. It is not necessary to call PM_DMA_Enable_ChEnable()
  78:Generated_Source\PSoC4/PM_DMA_Enable.h **** *  because the PM_DMA_Enable_Start() API calls this function, which is the
  79:Generated_Source\PSoC4/PM_DMA_Enable.h **** *  preferred method to begin the component operation.
  80:Generated_Source\PSoC4/PM_DMA_Enable.h **** *
  81:Generated_Source\PSoC4/PM_DMA_Enable.h **** * Parameters:
  82:Generated_Source\PSoC4/PM_DMA_Enable.h **** *  None.
  83:Generated_Source\PSoC4/PM_DMA_Enable.h **** *                   
  84:Generated_Source\PSoC4/PM_DMA_Enable.h **** * Return:
  85:Generated_Source\PSoC4/PM_DMA_Enable.h **** *  None.
  86:Generated_Source\PSoC4/PM_DMA_Enable.h **** *
  87:Generated_Source\PSoC4/PM_DMA_Enable.h **** * Side effect:
  88:Generated_Source\PSoC4/PM_DMA_Enable.h **** *  If this function is called before PM_DMA_Enable_Start(), or PM_DMA_Enable_Init()
ARM GAS  C:\Users\alexport\AppData\Local\Temp\ccunthcd.s 			page 3


  89:Generated_Source\PSoC4/PM_DMA_Enable.h **** *  or PM_DMA_Enable_SetConfiguration(), and PM_DMA_Enable_SetSrcAddress()
  90:Generated_Source\PSoC4/PM_DMA_Enable.h **** *  and PM_DMA_Enable_SetDstAddress the operation of the DMA is 
  91:Generated_Source\PSoC4/PM_DMA_Enable.h **** *  undefined and could result in system data corruption. 
  92:Generated_Source\PSoC4/PM_DMA_Enable.h **** *
  93:Generated_Source\PSoC4/PM_DMA_Enable.h **** *******************************************************************************/
  94:Generated_Source\PSoC4/PM_DMA_Enable.h **** static CY_INLINE void PM_DMA_Enable_ChEnable(void)
  95:Generated_Source\PSoC4/PM_DMA_Enable.h **** {
  27              		.loc 1 95 0
  28              		.cfi_startproc
  29              		@ args = 0, pretend = 0, frame = 0
  30              		@ frame_needed = 1, uses_anonymous_args = 0
  31 0000 80B5     		push	{r7, lr}
  32              		.cfi_def_cfa_offset 8
  33              		.cfi_offset 7, -8
  34              		.cfi_offset 14, -4
  35 0002 00AF     		add	r7, sp, #0
  36              		.cfi_def_cfa_register 7
  96:Generated_Source\PSoC4/PM_DMA_Enable.h ****     CyDmaChEnable(PM_DMA_Enable_CHANNEL);
  37              		.loc 1 96 0
  38 0004 0420     		movs	r0, #4
  39 0006 FFF7FEFF 		bl	CyDmaChEnable
  97:Generated_Source\PSoC4/PM_DMA_Enable.h **** }
  40              		.loc 1 97 0
  41 000a C046     		nop
  42 000c BD46     		mov	sp, r7
  43              		@ sp needed
  44 000e 80BD     		pop	{r7, pc}
  45              		.cfi_endproc
  46              	.LFE0:
  47              		.size	PM_DMA_Enable_ChEnable, .-PM_DMA_Enable_ChEnable
  48              		.section	.text.PM_DMA_Enable_ValidateDescriptor,"ax",%progbits
  49              		.align	2
  50              		.code	16
  51              		.thumb_func
  52              		.type	PM_DMA_Enable_ValidateDescriptor, %function
  53              	PM_DMA_Enable_ValidateDescriptor:
  54              	.LFB8:
  98:Generated_Source\PSoC4/PM_DMA_Enable.h **** 
  99:Generated_Source\PSoC4/PM_DMA_Enable.h **** 
 100:Generated_Source\PSoC4/PM_DMA_Enable.h **** /*******************************************************************************
 101:Generated_Source\PSoC4/PM_DMA_Enable.h **** * Function Name: PM_DMA_Enable_ChDisable
 102:Generated_Source\PSoC4/PM_DMA_Enable.h **** ********************************************************************************
 103:Generated_Source\PSoC4/PM_DMA_Enable.h **** *
 104:Generated_Source\PSoC4/PM_DMA_Enable.h **** * Summary:
 105:Generated_Source\PSoC4/PM_DMA_Enable.h **** *  Disables the DMA channel.
 106:Generated_Source\PSoC4/PM_DMA_Enable.h **** *
 107:Generated_Source\PSoC4/PM_DMA_Enable.h **** * Parameters:
 108:Generated_Source\PSoC4/PM_DMA_Enable.h **** *  None.
 109:Generated_Source\PSoC4/PM_DMA_Enable.h **** *                   
 110:Generated_Source\PSoC4/PM_DMA_Enable.h **** * Return:
 111:Generated_Source\PSoC4/PM_DMA_Enable.h **** *  None.
 112:Generated_Source\PSoC4/PM_DMA_Enable.h **** *
 113:Generated_Source\PSoC4/PM_DMA_Enable.h **** * Side effect:
 114:Generated_Source\PSoC4/PM_DMA_Enable.h **** *  If this function is called during a DMA transfer the transfer is aborted. 
 115:Generated_Source\PSoC4/PM_DMA_Enable.h **** *
 116:Generated_Source\PSoC4/PM_DMA_Enable.h **** *******************************************************************************/
 117:Generated_Source\PSoC4/PM_DMA_Enable.h **** static CY_INLINE void PM_DMA_Enable_ChDisable(void)
ARM GAS  C:\Users\alexport\AppData\Local\Temp\ccunthcd.s 			page 4


 118:Generated_Source\PSoC4/PM_DMA_Enable.h **** {
 119:Generated_Source\PSoC4/PM_DMA_Enable.h ****     CyDmaChDisable(PM_DMA_Enable_CHANNEL);
 120:Generated_Source\PSoC4/PM_DMA_Enable.h **** }
 121:Generated_Source\PSoC4/PM_DMA_Enable.h **** 
 122:Generated_Source\PSoC4/PM_DMA_Enable.h **** 
 123:Generated_Source\PSoC4/PM_DMA_Enable.h **** /*******************************************************************************
 124:Generated_Source\PSoC4/PM_DMA_Enable.h **** * Function Name: PM_DMA_Enable_Trigger
 125:Generated_Source\PSoC4/PM_DMA_Enable.h **** ********************************************************************************
 126:Generated_Source\PSoC4/PM_DMA_Enable.h **** *
 127:Generated_Source\PSoC4/PM_DMA_Enable.h **** * Summary:
 128:Generated_Source\PSoC4/PM_DMA_Enable.h **** *  Triggers the DMA channel, this is useful only for software triggers. This is
 129:Generated_Source\PSoC4/PM_DMA_Enable.h **** *  not needed when hardware triggers are used.
 130:Generated_Source\PSoC4/PM_DMA_Enable.h **** *
 131:Generated_Source\PSoC4/PM_DMA_Enable.h **** * Parameters:
 132:Generated_Source\PSoC4/PM_DMA_Enable.h **** *  None.
 133:Generated_Source\PSoC4/PM_DMA_Enable.h **** *                   
 134:Generated_Source\PSoC4/PM_DMA_Enable.h **** * Return:
 135:Generated_Source\PSoC4/PM_DMA_Enable.h **** *  None. 
 136:Generated_Source\PSoC4/PM_DMA_Enable.h **** *
 137:Generated_Source\PSoC4/PM_DMA_Enable.h **** *******************************************************************************/
 138:Generated_Source\PSoC4/PM_DMA_Enable.h **** static CY_INLINE void PM_DMA_Enable_Trigger(void)
 139:Generated_Source\PSoC4/PM_DMA_Enable.h **** {
 140:Generated_Source\PSoC4/PM_DMA_Enable.h ****     CyDmaTrigger(PM_DMA_Enable_CHANNEL);
 141:Generated_Source\PSoC4/PM_DMA_Enable.h **** }
 142:Generated_Source\PSoC4/PM_DMA_Enable.h **** 
 143:Generated_Source\PSoC4/PM_DMA_Enable.h **** 
 144:Generated_Source\PSoC4/PM_DMA_Enable.h **** /*******************************************************************************
 145:Generated_Source\PSoC4/PM_DMA_Enable.h **** * Function Name: PM_DMA_Enable_SetPriority
 146:Generated_Source\PSoC4/PM_DMA_Enable.h **** ********************************************************************************
 147:Generated_Source\PSoC4/PM_DMA_Enable.h **** *
 148:Generated_Source\PSoC4/PM_DMA_Enable.h **** * Summary:
 149:Generated_Source\PSoC4/PM_DMA_Enable.h **** *  Sets the priority for the channel.
 150:Generated_Source\PSoC4/PM_DMA_Enable.h **** *
 151:Generated_Source\PSoC4/PM_DMA_Enable.h **** * Parameters:
 152:Generated_Source\PSoC4/PM_DMA_Enable.h **** *  priority: Priority for channel. Priority can be 0,1,2, or 3.
 153:Generated_Source\PSoC4/PM_DMA_Enable.h **** *            0 is the highest priority.
 154:Generated_Source\PSoC4/PM_DMA_Enable.h **** *                   
 155:Generated_Source\PSoC4/PM_DMA_Enable.h **** * Return:
 156:Generated_Source\PSoC4/PM_DMA_Enable.h **** *  None.
 157:Generated_Source\PSoC4/PM_DMA_Enable.h **** *
 158:Generated_Source\PSoC4/PM_DMA_Enable.h **** * Side effect:
 159:Generated_Source\PSoC4/PM_DMA_Enable.h **** *  This function should not be called while the channel is enabled.
 160:Generated_Source\PSoC4/PM_DMA_Enable.h **** *
 161:Generated_Source\PSoC4/PM_DMA_Enable.h **** *******************************************************************************/
 162:Generated_Source\PSoC4/PM_DMA_Enable.h **** static CY_INLINE void PM_DMA_Enable_SetPriority(int32 priority)
 163:Generated_Source\PSoC4/PM_DMA_Enable.h **** {
 164:Generated_Source\PSoC4/PM_DMA_Enable.h ****     CyDmaSetPriority(PM_DMA_Enable_CHANNEL, priority);
 165:Generated_Source\PSoC4/PM_DMA_Enable.h **** }
 166:Generated_Source\PSoC4/PM_DMA_Enable.h **** 
 167:Generated_Source\PSoC4/PM_DMA_Enable.h **** 
 168:Generated_Source\PSoC4/PM_DMA_Enable.h **** /*******************************************************************************
 169:Generated_Source\PSoC4/PM_DMA_Enable.h **** * Function Name: PM_DMA_Enable_GetPriority
 170:Generated_Source\PSoC4/PM_DMA_Enable.h **** ********************************************************************************
 171:Generated_Source\PSoC4/PM_DMA_Enable.h **** *
 172:Generated_Source\PSoC4/PM_DMA_Enable.h **** * Summary:
 173:Generated_Source\PSoC4/PM_DMA_Enable.h **** *  Gets the priority for the channel.
 174:Generated_Source\PSoC4/PM_DMA_Enable.h **** *
ARM GAS  C:\Users\alexport\AppData\Local\Temp\ccunthcd.s 			page 5


 175:Generated_Source\PSoC4/PM_DMA_Enable.h **** * Parameters:
 176:Generated_Source\PSoC4/PM_DMA_Enable.h **** *  None.
 177:Generated_Source\PSoC4/PM_DMA_Enable.h **** *                   
 178:Generated_Source\PSoC4/PM_DMA_Enable.h **** * Return:
 179:Generated_Source\PSoC4/PM_DMA_Enable.h **** *  Priority for channel. Priority can be 0,1,2, or 3. 0 is the highest priority.
 180:Generated_Source\PSoC4/PM_DMA_Enable.h **** *
 181:Generated_Source\PSoC4/PM_DMA_Enable.h **** *******************************************************************************/
 182:Generated_Source\PSoC4/PM_DMA_Enable.h **** static CY_INLINE int32 PM_DMA_Enable_GetPriority(void)
 183:Generated_Source\PSoC4/PM_DMA_Enable.h **** {
 184:Generated_Source\PSoC4/PM_DMA_Enable.h ****     return (CyDmaGetPriority(PM_DMA_Enable_CHANNEL));
 185:Generated_Source\PSoC4/PM_DMA_Enable.h **** }
 186:Generated_Source\PSoC4/PM_DMA_Enable.h **** 
 187:Generated_Source\PSoC4/PM_DMA_Enable.h **** 
 188:Generated_Source\PSoC4/PM_DMA_Enable.h **** /*******************************************************************************
 189:Generated_Source\PSoC4/PM_DMA_Enable.h **** * Function Name: PM_DMA_Enable_SetNextDescriptor
 190:Generated_Source\PSoC4/PM_DMA_Enable.h **** ********************************************************************************
 191:Generated_Source\PSoC4/PM_DMA_Enable.h **** *
 192:Generated_Source\PSoC4/PM_DMA_Enable.h **** * Summary:
 193:Generated_Source\PSoC4/PM_DMA_Enable.h **** *  Sets the descriptor that should be run the next time the channel is
 194:Generated_Source\PSoC4/PM_DMA_Enable.h **** *  triggered.
 195:Generated_Source\PSoC4/PM_DMA_Enable.h **** *
 196:Generated_Source\PSoC4/PM_DMA_Enable.h **** * Parameters:
 197:Generated_Source\PSoC4/PM_DMA_Enable.h **** *  descriptor: Next Descriptor to run (0 or 1).
 198:Generated_Source\PSoC4/PM_DMA_Enable.h **** *                   
 199:Generated_Source\PSoC4/PM_DMA_Enable.h **** * Side effect:
 200:Generated_Source\PSoC4/PM_DMA_Enable.h **** *  This function should not be called while the channel is enabled.
 201:Generated_Source\PSoC4/PM_DMA_Enable.h **** *
 202:Generated_Source\PSoC4/PM_DMA_Enable.h **** *******************************************************************************/
 203:Generated_Source\PSoC4/PM_DMA_Enable.h **** static CY_INLINE void PM_DMA_Enable_SetNextDescriptor(int32 descriptor)
 204:Generated_Source\PSoC4/PM_DMA_Enable.h **** {
 205:Generated_Source\PSoC4/PM_DMA_Enable.h ****     CyDmaSetNextDescriptor(PM_DMA_Enable_CHANNEL, descriptor);
 206:Generated_Source\PSoC4/PM_DMA_Enable.h **** }
 207:Generated_Source\PSoC4/PM_DMA_Enable.h **** 
 208:Generated_Source\PSoC4/PM_DMA_Enable.h **** 
 209:Generated_Source\PSoC4/PM_DMA_Enable.h **** /*******************************************************************************
 210:Generated_Source\PSoC4/PM_DMA_Enable.h **** * Function Name: PM_DMA_Enable_GetNextDescriptor
 211:Generated_Source\PSoC4/PM_DMA_Enable.h **** ********************************************************************************
 212:Generated_Source\PSoC4/PM_DMA_Enable.h **** *
 213:Generated_Source\PSoC4/PM_DMA_Enable.h **** * Summary:
 214:Generated_Source\PSoC4/PM_DMA_Enable.h **** *  Returns the next descriptor that should be run, as set by 
 215:Generated_Source\PSoC4/PM_DMA_Enable.h **** *  PM_DMA_Enable_SetNextDescriptor().
 216:Generated_Source\PSoC4/PM_DMA_Enable.h **** *
 217:Generated_Source\PSoC4/PM_DMA_Enable.h **** * Parameters:
 218:Generated_Source\PSoC4/PM_DMA_Enable.h **** *  None.
 219:Generated_Source\PSoC4/PM_DMA_Enable.h **** *                   
 220:Generated_Source\PSoC4/PM_DMA_Enable.h **** * Return:
 221:Generated_Source\PSoC4/PM_DMA_Enable.h **** *  Next Descriptor to run (0 or 1).
 222:Generated_Source\PSoC4/PM_DMA_Enable.h **** *
 223:Generated_Source\PSoC4/PM_DMA_Enable.h **** *******************************************************************************/
 224:Generated_Source\PSoC4/PM_DMA_Enable.h **** static CY_INLINE int32 PM_DMA_Enable_GetNextDescriptor(void)
 225:Generated_Source\PSoC4/PM_DMA_Enable.h **** {
 226:Generated_Source\PSoC4/PM_DMA_Enable.h ****     return (CyDmaGetNextDescriptor(PM_DMA_Enable_CHANNEL));
 227:Generated_Source\PSoC4/PM_DMA_Enable.h **** }
 228:Generated_Source\PSoC4/PM_DMA_Enable.h **** 
 229:Generated_Source\PSoC4/PM_DMA_Enable.h **** 
 230:Generated_Source\PSoC4/PM_DMA_Enable.h **** /*******************************************************************************
 231:Generated_Source\PSoC4/PM_DMA_Enable.h **** * Function Name: PM_DMA_Enable_SetConfiguration
ARM GAS  C:\Users\alexport\AppData\Local\Temp\ccunthcd.s 			page 6


 232:Generated_Source\PSoC4/PM_DMA_Enable.h **** ********************************************************************************
 233:Generated_Source\PSoC4/PM_DMA_Enable.h **** *
 234:Generated_Source\PSoC4/PM_DMA_Enable.h **** * Summary:
 235:Generated_Source\PSoC4/PM_DMA_Enable.h **** *  Sets configuration information for the specified descriptor.
 236:Generated_Source\PSoC4/PM_DMA_Enable.h **** *
 237:Generated_Source\PSoC4/PM_DMA_Enable.h **** * Parameters:
 238:Generated_Source\PSoC4/PM_DMA_Enable.h **** *  descriptor: Descriptor (0 or 1) modified by this function.
 239:Generated_Source\PSoC4/PM_DMA_Enable.h **** *  config: Pointer to a configuration structure. Refer to cydma_init_struct
 240:Generated_Source\PSoC4/PM_DMA_Enable.h **** *          structure definition in CyDMA_P4.h or the component datasheet.
 241:Generated_Source\PSoC4/PM_DMA_Enable.h **** *                   
 242:Generated_Source\PSoC4/PM_DMA_Enable.h **** * Return:
 243:Generated_Source\PSoC4/PM_DMA_Enable.h **** *  None.
 244:Generated_Source\PSoC4/PM_DMA_Enable.h **** *
 245:Generated_Source\PSoC4/PM_DMA_Enable.h **** * Side effect:
 246:Generated_Source\PSoC4/PM_DMA_Enable.h **** *  The status register associated with the specified descriptor is reset to
 247:Generated_Source\PSoC4/PM_DMA_Enable.h **** *  zero after this function call. This function also validates the descriptor.
 248:Generated_Source\PSoC4/PM_DMA_Enable.h **** *  This function should not be called while the descriptor is active.
 249:Generated_Source\PSoC4/PM_DMA_Enable.h **** *  This can be checked by calling CyDmaGetStatus().
 250:Generated_Source\PSoC4/PM_DMA_Enable.h **** *
 251:Generated_Source\PSoC4/PM_DMA_Enable.h **** *******************************************************************************/
 252:Generated_Source\PSoC4/PM_DMA_Enable.h **** static CY_INLINE void PM_DMA_Enable_SetConfiguration(int32 descriptor, const cydma_init_struct * co
 253:Generated_Source\PSoC4/PM_DMA_Enable.h **** {
 254:Generated_Source\PSoC4/PM_DMA_Enable.h ****     CyDmaSetConfiguration(PM_DMA_Enable_CHANNEL, descriptor, config);
 255:Generated_Source\PSoC4/PM_DMA_Enable.h **** }
 256:Generated_Source\PSoC4/PM_DMA_Enable.h **** 
 257:Generated_Source\PSoC4/PM_DMA_Enable.h **** 
 258:Generated_Source\PSoC4/PM_DMA_Enable.h **** /*******************************************************************************
 259:Generated_Source\PSoC4/PM_DMA_Enable.h **** * Function Name: PM_DMA_Enable_ValidateDescriptor
 260:Generated_Source\PSoC4/PM_DMA_Enable.h **** ********************************************************************************
 261:Generated_Source\PSoC4/PM_DMA_Enable.h **** *
 262:Generated_Source\PSoC4/PM_DMA_Enable.h **** * Summary:
 263:Generated_Source\PSoC4/PM_DMA_Enable.h **** *  Validates the specified descriptor after it has been invalidated.
 264:Generated_Source\PSoC4/PM_DMA_Enable.h **** *
 265:Generated_Source\PSoC4/PM_DMA_Enable.h **** * Parameters:
 266:Generated_Source\PSoC4/PM_DMA_Enable.h **** *  descriptor: Descriptor (0 or 1) modified by this function.
 267:Generated_Source\PSoC4/PM_DMA_Enable.h **** *                   
 268:Generated_Source\PSoC4/PM_DMA_Enable.h **** * Return:
 269:Generated_Source\PSoC4/PM_DMA_Enable.h **** *  None. 
 270:Generated_Source\PSoC4/PM_DMA_Enable.h **** *
 271:Generated_Source\PSoC4/PM_DMA_Enable.h **** * Side effect:
 272:Generated_Source\PSoC4/PM_DMA_Enable.h **** *  The status register associated with the specified descriptor is reset to
 273:Generated_Source\PSoC4/PM_DMA_Enable.h **** *  zero after this function call. This function should not be called while the
 274:Generated_Source\PSoC4/PM_DMA_Enable.h **** *  descriptor is active. This can be checked by calling CyDmaGetStatus().
 275:Generated_Source\PSoC4/PM_DMA_Enable.h **** *
 276:Generated_Source\PSoC4/PM_DMA_Enable.h **** *******************************************************************************/
 277:Generated_Source\PSoC4/PM_DMA_Enable.h **** static CY_INLINE void PM_DMA_Enable_ValidateDescriptor(int32 descriptor)
 278:Generated_Source\PSoC4/PM_DMA_Enable.h **** {
  55              		.loc 1 278 0
  56              		.cfi_startproc
  57              		@ args = 0, pretend = 0, frame = 8
  58              		@ frame_needed = 1, uses_anonymous_args = 0
  59 0000 80B5     		push	{r7, lr}
  60              		.cfi_def_cfa_offset 8
  61              		.cfi_offset 7, -8
  62              		.cfi_offset 14, -4
  63 0002 82B0     		sub	sp, sp, #8
  64              		.cfi_def_cfa_offset 16
ARM GAS  C:\Users\alexport\AppData\Local\Temp\ccunthcd.s 			page 7


  65 0004 00AF     		add	r7, sp, #0
  66              		.cfi_def_cfa_register 7
  67 0006 7860     		str	r0, [r7, #4]
 279:Generated_Source\PSoC4/PM_DMA_Enable.h ****     CyDmaValidateDescriptor(PM_DMA_Enable_CHANNEL, descriptor);
  68              		.loc 1 279 0
  69 0008 7B68     		ldr	r3, [r7, #4]
  70 000a 1900     		movs	r1, r3
  71 000c 0420     		movs	r0, #4
  72 000e FFF7FEFF 		bl	CyDmaValidateDescriptor
 280:Generated_Source\PSoC4/PM_DMA_Enable.h **** }
  73              		.loc 1 280 0
  74 0012 C046     		nop
  75 0014 BD46     		mov	sp, r7
  76 0016 02B0     		add	sp, sp, #8
  77              		@ sp needed
  78 0018 80BD     		pop	{r7, pc}
  79              		.cfi_endproc
  80              	.LFE8:
  81              		.size	PM_DMA_Enable_ValidateDescriptor, .-PM_DMA_Enable_ValidateDescriptor
  82 001a C046     		.section	.text.PM_DMA_Enable_SetSrcAddress,"ax",%progbits
  83              		.align	2
  84              		.code	16
  85              		.thumb_func
  86              		.type	PM_DMA_Enable_SetSrcAddress, %function
  87              	PM_DMA_Enable_SetSrcAddress:
  88              	.LFB10:
 281:Generated_Source\PSoC4/PM_DMA_Enable.h **** 
 282:Generated_Source\PSoC4/PM_DMA_Enable.h **** 
 283:Generated_Source\PSoC4/PM_DMA_Enable.h **** /*******************************************************************************
 284:Generated_Source\PSoC4/PM_DMA_Enable.h **** * Function Name: PM_DMA_Enable_GetDescriptorStatus
 285:Generated_Source\PSoC4/PM_DMA_Enable.h **** ********************************************************************************
 286:Generated_Source\PSoC4/PM_DMA_Enable.h **** *
 287:Generated_Source\PSoC4/PM_DMA_Enable.h **** * Summary:
 288:Generated_Source\PSoC4/PM_DMA_Enable.h **** *  Returns the status of the specified descriptor.
 289:Generated_Source\PSoC4/PM_DMA_Enable.h **** *
 290:Generated_Source\PSoC4/PM_DMA_Enable.h **** * Parameters:
 291:Generated_Source\PSoC4/PM_DMA_Enable.h **** *  descriptor: Descriptor (0 or 1) modified by this function.
 292:Generated_Source\PSoC4/PM_DMA_Enable.h **** *                   
 293:Generated_Source\PSoC4/PM_DMA_Enable.h **** * Return:
 294:Generated_Source\PSoC4/PM_DMA_Enable.h **** *  Returns the contents of the specified descriptors status register. Refer to 
 295:Generated_Source\PSoC4/PM_DMA_Enable.h **** *  descriptor status register bit definitions in CyDMA_P4.h or the API
 296:Generated_Source\PSoC4/PM_DMA_Enable.h **** *  description in the DMA channel datasheet for more information.
 297:Generated_Source\PSoC4/PM_DMA_Enable.h **** *
 298:Generated_Source\PSoC4/PM_DMA_Enable.h **** *******************************************************************************/
 299:Generated_Source\PSoC4/PM_DMA_Enable.h **** static CY_INLINE uint32 PM_DMA_Enable_GetDescriptorStatus(int32 descriptor)
 300:Generated_Source\PSoC4/PM_DMA_Enable.h **** {
 301:Generated_Source\PSoC4/PM_DMA_Enable.h ****     return (CyDmaGetDescriptorStatus(PM_DMA_Enable_CHANNEL, descriptor));
 302:Generated_Source\PSoC4/PM_DMA_Enable.h **** }
 303:Generated_Source\PSoC4/PM_DMA_Enable.h **** 
 304:Generated_Source\PSoC4/PM_DMA_Enable.h **** 
 305:Generated_Source\PSoC4/PM_DMA_Enable.h **** /*******************************************************************************
 306:Generated_Source\PSoC4/PM_DMA_Enable.h **** * Function Name: PM_DMA_Enable_SetSrcAddress
 307:Generated_Source\PSoC4/PM_DMA_Enable.h **** ********************************************************************************
 308:Generated_Source\PSoC4/PM_DMA_Enable.h **** *
 309:Generated_Source\PSoC4/PM_DMA_Enable.h **** * Summary:
 310:Generated_Source\PSoC4/PM_DMA_Enable.h **** *  Configures the source address for the specified descriptor.
 311:Generated_Source\PSoC4/PM_DMA_Enable.h **** *
ARM GAS  C:\Users\alexport\AppData\Local\Temp\ccunthcd.s 			page 8


 312:Generated_Source\PSoC4/PM_DMA_Enable.h **** * Parameters:
 313:Generated_Source\PSoC4/PM_DMA_Enable.h **** *  descriptor: Descriptor (0 or 1) modified by this function.
 314:Generated_Source\PSoC4/PM_DMA_Enable.h **** *  srcAddress: Address of DMA transfer source.
 315:Generated_Source\PSoC4/PM_DMA_Enable.h **** *                   
 316:Generated_Source\PSoC4/PM_DMA_Enable.h **** * Return:
 317:Generated_Source\PSoC4/PM_DMA_Enable.h **** *  None.
 318:Generated_Source\PSoC4/PM_DMA_Enable.h **** *
 319:Generated_Source\PSoC4/PM_DMA_Enable.h **** * Side effect:
 320:Generated_Source\PSoC4/PM_DMA_Enable.h **** *  This function should not be called when the specified descriptor is active
 321:Generated_Source\PSoC4/PM_DMA_Enable.h **** *  in the DMA transfer engine. This can be checked by calling CyDmaGetStatus(). 
 322:Generated_Source\PSoC4/PM_DMA_Enable.h **** *
 323:Generated_Source\PSoC4/PM_DMA_Enable.h **** *******************************************************************************/
 324:Generated_Source\PSoC4/PM_DMA_Enable.h **** static CY_INLINE void PM_DMA_Enable_SetSrcAddress(int32 descriptor, void * srcAddress)
 325:Generated_Source\PSoC4/PM_DMA_Enable.h **** {
  89              		.loc 1 325 0
  90              		.cfi_startproc
  91              		@ args = 0, pretend = 0, frame = 8
  92              		@ frame_needed = 1, uses_anonymous_args = 0
  93 0000 80B5     		push	{r7, lr}
  94              		.cfi_def_cfa_offset 8
  95              		.cfi_offset 7, -8
  96              		.cfi_offset 14, -4
  97 0002 82B0     		sub	sp, sp, #8
  98              		.cfi_def_cfa_offset 16
  99 0004 00AF     		add	r7, sp, #0
 100              		.cfi_def_cfa_register 7
 101 0006 7860     		str	r0, [r7, #4]
 102 0008 3960     		str	r1, [r7]
 326:Generated_Source\PSoC4/PM_DMA_Enable.h ****     CyDmaSetSrcAddress(PM_DMA_Enable_CHANNEL, descriptor, srcAddress);
 103              		.loc 1 326 0
 104 000a 3A68     		ldr	r2, [r7]
 105 000c 7B68     		ldr	r3, [r7, #4]
 106 000e 1900     		movs	r1, r3
 107 0010 0420     		movs	r0, #4
 108 0012 FFF7FEFF 		bl	CyDmaSetSrcAddress
 327:Generated_Source\PSoC4/PM_DMA_Enable.h **** }
 109              		.loc 1 327 0
 110 0016 C046     		nop
 111 0018 BD46     		mov	sp, r7
 112 001a 02B0     		add	sp, sp, #8
 113              		@ sp needed
 114 001c 80BD     		pop	{r7, pc}
 115              		.cfi_endproc
 116              	.LFE10:
 117              		.size	PM_DMA_Enable_SetSrcAddress, .-PM_DMA_Enable_SetSrcAddress
 118 001e C046     		.section	.text.PM_DMA_Enable_SetDstAddress,"ax",%progbits
 119              		.align	2
 120              		.code	16
 121              		.thumb_func
 122              		.type	PM_DMA_Enable_SetDstAddress, %function
 123              	PM_DMA_Enable_SetDstAddress:
 124              	.LFB12:
 328:Generated_Source\PSoC4/PM_DMA_Enable.h **** 
 329:Generated_Source\PSoC4/PM_DMA_Enable.h **** 
 330:Generated_Source\PSoC4/PM_DMA_Enable.h **** /*******************************************************************************
 331:Generated_Source\PSoC4/PM_DMA_Enable.h **** * Function Name: PM_DMA_Enable_GetSrcAddress
 332:Generated_Source\PSoC4/PM_DMA_Enable.h **** ********************************************************************************
ARM GAS  C:\Users\alexport\AppData\Local\Temp\ccunthcd.s 			page 9


 333:Generated_Source\PSoC4/PM_DMA_Enable.h **** *
 334:Generated_Source\PSoC4/PM_DMA_Enable.h **** * Summary:
 335:Generated_Source\PSoC4/PM_DMA_Enable.h **** *  Returns the source address for the specified descriptor, set by either 
 336:Generated_Source\PSoC4/PM_DMA_Enable.h **** *  PM_DMA_Enable_Start() or PM_DMA_Enable_SetSrcAddress().
 337:Generated_Source\PSoC4/PM_DMA_Enable.h **** *
 338:Generated_Source\PSoC4/PM_DMA_Enable.h **** * Parameters:
 339:Generated_Source\PSoC4/PM_DMA_Enable.h **** *  descriptor: Specifies descriptor (0 or 1) used by this function.
 340:Generated_Source\PSoC4/PM_DMA_Enable.h **** *                   
 341:Generated_Source\PSoC4/PM_DMA_Enable.h **** * Return:
 342:Generated_Source\PSoC4/PM_DMA_Enable.h **** *  Source address written to specified descriptor.
 343:Generated_Source\PSoC4/PM_DMA_Enable.h **** *
 344:Generated_Source\PSoC4/PM_DMA_Enable.h **** *******************************************************************************/
 345:Generated_Source\PSoC4/PM_DMA_Enable.h **** static CY_INLINE void * PM_DMA_Enable_GetSrcAddress(int32 descriptor)
 346:Generated_Source\PSoC4/PM_DMA_Enable.h **** {
 347:Generated_Source\PSoC4/PM_DMA_Enable.h ****     return (CyDmaGetSrcAddress(PM_DMA_Enable_CHANNEL, descriptor));
 348:Generated_Source\PSoC4/PM_DMA_Enable.h **** }
 349:Generated_Source\PSoC4/PM_DMA_Enable.h **** 
 350:Generated_Source\PSoC4/PM_DMA_Enable.h **** 
 351:Generated_Source\PSoC4/PM_DMA_Enable.h **** /*******************************************************************************
 352:Generated_Source\PSoC4/PM_DMA_Enable.h **** * Function Name: PM_DMA_Enable_SetDstAddress
 353:Generated_Source\PSoC4/PM_DMA_Enable.h **** ********************************************************************************
 354:Generated_Source\PSoC4/PM_DMA_Enable.h **** *
 355:Generated_Source\PSoC4/PM_DMA_Enable.h **** * Summary:
 356:Generated_Source\PSoC4/PM_DMA_Enable.h **** *  Configures the destination address for the specified descriptor.
 357:Generated_Source\PSoC4/PM_DMA_Enable.h **** *
 358:Generated_Source\PSoC4/PM_DMA_Enable.h **** * Parameters:
 359:Generated_Source\PSoC4/PM_DMA_Enable.h **** *  descriptor: Descriptor (0 or 1) modified by this function.
 360:Generated_Source\PSoC4/PM_DMA_Enable.h **** *  dstAddress: Address of DMA transfer destination.
 361:Generated_Source\PSoC4/PM_DMA_Enable.h **** *                   
 362:Generated_Source\PSoC4/PM_DMA_Enable.h **** * Return:
 363:Generated_Source\PSoC4/PM_DMA_Enable.h **** *  None.
 364:Generated_Source\PSoC4/PM_DMA_Enable.h **** *
 365:Generated_Source\PSoC4/PM_DMA_Enable.h **** * Side effect:
 366:Generated_Source\PSoC4/PM_DMA_Enable.h **** *  This function should not be called when the specified descriptor is active
 367:Generated_Source\PSoC4/PM_DMA_Enable.h **** *  in the DMA transfer engine. This can be checked by calling CyDmaGetStatus(). 
 368:Generated_Source\PSoC4/PM_DMA_Enable.h **** *
 369:Generated_Source\PSoC4/PM_DMA_Enable.h **** *******************************************************************************/
 370:Generated_Source\PSoC4/PM_DMA_Enable.h **** static CY_INLINE void PM_DMA_Enable_SetDstAddress(int32 descriptor, void * dstAddress)
 371:Generated_Source\PSoC4/PM_DMA_Enable.h **** {
 125              		.loc 1 371 0
 126              		.cfi_startproc
 127              		@ args = 0, pretend = 0, frame = 8
 128              		@ frame_needed = 1, uses_anonymous_args = 0
 129 0000 80B5     		push	{r7, lr}
 130              		.cfi_def_cfa_offset 8
 131              		.cfi_offset 7, -8
 132              		.cfi_offset 14, -4
 133 0002 82B0     		sub	sp, sp, #8
 134              		.cfi_def_cfa_offset 16
 135 0004 00AF     		add	r7, sp, #0
 136              		.cfi_def_cfa_register 7
 137 0006 7860     		str	r0, [r7, #4]
 138 0008 3960     		str	r1, [r7]
 372:Generated_Source\PSoC4/PM_DMA_Enable.h ****     CyDmaSetDstAddress(PM_DMA_Enable_CHANNEL, descriptor, dstAddress);
 139              		.loc 1 372 0
 140 000a 3A68     		ldr	r2, [r7]
 141 000c 7B68     		ldr	r3, [r7, #4]
ARM GAS  C:\Users\alexport\AppData\Local\Temp\ccunthcd.s 			page 10


 142 000e 1900     		movs	r1, r3
 143 0010 0420     		movs	r0, #4
 144 0012 FFF7FEFF 		bl	CyDmaSetDstAddress
 373:Generated_Source\PSoC4/PM_DMA_Enable.h **** }
 145              		.loc 1 373 0
 146 0016 C046     		nop
 147 0018 BD46     		mov	sp, r7
 148 001a 02B0     		add	sp, sp, #8
 149              		@ sp needed
 150 001c 80BD     		pop	{r7, pc}
 151              		.cfi_endproc
 152              	.LFE12:
 153              		.size	PM_DMA_Enable_SetDstAddress, .-PM_DMA_Enable_SetDstAddress
 154              		.global	PM_DMA_Enable_initVar
 155 001e C046     		.bss
 156              		.type	PM_DMA_Enable_initVar, %object
 157              		.size	PM_DMA_Enable_initVar, 1
 158              	PM_DMA_Enable_initVar:
 159 0000 00       		.space	1
 160              		.section	.text.PM_DMA_Enable_Start,"ax",%progbits
 161              		.align	2
 162              		.global	PM_DMA_Enable_Start
 163              		.code	16
 164              		.thumb_func
 165              		.type	PM_DMA_Enable_Start, %function
 166              	PM_DMA_Enable_Start:
 167              	.LFB32:
 168              		.file 2 "Generated_Source\\PSoC4\\PM_DMA_Enable.c"
   1:Generated_Source\PSoC4/PM_DMA_Enable.c **** /*******************************************************************************
   2:Generated_Source\PSoC4/PM_DMA_Enable.c **** * File Name: PM_DMA_Enable.h
   3:Generated_Source\PSoC4/PM_DMA_Enable.c **** * Version 1.0
   4:Generated_Source\PSoC4/PM_DMA_Enable.c **** *
   5:Generated_Source\PSoC4/PM_DMA_Enable.c **** * Description:
   6:Generated_Source\PSoC4/PM_DMA_Enable.c **** *  This file contains all of the channel DMA API functions.
   7:Generated_Source\PSoC4/PM_DMA_Enable.c **** *
   8:Generated_Source\PSoC4/PM_DMA_Enable.c **** ********************************************************************************
   9:Generated_Source\PSoC4/PM_DMA_Enable.c **** * Copyright 2015, Cypress Semiconductor Corporation. All rights reserved.
  10:Generated_Source\PSoC4/PM_DMA_Enable.c **** * You may use this file only in accordance with the license, terms, conditions,
  11:Generated_Source\PSoC4/PM_DMA_Enable.c **** * disclaimers, and limitations in the end user license agreement accompanying
  12:Generated_Source\PSoC4/PM_DMA_Enable.c **** * the software package with which this file was provided.
  13:Generated_Source\PSoC4/PM_DMA_Enable.c **** *******************************************************************************/
  14:Generated_Source\PSoC4/PM_DMA_Enable.c **** 
  15:Generated_Source\PSoC4/PM_DMA_Enable.c **** #include "PM_DMA_Enable.h"
  16:Generated_Source\PSoC4/PM_DMA_Enable.c **** 
  17:Generated_Source\PSoC4/PM_DMA_Enable.c **** uint8 PM_DMA_Enable_initVar = 0u;
  18:Generated_Source\PSoC4/PM_DMA_Enable.c **** 
  19:Generated_Source\PSoC4/PM_DMA_Enable.c **** 
  20:Generated_Source\PSoC4/PM_DMA_Enable.c **** /*******************************************************************************
  21:Generated_Source\PSoC4/PM_DMA_Enable.c **** * Function Name: PM_DMA_Enable_Start
  22:Generated_Source\PSoC4/PM_DMA_Enable.c **** ********************************************************************************
  23:Generated_Source\PSoC4/PM_DMA_Enable.c **** *
  24:Generated_Source\PSoC4/PM_DMA_Enable.c **** * Summary:
  25:Generated_Source\PSoC4/PM_DMA_Enable.c **** *  Calls Init() to configure the DMA channel based on the customizer settings if
  26:Generated_Source\PSoC4/PM_DMA_Enable.c **** *  the channel has not been initialized before.
  27:Generated_Source\PSoC4/PM_DMA_Enable.c **** *  Sets source and destination address, validates descriptor 0 and enables the
  28:Generated_Source\PSoC4/PM_DMA_Enable.c **** *  channel. After calling this function the DMA channel is active and waiting
  29:Generated_Source\PSoC4/PM_DMA_Enable.c **** *  for a trigger.
ARM GAS  C:\Users\alexport\AppData\Local\Temp\ccunthcd.s 			page 11


  30:Generated_Source\PSoC4/PM_DMA_Enable.c **** *
  31:Generated_Source\PSoC4/PM_DMA_Enable.c **** * Parameters:
  32:Generated_Source\PSoC4/PM_DMA_Enable.c **** *  srcAddress: Address of DMA transfer source for descriptor 0.
  33:Generated_Source\PSoC4/PM_DMA_Enable.c **** *  dstAddress: Address of DMA transfer destination for descriptor 0.
  34:Generated_Source\PSoC4/PM_DMA_Enable.c **** *                   
  35:Generated_Source\PSoC4/PM_DMA_Enable.c **** * Return:
  36:Generated_Source\PSoC4/PM_DMA_Enable.c **** *  None.
  37:Generated_Source\PSoC4/PM_DMA_Enable.c **** *
  38:Generated_Source\PSoC4/PM_DMA_Enable.c **** *******************************************************************************/
  39:Generated_Source\PSoC4/PM_DMA_Enable.c **** void PM_DMA_Enable_Start(void * srcAddress, void * dstAddress)
  40:Generated_Source\PSoC4/PM_DMA_Enable.c **** {
 169              		.loc 2 40 0
 170              		.cfi_startproc
 171              		@ args = 0, pretend = 0, frame = 8
 172              		@ frame_needed = 1, uses_anonymous_args = 0
 173 0000 80B5     		push	{r7, lr}
 174              		.cfi_def_cfa_offset 8
 175              		.cfi_offset 7, -8
 176              		.cfi_offset 14, -4
 177 0002 82B0     		sub	sp, sp, #8
 178              		.cfi_def_cfa_offset 16
 179 0004 00AF     		add	r7, sp, #0
 180              		.cfi_def_cfa_register 7
 181 0006 7860     		str	r0, [r7, #4]
 182 0008 3960     		str	r1, [r7]
  41:Generated_Source\PSoC4/PM_DMA_Enable.c ****     if(0u == PM_DMA_Enable_initVar)
 183              		.loc 2 41 0
 184 000a 0F4B     		ldr	r3, .L7
 185 000c 1B78     		ldrb	r3, [r3]
 186 000e 002B     		cmp	r3, #0
 187 0010 04D1     		bne	.L6
  42:Generated_Source\PSoC4/PM_DMA_Enable.c ****     {
  43:Generated_Source\PSoC4/PM_DMA_Enable.c ****         PM_DMA_Enable_Init();
 188              		.loc 2 43 0
 189 0012 FFF7FEFF 		bl	PM_DMA_Enable_Init
  44:Generated_Source\PSoC4/PM_DMA_Enable.c ****         PM_DMA_Enable_initVar = 1u;
 190              		.loc 2 44 0
 191 0016 0C4B     		ldr	r3, .L7
 192 0018 0122     		movs	r2, #1
 193 001a 1A70     		strb	r2, [r3]
 194              	.L6:
  45:Generated_Source\PSoC4/PM_DMA_Enable.c ****     }
  46:Generated_Source\PSoC4/PM_DMA_Enable.c ****     CyDmaEnable();
 195              		.loc 2 46 0
 196 001c FFF7FEFF 		bl	CyDmaEnable
  47:Generated_Source\PSoC4/PM_DMA_Enable.c ****     PM_DMA_Enable_SetSrcAddress(0, srcAddress);
 197              		.loc 2 47 0
 198 0020 7B68     		ldr	r3, [r7, #4]
 199 0022 1900     		movs	r1, r3
 200 0024 0020     		movs	r0, #0
 201 0026 FFF7FEFF 		bl	PM_DMA_Enable_SetSrcAddress
  48:Generated_Source\PSoC4/PM_DMA_Enable.c ****     PM_DMA_Enable_SetDstAddress(0, dstAddress);
 202              		.loc 2 48 0
 203 002a 3B68     		ldr	r3, [r7]
 204 002c 1900     		movs	r1, r3
 205 002e 0020     		movs	r0, #0
 206 0030 FFF7FEFF 		bl	PM_DMA_Enable_SetDstAddress
ARM GAS  C:\Users\alexport\AppData\Local\Temp\ccunthcd.s 			page 12


  49:Generated_Source\PSoC4/PM_DMA_Enable.c ****     PM_DMA_Enable_ValidateDescriptor(0);
 207              		.loc 2 49 0
 208 0034 0020     		movs	r0, #0
 209 0036 FFF7FEFF 		bl	PM_DMA_Enable_ValidateDescriptor
  50:Generated_Source\PSoC4/PM_DMA_Enable.c ****     PM_DMA_Enable_ChEnable();
 210              		.loc 2 50 0
 211 003a FFF7FEFF 		bl	PM_DMA_Enable_ChEnable
  51:Generated_Source\PSoC4/PM_DMA_Enable.c **** }
 212              		.loc 2 51 0
 213 003e C046     		nop
 214 0040 BD46     		mov	sp, r7
 215 0042 02B0     		add	sp, sp, #8
 216              		@ sp needed
 217 0044 80BD     		pop	{r7, pc}
 218              	.L8:
 219 0046 C046     		.align	2
 220              	.L7:
 221 0048 00000000 		.word	PM_DMA_Enable_initVar
 222              		.cfi_endproc
 223              	.LFE32:
 224              		.size	PM_DMA_Enable_Start, .-PM_DMA_Enable_Start
 225              		.section	.text.PM_DMA_Enable_Init,"ax",%progbits
 226              		.align	2
 227              		.global	PM_DMA_Enable_Init
 228              		.code	16
 229              		.thumb_func
 230              		.type	PM_DMA_Enable_Init, %function
 231              	PM_DMA_Enable_Init:
 232              	.LFB33:
  52:Generated_Source\PSoC4/PM_DMA_Enable.c **** 
  53:Generated_Source\PSoC4/PM_DMA_Enable.c **** 
  54:Generated_Source\PSoC4/PM_DMA_Enable.c **** /*******************************************************************************
  55:Generated_Source\PSoC4/PM_DMA_Enable.c **** * Function Name: PM_DMA_Enable_Init
  56:Generated_Source\PSoC4/PM_DMA_Enable.c **** ********************************************************************************
  57:Generated_Source\PSoC4/PM_DMA_Enable.c **** *
  58:Generated_Source\PSoC4/PM_DMA_Enable.c **** * Summary:
  59:Generated_Source\PSoC4/PM_DMA_Enable.c **** *  Initializes the DMA channel based on the parameters set in the component
  60:Generated_Source\PSoC4/PM_DMA_Enable.c **** *  customizer. It is not necessary to call PM_DMA_Enable_Init() because the
  61:Generated_Source\PSoC4/PM_DMA_Enable.c **** *  PM_DMA_Enable_Start() API calls this function, which is the preferred method
  62:Generated_Source\PSoC4/PM_DMA_Enable.c **** *  to begin component operation.
  63:Generated_Source\PSoC4/PM_DMA_Enable.c **** *
  64:Generated_Source\PSoC4/PM_DMA_Enable.c **** * Parameters:
  65:Generated_Source\PSoC4/PM_DMA_Enable.c **** *  None.
  66:Generated_Source\PSoC4/PM_DMA_Enable.c **** *                   
  67:Generated_Source\PSoC4/PM_DMA_Enable.c **** * Return:
  68:Generated_Source\PSoC4/PM_DMA_Enable.c **** *  None.
  69:Generated_Source\PSoC4/PM_DMA_Enable.c **** *
  70:Generated_Source\PSoC4/PM_DMA_Enable.c **** * Side effect:
  71:Generated_Source\PSoC4/PM_DMA_Enable.c **** *  The first descriptor is set to descriptor 0. This function should not be
  72:Generated_Source\PSoC4/PM_DMA_Enable.c **** *  called while the channel is enabled. All settings will be reset to their
  73:Generated_Source\PSoC4/PM_DMA_Enable.c **** *  initial values.
  74:Generated_Source\PSoC4/PM_DMA_Enable.c **** *
  75:Generated_Source\PSoC4/PM_DMA_Enable.c **** *******************************************************************************/
  76:Generated_Source\PSoC4/PM_DMA_Enable.c **** void PM_DMA_Enable_Init(void)
  77:Generated_Source\PSoC4/PM_DMA_Enable.c **** {
 233              		.loc 2 77 0
 234              		.cfi_startproc
ARM GAS  C:\Users\alexport\AppData\Local\Temp\ccunthcd.s 			page 13


 235              		@ args = 0, pretend = 0, frame = 0
 236              		@ frame_needed = 1, uses_anonymous_args = 0
 237 0000 80B5     		push	{r7, lr}
 238              		.cfi_def_cfa_offset 8
 239              		.cfi_offset 7, -8
 240              		.cfi_offset 14, -4
 241 0002 00AF     		add	r7, sp, #0
 242              		.cfi_def_cfa_register 7
  78:Generated_Source\PSoC4/PM_DMA_Enable.c ****     CYDMA_CH_CTL_BASE.ctl[PM_DMA_Enable_CHANNEL] = PM_DMA_Enable_CHANNEL_CFG;
 243              		.loc 2 78 0
 244 0004 074B     		ldr	r3, .L10
 245 0006 C022     		movs	r2, #192
 246 0008 9205     		lsls	r2, r2, #22
 247 000a 1A61     		str	r2, [r3, #16]
  79:Generated_Source\PSoC4/PM_DMA_Enable.c ****     CYDMA_DESCR_BASE.descriptor[PM_DMA_Enable_CHANNEL][0].ctl = PM_DMA_Enable_DESCR0_CFG;
 248              		.loc 2 79 0
 249 000c 0649     		ldr	r1, .L10+4
 250 000e 8822     		movs	r2, #136
 251 0010 8023     		movs	r3, #128
 252 0012 1B04     		lsls	r3, r3, #16
 253 0014 8B50     		str	r3, [r1, r2]
  80:Generated_Source\PSoC4/PM_DMA_Enable.c ****     CYDMA_DESCR_BASE.descriptor[PM_DMA_Enable_CHANNEL][1].ctl = PM_DMA_Enable_DESCR1_CFG;
 254              		.loc 2 80 0
 255 0016 044A     		ldr	r2, .L10+4
 256 0018 9823     		movs	r3, #152
 257 001a 0021     		movs	r1, #0
 258 001c D150     		str	r1, [r2, r3]
  81:Generated_Source\PSoC4/PM_DMA_Enable.c **** 
  82:Generated_Source\PSoC4/PM_DMA_Enable.c ****     /* If the Generate IRQ option is selected for descriptor 0 or 1, set the
  83:Generated_Source\PSoC4/PM_DMA_Enable.c ****     * channel bit field in the DMA interrupt mask register.
  84:Generated_Source\PSoC4/PM_DMA_Enable.c ****     */
  85:Generated_Source\PSoC4/PM_DMA_Enable.c ****     #if (0u != ((PM_DMA_Enable_DESCR0_CFG | PM_DMA_Enable_DESCR1_CFG) & CYDMA_GENERATE_IRQ))
  86:Generated_Source\PSoC4/PM_DMA_Enable.c ****         CYDMA_INTR_MASK_REG |= PM_DMA_Enable_CHANNEL_MASK;
  87:Generated_Source\PSoC4/PM_DMA_Enable.c ****     #endif /* (0u != ((PM_DMA_Enable_DESCR0_CFG | PM_DMA_Enable_DESCR1_CFG) & CYDMA_GENERATE_IRQ)) 
  88:Generated_Source\PSoC4/PM_DMA_Enable.c **** }
 259              		.loc 2 88 0
 260 001e C046     		nop
 261 0020 BD46     		mov	sp, r7
 262              		@ sp needed
 263 0022 80BD     		pop	{r7, pc}
 264              	.L11:
 265              		.align	2
 266              	.L10:
 267 0024 80101040 		.word	1074794624
 268 0028 00181040 		.word	1074796544
 269              		.cfi_endproc
 270              	.LFE33:
 271              		.size	PM_DMA_Enable_Init, .-PM_DMA_Enable_Init
 272              		.text
 273              	.Letext0:
 274              		.file 3 "Generated_Source\\PSoC4\\cytypes.h"
 275              		.file 4 "Generated_Source\\PSoC4\\CyDMA.h"
 276              		.section	.debug_info,"",%progbits
 277              	.Ldebug_info0:
 278 0000 4A020000 		.4byte	0x24a
 279 0004 0400     		.2byte	0x4
 280 0006 00000000 		.4byte	.Ldebug_abbrev0
ARM GAS  C:\Users\alexport\AppData\Local\Temp\ccunthcd.s 			page 14


 281 000a 04       		.byte	0x4
 282 000b 01       		.uleb128 0x1
 283 000c 22010000 		.4byte	.LASF26
 284 0010 0C       		.byte	0xc
 285 0011 8D000000 		.4byte	.LASF27
 286 0015 31000000 		.4byte	.LASF28
 287 0019 00000000 		.4byte	.Ldebug_ranges0+0
 288 001d 00000000 		.4byte	0
 289 0021 00000000 		.4byte	.Ldebug_line0
 290 0025 02       		.uleb128 0x2
 291 0026 01       		.byte	0x1
 292 0027 06       		.byte	0x6
 293 0028 BE010000 		.4byte	.LASF0
 294 002c 02       		.uleb128 0x2
 295 002d 01       		.byte	0x1
 296 002e 08       		.byte	0x8
 297 002f B0010000 		.4byte	.LASF1
 298 0033 02       		.uleb128 0x2
 299 0034 02       		.byte	0x2
 300 0035 05       		.byte	0x5
 301 0036 1E000000 		.4byte	.LASF2
 302 003a 02       		.uleb128 0x2
 303 003b 02       		.byte	0x2
 304 003c 07       		.byte	0x7
 305 003d EE010000 		.4byte	.LASF3
 306 0041 02       		.uleb128 0x2
 307 0042 04       		.byte	0x4
 308 0043 05       		.byte	0x5
 309 0044 19010000 		.4byte	.LASF4
 310 0048 02       		.uleb128 0x2
 311 0049 04       		.byte	0x4
 312 004a 07       		.byte	0x7
 313 004b 90020000 		.4byte	.LASF5
 314 004f 02       		.uleb128 0x2
 315 0050 08       		.byte	0x8
 316 0051 05       		.byte	0x5
 317 0052 0B010000 		.4byte	.LASF6
 318 0056 02       		.uleb128 0x2
 319 0057 08       		.byte	0x8
 320 0058 07       		.byte	0x7
 321 0059 CA010000 		.4byte	.LASF7
 322 005d 03       		.uleb128 0x3
 323 005e 04       		.byte	0x4
 324 005f 05       		.byte	0x5
 325 0060 696E7400 		.ascii	"int\000"
 326 0064 02       		.uleb128 0x2
 327 0065 04       		.byte	0x4
 328 0066 07       		.byte	0x7
 329 0067 E1010000 		.4byte	.LASF8
 330 006b 04       		.uleb128 0x4
 331 006c CD000000 		.4byte	.LASF9
 332 0070 03       		.byte	0x3
 333 0071 FC01     		.2byte	0x1fc
 334 0073 2C000000 		.4byte	0x2c
 335 0077 04       		.uleb128 0x4
 336 0078 89020000 		.4byte	.LASF10
 337 007c 03       		.byte	0x3
ARM GAS  C:\Users\alexport\AppData\Local\Temp\ccunthcd.s 			page 15


 338 007d FE01     		.2byte	0x1fe
 339 007f 48000000 		.4byte	0x48
 340 0083 04       		.uleb128 0x4
 341 0084 A2020000 		.4byte	.LASF11
 342 0088 03       		.byte	0x3
 343 0089 0102     		.2byte	0x201
 344 008b 41000000 		.4byte	0x41
 345 008f 02       		.uleb128 0x2
 346 0090 04       		.byte	0x4
 347 0091 04       		.byte	0x4
 348 0092 05010000 		.4byte	.LASF12
 349 0096 02       		.uleb128 0x2
 350 0097 08       		.byte	0x8
 351 0098 04       		.byte	0x4
 352 0099 A8020000 		.4byte	.LASF13
 353 009d 02       		.uleb128 0x2
 354 009e 01       		.byte	0x1
 355 009f 08       		.byte	0x8
 356 00a0 40020000 		.4byte	.LASF14
 357 00a4 05       		.uleb128 0x5
 358 00a5 20       		.byte	0x20
 359 00a6 04       		.byte	0x4
 360 00a7 26       		.byte	0x26
 361 00a8 B9000000 		.4byte	0xb9
 362 00ac 06       		.uleb128 0x6
 363 00ad 63746C00 		.ascii	"ctl\000"
 364 00b1 04       		.byte	0x4
 365 00b2 28       		.byte	0x28
 366 00b3 B9000000 		.4byte	0xb9
 367 00b7 00       		.byte	0
 368 00b8 00       		.byte	0
 369 00b9 07       		.uleb128 0x7
 370 00ba 77000000 		.4byte	0x77
 371 00be C9000000 		.4byte	0xc9
 372 00c2 08       		.uleb128 0x8
 373 00c3 C9000000 		.4byte	0xc9
 374 00c7 07       		.byte	0x7
 375 00c8 00       		.byte	0
 376 00c9 02       		.uleb128 0x2
 377 00ca 04       		.byte	0x4
 378 00cb 07       		.byte	0x7
 379 00cc 28000000 		.4byte	.LASF15
 380 00d0 09       		.uleb128 0x9
 381 00d1 B4000000 		.4byte	.LASF16
 382 00d5 04       		.byte	0x4
 383 00d6 29       		.byte	0x29
 384 00d7 A4000000 		.4byte	0xa4
 385 00db 05       		.uleb128 0x5
 386 00dc 10       		.byte	0x10
 387 00dd 04       		.byte	0x4
 388 00de 2C       		.byte	0x2c
 389 00df 14010000 		.4byte	0x114
 390 00e3 06       		.uleb128 0x6
 391 00e4 73726300 		.ascii	"src\000"
 392 00e8 04       		.byte	0x4
 393 00e9 2E       		.byte	0x2e
 394 00ea 14010000 		.4byte	0x114
ARM GAS  C:\Users\alexport\AppData\Local\Temp\ccunthcd.s 			page 16


 395 00ee 00       		.byte	0
 396 00ef 06       		.uleb128 0x6
 397 00f0 64737400 		.ascii	"dst\000"
 398 00f4 04       		.byte	0x4
 399 00f5 2F       		.byte	0x2f
 400 00f6 14010000 		.4byte	0x114
 401 00fa 04       		.byte	0x4
 402 00fb 06       		.uleb128 0x6
 403 00fc 63746C00 		.ascii	"ctl\000"
 404 0100 04       		.byte	0x4
 405 0101 30       		.byte	0x30
 406 0102 77000000 		.4byte	0x77
 407 0106 08       		.byte	0x8
 408 0107 0A       		.uleb128 0xa
 409 0108 01020000 		.4byte	.LASF17
 410 010c 04       		.byte	0x4
 411 010d 31       		.byte	0x31
 412 010e 77000000 		.4byte	0x77
 413 0112 0C       		.byte	0xc
 414 0113 00       		.byte	0
 415 0114 0B       		.uleb128 0xb
 416 0115 04       		.byte	0x4
 417 0116 09       		.uleb128 0x9
 418 0117 45020000 		.4byte	.LASF18
 419 011b 04       		.byte	0x4
 420 011c 32       		.byte	0x32
 421 011d DB000000 		.4byte	0xdb
 422 0121 0C       		.uleb128 0xc
 423 0122 0001     		.2byte	0x100
 424 0124 04       		.byte	0x4
 425 0125 38       		.byte	0x38
 426 0126 37010000 		.4byte	0x137
 427 012a 0A       		.uleb128 0xa
 428 012b C3020000 		.4byte	.LASF19
 429 012f 04       		.byte	0x4
 430 0130 3A       		.byte	0x3a
 431 0131 37010000 		.4byte	0x137
 432 0135 00       		.byte	0
 433 0136 00       		.byte	0
 434 0137 07       		.uleb128 0x7
 435 0138 16010000 		.4byte	0x116
 436 013c 4D010000 		.4byte	0x14d
 437 0140 08       		.uleb128 0x8
 438 0141 C9000000 		.4byte	0xc9
 439 0145 07       		.byte	0x7
 440 0146 08       		.uleb128 0x8
 441 0147 C9000000 		.4byte	0xc9
 442 014b 01       		.byte	0x1
 443 014c 00       		.byte	0
 444 014d 09       		.uleb128 0x9
 445 014e 08020000 		.4byte	.LASF20
 446 0152 04       		.byte	0x4
 447 0153 3B       		.byte	0x3b
 448 0154 21010000 		.4byte	0x121
 449 0158 0D       		.uleb128 0xd
 450 0159 76000000 		.4byte	.LASF29
 451 015d 01       		.byte	0x1
ARM GAS  C:\Users\alexport\AppData\Local\Temp\ccunthcd.s 			page 17


 452 015e 5E       		.byte	0x5e
 453 015f 00000000 		.4byte	.LFB0
 454 0163 10000000 		.4byte	.LFE0-.LFB0
 455 0167 01       		.uleb128 0x1
 456 0168 9C       		.byte	0x9c
 457 0169 0E       		.uleb128 0xe
 458 016a 68020000 		.4byte	.LASF21
 459 016e 01       		.byte	0x1
 460 016f 1501     		.2byte	0x115
 461 0171 00000000 		.4byte	.LFB8
 462 0175 1A000000 		.4byte	.LFE8-.LFB8
 463 0179 01       		.uleb128 0x1
 464 017a 9C       		.byte	0x9c
 465 017b 8F010000 		.4byte	0x18f
 466 017f 0F       		.uleb128 0xf
 467 0180 C3020000 		.4byte	.LASF19
 468 0184 01       		.byte	0x1
 469 0185 1501     		.2byte	0x115
 470 0187 83000000 		.4byte	0x83
 471 018b 02       		.uleb128 0x2
 472 018c 91       		.byte	0x91
 473 018d 74       		.sleb128 -12
 474 018e 00       		.byte	0
 475 018f 0E       		.uleb128 0xe
 476 0190 D3000000 		.4byte	.LASF22
 477 0194 01       		.byte	0x1
 478 0195 4401     		.2byte	0x144
 479 0197 00000000 		.4byte	.LFB10
 480 019b 1E000000 		.4byte	.LFE10-.LFB10
 481 019f 01       		.uleb128 0x1
 482 01a0 9C       		.byte	0x9c
 483 01a1 C4010000 		.4byte	0x1c4
 484 01a5 0F       		.uleb128 0xf
 485 01a6 C3020000 		.4byte	.LASF19
 486 01aa 01       		.byte	0x1
 487 01ab 4401     		.2byte	0x144
 488 01ad 83000000 		.4byte	0x83
 489 01b1 02       		.uleb128 0x2
 490 01b2 91       		.byte	0x91
 491 01b3 74       		.sleb128 -12
 492 01b4 0F       		.uleb128 0xf
 493 01b5 5D020000 		.4byte	.LASF23
 494 01b9 01       		.byte	0x1
 495 01ba 4401     		.2byte	0x144
 496 01bc 14010000 		.4byte	0x114
 497 01c0 02       		.uleb128 0x2
 498 01c1 91       		.byte	0x91
 499 01c2 70       		.sleb128 -16
 500 01c3 00       		.byte	0
 501 01c4 0E       		.uleb128 0xe
 502 01c5 24020000 		.4byte	.LASF24
 503 01c9 01       		.byte	0x1
 504 01ca 7201     		.2byte	0x172
 505 01cc 00000000 		.4byte	.LFB12
 506 01d0 1E000000 		.4byte	.LFE12-.LFB12
 507 01d4 01       		.uleb128 0x1
 508 01d5 9C       		.byte	0x9c
ARM GAS  C:\Users\alexport\AppData\Local\Temp\ccunthcd.s 			page 18


 509 01d6 F9010000 		.4byte	0x1f9
 510 01da 0F       		.uleb128 0xf
 511 01db C3020000 		.4byte	.LASF19
 512 01df 01       		.byte	0x1
 513 01e0 7201     		.2byte	0x172
 514 01e2 83000000 		.4byte	0x83
 515 01e6 02       		.uleb128 0x2
 516 01e7 91       		.byte	0x91
 517 01e8 74       		.sleb128 -12
 518 01e9 0F       		.uleb128 0xf
 519 01ea 13000000 		.4byte	.LASF25
 520 01ee 01       		.byte	0x1
 521 01ef 7201     		.2byte	0x172
 522 01f1 14010000 		.4byte	0x114
 523 01f5 02       		.uleb128 0x2
 524 01f6 91       		.byte	0x91
 525 01f7 70       		.sleb128 -16
 526 01f8 00       		.byte	0
 527 01f9 10       		.uleb128 0x10
 528 01fa AF020000 		.4byte	.LASF30
 529 01fe 02       		.byte	0x2
 530 01ff 27       		.byte	0x27
 531 0200 00000000 		.4byte	.LFB32
 532 0204 4C000000 		.4byte	.LFE32-.LFB32
 533 0208 01       		.uleb128 0x1
 534 0209 9C       		.byte	0x9c
 535 020a 2B020000 		.4byte	0x22b
 536 020e 11       		.uleb128 0x11
 537 020f 5D020000 		.4byte	.LASF23
 538 0213 02       		.byte	0x2
 539 0214 27       		.byte	0x27
 540 0215 14010000 		.4byte	0x114
 541 0219 02       		.uleb128 0x2
 542 021a 91       		.byte	0x91
 543 021b 74       		.sleb128 -12
 544 021c 11       		.uleb128 0x11
 545 021d 13000000 		.4byte	.LASF25
 546 0221 02       		.byte	0x2
 547 0222 27       		.byte	0x27
 548 0223 14010000 		.4byte	0x114
 549 0227 02       		.uleb128 0x2
 550 0228 91       		.byte	0x91
 551 0229 70       		.sleb128 -16
 552 022a 00       		.byte	0
 553 022b 12       		.uleb128 0x12
 554 022c 00000000 		.4byte	.LASF31
 555 0230 02       		.byte	0x2
 556 0231 4C       		.byte	0x4c
 557 0232 00000000 		.4byte	.LFB33
 558 0236 2C000000 		.4byte	.LFE33-.LFB33
 559 023a 01       		.uleb128 0x1
 560 023b 9C       		.byte	0x9c
 561 023c 13       		.uleb128 0x13
 562 023d EF000000 		.4byte	.LASF32
 563 0241 02       		.byte	0x2
 564 0242 11       		.byte	0x11
 565 0243 6B000000 		.4byte	0x6b
ARM GAS  C:\Users\alexport\AppData\Local\Temp\ccunthcd.s 			page 19


 566 0247 05       		.uleb128 0x5
 567 0248 03       		.byte	0x3
 568 0249 00000000 		.4byte	PM_DMA_Enable_initVar
 569 024d 00       		.byte	0
 570              		.section	.debug_abbrev,"",%progbits
 571              	.Ldebug_abbrev0:
 572 0000 01       		.uleb128 0x1
 573 0001 11       		.uleb128 0x11
 574 0002 01       		.byte	0x1
 575 0003 25       		.uleb128 0x25
 576 0004 0E       		.uleb128 0xe
 577 0005 13       		.uleb128 0x13
 578 0006 0B       		.uleb128 0xb
 579 0007 03       		.uleb128 0x3
 580 0008 0E       		.uleb128 0xe
 581 0009 1B       		.uleb128 0x1b
 582 000a 0E       		.uleb128 0xe
 583 000b 55       		.uleb128 0x55
 584 000c 17       		.uleb128 0x17
 585 000d 11       		.uleb128 0x11
 586 000e 01       		.uleb128 0x1
 587 000f 10       		.uleb128 0x10
 588 0010 17       		.uleb128 0x17
 589 0011 00       		.byte	0
 590 0012 00       		.byte	0
 591 0013 02       		.uleb128 0x2
 592 0014 24       		.uleb128 0x24
 593 0015 00       		.byte	0
 594 0016 0B       		.uleb128 0xb
 595 0017 0B       		.uleb128 0xb
 596 0018 3E       		.uleb128 0x3e
 597 0019 0B       		.uleb128 0xb
 598 001a 03       		.uleb128 0x3
 599 001b 0E       		.uleb128 0xe
 600 001c 00       		.byte	0
 601 001d 00       		.byte	0
 602 001e 03       		.uleb128 0x3
 603 001f 24       		.uleb128 0x24
 604 0020 00       		.byte	0
 605 0021 0B       		.uleb128 0xb
 606 0022 0B       		.uleb128 0xb
 607 0023 3E       		.uleb128 0x3e
 608 0024 0B       		.uleb128 0xb
 609 0025 03       		.uleb128 0x3
 610 0026 08       		.uleb128 0x8
 611 0027 00       		.byte	0
 612 0028 00       		.byte	0
 613 0029 04       		.uleb128 0x4
 614 002a 16       		.uleb128 0x16
 615 002b 00       		.byte	0
 616 002c 03       		.uleb128 0x3
 617 002d 0E       		.uleb128 0xe
 618 002e 3A       		.uleb128 0x3a
 619 002f 0B       		.uleb128 0xb
 620 0030 3B       		.uleb128 0x3b
 621 0031 05       		.uleb128 0x5
 622 0032 49       		.uleb128 0x49
ARM GAS  C:\Users\alexport\AppData\Local\Temp\ccunthcd.s 			page 20


 623 0033 13       		.uleb128 0x13
 624 0034 00       		.byte	0
 625 0035 00       		.byte	0
 626 0036 05       		.uleb128 0x5
 627 0037 13       		.uleb128 0x13
 628 0038 01       		.byte	0x1
 629 0039 0B       		.uleb128 0xb
 630 003a 0B       		.uleb128 0xb
 631 003b 3A       		.uleb128 0x3a
 632 003c 0B       		.uleb128 0xb
 633 003d 3B       		.uleb128 0x3b
 634 003e 0B       		.uleb128 0xb
 635 003f 01       		.uleb128 0x1
 636 0040 13       		.uleb128 0x13
 637 0041 00       		.byte	0
 638 0042 00       		.byte	0
 639 0043 06       		.uleb128 0x6
 640 0044 0D       		.uleb128 0xd
 641 0045 00       		.byte	0
 642 0046 03       		.uleb128 0x3
 643 0047 08       		.uleb128 0x8
 644 0048 3A       		.uleb128 0x3a
 645 0049 0B       		.uleb128 0xb
 646 004a 3B       		.uleb128 0x3b
 647 004b 0B       		.uleb128 0xb
 648 004c 49       		.uleb128 0x49
 649 004d 13       		.uleb128 0x13
 650 004e 38       		.uleb128 0x38
 651 004f 0B       		.uleb128 0xb
 652 0050 00       		.byte	0
 653 0051 00       		.byte	0
 654 0052 07       		.uleb128 0x7
 655 0053 01       		.uleb128 0x1
 656 0054 01       		.byte	0x1
 657 0055 49       		.uleb128 0x49
 658 0056 13       		.uleb128 0x13
 659 0057 01       		.uleb128 0x1
 660 0058 13       		.uleb128 0x13
 661 0059 00       		.byte	0
 662 005a 00       		.byte	0
 663 005b 08       		.uleb128 0x8
 664 005c 21       		.uleb128 0x21
 665 005d 00       		.byte	0
 666 005e 49       		.uleb128 0x49
 667 005f 13       		.uleb128 0x13
 668 0060 2F       		.uleb128 0x2f
 669 0061 0B       		.uleb128 0xb
 670 0062 00       		.byte	0
 671 0063 00       		.byte	0
 672 0064 09       		.uleb128 0x9
 673 0065 16       		.uleb128 0x16
 674 0066 00       		.byte	0
 675 0067 03       		.uleb128 0x3
 676 0068 0E       		.uleb128 0xe
 677 0069 3A       		.uleb128 0x3a
 678 006a 0B       		.uleb128 0xb
 679 006b 3B       		.uleb128 0x3b
ARM GAS  C:\Users\alexport\AppData\Local\Temp\ccunthcd.s 			page 21


 680 006c 0B       		.uleb128 0xb
 681 006d 49       		.uleb128 0x49
 682 006e 13       		.uleb128 0x13
 683 006f 00       		.byte	0
 684 0070 00       		.byte	0
 685 0071 0A       		.uleb128 0xa
 686 0072 0D       		.uleb128 0xd
 687 0073 00       		.byte	0
 688 0074 03       		.uleb128 0x3
 689 0075 0E       		.uleb128 0xe
 690 0076 3A       		.uleb128 0x3a
 691 0077 0B       		.uleb128 0xb
 692 0078 3B       		.uleb128 0x3b
 693 0079 0B       		.uleb128 0xb
 694 007a 49       		.uleb128 0x49
 695 007b 13       		.uleb128 0x13
 696 007c 38       		.uleb128 0x38
 697 007d 0B       		.uleb128 0xb
 698 007e 00       		.byte	0
 699 007f 00       		.byte	0
 700 0080 0B       		.uleb128 0xb
 701 0081 0F       		.uleb128 0xf
 702 0082 00       		.byte	0
 703 0083 0B       		.uleb128 0xb
 704 0084 0B       		.uleb128 0xb
 705 0085 00       		.byte	0
 706 0086 00       		.byte	0
 707 0087 0C       		.uleb128 0xc
 708 0088 13       		.uleb128 0x13
 709 0089 01       		.byte	0x1
 710 008a 0B       		.uleb128 0xb
 711 008b 05       		.uleb128 0x5
 712 008c 3A       		.uleb128 0x3a
 713 008d 0B       		.uleb128 0xb
 714 008e 3B       		.uleb128 0x3b
 715 008f 0B       		.uleb128 0xb
 716 0090 01       		.uleb128 0x1
 717 0091 13       		.uleb128 0x13
 718 0092 00       		.byte	0
 719 0093 00       		.byte	0
 720 0094 0D       		.uleb128 0xd
 721 0095 2E       		.uleb128 0x2e
 722 0096 00       		.byte	0
 723 0097 03       		.uleb128 0x3
 724 0098 0E       		.uleb128 0xe
 725 0099 3A       		.uleb128 0x3a
 726 009a 0B       		.uleb128 0xb
 727 009b 3B       		.uleb128 0x3b
 728 009c 0B       		.uleb128 0xb
 729 009d 27       		.uleb128 0x27
 730 009e 19       		.uleb128 0x19
 731 009f 11       		.uleb128 0x11
 732 00a0 01       		.uleb128 0x1
 733 00a1 12       		.uleb128 0x12
 734 00a2 06       		.uleb128 0x6
 735 00a3 40       		.uleb128 0x40
 736 00a4 18       		.uleb128 0x18
ARM GAS  C:\Users\alexport\AppData\Local\Temp\ccunthcd.s 			page 22


 737 00a5 9642     		.uleb128 0x2116
 738 00a7 19       		.uleb128 0x19
 739 00a8 00       		.byte	0
 740 00a9 00       		.byte	0
 741 00aa 0E       		.uleb128 0xe
 742 00ab 2E       		.uleb128 0x2e
 743 00ac 01       		.byte	0x1
 744 00ad 03       		.uleb128 0x3
 745 00ae 0E       		.uleb128 0xe
 746 00af 3A       		.uleb128 0x3a
 747 00b0 0B       		.uleb128 0xb
 748 00b1 3B       		.uleb128 0x3b
 749 00b2 05       		.uleb128 0x5
 750 00b3 27       		.uleb128 0x27
 751 00b4 19       		.uleb128 0x19
 752 00b5 11       		.uleb128 0x11
 753 00b6 01       		.uleb128 0x1
 754 00b7 12       		.uleb128 0x12
 755 00b8 06       		.uleb128 0x6
 756 00b9 40       		.uleb128 0x40
 757 00ba 18       		.uleb128 0x18
 758 00bb 9642     		.uleb128 0x2116
 759 00bd 19       		.uleb128 0x19
 760 00be 01       		.uleb128 0x1
 761 00bf 13       		.uleb128 0x13
 762 00c0 00       		.byte	0
 763 00c1 00       		.byte	0
 764 00c2 0F       		.uleb128 0xf
 765 00c3 05       		.uleb128 0x5
 766 00c4 00       		.byte	0
 767 00c5 03       		.uleb128 0x3
 768 00c6 0E       		.uleb128 0xe
 769 00c7 3A       		.uleb128 0x3a
 770 00c8 0B       		.uleb128 0xb
 771 00c9 3B       		.uleb128 0x3b
 772 00ca 05       		.uleb128 0x5
 773 00cb 49       		.uleb128 0x49
 774 00cc 13       		.uleb128 0x13
 775 00cd 02       		.uleb128 0x2
 776 00ce 18       		.uleb128 0x18
 777 00cf 00       		.byte	0
 778 00d0 00       		.byte	0
 779 00d1 10       		.uleb128 0x10
 780 00d2 2E       		.uleb128 0x2e
 781 00d3 01       		.byte	0x1
 782 00d4 3F       		.uleb128 0x3f
 783 00d5 19       		.uleb128 0x19
 784 00d6 03       		.uleb128 0x3
 785 00d7 0E       		.uleb128 0xe
 786 00d8 3A       		.uleb128 0x3a
 787 00d9 0B       		.uleb128 0xb
 788 00da 3B       		.uleb128 0x3b
 789 00db 0B       		.uleb128 0xb
 790 00dc 27       		.uleb128 0x27
 791 00dd 19       		.uleb128 0x19
 792 00de 11       		.uleb128 0x11
 793 00df 01       		.uleb128 0x1
ARM GAS  C:\Users\alexport\AppData\Local\Temp\ccunthcd.s 			page 23


 794 00e0 12       		.uleb128 0x12
 795 00e1 06       		.uleb128 0x6
 796 00e2 40       		.uleb128 0x40
 797 00e3 18       		.uleb128 0x18
 798 00e4 9642     		.uleb128 0x2116
 799 00e6 19       		.uleb128 0x19
 800 00e7 01       		.uleb128 0x1
 801 00e8 13       		.uleb128 0x13
 802 00e9 00       		.byte	0
 803 00ea 00       		.byte	0
 804 00eb 11       		.uleb128 0x11
 805 00ec 05       		.uleb128 0x5
 806 00ed 00       		.byte	0
 807 00ee 03       		.uleb128 0x3
 808 00ef 0E       		.uleb128 0xe
 809 00f0 3A       		.uleb128 0x3a
 810 00f1 0B       		.uleb128 0xb
 811 00f2 3B       		.uleb128 0x3b
 812 00f3 0B       		.uleb128 0xb
 813 00f4 49       		.uleb128 0x49
 814 00f5 13       		.uleb128 0x13
 815 00f6 02       		.uleb128 0x2
 816 00f7 18       		.uleb128 0x18
 817 00f8 00       		.byte	0
 818 00f9 00       		.byte	0
 819 00fa 12       		.uleb128 0x12
 820 00fb 2E       		.uleb128 0x2e
 821 00fc 00       		.byte	0
 822 00fd 3F       		.uleb128 0x3f
 823 00fe 19       		.uleb128 0x19
 824 00ff 03       		.uleb128 0x3
 825 0100 0E       		.uleb128 0xe
 826 0101 3A       		.uleb128 0x3a
 827 0102 0B       		.uleb128 0xb
 828 0103 3B       		.uleb128 0x3b
 829 0104 0B       		.uleb128 0xb
 830 0105 27       		.uleb128 0x27
 831 0106 19       		.uleb128 0x19
 832 0107 11       		.uleb128 0x11
 833 0108 01       		.uleb128 0x1
 834 0109 12       		.uleb128 0x12
 835 010a 06       		.uleb128 0x6
 836 010b 40       		.uleb128 0x40
 837 010c 18       		.uleb128 0x18
 838 010d 9742     		.uleb128 0x2117
 839 010f 19       		.uleb128 0x19
 840 0110 00       		.byte	0
 841 0111 00       		.byte	0
 842 0112 13       		.uleb128 0x13
 843 0113 34       		.uleb128 0x34
 844 0114 00       		.byte	0
 845 0115 03       		.uleb128 0x3
 846 0116 0E       		.uleb128 0xe
 847 0117 3A       		.uleb128 0x3a
 848 0118 0B       		.uleb128 0xb
 849 0119 3B       		.uleb128 0x3b
 850 011a 0B       		.uleb128 0xb
ARM GAS  C:\Users\alexport\AppData\Local\Temp\ccunthcd.s 			page 24


 851 011b 49       		.uleb128 0x49
 852 011c 13       		.uleb128 0x13
 853 011d 3F       		.uleb128 0x3f
 854 011e 19       		.uleb128 0x19
 855 011f 02       		.uleb128 0x2
 856 0120 18       		.uleb128 0x18
 857 0121 00       		.byte	0
 858 0122 00       		.byte	0
 859 0123 00       		.byte	0
 860              		.section	.debug_aranges,"",%progbits
 861 0000 44000000 		.4byte	0x44
 862 0004 0200     		.2byte	0x2
 863 0006 00000000 		.4byte	.Ldebug_info0
 864 000a 04       		.byte	0x4
 865 000b 00       		.byte	0
 866 000c 0000     		.2byte	0
 867 000e 0000     		.2byte	0
 868 0010 00000000 		.4byte	.LFB0
 869 0014 10000000 		.4byte	.LFE0-.LFB0
 870 0018 00000000 		.4byte	.LFB8
 871 001c 1A000000 		.4byte	.LFE8-.LFB8
 872 0020 00000000 		.4byte	.LFB10
 873 0024 1E000000 		.4byte	.LFE10-.LFB10
 874 0028 00000000 		.4byte	.LFB12
 875 002c 1E000000 		.4byte	.LFE12-.LFB12
 876 0030 00000000 		.4byte	.LFB32
 877 0034 4C000000 		.4byte	.LFE32-.LFB32
 878 0038 00000000 		.4byte	.LFB33
 879 003c 2C000000 		.4byte	.LFE33-.LFB33
 880 0040 00000000 		.4byte	0
 881 0044 00000000 		.4byte	0
 882              		.section	.debug_ranges,"",%progbits
 883              	.Ldebug_ranges0:
 884 0000 00000000 		.4byte	.LFB0
 885 0004 10000000 		.4byte	.LFE0
 886 0008 00000000 		.4byte	.LFB8
 887 000c 1A000000 		.4byte	.LFE8
 888 0010 00000000 		.4byte	.LFB10
 889 0014 1E000000 		.4byte	.LFE10
 890 0018 00000000 		.4byte	.LFB12
 891 001c 1E000000 		.4byte	.LFE12
 892 0020 00000000 		.4byte	.LFB32
 893 0024 4C000000 		.4byte	.LFE32
 894 0028 00000000 		.4byte	.LFB33
 895 002c 2C000000 		.4byte	.LFE33
 896 0030 00000000 		.4byte	0
 897 0034 00000000 		.4byte	0
 898              		.section	.debug_line,"",%progbits
 899              	.Ldebug_line0:
 900 0000 E6000000 		.section	.debug_str,"MS",%progbits,1
 900      02006800 
 900      00000201 
 900      FB0E0D00 
 900      01010101 
 901              	.LASF31:
 902 0000 504D5F44 		.ascii	"PM_DMA_Enable_Init\000"
 902      4D415F45 
ARM GAS  C:\Users\alexport\AppData\Local\Temp\ccunthcd.s 			page 25


 902      6E61626C 
 902      655F496E 
 902      697400
 903              	.LASF25:
 904 0013 64737441 		.ascii	"dstAddress\000"
 904      64647265 
 904      737300
 905              	.LASF2:
 906 001e 73686F72 		.ascii	"short int\000"
 906      7420696E 
 906      7400
 907              	.LASF15:
 908 0028 73697A65 		.ascii	"sizetype\000"
 908      74797065 
 908      00
 909              	.LASF28:
 910 0031 433A5C55 		.ascii	"C:\\Users\\alexport\\OneDrive - Safeguard Analytics"
 910      73657273 
 910      5C616C65 
 910      78706F72 
 910      745C4F6E 
 911 0061 5C53412D 		.ascii	"\\SA-220\\SA-220.cydsn\000"
 911      3232305C 
 911      53412D32 
 911      32302E63 
 911      7964736E 
 912              	.LASF29:
 913 0076 504D5F44 		.ascii	"PM_DMA_Enable_ChEnable\000"
 913      4D415F45 
 913      6E61626C 
 913      655F4368 
 913      456E6162 
 914              	.LASF27:
 915 008d 47656E65 		.ascii	"Generated_Source\\PSoC4\\PM_DMA_Enable.c\000"
 915      72617465 
 915      645F536F 
 915      75726365 
 915      5C50536F 
 916              	.LASF16:
 917 00b4 6379646D 		.ascii	"cydma_channel_ctl_struct\000"
 917      615F6368 
 917      616E6E65 
 917      6C5F6374 
 917      6C5F7374 
 918              	.LASF9:
 919 00cd 75696E74 		.ascii	"uint8\000"
 919      3800
 920              	.LASF22:
 921 00d3 504D5F44 		.ascii	"PM_DMA_Enable_SetSrcAddress\000"
 921      4D415F45 
 921      6E61626C 
 921      655F5365 
 921      74537263 
 922              	.LASF32:
 923 00ef 504D5F44 		.ascii	"PM_DMA_Enable_initVar\000"
 923      4D415F45 
 923      6E61626C 
ARM GAS  C:\Users\alexport\AppData\Local\Temp\ccunthcd.s 			page 26


 923      655F696E 
 923      69745661 
 924              	.LASF12:
 925 0105 666C6F61 		.ascii	"float\000"
 925      7400
 926              	.LASF6:
 927 010b 6C6F6E67 		.ascii	"long long int\000"
 927      206C6F6E 
 927      6720696E 
 927      7400
 928              	.LASF4:
 929 0119 6C6F6E67 		.ascii	"long int\000"
 929      20696E74 
 929      00
 930              	.LASF26:
 931 0122 474E5520 		.ascii	"GNU C11 5.4.1 20160609 (release) [ARM/embedded-5-br"
 931      43313120 
 931      352E342E 
 931      31203230 
 931      31363036 
 932 0155 616E6368 		.ascii	"anch revision 237715] -mcpu=cortex-m0 -mthumb -g -O"
 932      20726576 
 932      6973696F 
 932      6E203233 
 932      37373135 
 933 0188 30202D66 		.ascii	"0 -ffunction-sections -ffat-lto-objects\000"
 933      66756E63 
 933      74696F6E 
 933      2D736563 
 933      74696F6E 
 934              	.LASF1:
 935 01b0 756E7369 		.ascii	"unsigned char\000"
 935      676E6564 
 935      20636861 
 935      7200
 936              	.LASF0:
 937 01be 7369676E 		.ascii	"signed char\000"
 937      65642063 
 937      68617200 
 938              	.LASF7:
 939 01ca 6C6F6E67 		.ascii	"long long unsigned int\000"
 939      206C6F6E 
 939      6720756E 
 939      7369676E 
 939      65642069 
 940              	.LASF8:
 941 01e1 756E7369 		.ascii	"unsigned int\000"
 941      676E6564 
 941      20696E74 
 941      00
 942              	.LASF3:
 943 01ee 73686F72 		.ascii	"short unsigned int\000"
 943      7420756E 
 943      7369676E 
 943      65642069 
 943      6E7400
 944              	.LASF17:
ARM GAS  C:\Users\alexport\AppData\Local\Temp\ccunthcd.s 			page 27


 945 0201 73746174 		.ascii	"status\000"
 945      757300
 946              	.LASF20:
 947 0208 6379646D 		.ascii	"cydma_descriptor_ram_struct\000"
 947      615F6465 
 947      73637269 
 947      70746F72 
 947      5F72616D 
 948              	.LASF24:
 949 0224 504D5F44 		.ascii	"PM_DMA_Enable_SetDstAddress\000"
 949      4D415F45 
 949      6E61626C 
 949      655F5365 
 949      74447374 
 950              	.LASF14:
 951 0240 63686172 		.ascii	"char\000"
 951      00
 952              	.LASF18:
 953 0245 6379646D 		.ascii	"cydma_descriptor_struct\000"
 953      615F6465 
 953      73637269 
 953      70746F72 
 953      5F737472 
 954              	.LASF23:
 955 025d 73726341 		.ascii	"srcAddress\000"
 955      64647265 
 955      737300
 956              	.LASF21:
 957 0268 504D5F44 		.ascii	"PM_DMA_Enable_ValidateDescriptor\000"
 957      4D415F45 
 957      6E61626C 
 957      655F5661 
 957      6C696461 
 958              	.LASF10:
 959 0289 75696E74 		.ascii	"uint32\000"
 959      333200
 960              	.LASF5:
 961 0290 6C6F6E67 		.ascii	"long unsigned int\000"
 961      20756E73 
 961      69676E65 
 961      6420696E 
 961      7400
 962              	.LASF11:
 963 02a2 696E7433 		.ascii	"int32\000"
 963      3200
 964              	.LASF13:
 965 02a8 646F7562 		.ascii	"double\000"
 965      6C6500
 966              	.LASF30:
 967 02af 504D5F44 		.ascii	"PM_DMA_Enable_Start\000"
 967      4D415F45 
 967      6E61626C 
 967      655F5374 
 967      61727400 
 968              	.LASF19:
 969 02c3 64657363 		.ascii	"descriptor\000"
 969      72697074 
ARM GAS  C:\Users\alexport\AppData\Local\Temp\ccunthcd.s 			page 28


 969      6F7200
 970              		.ident	"GCC: (GNU Tools for ARM Embedded Processors) 5.4.1 20160609 (release) [ARM/embedded-5-bran
