ARM GAS  C:\Users\alexport\AppData\Local\Temp\cc4RsmML.s 			page 1


   1              		.syntax unified
   2              		.cpu cortex-m0
   3              		.fpu softvfp
   4              		.eabi_attribute 20, 1
   5              		.eabi_attribute 21, 1
   6              		.eabi_attribute 23, 3
   7              		.eabi_attribute 24, 1
   8              		.eabi_attribute 25, 1
   9              		.eabi_attribute 26, 1
  10              		.eabi_attribute 30, 6
  11              		.eabi_attribute 34, 0
  12              		.eabi_attribute 18, 4
  13              		.thumb
  14              		.syntax unified
  15              		.file	"PM_INT.c"
  16              		.text
  17              	.Ltext0:
  18              		.cfi_sections	.debug_frame
  19              		.section	.text.PM_ISR,"ax",%progbits
  20              		.align	2
  21              		.global	PM_ISR
  22              		.code	16
  23              		.thumb_func
  24              		.type	PM_ISR, %function
  25              	PM_ISR:
  26              	.LFB2:
  27              		.file 1 "Generated_Source\\PSoC4\\PM_INT.c"
   1:Generated_Source\PSoC4/PM_INT.c **** /*******************************************************************************
   2:Generated_Source\PSoC4/PM_INT.c **** * File Name: PM_INT.c
   3:Generated_Source\PSoC4/PM_INT.c **** * Version 2.60
   4:Generated_Source\PSoC4/PM_INT.c **** *
   5:Generated_Source\PSoC4/PM_INT.c **** *  Description:
   6:Generated_Source\PSoC4/PM_INT.c **** *    This file contains the code that operates during the ADC_SAR interrupt
   7:Generated_Source\PSoC4/PM_INT.c **** *    service routine.
   8:Generated_Source\PSoC4/PM_INT.c **** *
   9:Generated_Source\PSoC4/PM_INT.c **** *   Note:
  10:Generated_Source\PSoC4/PM_INT.c **** *
  11:Generated_Source\PSoC4/PM_INT.c **** ********************************************************************************
  12:Generated_Source\PSoC4/PM_INT.c **** * Copyright 2008-2017, Cypress Semiconductor Corporation.  All rights reserved.
  13:Generated_Source\PSoC4/PM_INT.c **** * You may use this file only in accordance with the license, terms, conditions,
  14:Generated_Source\PSoC4/PM_INT.c **** * disclaimers, and limitations in the end user license agreement accompanying
  15:Generated_Source\PSoC4/PM_INT.c **** * the software package with which this file was provided.
  16:Generated_Source\PSoC4/PM_INT.c **** *******************************************************************************/
  17:Generated_Source\PSoC4/PM_INT.c **** 
  18:Generated_Source\PSoC4/PM_INT.c **** #include "PM.h"
  19:Generated_Source\PSoC4/PM_INT.c **** #include "cyapicallbacks.h"
  20:Generated_Source\PSoC4/PM_INT.c **** 
  21:Generated_Source\PSoC4/PM_INT.c **** 
  22:Generated_Source\PSoC4/PM_INT.c **** /******************************************************************************
  23:Generated_Source\PSoC4/PM_INT.c **** * Custom Declarations and Variables
  24:Generated_Source\PSoC4/PM_INT.c **** * - add user inlcude files, prototypes and variables between the following
  25:Generated_Source\PSoC4/PM_INT.c **** *   #START and #END tags
  26:Generated_Source\PSoC4/PM_INT.c **** ******************************************************************************/
  27:Generated_Source\PSoC4/PM_INT.c **** /* `#START ADC_SYS_VAR`  */
  28:Generated_Source\PSoC4/PM_INT.c **** 
  29:Generated_Source\PSoC4/PM_INT.c **** /* `#END`  */
  30:Generated_Source\PSoC4/PM_INT.c **** 
ARM GAS  C:\Users\alexport\AppData\Local\Temp\cc4RsmML.s 			page 2


  31:Generated_Source\PSoC4/PM_INT.c **** #if(PM_IRQ_REMOVE == 0u)
  32:Generated_Source\PSoC4/PM_INT.c **** 
  33:Generated_Source\PSoC4/PM_INT.c **** 
  34:Generated_Source\PSoC4/PM_INT.c ****     /******************************************************************************
  35:Generated_Source\PSoC4/PM_INT.c ****     * Function Name: PM_ISR
  36:Generated_Source\PSoC4/PM_INT.c ****     *******************************************************************************
  37:Generated_Source\PSoC4/PM_INT.c ****     *
  38:Generated_Source\PSoC4/PM_INT.c ****     * Summary:
  39:Generated_Source\PSoC4/PM_INT.c ****     *  Handle Interrupt Service Routine.
  40:Generated_Source\PSoC4/PM_INT.c ****     *
  41:Generated_Source\PSoC4/PM_INT.c ****     * Parameters:
  42:Generated_Source\PSoC4/PM_INT.c ****     *  None.
  43:Generated_Source\PSoC4/PM_INT.c ****     *
  44:Generated_Source\PSoC4/PM_INT.c ****     * Return:
  45:Generated_Source\PSoC4/PM_INT.c ****     *  None.
  46:Generated_Source\PSoC4/PM_INT.c ****     *
  47:Generated_Source\PSoC4/PM_INT.c ****     * Reentrant:
  48:Generated_Source\PSoC4/PM_INT.c ****     *  No.
  49:Generated_Source\PSoC4/PM_INT.c ****     *
  50:Generated_Source\PSoC4/PM_INT.c ****     ******************************************************************************/
  51:Generated_Source\PSoC4/PM_INT.c ****     CY_ISR( PM_ISR )
  52:Generated_Source\PSoC4/PM_INT.c ****     {
  28              		.loc 1 52 0
  29              		.cfi_startproc
  30              		@ args = 0, pretend = 0, frame = 8
  31              		@ frame_needed = 1, uses_anonymous_args = 0
  32 0000 80B5     		push	{r7, lr}
  33              		.cfi_def_cfa_offset 8
  34              		.cfi_offset 7, -8
  35              		.cfi_offset 14, -4
  36 0002 82B0     		sub	sp, sp, #8
  37              		.cfi_def_cfa_offset 16
  38 0004 00AF     		add	r7, sp, #0
  39              		.cfi_def_cfa_register 7
  53:Generated_Source\PSoC4/PM_INT.c ****         uint32 intr_status;
  54:Generated_Source\PSoC4/PM_INT.c **** 
  55:Generated_Source\PSoC4/PM_INT.c ****         /* Read interrupt status register */
  56:Generated_Source\PSoC4/PM_INT.c ****         intr_status = PM_SAR_INTR_REG;
  40              		.loc 1 56 0
  41 0006 054B     		ldr	r3, .L2
  42 0008 1B68     		ldr	r3, [r3]
  43 000a 7B60     		str	r3, [r7, #4]
  57:Generated_Source\PSoC4/PM_INT.c **** 
  58:Generated_Source\PSoC4/PM_INT.c ****         #ifdef PM_ISR_INTERRUPT_CALLBACK
  59:Generated_Source\PSoC4/PM_INT.c ****             PM_ISR_InterruptCallback();
  60:Generated_Source\PSoC4/PM_INT.c ****         #endif /* PM_ISR_INTERRUPT_CALLBACK */
  61:Generated_Source\PSoC4/PM_INT.c **** 
  62:Generated_Source\PSoC4/PM_INT.c **** 
  63:Generated_Source\PSoC4/PM_INT.c ****         /************************************************************************
  64:Generated_Source\PSoC4/PM_INT.c ****         *  Custom Code
  65:Generated_Source\PSoC4/PM_INT.c ****         *  - add user ISR code between the following #START and #END tags
  66:Generated_Source\PSoC4/PM_INT.c ****         *************************************************************************/
  67:Generated_Source\PSoC4/PM_INT.c ****         /* `#START MAIN_ADC_ISR`  */
  68:Generated_Source\PSoC4/PM_INT.c **** 
  69:Generated_Source\PSoC4/PM_INT.c ****         /* `#END`  */
  70:Generated_Source\PSoC4/PM_INT.c ****         
  71:Generated_Source\PSoC4/PM_INT.c ****         /* Clear handled interrupt */
ARM GAS  C:\Users\alexport\AppData\Local\Temp\cc4RsmML.s 			page 3


  72:Generated_Source\PSoC4/PM_INT.c ****         PM_SAR_INTR_REG = intr_status;
  44              		.loc 1 72 0
  45 000c 034B     		ldr	r3, .L2
  46 000e 7A68     		ldr	r2, [r7, #4]
  47 0010 1A60     		str	r2, [r3]
  73:Generated_Source\PSoC4/PM_INT.c ****     }
  48              		.loc 1 73 0
  49 0012 C046     		nop
  50 0014 BD46     		mov	sp, r7
  51 0016 02B0     		add	sp, sp, #8
  52              		@ sp needed
  53 0018 80BD     		pop	{r7, pc}
  54              	.L3:
  55 001a C046     		.align	2
  56              	.L2:
  57 001c 10023A40 		.word	1077543440
  58              		.cfi_endproc
  59              	.LFE2:
  60              		.size	PM_ISR, .-PM_ISR
  61              		.text
  62              	.Letext0:
  63              		.file 2 "Generated_Source\\PSoC4\\cytypes.h"
  64              		.section	.debug_info,"",%progbits
  65              	.Ldebug_info0:
  66 0000 C8000000 		.4byte	0xc8
  67 0004 0400     		.2byte	0x4
  68 0006 00000000 		.4byte	.Ldebug_abbrev0
  69 000a 04       		.byte	0x4
  70 000b 01       		.uleb128 0x1
  71 000c 20010000 		.4byte	.LASF16
  72 0010 0C       		.byte	0xc
  73 0011 BE000000 		.4byte	.LASF17
  74 0015 22000000 		.4byte	.LASF18
  75 0019 00000000 		.4byte	.Ldebug_ranges0+0
  76 001d 00000000 		.4byte	0
  77 0021 00000000 		.4byte	.Ldebug_line0
  78 0025 02       		.uleb128 0x2
  79 0026 01       		.byte	0x1
  80 0027 06       		.byte	0x6
  81 0028 FE000000 		.4byte	.LASF0
  82 002c 02       		.uleb128 0x2
  83 002d 01       		.byte	0x1
  84 002e 08       		.byte	0x8
  85 002f A2000000 		.4byte	.LASF1
  86 0033 02       		.uleb128 0x2
  87 0034 02       		.byte	0x2
  88 0035 05       		.byte	0x5
  89 0036 16010000 		.4byte	.LASF2
  90 003a 02       		.uleb128 0x2
  91 003b 02       		.byte	0x2
  92 003c 07       		.byte	0x7
  93 003d EB000000 		.4byte	.LASF3
  94 0041 02       		.uleb128 0x2
  95 0042 04       		.byte	0x4
  96 0043 05       		.byte	0x5
  97 0044 B5000000 		.4byte	.LASF4
  98 0048 02       		.uleb128 0x2
ARM GAS  C:\Users\alexport\AppData\Local\Temp\cc4RsmML.s 			page 4


  99 0049 04       		.byte	0x4
 100 004a 07       		.byte	0x7
 101 004b 67000000 		.4byte	.LASF5
 102 004f 02       		.uleb128 0x2
 103 0050 08       		.byte	0x8
 104 0051 05       		.byte	0x5
 105 0052 00000000 		.4byte	.LASF6
 106 0056 02       		.uleb128 0x2
 107 0057 08       		.byte	0x8
 108 0058 07       		.byte	0x7
 109 0059 79000000 		.4byte	.LASF7
 110 005d 03       		.uleb128 0x3
 111 005e 04       		.byte	0x4
 112 005f 05       		.byte	0x5
 113 0060 696E7400 		.ascii	"int\000"
 114 0064 02       		.uleb128 0x2
 115 0065 04       		.byte	0x4
 116 0066 07       		.byte	0x7
 117 0067 15000000 		.4byte	.LASF8
 118 006b 04       		.uleb128 0x4
 119 006c 0E000000 		.4byte	.LASF12
 120 0070 02       		.byte	0x2
 121 0071 FE01     		.2byte	0x1fe
 122 0073 48000000 		.4byte	0x48
 123 0077 02       		.uleb128 0x2
 124 0078 04       		.byte	0x4
 125 0079 04       		.byte	0x4
 126 007a 90000000 		.4byte	.LASF9
 127 007e 02       		.uleb128 0x2
 128 007f 08       		.byte	0x8
 129 0080 04       		.byte	0x4
 130 0081 DE000000 		.4byte	.LASF10
 131 0085 02       		.uleb128 0x2
 132 0086 01       		.byte	0x1
 133 0087 08       		.byte	0x8
 134 0088 B0000000 		.4byte	.LASF11
 135 008c 04       		.uleb128 0x4
 136 008d E5000000 		.4byte	.LASF13
 137 0091 02       		.byte	0x2
 138 0092 A802     		.2byte	0x2a8
 139 0094 98000000 		.4byte	0x98
 140 0098 05       		.uleb128 0x5
 141 0099 6B000000 		.4byte	0x6b
 142 009d 02       		.uleb128 0x2
 143 009e 08       		.byte	0x8
 144 009f 04       		.byte	0x4
 145 00a0 0A010000 		.4byte	.LASF14
 146 00a4 02       		.uleb128 0x2
 147 00a5 04       		.byte	0x4
 148 00a6 07       		.byte	0x7
 149 00a7 B5010000 		.4byte	.LASF15
 150 00ab 06       		.uleb128 0x6
 151 00ac AE010000 		.4byte	.LASF19
 152 00b0 01       		.byte	0x1
 153 00b1 33       		.byte	0x33
 154 00b2 00000000 		.4byte	.LFB2
 155 00b6 20000000 		.4byte	.LFE2-.LFB2
ARM GAS  C:\Users\alexport\AppData\Local\Temp\cc4RsmML.s 			page 5


 156 00ba 01       		.uleb128 0x1
 157 00bb 9C       		.byte	0x9c
 158 00bc 07       		.uleb128 0x7
 159 00bd 96000000 		.4byte	.LASF20
 160 00c1 01       		.byte	0x1
 161 00c2 35       		.byte	0x35
 162 00c3 6B000000 		.4byte	0x6b
 163 00c7 02       		.uleb128 0x2
 164 00c8 91       		.byte	0x91
 165 00c9 74       		.sleb128 -12
 166 00ca 00       		.byte	0
 167 00cb 00       		.byte	0
 168              		.section	.debug_abbrev,"",%progbits
 169              	.Ldebug_abbrev0:
 170 0000 01       		.uleb128 0x1
 171 0001 11       		.uleb128 0x11
 172 0002 01       		.byte	0x1
 173 0003 25       		.uleb128 0x25
 174 0004 0E       		.uleb128 0xe
 175 0005 13       		.uleb128 0x13
 176 0006 0B       		.uleb128 0xb
 177 0007 03       		.uleb128 0x3
 178 0008 0E       		.uleb128 0xe
 179 0009 1B       		.uleb128 0x1b
 180 000a 0E       		.uleb128 0xe
 181 000b 55       		.uleb128 0x55
 182 000c 17       		.uleb128 0x17
 183 000d 11       		.uleb128 0x11
 184 000e 01       		.uleb128 0x1
 185 000f 10       		.uleb128 0x10
 186 0010 17       		.uleb128 0x17
 187 0011 00       		.byte	0
 188 0012 00       		.byte	0
 189 0013 02       		.uleb128 0x2
 190 0014 24       		.uleb128 0x24
 191 0015 00       		.byte	0
 192 0016 0B       		.uleb128 0xb
 193 0017 0B       		.uleb128 0xb
 194 0018 3E       		.uleb128 0x3e
 195 0019 0B       		.uleb128 0xb
 196 001a 03       		.uleb128 0x3
 197 001b 0E       		.uleb128 0xe
 198 001c 00       		.byte	0
 199 001d 00       		.byte	0
 200 001e 03       		.uleb128 0x3
 201 001f 24       		.uleb128 0x24
 202 0020 00       		.byte	0
 203 0021 0B       		.uleb128 0xb
 204 0022 0B       		.uleb128 0xb
 205 0023 3E       		.uleb128 0x3e
 206 0024 0B       		.uleb128 0xb
 207 0025 03       		.uleb128 0x3
 208 0026 08       		.uleb128 0x8
 209 0027 00       		.byte	0
 210 0028 00       		.byte	0
 211 0029 04       		.uleb128 0x4
 212 002a 16       		.uleb128 0x16
ARM GAS  C:\Users\alexport\AppData\Local\Temp\cc4RsmML.s 			page 6


 213 002b 00       		.byte	0
 214 002c 03       		.uleb128 0x3
 215 002d 0E       		.uleb128 0xe
 216 002e 3A       		.uleb128 0x3a
 217 002f 0B       		.uleb128 0xb
 218 0030 3B       		.uleb128 0x3b
 219 0031 05       		.uleb128 0x5
 220 0032 49       		.uleb128 0x49
 221 0033 13       		.uleb128 0x13
 222 0034 00       		.byte	0
 223 0035 00       		.byte	0
 224 0036 05       		.uleb128 0x5
 225 0037 35       		.uleb128 0x35
 226 0038 00       		.byte	0
 227 0039 49       		.uleb128 0x49
 228 003a 13       		.uleb128 0x13
 229 003b 00       		.byte	0
 230 003c 00       		.byte	0
 231 003d 06       		.uleb128 0x6
 232 003e 2E       		.uleb128 0x2e
 233 003f 01       		.byte	0x1
 234 0040 3F       		.uleb128 0x3f
 235 0041 19       		.uleb128 0x19
 236 0042 03       		.uleb128 0x3
 237 0043 0E       		.uleb128 0xe
 238 0044 3A       		.uleb128 0x3a
 239 0045 0B       		.uleb128 0xb
 240 0046 3B       		.uleb128 0x3b
 241 0047 0B       		.uleb128 0xb
 242 0048 27       		.uleb128 0x27
 243 0049 19       		.uleb128 0x19
 244 004a 11       		.uleb128 0x11
 245 004b 01       		.uleb128 0x1
 246 004c 12       		.uleb128 0x12
 247 004d 06       		.uleb128 0x6
 248 004e 40       		.uleb128 0x40
 249 004f 18       		.uleb128 0x18
 250 0050 9742     		.uleb128 0x2117
 251 0052 19       		.uleb128 0x19
 252 0053 00       		.byte	0
 253 0054 00       		.byte	0
 254 0055 07       		.uleb128 0x7
 255 0056 34       		.uleb128 0x34
 256 0057 00       		.byte	0
 257 0058 03       		.uleb128 0x3
 258 0059 0E       		.uleb128 0xe
 259 005a 3A       		.uleb128 0x3a
 260 005b 0B       		.uleb128 0xb
 261 005c 3B       		.uleb128 0x3b
 262 005d 0B       		.uleb128 0xb
 263 005e 49       		.uleb128 0x49
 264 005f 13       		.uleb128 0x13
 265 0060 02       		.uleb128 0x2
 266 0061 18       		.uleb128 0x18
 267 0062 00       		.byte	0
 268 0063 00       		.byte	0
 269 0064 00       		.byte	0
ARM GAS  C:\Users\alexport\AppData\Local\Temp\cc4RsmML.s 			page 7


 270              		.section	.debug_aranges,"",%progbits
 271 0000 1C000000 		.4byte	0x1c
 272 0004 0200     		.2byte	0x2
 273 0006 00000000 		.4byte	.Ldebug_info0
 274 000a 04       		.byte	0x4
 275 000b 00       		.byte	0
 276 000c 0000     		.2byte	0
 277 000e 0000     		.2byte	0
 278 0010 00000000 		.4byte	.LFB2
 279 0014 20000000 		.4byte	.LFE2-.LFB2
 280 0018 00000000 		.4byte	0
 281 001c 00000000 		.4byte	0
 282              		.section	.debug_ranges,"",%progbits
 283              	.Ldebug_ranges0:
 284 0000 00000000 		.4byte	.LFB2
 285 0004 20000000 		.4byte	.LFE2
 286 0008 00000000 		.4byte	0
 287 000c 00000000 		.4byte	0
 288              		.section	.debug_line,"",%progbits
 289              	.Ldebug_line0:
 290 0000 5D000000 		.section	.debug_str,"MS",%progbits,1
 290      02004300 
 290      00000201 
 290      FB0E0D00 
 290      01010101 
 291              	.LASF6:
 292 0000 6C6F6E67 		.ascii	"long long int\000"
 292      206C6F6E 
 292      6720696E 
 292      7400
 293              	.LASF12:
 294 000e 75696E74 		.ascii	"uint32\000"
 294      333200
 295              	.LASF8:
 296 0015 756E7369 		.ascii	"unsigned int\000"
 296      676E6564 
 296      20696E74 
 296      00
 297              	.LASF18:
 298 0022 433A5C55 		.ascii	"C:\\Users\\alexport\\OneDrive - Safeguard Analytics"
 298      73657273 
 298      5C616C65 
 298      78706F72 
 298      745C4F6E 
 299 0052 5C53412D 		.ascii	"\\SA-220\\SA-220.cydsn\000"
 299      3232305C 
 299      53412D32 
 299      32302E63 
 299      7964736E 
 300              	.LASF5:
 301 0067 6C6F6E67 		.ascii	"long unsigned int\000"
 301      20756E73 
 301      69676E65 
 301      6420696E 
 301      7400
 302              	.LASF7:
 303 0079 6C6F6E67 		.ascii	"long long unsigned int\000"
ARM GAS  C:\Users\alexport\AppData\Local\Temp\cc4RsmML.s 			page 8


 303      206C6F6E 
 303      6720756E 
 303      7369676E 
 303      65642069 
 304              	.LASF9:
 305 0090 666C6F61 		.ascii	"float\000"
 305      7400
 306              	.LASF20:
 307 0096 696E7472 		.ascii	"intr_status\000"
 307      5F737461 
 307      74757300 
 308              	.LASF1:
 309 00a2 756E7369 		.ascii	"unsigned char\000"
 309      676E6564 
 309      20636861 
 309      7200
 310              	.LASF11:
 311 00b0 63686172 		.ascii	"char\000"
 311      00
 312              	.LASF4:
 313 00b5 6C6F6E67 		.ascii	"long int\000"
 313      20696E74 
 313      00
 314              	.LASF17:
 315 00be 47656E65 		.ascii	"Generated_Source\\PSoC4\\PM_INT.c\000"
 315      72617465 
 315      645F536F 
 315      75726365 
 315      5C50536F 
 316              	.LASF10:
 317 00de 646F7562 		.ascii	"double\000"
 317      6C6500
 318              	.LASF13:
 319 00e5 72656733 		.ascii	"reg32\000"
 319      3200
 320              	.LASF3:
 321 00eb 73686F72 		.ascii	"short unsigned int\000"
 321      7420756E 
 321      7369676E 
 321      65642069 
 321      6E7400
 322              	.LASF0:
 323 00fe 7369676E 		.ascii	"signed char\000"
 323      65642063 
 323      68617200 
 324              	.LASF14:
 325 010a 6C6F6E67 		.ascii	"long double\000"
 325      20646F75 
 325      626C6500 
 326              	.LASF2:
 327 0116 73686F72 		.ascii	"short int\000"
 327      7420696E 
 327      7400
 328              	.LASF16:
 329 0120 474E5520 		.ascii	"GNU C11 5.4.1 20160609 (release) [ARM/embedded-5-br"
 329      43313120 
 329      352E342E 
ARM GAS  C:\Users\alexport\AppData\Local\Temp\cc4RsmML.s 			page 9


 329      31203230 
 329      31363036 
 330 0153 616E6368 		.ascii	"anch revision 237715] -mcpu=cortex-m0 -mthumb -g -O"
 330      20726576 
 330      6973696F 
 330      6E203233 
 330      37373135 
 331 0186 30202D66 		.ascii	"0 -ffunction-sections -ffat-lto-objects\000"
 331      66756E63 
 331      74696F6E 
 331      2D736563 
 331      74696F6E 
 332              	.LASF19:
 333 01ae 504D5F49 		.ascii	"PM_ISR\000"
 333      535200
 334              	.LASF15:
 335 01b5 73697A65 		.ascii	"sizetype\000"
 335      74797065 
 335      00
 336              		.ident	"GCC: (GNU Tools for ARM Embedded Processors) 5.4.1 20160609 (release) [ARM/embedded-5-bran
