ARM GAS  C:\Users\alexport\AppData\Local\Temp\ccNRKq6z.s 			page 1


   1              		.syntax unified
   2              		.cpu cortex-m0
   3              		.fpu softvfp
   4              		.eabi_attribute 20, 1
   5              		.eabi_attribute 21, 1
   6              		.eabi_attribute 23, 3
   7              		.eabi_attribute 24, 1
   8              		.eabi_attribute 25, 1
   9              		.eabi_attribute 26, 1
  10              		.eabi_attribute 30, 6
  11              		.eabi_attribute 34, 0
  12              		.eabi_attribute 18, 4
  13              		.thumb
  14              		.syntax unified
  15              		.file	"relay.c"
  16              		.text
  17              	.Ltext0:
  18              		.cfi_sections	.debug_frame
  19              		.comm	relay,12,4
  20              		.section	.text.TCA9534_SetRelay,"ax",%progbits
  21              		.align	2
  22              		.global	TCA9534_SetRelay
  23              		.code	16
  24              		.thumb_func
  25              		.type	TCA9534_SetRelay, %function
  26              	TCA9534_SetRelay:
  27              	.LFB35:
  28              		.file 1 "relay.c"
   1:relay.c       **** /* ========================================
   2:relay.c       ****  *
   3:relay.c       ****  * Copyright YOUR COMPANY, THE YEAR
   4:relay.c       ****  * All Rights Reserved
   5:relay.c       ****  * UNPUBLISHED, LICENSED SOFTWARE.
   6:relay.c       ****  *
   7:relay.c       ****  * CONFIDENTIAL AND PROPRIETARY INFORMATION
   8:relay.c       ****  * WHICH IS THE PROPERTY OF your company.
   9:relay.c       ****  *
  10:relay.c       ****  * ========================================
  11:relay.c       **** */
  12:relay.c       **** #include "relay.h"
  13:relay.c       **** 
  14:relay.c       **** S_Rly relay[4];
  15:relay.c       **** 
  16:relay.c       **** 
  17:relay.c       **** void TCA9534_SetRelay(uint8_t relayNum, uint8_t state) {
  29              		.loc 1 17 0
  30              		.cfi_startproc
  31              		@ args = 0, pretend = 0, frame = 16
  32              		@ frame_needed = 1, uses_anonymous_args = 0
  33 0000 90B5     		push	{r4, r7, lr}
  34              		.cfi_def_cfa_offset 12
  35              		.cfi_offset 4, -12
  36              		.cfi_offset 7, -8
  37              		.cfi_offset 14, -4
  38 0002 85B0     		sub	sp, sp, #20
  39              		.cfi_def_cfa_offset 32
  40 0004 00AF     		add	r7, sp, #0
ARM GAS  C:\Users\alexport\AppData\Local\Temp\ccNRKq6z.s 			page 2


  41              		.cfi_def_cfa_register 7
  42 0006 0200     		movs	r2, r0
  43 0008 FB1D     		adds	r3, r7, #7
  44 000a 1A70     		strb	r2, [r3]
  45 000c BB1D     		adds	r3, r7, #6
  46 000e 0A1C     		adds	r2, r1, #0
  47 0010 1A70     		strb	r2, [r3]
  18:relay.c       ****     if (relayNum > 3) return;
  48              		.loc 1 18 0
  49 0012 FB1D     		adds	r3, r7, #7
  50 0014 1B78     		ldrb	r3, [r3]
  51 0016 032B     		cmp	r3, #3
  52 0018 35D8     		bhi	.L6
  19:relay.c       **** 
  20:relay.c       ****     uint8_t current = i2c_Read_8(I2C_RELAY_SLAVE_ADDR, TCA9534_OUTPUT_REG);
  53              		.loc 1 20 0
  54 001a 0F23     		movs	r3, #15
  55 001c FC18     		adds	r4, r7, r3
  56 001e 0121     		movs	r1, #1
  57 0020 2020     		movs	r0, #32
  58 0022 FFF7FEFF 		bl	i2c_Read_8
  59 0026 0300     		movs	r3, r0
  60 0028 2370     		strb	r3, [r4]
  21:relay.c       ****     if (state)
  61              		.loc 1 21 0
  62 002a BB1D     		adds	r3, r7, #6
  63 002c 1B78     		ldrb	r3, [r3]
  64 002e 002B     		cmp	r3, #0
  65 0030 0FD0     		beq	.L4
  22:relay.c       ****         current |= (1 << relayNum);   // Set bit to turn ON
  66              		.loc 1 22 0
  67 0032 FB1D     		adds	r3, r7, #7
  68 0034 1B78     		ldrb	r3, [r3]
  69 0036 0122     		movs	r2, #1
  70 0038 9A40     		lsls	r2, r2, r3
  71 003a 1300     		movs	r3, r2
  72 003c 5AB2     		sxtb	r2, r3
  73 003e 0F23     		movs	r3, #15
  74 0040 FB18     		adds	r3, r7, r3
  75 0042 1B78     		ldrb	r3, [r3]
  76 0044 5BB2     		sxtb	r3, r3
  77 0046 1343     		orrs	r3, r2
  78 0048 5AB2     		sxtb	r2, r3
  79 004a 0F23     		movs	r3, #15
  80 004c FB18     		adds	r3, r7, r3
  81 004e 1A70     		strb	r2, [r3]
  82 0050 10E0     		b	.L5
  83              	.L4:
  23:relay.c       ****     else
  24:relay.c       ****         current &= ~(1 << relayNum);  // Clear bit to turn OFF
  84              		.loc 1 24 0
  85 0052 FB1D     		adds	r3, r7, #7
  86 0054 1B78     		ldrb	r3, [r3]
  87 0056 0122     		movs	r2, #1
  88 0058 9A40     		lsls	r2, r2, r3
  89 005a 1300     		movs	r3, r2
  90 005c 5BB2     		sxtb	r3, r3
ARM GAS  C:\Users\alexport\AppData\Local\Temp\ccNRKq6z.s 			page 3


  91 005e DB43     		mvns	r3, r3
  92 0060 5BB2     		sxtb	r3, r3
  93 0062 0F22     		movs	r2, #15
  94 0064 BA18     		adds	r2, r7, r2
  95 0066 1278     		ldrb	r2, [r2]
  96 0068 52B2     		sxtb	r2, r2
  97 006a 1340     		ands	r3, r2
  98 006c 5AB2     		sxtb	r2, r3
  99 006e 0F23     		movs	r3, #15
 100 0070 FB18     		adds	r3, r7, r3
 101 0072 1A70     		strb	r2, [r3]
 102              	.L5:
  25:relay.c       **** 
  26:relay.c       ****     i2c_write_8(I2C_RELAY_SLAVE_ADDR, TCA9534_OUTPUT_REG, current);
 103              		.loc 1 26 0
 104 0074 0F23     		movs	r3, #15
 105 0076 FB18     		adds	r3, r7, r3
 106 0078 1B78     		ldrb	r3, [r3]
 107 007a 1A00     		movs	r2, r3
 108 007c 0121     		movs	r1, #1
 109 007e 2020     		movs	r0, #32
 110 0080 FFF7FEFF 		bl	i2c_write_8
 111 0084 00E0     		b	.L1
 112              	.L6:
  18:relay.c       **** 
 113              		.loc 1 18 0
 114 0086 C046     		nop
 115              	.L1:
  27:relay.c       **** }
 116              		.loc 1 27 0
 117 0088 BD46     		mov	sp, r7
 118 008a 05B0     		add	sp, sp, #20
 119              		@ sp needed
 120 008c 90BD     		pop	{r4, r7, pc}
 121              		.cfi_endproc
 122              	.LFE35:
 123              		.size	TCA9534_SetRelay, .-TCA9534_SetRelay
 124 008e C046     		.section	.text.TCA9534_Init,"ax",%progbits
 125              		.align	2
 126              		.global	TCA9534_Init
 127              		.code	16
 128              		.thumb_func
 129              		.type	TCA9534_Init, %function
 130              	TCA9534_Init:
 131              	.LFB36:
  28:relay.c       **** 
  29:relay.c       **** 
  30:relay.c       **** void  TCA9534_Init(uint8_t configMask) {
 132              		.loc 1 30 0
 133              		.cfi_startproc
 134              		@ args = 0, pretend = 0, frame = 16
 135              		@ frame_needed = 1, uses_anonymous_args = 0
 136 0000 80B5     		push	{r7, lr}
 137              		.cfi_def_cfa_offset 8
 138              		.cfi_offset 7, -8
 139              		.cfi_offset 14, -4
 140 0002 84B0     		sub	sp, sp, #16
ARM GAS  C:\Users\alexport\AppData\Local\Temp\ccNRKq6z.s 			page 4


 141              		.cfi_def_cfa_offset 24
 142 0004 00AF     		add	r7, sp, #0
 143              		.cfi_def_cfa_register 7
 144 0006 0200     		movs	r2, r0
 145 0008 FB1D     		adds	r3, r7, #7
 146 000a 1A70     		strb	r2, [r3]
  31:relay.c       ****     uint8 buf[2] = {TCA9534_CONFIG_REG, configMask};
 147              		.loc 1 31 0
 148 000c 0C23     		movs	r3, #12
 149 000e FB18     		adds	r3, r7, r3
 150 0010 0322     		movs	r2, #3
 151 0012 1A70     		strb	r2, [r3]
 152 0014 0C23     		movs	r3, #12
 153 0016 FB18     		adds	r3, r7, r3
 154 0018 FA1D     		adds	r2, r7, #7
 155 001a 1278     		ldrb	r2, [r2]
 156 001c 5A70     		strb	r2, [r3, #1]
  32:relay.c       ****     I2C_I2CMasterWriteBuf(I2C_RELAY_SLAVE_ADDR, buf, 2, I2C_I2C_MODE_COMPLETE_XFER);
 157              		.loc 1 32 0
 158 001e 0C23     		movs	r3, #12
 159 0020 F918     		adds	r1, r7, r3
 160 0022 0023     		movs	r3, #0
 161 0024 0222     		movs	r2, #2
 162 0026 2020     		movs	r0, #32
 163 0028 FFF7FEFF 		bl	I2C_I2CMasterWriteBuf
  33:relay.c       ****     while(I2C_I2CMasterStatus() & I2C_I2C_MSTAT_XFER_INP);
 164              		.loc 1 33 0
 165 002c C046     		nop
 166              	.L8:
 167              		.loc 1 33 0 is_stmt 0 discriminator 1
 168 002e FFF7FEFF 		bl	I2C_I2CMasterStatus
 169 0032 0200     		movs	r2, r0
 170 0034 0423     		movs	r3, #4
 171 0036 1340     		ands	r3, r2
 172 0038 F9D1     		bne	.L8
  34:relay.c       **** }
 173              		.loc 1 34 0 is_stmt 1
 174 003a C046     		nop
 175 003c BD46     		mov	sp, r7
 176 003e 04B0     		add	sp, sp, #16
 177              		@ sp needed
 178 0040 80BD     		pop	{r7, pc}
 179              		.cfi_endproc
 180              	.LFE36:
 181              		.size	TCA9534_Init, .-TCA9534_Init
 182 0042 C046     		.section	.text.TCA9534_SetAllRelays,"ax",%progbits
 183              		.align	2
 184              		.global	TCA9534_SetAllRelays
 185              		.code	16
 186              		.thumb_func
 187              		.type	TCA9534_SetAllRelays, %function
 188              	TCA9534_SetAllRelays:
 189              	.LFB37:
  35:relay.c       **** 
  36:relay.c       **** void TCA9534_SetAllRelays(uint8_t relayMask) {
 190              		.loc 1 36 0
 191              		.cfi_startproc
ARM GAS  C:\Users\alexport\AppData\Local\Temp\ccNRKq6z.s 			page 5


 192              		@ args = 0, pretend = 0, frame = 16
 193              		@ frame_needed = 1, uses_anonymous_args = 0
 194 0000 90B5     		push	{r4, r7, lr}
 195              		.cfi_def_cfa_offset 12
 196              		.cfi_offset 4, -12
 197              		.cfi_offset 7, -8
 198              		.cfi_offset 14, -4
 199 0002 85B0     		sub	sp, sp, #20
 200              		.cfi_def_cfa_offset 32
 201 0004 00AF     		add	r7, sp, #0
 202              		.cfi_def_cfa_register 7
 203 0006 0200     		movs	r2, r0
 204 0008 FB1D     		adds	r3, r7, #7
 205 000a 1A70     		strb	r2, [r3]
  37:relay.c       ****     uint8_t current = i2c_Read_8(I2C_RELAY_SLAVE_ADDR, TCA9534_OUTPUT_REG);
 206              		.loc 1 37 0
 207 000c 0F23     		movs	r3, #15
 208 000e FC18     		adds	r4, r7, r3
 209 0010 0121     		movs	r1, #1
 210 0012 2020     		movs	r0, #32
 211 0014 FFF7FEFF 		bl	i2c_Read_8
 212 0018 0300     		movs	r3, r0
 213 001a 2370     		strb	r3, [r4]
  38:relay.c       ****     current &= 0xF0;
 214              		.loc 1 38 0
 215 001c 0F23     		movs	r3, #15
 216 001e FB18     		adds	r3, r7, r3
 217 0020 0F22     		movs	r2, #15
 218 0022 BA18     		adds	r2, r7, r2
 219 0024 1278     		ldrb	r2, [r2]
 220 0026 0F21     		movs	r1, #15
 221 0028 8A43     		bics	r2, r1
 222 002a 1A70     		strb	r2, [r3]
  39:relay.c       ****     current |= (relayMask & 0x0F);
 223              		.loc 1 39 0
 224 002c FB1D     		adds	r3, r7, #7
 225 002e 1B78     		ldrb	r3, [r3]
 226 0030 5BB2     		sxtb	r3, r3
 227 0032 0F22     		movs	r2, #15
 228 0034 1340     		ands	r3, r2
 229 0036 5AB2     		sxtb	r2, r3
 230 0038 0F23     		movs	r3, #15
 231 003a FB18     		adds	r3, r7, r3
 232 003c 1B78     		ldrb	r3, [r3]
 233 003e 5BB2     		sxtb	r3, r3
 234 0040 1343     		orrs	r3, r2
 235 0042 5AB2     		sxtb	r2, r3
 236 0044 0F23     		movs	r3, #15
 237 0046 FB18     		adds	r3, r7, r3
 238 0048 1A70     		strb	r2, [r3]
  40:relay.c       ****     i2c_write_8(I2C_RELAY_SLAVE_ADDR, TCA9534_OUTPUT_REG, current);
 239              		.loc 1 40 0
 240 004a 0F23     		movs	r3, #15
 241 004c FB18     		adds	r3, r7, r3
 242 004e 1B78     		ldrb	r3, [r3]
 243 0050 1A00     		movs	r2, r3
 244 0052 0121     		movs	r1, #1
ARM GAS  C:\Users\alexport\AppData\Local\Temp\ccNRKq6z.s 			page 6


 245 0054 2020     		movs	r0, #32
 246 0056 FFF7FEFF 		bl	i2c_write_8
  41:relay.c       **** }
 247              		.loc 1 41 0
 248 005a C046     		nop
 249 005c BD46     		mov	sp, r7
 250 005e 05B0     		add	sp, sp, #20
 251              		@ sp needed
 252 0060 90BD     		pop	{r4, r7, pc}
 253              		.cfi_endproc
 254              	.LFE37:
 255              		.size	TCA9534_SetAllRelays, .-TCA9534_SetAllRelays
 256 0062 C046     		.section	.text.TCA9534_WriteReg,"ax",%progbits
 257              		.align	2
 258              		.global	TCA9534_WriteReg
 259              		.code	16
 260              		.thumb_func
 261              		.type	TCA9534_WriteReg, %function
 262              	TCA9534_WriteReg:
 263              	.LFB38:
  42:relay.c       **** 
  43:relay.c       **** 
  44:relay.c       **** void TCA9534_WriteReg(uint8 value) {
 264              		.loc 1 44 0
 265              		.cfi_startproc
 266              		@ args = 0, pretend = 0, frame = 16
 267              		@ frame_needed = 1, uses_anonymous_args = 0
 268 0000 80B5     		push	{r7, lr}
 269              		.cfi_def_cfa_offset 8
 270              		.cfi_offset 7, -8
 271              		.cfi_offset 14, -4
 272 0002 84B0     		sub	sp, sp, #16
 273              		.cfi_def_cfa_offset 24
 274 0004 00AF     		add	r7, sp, #0
 275              		.cfi_def_cfa_register 7
 276 0006 0200     		movs	r2, r0
 277 0008 FB1D     		adds	r3, r7, #7
 278 000a 1A70     		strb	r2, [r3]
  45:relay.c       ****     uint8 buf[2] = {TCA9534_OUTPUT_REG, value};
 279              		.loc 1 45 0
 280 000c 0C23     		movs	r3, #12
 281 000e FB18     		adds	r3, r7, r3
 282 0010 0122     		movs	r2, #1
 283 0012 1A70     		strb	r2, [r3]
 284 0014 0C23     		movs	r3, #12
 285 0016 FB18     		adds	r3, r7, r3
 286 0018 FA1D     		adds	r2, r7, #7
 287 001a 1278     		ldrb	r2, [r2]
 288 001c 5A70     		strb	r2, [r3, #1]
  46:relay.c       ****     I2C_I2CMasterWriteBuf(I2C_RELAY_SLAVE_ADDR, buf, 2, I2C_I2C_MODE_COMPLETE_XFER);
 289              		.loc 1 46 0
 290 001e 0C23     		movs	r3, #12
 291 0020 F918     		adds	r1, r7, r3
 292 0022 0023     		movs	r3, #0
 293 0024 0222     		movs	r2, #2
 294 0026 2020     		movs	r0, #32
 295 0028 FFF7FEFF 		bl	I2C_I2CMasterWriteBuf
ARM GAS  C:\Users\alexport\AppData\Local\Temp\ccNRKq6z.s 			page 7


  47:relay.c       ****     while(I2C_I2CMasterStatus() & I2C_I2C_MSTAT_XFER_INP);
 296              		.loc 1 47 0
 297 002c C046     		nop
 298              	.L11:
 299              		.loc 1 47 0 is_stmt 0 discriminator 1
 300 002e FFF7FEFF 		bl	I2C_I2CMasterStatus
 301 0032 0200     		movs	r2, r0
 302 0034 0423     		movs	r3, #4
 303 0036 1340     		ands	r3, r2
 304 0038 F9D1     		bne	.L11
  48:relay.c       **** }
 305              		.loc 1 48 0 is_stmt 1
 306 003a C046     		nop
 307 003c BD46     		mov	sp, r7
 308 003e 04B0     		add	sp, sp, #16
 309              		@ sp needed
 310 0040 80BD     		pop	{r7, pc}
 311              		.cfi_endproc
 312              	.LFE38:
 313              		.size	TCA9534_WriteReg, .-TCA9534_WriteReg
 314 0042 C046     		.section	.text.TCA9534_GetStatus,"ax",%progbits
 315              		.align	2
 316              		.global	TCA9534_GetStatus
 317              		.code	16
 318              		.thumb_func
 319              		.type	TCA9534_GetStatus, %function
 320              	TCA9534_GetStatus:
 321              	.LFB39:
  49:relay.c       **** 
  50:relay.c       **** 
  51:relay.c       **** uint8_t TCA9534_GetStatus(){
 322              		.loc 1 51 0
 323              		.cfi_startproc
 324              		@ args = 0, pretend = 0, frame = 0
 325              		@ frame_needed = 1, uses_anonymous_args = 0
 326 0000 80B5     		push	{r7, lr}
 327              		.cfi_def_cfa_offset 8
 328              		.cfi_offset 7, -8
 329              		.cfi_offset 14, -4
 330 0002 00AF     		add	r7, sp, #0
 331              		.cfi_def_cfa_register 7
  52:relay.c       ****     
  53:relay.c       ****     if(I2C_I2C_MSTR_NO_ERROR!= i2c_status(I2C_RELAY_SLAVE_ADDR))
 332              		.loc 1 53 0
 333 0004 2020     		movs	r0, #32
 334 0006 FFF7FEFF 		bl	i2c_status
 335 000a 031E     		subs	r3, r0, #0
 336 000c 01D0     		beq	.L13
  54:relay.c       ****         return 0;
 337              		.loc 1 54 0
 338 000e 0023     		movs	r3, #0
 339 0010 00E0     		b	.L14
 340              	.L13:
  55:relay.c       ****     else 
  56:relay.c       ****         return 1;   
 341              		.loc 1 56 0
 342 0012 0123     		movs	r3, #1
ARM GAS  C:\Users\alexport\AppData\Local\Temp\ccNRKq6z.s 			page 8


 343              	.L14:
  57:relay.c       ****     
  58:relay.c       **** }
 344              		.loc 1 58 0
 345 0014 1800     		movs	r0, r3
 346 0016 BD46     		mov	sp, r7
 347              		@ sp needed
 348 0018 80BD     		pop	{r7, pc}
 349              		.cfi_endproc
 350              	.LFE39:
 351              		.size	TCA9534_GetStatus, .-TCA9534_GetStatus
 352 001a C046     		.section	.text.TCA9534_GetReg,"ax",%progbits
 353              		.align	2
 354              		.global	TCA9534_GetReg
 355              		.code	16
 356              		.thumb_func
 357              		.type	TCA9534_GetReg, %function
 358              	TCA9534_GetReg:
 359              	.LFB40:
  59:relay.c       **** 
  60:relay.c       **** 
  61:relay.c       **** uint8_t TCA9534_GetReg() {
 360              		.loc 1 61 0
 361              		.cfi_startproc
 362              		@ args = 0, pretend = 0, frame = 8
 363              		@ frame_needed = 1, uses_anonymous_args = 0
 364 0000 80B5     		push	{r7, lr}
 365              		.cfi_def_cfa_offset 8
 366              		.cfi_offset 7, -8
 367              		.cfi_offset 14, -4
 368 0002 82B0     		sub	sp, sp, #8
 369              		.cfi_def_cfa_offset 16
 370 0004 00AF     		add	r7, sp, #0
 371              		.cfi_def_cfa_register 7
  62:relay.c       ****     
  63:relay.c       ****     uint8_t reg =TCA9534_OUTPUT_REG;
 372              		.loc 1 63 0
 373 0006 FB1C     		adds	r3, r7, #3
 374 0008 0122     		movs	r2, #1
 375 000a 1A70     		strb	r2, [r3]
  64:relay.c       ****     uint8_t data;
  65:relay.c       ****     uint32_t status;
  66:relay.c       ****     
  67:relay.c       ****     
  68:relay.c       ****     
  69:relay.c       ****     // Send memory address
  70:relay.c       ****     status = I2C_I2CMasterWriteBuf(I2C_RELAY_SLAVE_ADDR, &reg, 1, I2C_I2C_MODE_COMPLETE_XFER);
 376              		.loc 1 70 0
 377 000c F91C     		adds	r1, r7, #3
 378 000e 0023     		movs	r3, #0
 379 0010 0122     		movs	r2, #1
 380 0012 2020     		movs	r0, #32
 381 0014 FFF7FEFF 		bl	I2C_I2CMasterWriteBuf
 382 0018 0300     		movs	r3, r0
 383 001a 7B60     		str	r3, [r7, #4]
  71:relay.c       ****     while (I2C_I2CMasterStatus() & I2C_I2C_MSTAT_XFER_INP);
 384              		.loc 1 71 0
ARM GAS  C:\Users\alexport\AppData\Local\Temp\ccNRKq6z.s 			page 9


 385 001c C046     		nop
 386              	.L16:
 387              		.loc 1 71 0 is_stmt 0 discriminator 1
 388 001e FFF7FEFF 		bl	I2C_I2CMasterStatus
 389 0022 0200     		movs	r2, r0
 390 0024 0423     		movs	r3, #4
 391 0026 1340     		ands	r3, r2
 392 0028 F9D1     		bne	.L16
  72:relay.c       **** 
  73:relay.c       ****     // Read data
  74:relay.c       ****     I2C_I2CMasterReadBuf(I2C_RELAY_SLAVE_ADDR, &data, 1, I2C_I2C_MODE_COMPLETE_XFER);
 393              		.loc 1 74 0 is_stmt 1
 394 002a B91C     		adds	r1, r7, #2
 395 002c 0023     		movs	r3, #0
 396 002e 0122     		movs	r2, #1
 397 0030 2020     		movs	r0, #32
 398 0032 FFF7FEFF 		bl	I2C_I2CMasterReadBuf
  75:relay.c       ****     while (I2C_I2CMasterStatus() & I2C_I2C_MSTAT_XFER_INP);
 399              		.loc 1 75 0
 400 0036 C046     		nop
 401              	.L17:
 402              		.loc 1 75 0 is_stmt 0 discriminator 1
 403 0038 FFF7FEFF 		bl	I2C_I2CMasterStatus
 404 003c 0200     		movs	r2, r0
 405 003e 0423     		movs	r3, #4
 406 0040 1340     		ands	r3, r2
 407 0042 F9D1     		bne	.L17
  76:relay.c       ****     return data;
 408              		.loc 1 76 0 is_stmt 1
 409 0044 BB1C     		adds	r3, r7, #2
 410 0046 1B78     		ldrb	r3, [r3]
  77:relay.c       **** }
 411              		.loc 1 77 0
 412 0048 1800     		movs	r0, r3
 413 004a BD46     		mov	sp, r7
 414 004c 02B0     		add	sp, sp, #8
 415              		@ sp needed
 416 004e 80BD     		pop	{r7, pc}
 417              		.cfi_endproc
 418              	.LFE40:
 419              		.size	TCA9534_GetReg, .-TCA9534_GetReg
 420              		.section	.text.GetRelayState,"ax",%progbits
 421              		.align	2
 422              		.global	GetRelayState
 423              		.code	16
 424              		.thumb_func
 425              		.type	GetRelayState, %function
 426              	GetRelayState:
 427              	.LFB41:
  78:relay.c       **** 
  79:relay.c       **** 
  80:relay.c       **** uint8_t GetRelayState(){
 428              		.loc 1 80 0
 429              		.cfi_startproc
 430              		@ args = 0, pretend = 0, frame = 8
 431              		@ frame_needed = 1, uses_anonymous_args = 0
 432 0000 90B5     		push	{r4, r7, lr}
ARM GAS  C:\Users\alexport\AppData\Local\Temp\ccNRKq6z.s 			page 10


 433              		.cfi_def_cfa_offset 12
 434              		.cfi_offset 4, -12
 435              		.cfi_offset 7, -8
 436              		.cfi_offset 14, -4
 437 0002 83B0     		sub	sp, sp, #12
 438              		.cfi_def_cfa_offset 24
 439 0004 00AF     		add	r7, sp, #0
 440              		.cfi_def_cfa_register 7
  81:relay.c       ****     uint8_t  reg = TCA9534_GetReg();
 441              		.loc 1 81 0
 442 0006 FC1D     		adds	r4, r7, #7
 443 0008 FFF7FEFF 		bl	TCA9534_GetReg
 444 000c 0300     		movs	r3, r0
 445 000e 2370     		strb	r3, [r4]
  82:relay.c       ****     
  83:relay.c       ****     uint8_t faultbit = (reg>>3)&0x1; 
 446              		.loc 1 83 0
 447 0010 FB1D     		adds	r3, r7, #7
 448 0012 1B78     		ldrb	r3, [r3]
 449 0014 DB08     		lsrs	r3, r3, #3
 450 0016 DAB2     		uxtb	r2, r3
 451 0018 BB1D     		adds	r3, r7, #6
 452 001a 0121     		movs	r1, #1
 453 001c 0A40     		ands	r2, r1
 454 001e 1A70     		strb	r2, [r3]
  84:relay.c       ****     uint8_t alarm3bit =(reg>>2)&0x1;
 455              		.loc 1 84 0
 456 0020 FB1D     		adds	r3, r7, #7
 457 0022 1B78     		ldrb	r3, [r3]
 458 0024 9B08     		lsrs	r3, r3, #2
 459 0026 DAB2     		uxtb	r2, r3
 460 0028 7B1D     		adds	r3, r7, #5
 461 002a 0121     		movs	r1, #1
 462 002c 0A40     		ands	r2, r1
 463 002e 1A70     		strb	r2, [r3]
  85:relay.c       ****     uint8_t alarm2bit =(reg>>1)&0x1;
 464              		.loc 1 85 0
 465 0030 FB1D     		adds	r3, r7, #7
 466 0032 1B78     		ldrb	r3, [r3]
 467 0034 5B08     		lsrs	r3, r3, #1
 468 0036 DAB2     		uxtb	r2, r3
 469 0038 3B1D     		adds	r3, r7, #4
 470 003a 0121     		movs	r1, #1
 471 003c 0A40     		ands	r2, r1
 472 003e 1A70     		strb	r2, [r3]
  86:relay.c       ****     uint8_t alarm1bit =reg&0x1;
 473              		.loc 1 86 0
 474 0040 FB1C     		adds	r3, r7, #3
 475 0042 FA1D     		adds	r2, r7, #7
 476 0044 1278     		ldrb	r2, [r2]
 477 0046 0121     		movs	r1, #1
 478 0048 0A40     		ands	r2, r1
 479 004a 1A70     		strb	r2, [r3]
  87:relay.c       ****     if( (alarm3bit && !relay[2].energ)|| (!alarm3bit && relay[2].energ))
 480              		.loc 1 87 0
 481 004c 7B1D     		adds	r3, r7, #5
 482 004e 1B78     		ldrb	r3, [r3]
ARM GAS  C:\Users\alexport\AppData\Local\Temp\ccNRKq6z.s 			page 11


 483 0050 002B     		cmp	r3, #0
 484 0052 03D0     		beq	.L20
 485              		.loc 1 87 0 is_stmt 0 discriminator 1
 486 0054 244B     		ldr	r3, .L33
 487 0056 9B79     		ldrb	r3, [r3, #6]
 488 0058 002B     		cmp	r3, #0
 489 005a 07D0     		beq	.L21
 490              	.L20:
 491              		.loc 1 87 0 discriminator 3
 492 005c 7B1D     		adds	r3, r7, #5
 493 005e 1B78     		ldrb	r3, [r3]
 494 0060 002B     		cmp	r3, #0
 495 0062 05D1     		bne	.L22
 496              		.loc 1 87 0 discriminator 4
 497 0064 204B     		ldr	r3, .L33
 498 0066 9B79     		ldrb	r3, [r3, #6]
 499 0068 002B     		cmp	r3, #0
 500 006a 01D0     		beq	.L22
 501              	.L21:
  88:relay.c       ****         return 3;
 502              		.loc 1 88 0 is_stmt 1
 503 006c 0323     		movs	r3, #3
 504 006e 36E0     		b	.L23
 505              	.L22:
  89:relay.c       ****     if( (alarm2bit && !relay[1].energ)|| (!alarm2bit && relay[1].energ))
 506              		.loc 1 89 0
 507 0070 3B1D     		adds	r3, r7, #4
 508 0072 1B78     		ldrb	r3, [r3]
 509 0074 002B     		cmp	r3, #0
 510 0076 03D0     		beq	.L24
 511              		.loc 1 89 0 is_stmt 0 discriminator 1
 512 0078 1B4B     		ldr	r3, .L33
 513 007a DB78     		ldrb	r3, [r3, #3]
 514 007c 002B     		cmp	r3, #0
 515 007e 07D0     		beq	.L25
 516              	.L24:
 517              		.loc 1 89 0 discriminator 3
 518 0080 3B1D     		adds	r3, r7, #4
 519 0082 1B78     		ldrb	r3, [r3]
 520 0084 002B     		cmp	r3, #0
 521 0086 05D1     		bne	.L26
 522              		.loc 1 89 0 discriminator 4
 523 0088 174B     		ldr	r3, .L33
 524 008a DB78     		ldrb	r3, [r3, #3]
 525 008c 002B     		cmp	r3, #0
 526 008e 01D0     		beq	.L26
 527              	.L25:
  90:relay.c       ****         return 2;
 528              		.loc 1 90 0 is_stmt 1
 529 0090 0223     		movs	r3, #2
 530 0092 24E0     		b	.L23
 531              	.L26:
  91:relay.c       ****     if( (alarm1bit && !relay[0].energ)|| (!alarm1bit && relay[0].energ))
 532              		.loc 1 91 0
 533 0094 FB1C     		adds	r3, r7, #3
 534 0096 1B78     		ldrb	r3, [r3]
 535 0098 002B     		cmp	r3, #0
ARM GAS  C:\Users\alexport\AppData\Local\Temp\ccNRKq6z.s 			page 12


 536 009a 03D0     		beq	.L27
 537              		.loc 1 91 0 is_stmt 0 discriminator 1
 538 009c 124B     		ldr	r3, .L33
 539 009e 1B78     		ldrb	r3, [r3]
 540 00a0 002B     		cmp	r3, #0
 541 00a2 07D0     		beq	.L28
 542              	.L27:
 543              		.loc 1 91 0 discriminator 3
 544 00a4 FB1C     		adds	r3, r7, #3
 545 00a6 1B78     		ldrb	r3, [r3]
 546 00a8 002B     		cmp	r3, #0
 547 00aa 05D1     		bne	.L29
 548              		.loc 1 91 0 discriminator 4
 549 00ac 0E4B     		ldr	r3, .L33
 550 00ae 1B78     		ldrb	r3, [r3]
 551 00b0 002B     		cmp	r3, #0
 552 00b2 01D0     		beq	.L29
 553              	.L28:
  92:relay.c       ****         return 1;
 554              		.loc 1 92 0 is_stmt 1
 555 00b4 0123     		movs	r3, #1
 556 00b6 12E0     		b	.L23
 557              	.L29:
  93:relay.c       ****     if( (faultbit && !relay[3].energ)|| (!faultbit && relay[3].energ))
 558              		.loc 1 93 0
 559 00b8 BB1D     		adds	r3, r7, #6
 560 00ba 1B78     		ldrb	r3, [r3]
 561 00bc 002B     		cmp	r3, #0
 562 00be 03D0     		beq	.L30
 563              		.loc 1 93 0 is_stmt 0 discriminator 1
 564 00c0 094B     		ldr	r3, .L33
 565 00c2 5B7A     		ldrb	r3, [r3, #9]
 566 00c4 002B     		cmp	r3, #0
 567 00c6 07D0     		beq	.L31
 568              	.L30:
 569              		.loc 1 93 0 discriminator 3
 570 00c8 BB1D     		adds	r3, r7, #6
 571 00ca 1B78     		ldrb	r3, [r3]
 572 00cc 002B     		cmp	r3, #0
 573 00ce 05D1     		bne	.L32
 574              		.loc 1 93 0 discriminator 4
 575 00d0 054B     		ldr	r3, .L33
 576 00d2 5B7A     		ldrb	r3, [r3, #9]
 577 00d4 002B     		cmp	r3, #0
 578 00d6 01D0     		beq	.L32
 579              	.L31:
  94:relay.c       ****         return 4;
 580              		.loc 1 94 0 is_stmt 1
 581 00d8 0423     		movs	r3, #4
 582 00da 00E0     		b	.L23
 583              	.L32:
  95:relay.c       ****     else
  96:relay.c       ****         return 0;
 584              		.loc 1 96 0
 585 00dc 0023     		movs	r3, #0
 586              	.L23:
  97:relay.c       **** }
ARM GAS  C:\Users\alexport\AppData\Local\Temp\ccNRKq6z.s 			page 13


 587              		.loc 1 97 0
 588 00de 1800     		movs	r0, r3
 589 00e0 BD46     		mov	sp, r7
 590 00e2 03B0     		add	sp, sp, #12
 591              		@ sp needed
 592 00e4 90BD     		pop	{r4, r7, pc}
 593              	.L34:
 594 00e6 C046     		.align	2
 595              	.L33:
 596 00e8 00000000 		.word	relay
 597              		.cfi_endproc
 598              	.LFE41:
 599              		.size	GetRelayState, .-GetRelayState
 600              		.section	.text.GetRelayMask,"ax",%progbits
 601              		.align	2
 602              		.global	GetRelayMask
 603              		.code	16
 604              		.thumb_func
 605              		.type	GetRelayMask, %function
 606              	GetRelayMask:
 607              	.LFB42:
  98:relay.c       **** 
  99:relay.c       **** uint8_t GetRelayMask(){
 608              		.loc 1 99 0
 609              		.cfi_startproc
 610              		@ args = 0, pretend = 0, frame = 8
 611              		@ frame_needed = 1, uses_anonymous_args = 0
 612 0000 90B5     		push	{r4, r7, lr}
 613              		.cfi_def_cfa_offset 12
 614              		.cfi_offset 4, -12
 615              		.cfi_offset 7, -8
 616              		.cfi_offset 14, -4
 617 0002 83B0     		sub	sp, sp, #12
 618              		.cfi_def_cfa_offset 24
 619 0004 00AF     		add	r7, sp, #0
 620              		.cfi_def_cfa_register 7
 100:relay.c       ****     uint8_t  reg= TCA9534_GetReg();
 621              		.loc 1 100 0
 622 0006 FC1D     		adds	r4, r7, #7
 623 0008 FFF7FEFF 		bl	TCA9534_GetReg
 624 000c 0300     		movs	r3, r0
 625 000e 2370     		strb	r3, [r4]
 101:relay.c       ****     return reg;
 626              		.loc 1 101 0
 627 0010 FB1D     		adds	r3, r7, #7
 628 0012 1B78     		ldrb	r3, [r3]
 102:relay.c       **** }
 629              		.loc 1 102 0
 630 0014 1800     		movs	r0, r3
 631 0016 BD46     		mov	sp, r7
 632 0018 03B0     		add	sp, sp, #12
 633              		@ sp needed
 634 001a 90BD     		pop	{r4, r7, pc}
 635              		.cfi_endproc
 636              	.LFE42:
 637              		.size	GetRelayMask, .-GetRelayMask
 638              		.text
ARM GAS  C:\Users\alexport\AppData\Local\Temp\ccNRKq6z.s 			page 14


 639              	.Letext0:
 640              		.file 2 "c:\\program files (x86)\\cypress\\psoc creator\\4.4\\psoc creator\\import\\gnu\\arm\\5.4.
 641              		.file 3 "c:\\program files (x86)\\cypress\\psoc creator\\4.4\\psoc creator\\import\\gnu\\arm\\5.4.
 642              		.file 4 "Generated_Source\\PSoC4/cytypes.h"
 643              		.file 5 "Generated_Source\\PSoC4/blue_Stack.h"
 644              		.file 6 "Generated_Source\\PSoC4/blue_dis.h"
 645              		.file 7 "relay.h"
 646              		.section	.debug_info,"",%progbits
 647              	.Ldebug_info0:
 648 0000 F6040000 		.4byte	0x4f6
 649 0004 0400     		.2byte	0x4
 650 0006 00000000 		.4byte	.Ldebug_abbrev0
 651 000a 04       		.byte	0x4
 652 000b 01       		.uleb128 0x1
 653 000c CD050000 		.4byte	.LASF124
 654 0010 0C       		.byte	0xc
 655 0011 5E020000 		.4byte	.LASF125
 656 0015 ED0A0000 		.4byte	.LASF126
 657 0019 00000000 		.4byte	.Ldebug_ranges0+0
 658 001d 00000000 		.4byte	0
 659 0021 00000000 		.4byte	.Ldebug_line0
 660 0025 02       		.uleb128 0x2
 661 0026 01       		.byte	0x1
 662 0027 06       		.byte	0x6
 663 0028 36020000 		.4byte	.LASF0
 664 002c 03       		.uleb128 0x3
 665 002d 04010000 		.4byte	.LASF5
 666 0031 02       		.byte	0x2
 667 0032 1D       		.byte	0x1d
 668 0033 37000000 		.4byte	0x37
 669 0037 02       		.uleb128 0x2
 670 0038 01       		.byte	0x1
 671 0039 08       		.byte	0x8
 672 003a A6080000 		.4byte	.LASF1
 673 003e 02       		.uleb128 0x2
 674 003f 02       		.byte	0x2
 675 0040 05       		.byte	0x5
 676 0041 C9080000 		.4byte	.LASF2
 677 0045 02       		.uleb128 0x2
 678 0046 02       		.byte	0x2
 679 0047 07       		.byte	0x7
 680 0048 D8040000 		.4byte	.LASF3
 681 004c 02       		.uleb128 0x2
 682 004d 04       		.byte	0x4
 683 004e 05       		.byte	0x5
 684 004f 20010000 		.4byte	.LASF4
 685 0053 03       		.uleb128 0x3
 686 0054 7A030000 		.4byte	.LASF6
 687 0058 02       		.byte	0x2
 688 0059 41       		.byte	0x41
 689 005a 5E000000 		.4byte	0x5e
 690 005e 02       		.uleb128 0x2
 691 005f 04       		.byte	0x4
 692 0060 07       		.byte	0x7
 693 0061 1A040000 		.4byte	.LASF7
 694 0065 02       		.uleb128 0x2
 695 0066 08       		.byte	0x8
ARM GAS  C:\Users\alexport\AppData\Local\Temp\ccNRKq6z.s 			page 15


 696 0067 05       		.byte	0x5
 697 0068 28020000 		.4byte	.LASF8
 698 006c 02       		.uleb128 0x2
 699 006d 08       		.byte	0x8
 700 006e 07       		.byte	0x7
 701 006f 29010000 		.4byte	.LASF9
 702 0073 04       		.uleb128 0x4
 703 0074 04       		.byte	0x4
 704 0075 05       		.byte	0x5
 705 0076 696E7400 		.ascii	"int\000"
 706 007a 02       		.uleb128 0x2
 707 007b 04       		.byte	0x4
 708 007c 07       		.byte	0x7
 709 007d EE030000 		.4byte	.LASF10
 710 0081 03       		.uleb128 0x3
 711 0082 4E0B0000 		.4byte	.LASF11
 712 0086 03       		.byte	0x3
 713 0087 18       		.byte	0x18
 714 0088 2C000000 		.4byte	0x2c
 715 008c 03       		.uleb128 0x3
 716 008d E40A0000 		.4byte	.LASF12
 717 0091 03       		.byte	0x3
 718 0092 30       		.byte	0x30
 719 0093 53000000 		.4byte	0x53
 720 0097 05       		.uleb128 0x5
 721 0098 CD040000 		.4byte	.LASF13
 722 009c 04       		.byte	0x4
 723 009d FC01     		.2byte	0x1fc
 724 009f 37000000 		.4byte	0x37
 725 00a3 05       		.uleb128 0x5
 726 00a4 3F000000 		.4byte	.LASF14
 727 00a8 04       		.byte	0x4
 728 00a9 FD01     		.2byte	0x1fd
 729 00ab 45000000 		.4byte	0x45
 730 00af 02       		.uleb128 0x2
 731 00b0 04       		.byte	0x4
 732 00b1 04       		.byte	0x4
 733 00b2 7E080000 		.4byte	.LASF15
 734 00b6 02       		.uleb128 0x2
 735 00b7 08       		.byte	0x8
 736 00b8 04       		.byte	0x4
 737 00b9 1F030000 		.4byte	.LASF16
 738 00bd 02       		.uleb128 0x2
 739 00be 01       		.byte	0x1
 740 00bf 08       		.byte	0x8
 741 00c0 EA090000 		.4byte	.LASF17
 742 00c4 02       		.uleb128 0x2
 743 00c5 08       		.byte	0x8
 744 00c6 04       		.byte	0x4
 745 00c7 AF090000 		.4byte	.LASF18
 746 00cb 02       		.uleb128 0x2
 747 00cc 04       		.byte	0x4
 748 00cd 07       		.byte	0x7
 749 00ce 48070000 		.4byte	.LASF19
 750 00d2 06       		.uleb128 0x6
 751 00d3 01       		.byte	0x1
 752 00d4 37000000 		.4byte	0x37
ARM GAS  C:\Users\alexport\AppData\Local\Temp\ccNRKq6z.s 			page 16


 753 00d8 05       		.byte	0x5
 754 00d9 3501     		.2byte	0x135
 755 00db 90020000 		.4byte	0x290
 756 00df 07       		.uleb128 0x7
 757 00e0 EB040000 		.4byte	.LASF20
 758 00e4 00       		.byte	0
 759 00e5 07       		.uleb128 0x7
 760 00e6 42020000 		.4byte	.LASF21
 761 00ea 01       		.byte	0x1
 762 00eb 07       		.uleb128 0x7
 763 00ec 0E010000 		.4byte	.LASF22
 764 00f0 02       		.byte	0x2
 765 00f1 07       		.uleb128 0x7
 766 00f2 C00A0000 		.4byte	.LASF23
 767 00f6 03       		.byte	0x3
 768 00f7 07       		.uleb128 0x7
 769 00f8 40010000 		.4byte	.LASF24
 770 00fc 04       		.byte	0x4
 771 00fd 07       		.uleb128 0x7
 772 00fe 23000000 		.4byte	.LASF25
 773 0102 05       		.byte	0x5
 774 0103 07       		.uleb128 0x7
 775 0104 20050000 		.4byte	.LASF26
 776 0108 06       		.byte	0x6
 777 0109 07       		.uleb128 0x7
 778 010a 92060000 		.4byte	.LASF27
 779 010e 20       		.byte	0x20
 780 010f 07       		.uleb128 0x7
 781 0110 66020000 		.4byte	.LASF28
 782 0114 21       		.byte	0x21
 783 0115 07       		.uleb128 0x7
 784 0116 58050000 		.4byte	.LASF29
 785 011a 22       		.byte	0x22
 786 011b 07       		.uleb128 0x7
 787 011c 890A0000 		.4byte	.LASF30
 788 0120 23       		.byte	0x23
 789 0121 07       		.uleb128 0x7
 790 0122 C7070000 		.4byte	.LASF31
 791 0126 24       		.byte	0x24
 792 0127 07       		.uleb128 0x7
 793 0128 51070000 		.4byte	.LASF32
 794 012c 25       		.byte	0x25
 795 012d 07       		.uleb128 0x7
 796 012e BA020000 		.4byte	.LASF33
 797 0132 26       		.byte	0x26
 798 0133 07       		.uleb128 0x7
 799 0134 7C050000 		.4byte	.LASF34
 800 0138 27       		.byte	0x27
 801 0139 07       		.uleb128 0x7
 802 013a C0010000 		.4byte	.LASF35
 803 013e 28       		.byte	0x28
 804 013f 07       		.uleb128 0x7
 805 0140 E2010000 		.4byte	.LASF36
 806 0144 29       		.byte	0x29
 807 0145 07       		.uleb128 0x7
 808 0146 65000000 		.4byte	.LASF37
 809 014a 2A       		.byte	0x2a
ARM GAS  C:\Users\alexport\AppData\Local\Temp\ccNRKq6z.s 			page 17


 810 014b 07       		.uleb128 0x7
 811 014c 55010000 		.4byte	.LASF38
 812 0150 2B       		.byte	0x2b
 813 0151 07       		.uleb128 0x7
 814 0152 980B0000 		.4byte	.LASF39
 815 0156 2C       		.byte	0x2c
 816 0157 07       		.uleb128 0x7
 817 0158 FF010000 		.4byte	.LASF40
 818 015c 2D       		.byte	0x2d
 819 015d 07       		.uleb128 0x7
 820 015e 240A0000 		.4byte	.LASF41
 821 0162 2E       		.byte	0x2e
 822 0163 07       		.uleb128 0x7
 823 0164 AF000000 		.4byte	.LASF42
 824 0168 2F       		.byte	0x2f
 825 0169 07       		.uleb128 0x7
 826 016a A6070000 		.4byte	.LASF43
 827 016e 30       		.byte	0x30
 828 016f 07       		.uleb128 0x7
 829 0170 030C0000 		.4byte	.LASF44
 830 0174 31       		.byte	0x31
 831 0175 07       		.uleb128 0x7
 832 0176 85070000 		.4byte	.LASF45
 833 017a 32       		.byte	0x32
 834 017b 07       		.uleb128 0x7
 835 017c 88090000 		.4byte	.LASF46
 836 0180 33       		.byte	0x33
 837 0181 07       		.uleb128 0x7
 838 0182 2C040000 		.4byte	.LASF47
 839 0186 34       		.byte	0x34
 840 0187 07       		.uleb128 0x7
 841 0188 A9030000 		.4byte	.LASF48
 842 018c 35       		.byte	0x35
 843 018d 07       		.uleb128 0x7
 844 018e 9B050000 		.4byte	.LASF49
 845 0192 36       		.byte	0x36
 846 0193 07       		.uleb128 0x7
 847 0194 CA060000 		.4byte	.LASF50
 848 0198 37       		.byte	0x37
 849 0199 07       		.uleb128 0x7
 850 019a 6E090000 		.4byte	.LASF51
 851 019e 40       		.byte	0x40
 852 019f 07       		.uleb128 0x7
 853 01a0 5B060000 		.4byte	.LASF52
 854 01a4 41       		.byte	0x41
 855 01a5 07       		.uleb128 0x7
 856 01a6 430C0000 		.4byte	.LASF53
 857 01aa 42       		.byte	0x42
 858 01ab 07       		.uleb128 0x7
 859 01ac E2020000 		.4byte	.LASF54
 860 01b0 43       		.byte	0x43
 861 01b1 07       		.uleb128 0x7
 862 01b2 5E040000 		.4byte	.LASF55
 863 01b6 44       		.byte	0x44
 864 01b7 07       		.uleb128 0x7
 865 01b8 57080000 		.4byte	.LASF56
 866 01bc 45       		.byte	0x45
ARM GAS  C:\Users\alexport\AppData\Local\Temp\ccNRKq6z.s 			page 18


 867 01bd 07       		.uleb128 0x7
 868 01be 27070000 		.4byte	.LASF57
 869 01c2 46       		.byte	0x46
 870 01c3 07       		.uleb128 0x7
 871 01c4 02050000 		.4byte	.LASF58
 872 01c8 47       		.byte	0x47
 873 01c9 07       		.uleb128 0x7
 874 01ca 710B0000 		.4byte	.LASF59
 875 01ce 48       		.byte	0x48
 876 01cf 07       		.uleb128 0x7
 877 01d0 7D020000 		.4byte	.LASF60
 878 01d4 49       		.byte	0x49
 879 01d5 07       		.uleb128 0x7
 880 01d6 6B0A0000 		.4byte	.LASF61
 881 01da 4A       		.byte	0x4a
 882 01db 07       		.uleb128 0x7
 883 01dc E5000000 		.4byte	.LASF62
 884 01e0 4B       		.byte	0x4b
 885 01e1 07       		.uleb128 0x7
 886 01e2 44040000 		.4byte	.LASF63
 887 01e6 4C       		.byte	0x4c
 888 01e7 07       		.uleb128 0x7
 889 01e8 6B070000 		.4byte	.LASF64
 890 01ec 4D       		.byte	0x4d
 891 01ed 07       		.uleb128 0x7
 892 01ee 9C020000 		.4byte	.LASF65
 893 01f2 4E       		.byte	0x4e
 894 01f3 07       		.uleb128 0x7
 895 01f4 1D090000 		.4byte	.LASF66
 896 01f8 4F       		.byte	0x4f
 897 01f9 07       		.uleb128 0x7
 898 01fa 39050000 		.4byte	.LASF67
 899 01fe 50       		.byte	0x50
 900 01ff 07       		.uleb128 0x7
 901 0200 00030000 		.4byte	.LASF68
 902 0204 51       		.byte	0x51
 903 0205 07       		.uleb128 0x7
 904 0206 F8070000 		.4byte	.LASF69
 905 020a 52       		.byte	0x52
 906 020b 07       		.uleb128 0x7
 907 020c D3080000 		.4byte	.LASF70
 908 0210 53       		.byte	0x53
 909 0211 07       		.uleb128 0x7
 910 0212 4D090000 		.4byte	.LASF71
 911 0216 54       		.byte	0x54
 912 0217 07       		.uleb128 0x7
 913 0218 7C040000 		.4byte	.LASF72
 914 021c 55       		.byte	0x55
 915 021d 07       		.uleb128 0x7
 916 021e CC030000 		.4byte	.LASF73
 917 0222 56       		.byte	0x56
 918 0223 07       		.uleb128 0x7
 919 0224 FB090000 		.4byte	.LASF74
 920 0228 57       		.byte	0x57
 921 0229 07       		.uleb128 0x7
 922 022a A0040000 		.4byte	.LASF75
 923 022e 58       		.byte	0x58
ARM GAS  C:\Users\alexport\AppData\Local\Temp\ccNRKq6z.s 			page 19


 924 022f 07       		.uleb128 0x7
 925 0230 9A010000 		.4byte	.LASF76
 926 0234 70       		.byte	0x70
 927 0235 07       		.uleb128 0x7
 928 0236 DD0B0000 		.4byte	.LASF77
 929 023a 71       		.byte	0x71
 930 023b 07       		.uleb128 0x7
 931 023c 76060000 		.4byte	.LASF78
 932 0240 72       		.byte	0x72
 933 0241 07       		.uleb128 0x7
 934 0242 09070000 		.4byte	.LASF79
 935 0246 73       		.byte	0x73
 936 0247 07       		.uleb128 0x7
 937 0248 31080000 		.4byte	.LASF80
 938 024c 74       		.byte	0x74
 939 024d 07       		.uleb128 0x7
 940 024e BC0B0000 		.4byte	.LASF81
 941 0252 75       		.byte	0x75
 942 0253 07       		.uleb128 0x7
 943 0254 8E000000 		.4byte	.LASF82
 944 0258 76       		.byte	0x76
 945 0259 07       		.uleb128 0x7
 946 025a 46000000 		.4byte	.LASF83
 947 025e 77       		.byte	0x77
 948 025f 07       		.uleb128 0x7
 949 0260 00000000 		.4byte	.LASF84
 950 0264 78       		.byte	0x78
 951 0265 07       		.uleb128 0x7
 952 0266 480A0000 		.4byte	.LASF85
 953 026a 79       		.byte	0x79
 954 026b 07       		.uleb128 0x7
 955 026c 85030000 		.4byte	.LASF86
 956 0270 7A       		.byte	0x7a
 957 0271 07       		.uleb128 0x7
 958 0272 74010000 		.4byte	.LASF87
 959 0276 FA       		.byte	0xfa
 960 0277 07       		.uleb128 0x7
 961 0278 FB030000 		.4byte	.LASF88
 962 027c FB       		.byte	0xfb
 963 027d 07       		.uleb128 0x7
 964 027e F4080000 		.4byte	.LASF89
 965 0282 FC       		.byte	0xfc
 966 0283 07       		.uleb128 0x7
 967 0284 BB090000 		.4byte	.LASF90
 968 0288 FD       		.byte	0xfd
 969 0289 07       		.uleb128 0x7
 970 028a 6C030000 		.4byte	.LASF91
 971 028e FF       		.byte	0xff
 972 028f 00       		.byte	0
 973 0290 08       		.uleb128 0x8
 974 0291 01       		.byte	0x1
 975 0292 37000000 		.4byte	0x37
 976 0296 06       		.byte	0x6
 977 0297 22       		.byte	0x22
 978 0298 D9020000 		.4byte	0x2d9
 979 029c 07       		.uleb128 0x7
 980 029d 270C0000 		.4byte	.LASF92
ARM GAS  C:\Users\alexport\AppData\Local\Temp\ccNRKq6z.s 			page 20


 981 02a1 00       		.byte	0
 982 02a2 07       		.uleb128 0x7
 983 02a3 D3090000 		.4byte	.LASF93
 984 02a7 01       		.byte	0x1
 985 02a8 07       		.uleb128 0x7
 986 02a9 8E080000 		.4byte	.LASF94
 987 02ad 02       		.byte	0x2
 988 02ae 07       		.uleb128 0x7
 989 02af 55030000 		.4byte	.LASF95
 990 02b3 03       		.byte	0x3
 991 02b4 07       		.uleb128 0x7
 992 02b5 34030000 		.4byte	.LASF96
 993 02b9 04       		.byte	0x4
 994 02ba 07       		.uleb128 0x7
 995 02bb 06090000 		.4byte	.LASF97
 996 02bf 05       		.byte	0x5
 997 02c0 07       		.uleb128 0x7
 998 02c1 B6060000 		.4byte	.LASF98
 999 02c5 06       		.byte	0x6
 1000 02c6 07       		.uleb128 0x7
 1001 02c7 19080000 		.4byte	.LASF99
 1002 02cb 07       		.byte	0x7
 1003 02cc 07       		.uleb128 0x7
 1004 02cd BC050000 		.4byte	.LASF100
 1005 02d1 08       		.byte	0x8
 1006 02d2 07       		.uleb128 0x7
 1007 02d3 B4080000 		.4byte	.LASF101
 1008 02d7 09       		.byte	0x9
 1009 02d8 00       		.byte	0
 1010 02d9 09       		.uleb128 0x9
 1011 02da 03       		.byte	0x3
 1012 02db 07       		.byte	0x7
 1013 02dc 2F       		.byte	0x2f
 1014 02dd 06030000 		.4byte	0x306
 1015 02e1 0A       		.uleb128 0xa
 1016 02e2 F5090000 		.4byte	.LASF102
 1017 02e6 07       		.byte	0x7
 1018 02e7 30       		.byte	0x30
 1019 02e8 81000000 		.4byte	0x81
 1020 02ec 00       		.byte	0
 1021 02ed 0A       		.uleb128 0xa
 1022 02ee 92010000 		.4byte	.LASF103
 1023 02f2 07       		.byte	0x7
 1024 02f3 31       		.byte	0x31
 1025 02f4 81000000 		.4byte	0x81
 1026 02f8 01       		.byte	0x1
 1027 02f9 0B       		.uleb128 0xb
 1028 02fa 61636B00 		.ascii	"ack\000"
 1029 02fe 07       		.byte	0x7
 1030 02ff 32       		.byte	0x32
 1031 0300 81000000 		.4byte	0x81
 1032 0304 02       		.byte	0x2
 1033 0305 00       		.byte	0
 1034 0306 03       		.uleb128 0x3
 1035 0307 E3070000 		.4byte	.LASF104
 1036 030b 07       		.byte	0x7
 1037 030c 33       		.byte	0x33
ARM GAS  C:\Users\alexport\AppData\Local\Temp\ccNRKq6z.s 			page 21


 1038 030d D9020000 		.4byte	0x2d9
 1039 0311 0C       		.uleb128 0xc
 1040 0312 3C090000 		.4byte	.LASF107
 1041 0316 01       		.byte	0x1
 1042 0317 11       		.byte	0x11
 1043 0318 00000000 		.4byte	.LFB35
 1044 031c 8E000000 		.4byte	.LFE35-.LFB35
 1045 0320 01       		.uleb128 0x1
 1046 0321 9C       		.byte	0x9c
 1047 0322 51030000 		.4byte	0x351
 1048 0326 0D       		.uleb128 0xd
 1049 0327 560B0000 		.4byte	.LASF105
 1050 032b 01       		.byte	0x1
 1051 032c 11       		.byte	0x11
 1052 032d 81000000 		.4byte	0x81
 1053 0331 02       		.uleb128 0x2
 1054 0332 91       		.byte	0x91
 1055 0333 67       		.sleb128 -25
 1056 0334 0D       		.uleb128 0xd
 1057 0335 96020000 		.4byte	.LASF106
 1058 0339 01       		.byte	0x1
 1059 033a 11       		.byte	0x11
 1060 033b 81000000 		.4byte	0x81
 1061 033f 02       		.uleb128 0x2
 1062 0340 91       		.byte	0x91
 1063 0341 66       		.sleb128 -26
 1064 0342 0E       		.uleb128 0xe
 1065 0343 4F080000 		.4byte	.LASF110
 1066 0347 01       		.byte	0x1
 1067 0348 14       		.byte	0x14
 1068 0349 81000000 		.4byte	0x81
 1069 034d 02       		.uleb128 0x2
 1070 034e 91       		.byte	0x91
 1071 034f 6F       		.sleb128 -17
 1072 0350 00       		.byte	0
 1073 0351 0C       		.uleb128 0xc
 1074 0352 D8000000 		.4byte	.LASF108
 1075 0356 01       		.byte	0x1
 1076 0357 1E       		.byte	0x1e
 1077 0358 00000000 		.4byte	.LFB36
 1078 035c 42000000 		.4byte	.LFE36-.LFB36
 1079 0360 01       		.uleb128 0x1
 1080 0361 9C       		.byte	0x9c
 1081 0362 83030000 		.4byte	0x383
 1082 0366 0D       		.uleb128 0xd
 1083 0367 D90A0000 		.4byte	.LASF109
 1084 036b 01       		.byte	0x1
 1085 036c 1E       		.byte	0x1e
 1086 036d 81000000 		.4byte	0x81
 1087 0371 02       		.uleb128 0x2
 1088 0372 91       		.byte	0x91
 1089 0373 6F       		.sleb128 -17
 1090 0374 0F       		.uleb128 0xf
 1091 0375 62756600 		.ascii	"buf\000"
 1092 0379 01       		.byte	0x1
 1093 037a 1F       		.byte	0x1f
 1094 037b 83030000 		.4byte	0x383
ARM GAS  C:\Users\alexport\AppData\Local\Temp\ccNRKq6z.s 			page 22


 1095 037f 02       		.uleb128 0x2
 1096 0380 91       		.byte	0x91
 1097 0381 74       		.sleb128 -12
 1098 0382 00       		.byte	0
 1099 0383 10       		.uleb128 0x10
 1100 0384 97000000 		.4byte	0x97
 1101 0388 93030000 		.4byte	0x393
 1102 038c 11       		.uleb128 0x11
 1103 038d CB000000 		.4byte	0xcb
 1104 0391 01       		.byte	0x1
 1105 0392 00       		.byte	0
 1106 0393 0C       		.uleb128 0xc
 1107 0394 320B0000 		.4byte	.LASF111
 1108 0398 01       		.byte	0x1
 1109 0399 24       		.byte	0x24
 1110 039a 00000000 		.4byte	.LFB37
 1111 039e 62000000 		.4byte	.LFE37-.LFB37
 1112 03a2 01       		.uleb128 0x1
 1113 03a3 9C       		.byte	0x9c
 1114 03a4 C5030000 		.4byte	0x3c5
 1115 03a8 0D       		.uleb128 0xd
 1116 03a9 4B030000 		.4byte	.LASF112
 1117 03ad 01       		.byte	0x1
 1118 03ae 24       		.byte	0x24
 1119 03af 81000000 		.4byte	0x81
 1120 03b3 02       		.uleb128 0x2
 1121 03b4 91       		.byte	0x91
 1122 03b5 67       		.sleb128 -25
 1123 03b6 0E       		.uleb128 0xe
 1124 03b7 4F080000 		.4byte	.LASF110
 1125 03bb 01       		.byte	0x1
 1126 03bc 25       		.byte	0x25
 1127 03bd 81000000 		.4byte	0x81
 1128 03c1 02       		.uleb128 0x2
 1129 03c2 91       		.byte	0x91
 1130 03c3 6F       		.sleb128 -17
 1131 03c4 00       		.byte	0
 1132 03c5 0C       		.uleb128 0xc
 1133 03c6 AF0A0000 		.4byte	.LASF113
 1134 03ca 01       		.byte	0x1
 1135 03cb 2C       		.byte	0x2c
 1136 03cc 00000000 		.4byte	.LFB38
 1137 03d0 42000000 		.4byte	.LFE38-.LFB38
 1138 03d4 01       		.uleb128 0x1
 1139 03d5 9C       		.byte	0x9c
 1140 03d6 F7030000 		.4byte	0x3f7
 1141 03da 0D       		.uleb128 0xd
 1142 03db C6030000 		.4byte	.LASF114
 1143 03df 01       		.byte	0x1
 1144 03e0 2C       		.byte	0x2c
 1145 03e1 97000000 		.4byte	0x97
 1146 03e5 02       		.uleb128 0x2
 1147 03e6 91       		.byte	0x91
 1148 03e7 6F       		.sleb128 -17
 1149 03e8 0F       		.uleb128 0xf
 1150 03e9 62756600 		.ascii	"buf\000"
 1151 03ed 01       		.byte	0x1
ARM GAS  C:\Users\alexport\AppData\Local\Temp\ccNRKq6z.s 			page 23


 1152 03ee 2D       		.byte	0x2d
 1153 03ef 83030000 		.4byte	0x383
 1154 03f3 02       		.uleb128 0x2
 1155 03f4 91       		.byte	0x91
 1156 03f5 74       		.sleb128 -12
 1157 03f6 00       		.byte	0
 1158 03f7 12       		.uleb128 0x12
 1159 03f8 5F0B0000 		.4byte	.LASF127
 1160 03fc 01       		.byte	0x1
 1161 03fd 33       		.byte	0x33
 1162 03fe 81000000 		.4byte	0x81
 1163 0402 00000000 		.4byte	.LFB39
 1164 0406 1A000000 		.4byte	.LFE39-.LFB39
 1165 040a 01       		.uleb128 0x1
 1166 040b 9C       		.byte	0x9c
 1167 040c 13       		.uleb128 0x13
 1168 040d E9070000 		.4byte	.LASF115
 1169 0411 01       		.byte	0x1
 1170 0412 3D       		.byte	0x3d
 1171 0413 81000000 		.4byte	0x81
 1172 0417 00000000 		.4byte	.LFB40
 1173 041b 50000000 		.4byte	.LFE40-.LFB40
 1174 041f 01       		.uleb128 0x1
 1175 0420 9C       		.byte	0x9c
 1176 0421 50040000 		.4byte	0x450
 1177 0425 0F       		.uleb128 0xf
 1178 0426 72656700 		.ascii	"reg\000"
 1179 042a 01       		.byte	0x1
 1180 042b 3F       		.byte	0x3f
 1181 042c 81000000 		.4byte	0x81
 1182 0430 02       		.uleb128 0x2
 1183 0431 91       		.byte	0x91
 1184 0432 73       		.sleb128 -13
 1185 0433 0E       		.uleb128 0xe
 1186 0434 D3040000 		.4byte	.LASF116
 1187 0438 01       		.byte	0x1
 1188 0439 40       		.byte	0x40
 1189 043a 81000000 		.4byte	0x81
 1190 043e 02       		.uleb128 0x2
 1191 043f 91       		.byte	0x91
 1192 0440 72       		.sleb128 -14
 1193 0441 0E       		.uleb128 0xe
 1194 0442 470B0000 		.4byte	.LASF117
 1195 0446 01       		.byte	0x1
 1196 0447 41       		.byte	0x41
 1197 0448 8C000000 		.4byte	0x8c
 1198 044c 02       		.uleb128 0x2
 1199 044d 91       		.byte	0x91
 1200 044e 74       		.sleb128 -12
 1201 044f 00       		.byte	0
 1202 0450 13       		.uleb128 0x13
 1203 0451 26030000 		.4byte	.LASF118
 1204 0455 01       		.byte	0x1
 1205 0456 50       		.byte	0x50
 1206 0457 81000000 		.4byte	0x81
 1207 045b 00000000 		.4byte	.LFB41
 1208 045f EC000000 		.4byte	.LFE41-.LFB41
ARM GAS  C:\Users\alexport\AppData\Local\Temp\ccNRKq6z.s 			page 24


 1209 0463 01       		.uleb128 0x1
 1210 0464 9C       		.byte	0x9c
 1211 0465 B0040000 		.4byte	0x4b0
 1212 0469 0F       		.uleb128 0xf
 1213 046a 72656700 		.ascii	"reg\000"
 1214 046e 01       		.byte	0x1
 1215 046f 51       		.byte	0x51
 1216 0470 81000000 		.4byte	0x81
 1217 0474 02       		.uleb128 0x2
 1218 0475 91       		.byte	0x91
 1219 0476 6F       		.sleb128 -17
 1220 0477 0E       		.uleb128 0xe
 1221 0478 55020000 		.4byte	.LASF119
 1222 047c 01       		.byte	0x1
 1223 047d 53       		.byte	0x53
 1224 047e 81000000 		.4byte	0x81
 1225 0482 02       		.uleb128 0x2
 1226 0483 91       		.byte	0x91
 1227 0484 6E       		.sleb128 -18
 1228 0485 0E       		.uleb128 0xe
 1229 0486 C3040000 		.4byte	.LASF120
 1230 048a 01       		.byte	0x1
 1231 048b 54       		.byte	0x54
 1232 048c 81000000 		.4byte	0x81
 1233 0490 02       		.uleb128 0x2
 1234 0491 91       		.byte	0x91
 1235 0492 6D       		.sleb128 -19
 1236 0493 0E       		.uleb128 0xe
 1237 0494 FF060000 		.4byte	.LASF121
 1238 0498 01       		.byte	0x1
 1239 0499 55       		.byte	0x55
 1240 049a 81000000 		.4byte	0x81
 1241 049e 02       		.uleb128 0x2
 1242 049f 91       		.byte	0x91
 1243 04a0 6C       		.sleb128 -20
 1244 04a1 0E       		.uleb128 0xe
 1245 04a2 84080000 		.4byte	.LASF122
 1246 04a6 01       		.byte	0x1
 1247 04a7 56       		.byte	0x56
 1248 04a8 81000000 		.4byte	0x81
 1249 04ac 02       		.uleb128 0x2
 1250 04ad 91       		.byte	0x91
 1251 04ae 6B       		.sleb128 -21
 1252 04af 00       		.byte	0
 1253 04b0 13       		.uleb128 0x13
 1254 04b1 610C0000 		.4byte	.LASF123
 1255 04b5 01       		.byte	0x1
 1256 04b6 63       		.byte	0x63
 1257 04b7 81000000 		.4byte	0x81
 1258 04bb 00000000 		.4byte	.LFB42
 1259 04bf 1C000000 		.4byte	.LFE42-.LFB42
 1260 04c3 01       		.uleb128 0x1
 1261 04c4 9C       		.byte	0x9c
 1262 04c5 D8040000 		.4byte	0x4d8
 1263 04c9 0F       		.uleb128 0xf
 1264 04ca 72656700 		.ascii	"reg\000"
 1265 04ce 01       		.byte	0x1
ARM GAS  C:\Users\alexport\AppData\Local\Temp\ccNRKq6z.s 			page 25


 1266 04cf 64       		.byte	0x64
 1267 04d0 81000000 		.4byte	0x81
 1268 04d4 02       		.uleb128 0x2
 1269 04d5 91       		.byte	0x91
 1270 04d6 6F       		.sleb128 -17
 1271 04d7 00       		.byte	0
 1272 04d8 10       		.uleb128 0x10
 1273 04d9 06030000 		.4byte	0x306
 1274 04dd E8040000 		.4byte	0x4e8
 1275 04e1 11       		.uleb128 0x11
 1276 04e2 CB000000 		.4byte	0xcb
 1277 04e6 03       		.byte	0x3
 1278 04e7 00       		.byte	0
 1279 04e8 14       		.uleb128 0x14
 1280 04e9 EF090000 		.4byte	.LASF128
 1281 04ed 01       		.byte	0x1
 1282 04ee 0E       		.byte	0xe
 1283 04ef D8040000 		.4byte	0x4d8
 1284 04f3 05       		.uleb128 0x5
 1285 04f4 03       		.byte	0x3
 1286 04f5 00000000 		.4byte	relay
 1287 04f9 00       		.byte	0
 1288              		.section	.debug_abbrev,"",%progbits
 1289              	.Ldebug_abbrev0:
 1290 0000 01       		.uleb128 0x1
 1291 0001 11       		.uleb128 0x11
 1292 0002 01       		.byte	0x1
 1293 0003 25       		.uleb128 0x25
 1294 0004 0E       		.uleb128 0xe
 1295 0005 13       		.uleb128 0x13
 1296 0006 0B       		.uleb128 0xb
 1297 0007 03       		.uleb128 0x3
 1298 0008 0E       		.uleb128 0xe
 1299 0009 1B       		.uleb128 0x1b
 1300 000a 0E       		.uleb128 0xe
 1301 000b 55       		.uleb128 0x55
 1302 000c 17       		.uleb128 0x17
 1303 000d 11       		.uleb128 0x11
 1304 000e 01       		.uleb128 0x1
 1305 000f 10       		.uleb128 0x10
 1306 0010 17       		.uleb128 0x17
 1307 0011 00       		.byte	0
 1308 0012 00       		.byte	0
 1309 0013 02       		.uleb128 0x2
 1310 0014 24       		.uleb128 0x24
 1311 0015 00       		.byte	0
 1312 0016 0B       		.uleb128 0xb
 1313 0017 0B       		.uleb128 0xb
 1314 0018 3E       		.uleb128 0x3e
 1315 0019 0B       		.uleb128 0xb
 1316 001a 03       		.uleb128 0x3
 1317 001b 0E       		.uleb128 0xe
 1318 001c 00       		.byte	0
 1319 001d 00       		.byte	0
 1320 001e 03       		.uleb128 0x3
 1321 001f 16       		.uleb128 0x16
 1322 0020 00       		.byte	0
ARM GAS  C:\Users\alexport\AppData\Local\Temp\ccNRKq6z.s 			page 26


 1323 0021 03       		.uleb128 0x3
 1324 0022 0E       		.uleb128 0xe
 1325 0023 3A       		.uleb128 0x3a
 1326 0024 0B       		.uleb128 0xb
 1327 0025 3B       		.uleb128 0x3b
 1328 0026 0B       		.uleb128 0xb
 1329 0027 49       		.uleb128 0x49
 1330 0028 13       		.uleb128 0x13
 1331 0029 00       		.byte	0
 1332 002a 00       		.byte	0
 1333 002b 04       		.uleb128 0x4
 1334 002c 24       		.uleb128 0x24
 1335 002d 00       		.byte	0
 1336 002e 0B       		.uleb128 0xb
 1337 002f 0B       		.uleb128 0xb
 1338 0030 3E       		.uleb128 0x3e
 1339 0031 0B       		.uleb128 0xb
 1340 0032 03       		.uleb128 0x3
 1341 0033 08       		.uleb128 0x8
 1342 0034 00       		.byte	0
 1343 0035 00       		.byte	0
 1344 0036 05       		.uleb128 0x5
 1345 0037 16       		.uleb128 0x16
 1346 0038 00       		.byte	0
 1347 0039 03       		.uleb128 0x3
 1348 003a 0E       		.uleb128 0xe
 1349 003b 3A       		.uleb128 0x3a
 1350 003c 0B       		.uleb128 0xb
 1351 003d 3B       		.uleb128 0x3b
 1352 003e 05       		.uleb128 0x5
 1353 003f 49       		.uleb128 0x49
 1354 0040 13       		.uleb128 0x13
 1355 0041 00       		.byte	0
 1356 0042 00       		.byte	0
 1357 0043 06       		.uleb128 0x6
 1358 0044 04       		.uleb128 0x4
 1359 0045 01       		.byte	0x1
 1360 0046 0B       		.uleb128 0xb
 1361 0047 0B       		.uleb128 0xb
 1362 0048 49       		.uleb128 0x49
 1363 0049 13       		.uleb128 0x13
 1364 004a 3A       		.uleb128 0x3a
 1365 004b 0B       		.uleb128 0xb
 1366 004c 3B       		.uleb128 0x3b
 1367 004d 05       		.uleb128 0x5
 1368 004e 01       		.uleb128 0x1
 1369 004f 13       		.uleb128 0x13
 1370 0050 00       		.byte	0
 1371 0051 00       		.byte	0
 1372 0052 07       		.uleb128 0x7
 1373 0053 28       		.uleb128 0x28
 1374 0054 00       		.byte	0
 1375 0055 03       		.uleb128 0x3
 1376 0056 0E       		.uleb128 0xe
 1377 0057 1C       		.uleb128 0x1c
 1378 0058 0B       		.uleb128 0xb
 1379 0059 00       		.byte	0
ARM GAS  C:\Users\alexport\AppData\Local\Temp\ccNRKq6z.s 			page 27


 1380 005a 00       		.byte	0
 1381 005b 08       		.uleb128 0x8
 1382 005c 04       		.uleb128 0x4
 1383 005d 01       		.byte	0x1
 1384 005e 0B       		.uleb128 0xb
 1385 005f 0B       		.uleb128 0xb
 1386 0060 49       		.uleb128 0x49
 1387 0061 13       		.uleb128 0x13
 1388 0062 3A       		.uleb128 0x3a
 1389 0063 0B       		.uleb128 0xb
 1390 0064 3B       		.uleb128 0x3b
 1391 0065 0B       		.uleb128 0xb
 1392 0066 01       		.uleb128 0x1
 1393 0067 13       		.uleb128 0x13
 1394 0068 00       		.byte	0
 1395 0069 00       		.byte	0
 1396 006a 09       		.uleb128 0x9
 1397 006b 13       		.uleb128 0x13
 1398 006c 01       		.byte	0x1
 1399 006d 0B       		.uleb128 0xb
 1400 006e 0B       		.uleb128 0xb
 1401 006f 3A       		.uleb128 0x3a
 1402 0070 0B       		.uleb128 0xb
 1403 0071 3B       		.uleb128 0x3b
 1404 0072 0B       		.uleb128 0xb
 1405 0073 01       		.uleb128 0x1
 1406 0074 13       		.uleb128 0x13
 1407 0075 00       		.byte	0
 1408 0076 00       		.byte	0
 1409 0077 0A       		.uleb128 0xa
 1410 0078 0D       		.uleb128 0xd
 1411 0079 00       		.byte	0
 1412 007a 03       		.uleb128 0x3
 1413 007b 0E       		.uleb128 0xe
 1414 007c 3A       		.uleb128 0x3a
 1415 007d 0B       		.uleb128 0xb
 1416 007e 3B       		.uleb128 0x3b
 1417 007f 0B       		.uleb128 0xb
 1418 0080 49       		.uleb128 0x49
 1419 0081 13       		.uleb128 0x13
 1420 0082 38       		.uleb128 0x38
 1421 0083 0B       		.uleb128 0xb
 1422 0084 00       		.byte	0
 1423 0085 00       		.byte	0
 1424 0086 0B       		.uleb128 0xb
 1425 0087 0D       		.uleb128 0xd
 1426 0088 00       		.byte	0
 1427 0089 03       		.uleb128 0x3
 1428 008a 08       		.uleb128 0x8
 1429 008b 3A       		.uleb128 0x3a
 1430 008c 0B       		.uleb128 0xb
 1431 008d 3B       		.uleb128 0x3b
 1432 008e 0B       		.uleb128 0xb
 1433 008f 49       		.uleb128 0x49
 1434 0090 13       		.uleb128 0x13
 1435 0091 38       		.uleb128 0x38
 1436 0092 0B       		.uleb128 0xb
ARM GAS  C:\Users\alexport\AppData\Local\Temp\ccNRKq6z.s 			page 28


 1437 0093 00       		.byte	0
 1438 0094 00       		.byte	0
 1439 0095 0C       		.uleb128 0xc
 1440 0096 2E       		.uleb128 0x2e
 1441 0097 01       		.byte	0x1
 1442 0098 3F       		.uleb128 0x3f
 1443 0099 19       		.uleb128 0x19
 1444 009a 03       		.uleb128 0x3
 1445 009b 0E       		.uleb128 0xe
 1446 009c 3A       		.uleb128 0x3a
 1447 009d 0B       		.uleb128 0xb
 1448 009e 3B       		.uleb128 0x3b
 1449 009f 0B       		.uleb128 0xb
 1450 00a0 27       		.uleb128 0x27
 1451 00a1 19       		.uleb128 0x19
 1452 00a2 11       		.uleb128 0x11
 1453 00a3 01       		.uleb128 0x1
 1454 00a4 12       		.uleb128 0x12
 1455 00a5 06       		.uleb128 0x6
 1456 00a6 40       		.uleb128 0x40
 1457 00a7 18       		.uleb128 0x18
 1458 00a8 9642     		.uleb128 0x2116
 1459 00aa 19       		.uleb128 0x19
 1460 00ab 01       		.uleb128 0x1
 1461 00ac 13       		.uleb128 0x13
 1462 00ad 00       		.byte	0
 1463 00ae 00       		.byte	0
 1464 00af 0D       		.uleb128 0xd
 1465 00b0 05       		.uleb128 0x5
 1466 00b1 00       		.byte	0
 1467 00b2 03       		.uleb128 0x3
 1468 00b3 0E       		.uleb128 0xe
 1469 00b4 3A       		.uleb128 0x3a
 1470 00b5 0B       		.uleb128 0xb
 1471 00b6 3B       		.uleb128 0x3b
 1472 00b7 0B       		.uleb128 0xb
 1473 00b8 49       		.uleb128 0x49
 1474 00b9 13       		.uleb128 0x13
 1475 00ba 02       		.uleb128 0x2
 1476 00bb 18       		.uleb128 0x18
 1477 00bc 00       		.byte	0
 1478 00bd 00       		.byte	0
 1479 00be 0E       		.uleb128 0xe
 1480 00bf 34       		.uleb128 0x34
 1481 00c0 00       		.byte	0
 1482 00c1 03       		.uleb128 0x3
 1483 00c2 0E       		.uleb128 0xe
 1484 00c3 3A       		.uleb128 0x3a
 1485 00c4 0B       		.uleb128 0xb
 1486 00c5 3B       		.uleb128 0x3b
 1487 00c6 0B       		.uleb128 0xb
 1488 00c7 49       		.uleb128 0x49
 1489 00c8 13       		.uleb128 0x13
 1490 00c9 02       		.uleb128 0x2
 1491 00ca 18       		.uleb128 0x18
 1492 00cb 00       		.byte	0
 1493 00cc 00       		.byte	0
ARM GAS  C:\Users\alexport\AppData\Local\Temp\ccNRKq6z.s 			page 29


 1494 00cd 0F       		.uleb128 0xf
 1495 00ce 34       		.uleb128 0x34
 1496 00cf 00       		.byte	0
 1497 00d0 03       		.uleb128 0x3
 1498 00d1 08       		.uleb128 0x8
 1499 00d2 3A       		.uleb128 0x3a
 1500 00d3 0B       		.uleb128 0xb
 1501 00d4 3B       		.uleb128 0x3b
 1502 00d5 0B       		.uleb128 0xb
 1503 00d6 49       		.uleb128 0x49
 1504 00d7 13       		.uleb128 0x13
 1505 00d8 02       		.uleb128 0x2
 1506 00d9 18       		.uleb128 0x18
 1507 00da 00       		.byte	0
 1508 00db 00       		.byte	0
 1509 00dc 10       		.uleb128 0x10
 1510 00dd 01       		.uleb128 0x1
 1511 00de 01       		.byte	0x1
 1512 00df 49       		.uleb128 0x49
 1513 00e0 13       		.uleb128 0x13
 1514 00e1 01       		.uleb128 0x1
 1515 00e2 13       		.uleb128 0x13
 1516 00e3 00       		.byte	0
 1517 00e4 00       		.byte	0
 1518 00e5 11       		.uleb128 0x11
 1519 00e6 21       		.uleb128 0x21
 1520 00e7 00       		.byte	0
 1521 00e8 49       		.uleb128 0x49
 1522 00e9 13       		.uleb128 0x13
 1523 00ea 2F       		.uleb128 0x2f
 1524 00eb 0B       		.uleb128 0xb
 1525 00ec 00       		.byte	0
 1526 00ed 00       		.byte	0
 1527 00ee 12       		.uleb128 0x12
 1528 00ef 2E       		.uleb128 0x2e
 1529 00f0 00       		.byte	0
 1530 00f1 3F       		.uleb128 0x3f
 1531 00f2 19       		.uleb128 0x19
 1532 00f3 03       		.uleb128 0x3
 1533 00f4 0E       		.uleb128 0xe
 1534 00f5 3A       		.uleb128 0x3a
 1535 00f6 0B       		.uleb128 0xb
 1536 00f7 3B       		.uleb128 0x3b
 1537 00f8 0B       		.uleb128 0xb
 1538 00f9 49       		.uleb128 0x49
 1539 00fa 13       		.uleb128 0x13
 1540 00fb 11       		.uleb128 0x11
 1541 00fc 01       		.uleb128 0x1
 1542 00fd 12       		.uleb128 0x12
 1543 00fe 06       		.uleb128 0x6
 1544 00ff 40       		.uleb128 0x40
 1545 0100 18       		.uleb128 0x18
 1546 0101 9642     		.uleb128 0x2116
 1547 0103 19       		.uleb128 0x19
 1548 0104 00       		.byte	0
 1549 0105 00       		.byte	0
 1550 0106 13       		.uleb128 0x13
ARM GAS  C:\Users\alexport\AppData\Local\Temp\ccNRKq6z.s 			page 30


 1551 0107 2E       		.uleb128 0x2e
 1552 0108 01       		.byte	0x1
 1553 0109 3F       		.uleb128 0x3f
 1554 010a 19       		.uleb128 0x19
 1555 010b 03       		.uleb128 0x3
 1556 010c 0E       		.uleb128 0xe
 1557 010d 3A       		.uleb128 0x3a
 1558 010e 0B       		.uleb128 0xb
 1559 010f 3B       		.uleb128 0x3b
 1560 0110 0B       		.uleb128 0xb
 1561 0111 49       		.uleb128 0x49
 1562 0112 13       		.uleb128 0x13
 1563 0113 11       		.uleb128 0x11
 1564 0114 01       		.uleb128 0x1
 1565 0115 12       		.uleb128 0x12
 1566 0116 06       		.uleb128 0x6
 1567 0117 40       		.uleb128 0x40
 1568 0118 18       		.uleb128 0x18
 1569 0119 9642     		.uleb128 0x2116
 1570 011b 19       		.uleb128 0x19
 1571 011c 01       		.uleb128 0x1
 1572 011d 13       		.uleb128 0x13
 1573 011e 00       		.byte	0
 1574 011f 00       		.byte	0
 1575 0120 14       		.uleb128 0x14
 1576 0121 34       		.uleb128 0x34
 1577 0122 00       		.byte	0
 1578 0123 03       		.uleb128 0x3
 1579 0124 0E       		.uleb128 0xe
 1580 0125 3A       		.uleb128 0x3a
 1581 0126 0B       		.uleb128 0xb
 1582 0127 3B       		.uleb128 0x3b
 1583 0128 0B       		.uleb128 0xb
 1584 0129 49       		.uleb128 0x49
 1585 012a 13       		.uleb128 0x13
 1586 012b 3F       		.uleb128 0x3f
 1587 012c 19       		.uleb128 0x19
 1588 012d 02       		.uleb128 0x2
 1589 012e 18       		.uleb128 0x18
 1590 012f 00       		.byte	0
 1591 0130 00       		.byte	0
 1592 0131 00       		.byte	0
 1593              		.section	.debug_aranges,"",%progbits
 1594 0000 54000000 		.4byte	0x54
 1595 0004 0200     		.2byte	0x2
 1596 0006 00000000 		.4byte	.Ldebug_info0
 1597 000a 04       		.byte	0x4
 1598 000b 00       		.byte	0
 1599 000c 0000     		.2byte	0
 1600 000e 0000     		.2byte	0
 1601 0010 00000000 		.4byte	.LFB35
 1602 0014 8E000000 		.4byte	.LFE35-.LFB35
 1603 0018 00000000 		.4byte	.LFB36
 1604 001c 42000000 		.4byte	.LFE36-.LFB36
 1605 0020 00000000 		.4byte	.LFB37
 1606 0024 62000000 		.4byte	.LFE37-.LFB37
 1607 0028 00000000 		.4byte	.LFB38
ARM GAS  C:\Users\alexport\AppData\Local\Temp\ccNRKq6z.s 			page 31


 1608 002c 42000000 		.4byte	.LFE38-.LFB38
 1609 0030 00000000 		.4byte	.LFB39
 1610 0034 1A000000 		.4byte	.LFE39-.LFB39
 1611 0038 00000000 		.4byte	.LFB40
 1612 003c 50000000 		.4byte	.LFE40-.LFB40
 1613 0040 00000000 		.4byte	.LFB41
 1614 0044 EC000000 		.4byte	.LFE41-.LFB41
 1615 0048 00000000 		.4byte	.LFB42
 1616 004c 1C000000 		.4byte	.LFE42-.LFB42
 1617 0050 00000000 		.4byte	0
 1618 0054 00000000 		.4byte	0
 1619              		.section	.debug_ranges,"",%progbits
 1620              	.Ldebug_ranges0:
 1621 0000 00000000 		.4byte	.LFB35
 1622 0004 8E000000 		.4byte	.LFE35
 1623 0008 00000000 		.4byte	.LFB36
 1624 000c 42000000 		.4byte	.LFE36
 1625 0010 00000000 		.4byte	.LFB37
 1626 0014 62000000 		.4byte	.LFE37
 1627 0018 00000000 		.4byte	.LFB38
 1628 001c 42000000 		.4byte	.LFE38
 1629 0020 00000000 		.4byte	.LFB39
 1630 0024 1A000000 		.4byte	.LFE39
 1631 0028 00000000 		.4byte	.LFB40
 1632 002c 50000000 		.4byte	.LFE40
 1633 0030 00000000 		.4byte	.LFB41
 1634 0034 EC000000 		.4byte	.LFE41
 1635 0038 00000000 		.4byte	.LFB42
 1636 003c 1C000000 		.4byte	.LFE42
 1637 0040 00000000 		.4byte	0
 1638 0044 00000000 		.4byte	0
 1639              		.section	.debug_line,"",%progbits
 1640              	.Ldebug_line0:
 1641 0000 7F020000 		.section	.debug_str,"MS",%progbits,1
 1641      02006801 
 1641      00000201 
 1641      FB0E0D00 
 1641      01010101 
 1642              	.LASF84:
 1643 0000 4359424C 		.ascii	"CYBLE_EVT_L2CAP_CBFC_RX_CREDIT_IND\000"
 1643      455F4556 
 1643      545F4C32 
 1643      4341505F 
 1643      43424643 
 1644              	.LASF25:
 1645 0023 4359424C 		.ascii	"CYBLE_EVT_STACK_BUSY_STATUS\000"
 1645      455F4556 
 1645      545F5354 
 1645      41434B5F 
 1645      42555359 
 1646              	.LASF14:
 1647 003f 75696E74 		.ascii	"uint16\000"
 1647      313600
 1648              	.LASF83:
 1649 0046 4359424C 		.ascii	"CYBLE_EVT_L2CAP_CBFC_DATA_READ\000"
 1649      455F4556 
 1649      545F4C32 
ARM GAS  C:\Users\alexport\AppData\Local\Temp\ccNRKq6z.s 			page 32


 1649      4341505F 
 1649      43424643 
 1650              	.LASF37:
 1651 0065 4359424C 		.ascii	"CYBLE_EVT_GAP_CONNECTION_UPDATE_COMPLETE\000"
 1651      455F4556 
 1651      545F4741 
 1651      505F434F 
 1651      4E4E4543 
 1652              	.LASF82:
 1653 008e 4359424C 		.ascii	"CYBLE_EVT_L2CAP_CBFC_DISCONN_CNF\000"
 1653      455F4556 
 1653      545F4C32 
 1653      4341505F 
 1653      43424643 
 1654              	.LASF42:
 1655 00af 4359424C 		.ascii	"CYBLE_EVT_GAP_OOB_GENERATED_NOTIFICATION\000"
 1655      455F4556 
 1655      545F4741 
 1655      505F4F4F 
 1655      425F4745 
 1656              	.LASF108:
 1657 00d8 54434139 		.ascii	"TCA9534_Init\000"
 1657      3533345F 
 1657      496E6974 
 1657      00
 1658              	.LASF62:
 1659 00e5 4359424C 		.ascii	"CYBLE_EVT_GATTC_READ_MULTI_RSP\000"
 1659      455F4556 
 1659      545F4741 
 1659      5454435F 
 1659      52454144 
 1660              	.LASF5:
 1661 0104 5F5F7569 		.ascii	"__uint8_t\000"
 1661      6E74385F 
 1661      7400
 1662              	.LASF22:
 1663 010e 4359424C 		.ascii	"CYBLE_EVT_TIMEOUT\000"
 1663      455F4556 
 1663      545F5449 
 1663      4D454F55 
 1663      5400
 1664              	.LASF4:
 1665 0120 6C6F6E67 		.ascii	"long int\000"
 1665      20696E74 
 1665      00
 1666              	.LASF9:
 1667 0129 6C6F6E67 		.ascii	"long long unsigned int\000"
 1667      206C6F6E 
 1667      6720756E 
 1667      7369676E 
 1667      65642069 
 1668              	.LASF24:
 1669 0140 4359424C 		.ascii	"CYBLE_EVT_HCI_STATUS\000"
 1669      455F4556 
 1669      545F4843 
 1669      495F5354 
 1669      41545553 
ARM GAS  C:\Users\alexport\AppData\Local\Temp\ccNRKq6z.s 			page 33


 1670              	.LASF38:
 1671 0155 4359424C 		.ascii	"CYBLE_EVT_GAPC_SCAN_START_STOP\000"
 1671      455F4556 
 1671      545F4741 
 1671      50435F53 
 1671      43414E5F 
 1672              	.LASF87:
 1673 0174 4359424C 		.ascii	"CYBLE_EVT_PENDING_FLASH_WRITE\000"
 1673      455F4556 
 1673      545F5045 
 1673      4E44494E 
 1673      475F464C 
 1674              	.LASF103:
 1675 0192 6C617463 		.ascii	"latched\000"
 1675      68656400 
 1676              	.LASF76:
 1677 019a 4359424C 		.ascii	"CYBLE_EVT_L2CAP_CONN_PARAM_UPDATE_REQ\000"
 1677      455F4556 
 1677      545F4C32 
 1677      4341505F 
 1677      434F4E4E 
 1678              	.LASF35:
 1679 01c0 4359424C 		.ascii	"CYBLE_EVT_GAP_DEVICE_DISCONNECTED\000"
 1679      455F4556 
 1679      545F4741 
 1679      505F4445 
 1679      56494345 
 1680              	.LASF36:
 1681 01e2 4359424C 		.ascii	"CYBLE_EVT_GAP_ENCRYPT_CHANGE\000"
 1681      455F4556 
 1681      545F4741 
 1681      505F454E 
 1681      43525950 
 1682              	.LASF40:
 1683 01ff 4359424C 		.ascii	"CYBLE_EVT_GAP_NUMERIC_COMPARISON_REQUEST\000"
 1683      455F4556 
 1683      545F4741 
 1683      505F4E55 
 1683      4D455249 
 1684              	.LASF8:
 1685 0228 6C6F6E67 		.ascii	"long long int\000"
 1685      206C6F6E 
 1685      6720696E 
 1685      7400
 1686              	.LASF0:
 1687 0236 7369676E 		.ascii	"signed char\000"
 1687      65642063 
 1687      68617200 
 1688              	.LASF21:
 1689 0242 4359424C 		.ascii	"CYBLE_EVT_STACK_ON\000"
 1689      455F4556 
 1689      545F5354 
 1689      41434B5F 
 1689      4F4E00
 1690              	.LASF119:
 1691 0255 6661756C 		.ascii	"faultbit\000"
 1691      74626974 
ARM GAS  C:\Users\alexport\AppData\Local\Temp\ccNRKq6z.s 			page 34


 1691      00
 1692              	.LASF125:
 1693 025e 72656C61 		.ascii	"relay.c\000"
 1693      792E6300 
 1694              	.LASF28:
 1695 0266 4359424C 		.ascii	"CYBLE_EVT_GAP_AUTH_REQ\000"
 1695      455F4556 
 1695      545F4741 
 1695      505F4155 
 1695      54485F52 
 1696              	.LASF60:
 1697 027d 4359424C 		.ascii	"CYBLE_EVT_GATTC_READ_RSP\000"
 1697      455F4556 
 1697      545F4741 
 1697      5454435F 
 1697      52454144 
 1698              	.LASF106:
 1699 0296 73746174 		.ascii	"state\000"
 1699      6500
 1700              	.LASF65:
 1701 029c 4359424C 		.ascii	"CYBLE_EVT_GATTS_WRITE_CMD_REQ\000"
 1701      455F4556 
 1701      545F4741 
 1701      5454535F 
 1701      57524954 
 1702              	.LASF33:
 1703 02ba 4359424C 		.ascii	"CYBLE_EVT_GAPP_ADVERTISEMENT_START_STOP\000"
 1703      455F4556 
 1703      545F4741 
 1703      50505F41 
 1703      44564552 
 1704              	.LASF54:
 1705 02e2 4359424C 		.ascii	"CYBLE_EVT_GATTS_XCNHG_MTU_REQ\000"
 1705      455F4556 
 1705      545F4741 
 1705      5454535F 
 1705      58434E48 
 1706              	.LASF68:
 1707 0300 4359424C 		.ascii	"CYBLE_EVT_GATTC_EXEC_WRITE_RSP\000"
 1707      455F4556 
 1707      545F4741 
 1707      5454435F 
 1707      45584543 
 1708              	.LASF16:
 1709 031f 646F7562 		.ascii	"double\000"
 1709      6C6500
 1710              	.LASF118:
 1711 0326 47657452 		.ascii	"GetRelayState\000"
 1711      656C6179 
 1711      53746174 
 1711      6500
 1712              	.LASF96:
 1713 0334 4359424C 		.ascii	"CYBLE_DIS_FIRMWARE_REV\000"
 1713      455F4449 
 1713      535F4649 
 1713      524D5741 
 1713      52455F52 
ARM GAS  C:\Users\alexport\AppData\Local\Temp\ccNRKq6z.s 			page 35


 1714              	.LASF112:
 1715 034b 72656C61 		.ascii	"relayMask\000"
 1715      794D6173 
 1715      6B00
 1716              	.LASF95:
 1717 0355 4359424C 		.ascii	"CYBLE_DIS_HARDWARE_REV\000"
 1717      455F4449 
 1717      535F4841 
 1717      52445741 
 1717      52455F52 
 1718              	.LASF91:
 1719 036c 4359424C 		.ascii	"CYBLE_EVT_MAX\000"
 1719      455F4556 
 1719      545F4D41 
 1719      5800
 1720              	.LASF6:
 1721 037a 5F5F7569 		.ascii	"__uint32_t\000"
 1721      6E743332 
 1721      5F7400
 1722              	.LASF86:
 1723 0385 4359424C 		.ascii	"CYBLE_EVT_L2CAP_CBFC_DATA_WRITE_IND\000"
 1723      455F4556 
 1723      545F4C32 
 1723      4341505F 
 1723      43424643 
 1724              	.LASF48:
 1725 03a9 4359424C 		.ascii	"CYBLE_EVT_GAP_SCAN_REQ_RECVD\000"
 1725      455F4556 
 1725      545F4741 
 1725      505F5343 
 1725      414E5F52 
 1726              	.LASF114:
 1727 03c6 76616C75 		.ascii	"value\000"
 1727      6500
 1728              	.LASF73:
 1729 03cc 4359424C 		.ascii	"CYBLE_EVT_GATTC_STOP_CMD_COMPLETE\000"
 1729      455F4556 
 1729      545F4741 
 1729      5454435F 
 1729      53544F50 
 1730              	.LASF10:
 1731 03ee 756E7369 		.ascii	"unsigned int\000"
 1731      676E6564 
 1731      20696E74 
 1731      00
 1732              	.LASF88:
 1733 03fb 4359424C 		.ascii	"CYBLE_EVT_LE_PING_AUTH_TIMEOUT\000"
 1733      455F4556 
 1733      545F4C45 
 1733      5F50494E 
 1733      475F4155 
 1734              	.LASF7:
 1735 041a 6C6F6E67 		.ascii	"long unsigned int\000"
 1735      20756E73 
 1735      69676E65 
 1735      6420696E 
 1735      7400
ARM GAS  C:\Users\alexport\AppData\Local\Temp\ccNRKq6z.s 			page 36


 1736              	.LASF47:
 1737 042c 4359424C 		.ascii	"CYBLE_EVT_GAP_CONN_ESTB\000"
 1737      455F4556 
 1737      545F4741 
 1737      505F434F 
 1737      4E4E5F45 
 1738              	.LASF63:
 1739 0444 4359424C 		.ascii	"CYBLE_EVT_GATTS_WRITE_REQ\000"
 1739      455F4556 
 1739      545F4741 
 1739      5454535F 
 1739      57524954 
 1740              	.LASF55:
 1741 045e 4359424C 		.ascii	"CYBLE_EVT_GATTC_XCHNG_MTU_RSP\000"
 1741      455F4556 
 1741      545F4741 
 1741      5454435F 
 1741      5843484E 
 1742              	.LASF72:
 1743 047c 4359424C 		.ascii	"CYBLE_EVT_GATTS_DATA_SIGNED_CMD_REQ\000"
 1743      455F4556 
 1743      545F4741 
 1743      5454535F 
 1743      44415441 
 1744              	.LASF75:
 1745 04a0 4359424C 		.ascii	"CYBLE_EVT_GATTC_LONG_PROCEDURE_END\000"
 1745      455F4556 
 1745      545F4741 
 1745      5454435F 
 1745      4C4F4E47 
 1746              	.LASF120:
 1747 04c3 616C6172 		.ascii	"alarm3bit\000"
 1747      6D336269 
 1747      7400
 1748              	.LASF13:
 1749 04cd 75696E74 		.ascii	"uint8\000"
 1749      3800
 1750              	.LASF116:
 1751 04d3 64617461 		.ascii	"data\000"
 1751      00
 1752              	.LASF3:
 1753 04d8 73686F72 		.ascii	"short unsigned int\000"
 1753      7420756E 
 1753      7369676E 
 1753      65642069 
 1753      6E7400
 1754              	.LASF20:
 1755 04eb 4359424C 		.ascii	"CYBLE_EVT_HOST_INVALID\000"
 1755      455F4556 
 1755      545F484F 
 1755      53545F49 
 1755      4E56414C 
 1756              	.LASF58:
 1757 0502 4359424C 		.ascii	"CYBLE_EVT_GATTC_FIND_INFO_RSP\000"
 1757      455F4556 
 1757      545F4741 
 1757      5454435F 
ARM GAS  C:\Users\alexport\AppData\Local\Temp\ccNRKq6z.s 			page 37


 1757      46494E44 
 1758              	.LASF26:
 1759 0520 4359424C 		.ascii	"CYBLE_EVT_MEMORY_REQUEST\000"
 1759      455F4556 
 1759      545F4D45 
 1759      4D4F5259 
 1759      5F524551 
 1760              	.LASF67:
 1761 0539 4359424C 		.ascii	"CYBLE_EVT_GATTS_EXEC_WRITE_REQ\000"
 1761      455F4556 
 1761      545F4741 
 1761      5454535F 
 1761      45584543 
 1762              	.LASF29:
 1763 0558 4359424C 		.ascii	"CYBLE_EVT_GAP_PASSKEY_ENTRY_REQUEST\000"
 1763      455F4556 
 1763      545F4741 
 1763      505F5041 
 1763      53534B45 
 1764              	.LASF34:
 1765 057c 4359424C 		.ascii	"CYBLE_EVT_GAP_DEVICE_CONNECTED\000"
 1765      455F4556 
 1765      545F4741 
 1765      505F4445 
 1765      56494345 
 1766              	.LASF49:
 1767 059b 4359424C 		.ascii	"CYBLE_EVT_GAP_AUTH_REQ_REPLY_ERR\000"
 1767      455F4556 
 1767      545F4741 
 1767      505F4155 
 1767      54485F52 
 1768              	.LASF100:
 1769 05bc 4359424C 		.ascii	"CYBLE_DIS_PNP_ID\000"
 1769      455F4449 
 1769      535F504E 
 1769      505F4944 
 1769      00
 1770              	.LASF124:
 1771 05cd 474E5520 		.ascii	"GNU C11 5.4.1 20160609 (release) [ARM/embedded-5-br"
 1771      43313120 
 1771      352E342E 
 1771      31203230 
 1771      31363036 
 1772 0600 616E6368 		.ascii	"anch revision 237715] -mcpu=cortex-m0 -mthumb -g -O"
 1772      20726576 
 1772      6973696F 
 1772      6E203233 
 1772      37373135 
 1773 0633 30202D66 		.ascii	"0 -ffunction-sections -ffat-lto-objects\000"
 1773      66756E63 
 1773      74696F6E 
 1773      2D736563 
 1773      74696F6E 
 1774              	.LASF52:
 1775 065b 4359424C 		.ascii	"CYBLE_EVT_GATT_CONNECT_IND\000"
 1775      455F4556 
 1775      545F4741 
ARM GAS  C:\Users\alexport\AppData\Local\Temp\ccNRKq6z.s 			page 38


 1775      54545F43 
 1775      4F4E4E45 
 1776              	.LASF78:
 1777 0676 4359424C 		.ascii	"CYBLE_EVT_L2CAP_COMMAND_REJ\000"
 1777      455F4556 
 1777      545F4C32 
 1777      4341505F 
 1777      434F4D4D 
 1778              	.LASF27:
 1779 0692 4359424C 		.ascii	"CYBLE_EVT_GAPC_SCAN_PROGRESS_RESULT\000"
 1779      455F4556 
 1779      545F4741 
 1779      50435F53 
 1779      43414E5F 
 1780              	.LASF98:
 1781 06b6 4359424C 		.ascii	"CYBLE_DIS_SYSTEM_ID\000"
 1781      455F4449 
 1781      535F5359 
 1781      5354454D 
 1781      5F494400 
 1782              	.LASF50:
 1783 06ca 4359424C 		.ascii	"CYBLE_EVT_GAP_SMP_LOC_P256_KEYS_GEN_AND_SET_COMPLET"
 1783      455F4556 
 1783      545F4741 
 1783      505F534D 
 1783      505F4C4F 
 1784 06fd 4500     		.ascii	"E\000"
 1785              	.LASF121:
 1786 06ff 616C6172 		.ascii	"alarm2bit\000"
 1786      6D326269 
 1786      7400
 1787              	.LASF79:
 1788 0709 4359424C 		.ascii	"CYBLE_EVT_L2CAP_CBFC_CONN_IND\000"
 1788      455F4556 
 1788      545F4C32 
 1788      4341505F 
 1788      43424643 
 1789              	.LASF57:
 1790 0727 4359424C 		.ascii	"CYBLE_EVT_GATTC_READ_BY_TYPE_RSP\000"
 1790      455F4556 
 1790      545F4741 
 1790      5454435F 
 1790      52454144 
 1791              	.LASF19:
 1792 0748 73697A65 		.ascii	"sizetype\000"
 1792      74797065 
 1792      00
 1793              	.LASF32:
 1794 0751 4359424C 		.ascii	"CYBLE_EVT_GAP_AUTH_FAILED\000"
 1794      455F4556 
 1794      545F4741 
 1794      505F4155 
 1794      54485F46 
 1795              	.LASF64:
 1796 076b 4359424C 		.ascii	"CYBLE_EVT_GATTC_WRITE_RSP\000"
 1796      455F4556 
 1796      545F4741 
ARM GAS  C:\Users\alexport\AppData\Local\Temp\ccNRKq6z.s 			page 39


 1796      5454435F 
 1796      57524954 
 1797              	.LASF45:
 1798 0785 4359424C 		.ascii	"CYBLE_EVT_GAPC_DIRECT_ADV_REPORT\000"
 1798      455F4556 
 1798      545F4741 
 1798      50435F44 
 1798      49524543 
 1799              	.LASF43:
 1800 07a6 4359424C 		.ascii	"CYBLE_EVT_GAP_DATA_LENGTH_CHANGE\000"
 1800      455F4556 
 1800      545F4741 
 1800      505F4441 
 1800      54415F4C 
 1801              	.LASF31:
 1802 07c7 4359424C 		.ascii	"CYBLE_EVT_GAP_AUTH_COMPLETE\000"
 1802      455F4556 
 1802      545F4741 
 1802      505F4155 
 1802      54485F43 
 1803              	.LASF104:
 1804 07e3 535F526C 		.ascii	"S_Rly\000"
 1804      7900
 1805              	.LASF115:
 1806 07e9 54434139 		.ascii	"TCA9534_GetReg\000"
 1806      3533345F 
 1806      47657452 
 1806      656700
 1807              	.LASF69:
 1808 07f8 4359424C 		.ascii	"CYBLE_EVT_GATTC_HANDLE_VALUE_NTF\000"
 1808      455F4556 
 1808      545F4741 
 1808      5454435F 
 1808      48414E44 
 1809              	.LASF99:
 1810 0819 4359424C 		.ascii	"CYBLE_DIS_REG_CERT_DATA\000"
 1810      455F4449 
 1810      535F5245 
 1810      475F4345 
 1810      52545F44 
 1811              	.LASF80:
 1812 0831 4359424C 		.ascii	"CYBLE_EVT_L2CAP_CBFC_CONN_CNF\000"
 1812      455F4556 
 1812      545F4C32 
 1812      4341505F 
 1812      43424643 
 1813              	.LASF110:
 1814 084f 63757272 		.ascii	"current\000"
 1814      656E7400 
 1815              	.LASF56:
 1816 0857 4359424C 		.ascii	"CYBLE_EVT_GATTC_READ_BY_GROUP_TYPE_RSP\000"
 1816      455F4556 
 1816      545F4741 
 1816      5454435F 
 1816      52454144 
 1817              	.LASF15:
 1818 087e 666C6F61 		.ascii	"float\000"
ARM GAS  C:\Users\alexport\AppData\Local\Temp\ccNRKq6z.s 			page 40


 1818      7400
 1819              	.LASF122:
 1820 0884 616C6172 		.ascii	"alarm1bit\000"
 1820      6D316269 
 1820      7400
 1821              	.LASF94:
 1822 088e 4359424C 		.ascii	"CYBLE_DIS_SERIAL_NUMBER\000"
 1822      455F4449 
 1822      535F5345 
 1822      5249414C 
 1822      5F4E554D 
 1823              	.LASF1:
 1824 08a6 756E7369 		.ascii	"unsigned char\000"
 1824      676E6564 
 1824      20636861 
 1824      7200
 1825              	.LASF101:
 1826 08b4 4359424C 		.ascii	"CYBLE_DIS_CHAR_COUNT\000"
 1826      455F4449 
 1826      535F4348 
 1826      41525F43 
 1826      4F554E54 
 1827              	.LASF2:
 1828 08c9 73686F72 		.ascii	"short int\000"
 1828      7420696E 
 1828      7400
 1829              	.LASF70:
 1830 08d3 4359424C 		.ascii	"CYBLE_EVT_GATTC_HANDLE_VALUE_IND\000"
 1830      455F4556 
 1830      545F4741 
 1830      5454435F 
 1830      48414E44 
 1831              	.LASF89:
 1832 08f4 4359424C 		.ascii	"CYBLE_EVT_HCI_PKT\000"
 1832      455F4556 
 1832      545F4843 
 1832      495F504B 
 1832      5400
 1833              	.LASF97:
 1834 0906 4359424C 		.ascii	"CYBLE_DIS_SOFTWARE_REV\000"
 1834      455F4449 
 1834      535F534F 
 1834      46545741 
 1834      52455F52 
 1835              	.LASF66:
 1836 091d 4359424C 		.ascii	"CYBLE_EVT_GATTS_PREP_WRITE_REQ\000"
 1836      455F4556 
 1836      545F4741 
 1836      5454535F 
 1836      50524550 
 1837              	.LASF107:
 1838 093c 54434139 		.ascii	"TCA9534_SetRelay\000"
 1838      3533345F 
 1838      53657452 
 1838      656C6179 
 1838      00
 1839              	.LASF71:
ARM GAS  C:\Users\alexport\AppData\Local\Temp\ccNRKq6z.s 			page 41


 1840 094d 4359424C 		.ascii	"CYBLE_EVT_GATTS_HANDLE_VALUE_CNF\000"
 1840      455F4556 
 1840      545F4741 
 1840      5454535F 
 1840      48414E44 
 1841              	.LASF51:
 1842 096e 4359424C 		.ascii	"CYBLE_EVT_GATTC_ERROR_RSP\000"
 1842      455F4556 
 1842      545F4741 
 1842      5454435F 
 1842      4552524F 
 1843              	.LASF46:
 1844 0988 4359424C 		.ascii	"CYBLE_EVT_GAP_SMP_NEGOTIATED_AUTH_INFO\000"
 1844      455F4556 
 1844      545F4741 
 1844      505F534D 
 1844      505F4E45 
 1845              	.LASF18:
 1846 09af 6C6F6E67 		.ascii	"long double\000"
 1846      20646F75 
 1846      626C6500 
 1847              	.LASF90:
 1848 09bb 4359424C 		.ascii	"CYBLE_EVT_FLASH_CORRUPT\000"
 1848      455F4556 
 1848      545F464C 
 1848      4153485F 
 1848      434F5252 
 1849              	.LASF93:
 1850 09d3 4359424C 		.ascii	"CYBLE_DIS_MODEL_NUMBER\000"
 1850      455F4449 
 1850      535F4D4F 
 1850      44454C5F 
 1850      4E554D42 
 1851              	.LASF17:
 1852 09ea 63686172 		.ascii	"char\000"
 1852      00
 1853              	.LASF128:
 1854 09ef 72656C61 		.ascii	"relay\000"
 1854      7900
 1855              	.LASF102:
 1856 09f5 656E6572 		.ascii	"energ\000"
 1856      6700
 1857              	.LASF74:
 1858 09fb 4359424C 		.ascii	"CYBLE_EVT_GATTS_READ_CHAR_VAL_ACCESS_REQ\000"
 1858      455F4556 
 1858      545F4741 
 1858      5454535F 
 1858      52454144 
 1859              	.LASF41:
 1860 0a24 4359424C 		.ascii	"CYBLE_EVT_GAP_KEYPRESS_NOTIFICATION\000"
 1860      455F4556 
 1860      545F4741 
 1860      505F4B45 
 1860      59505245 
 1861              	.LASF85:
 1862 0a48 4359424C 		.ascii	"CYBLE_EVT_L2CAP_CBFC_TX_CREDIT_IND\000"
 1862      455F4556 
ARM GAS  C:\Users\alexport\AppData\Local\Temp\ccNRKq6z.s 			page 42


 1862      545F4C32 
 1862      4341505F 
 1862      43424643 
 1863              	.LASF61:
 1864 0a6b 4359424C 		.ascii	"CYBLE_EVT_GATTC_READ_BLOB_RSP\000"
 1864      455F4556 
 1864      545F4741 
 1864      5454435F 
 1864      52454144 
 1865              	.LASF30:
 1866 0a89 4359424C 		.ascii	"CYBLE_EVT_GAP_PASSKEY_DISPLAY_REQUEST\000"
 1866      455F4556 
 1866      545F4741 
 1866      505F5041 
 1866      53534B45 
 1867              	.LASF113:
 1868 0aaf 54434139 		.ascii	"TCA9534_WriteReg\000"
 1868      3533345F 
 1868      57726974 
 1868      65526567 
 1868      00
 1869              	.LASF23:
 1870 0ac0 4359424C 		.ascii	"CYBLE_EVT_HARDWARE_ERROR\000"
 1870      455F4556 
 1870      545F4841 
 1870      52445741 
 1870      52455F45 
 1871              	.LASF109:
 1872 0ad9 636F6E66 		.ascii	"configMask\000"
 1872      69674D61 
 1872      736B00
 1873              	.LASF12:
 1874 0ae4 75696E74 		.ascii	"uint32_t\000"
 1874      33325F74 
 1874      00
 1875              	.LASF126:
 1876 0aed 433A5C55 		.ascii	"C:\\Users\\alexport\\OneDrive - Safeguard Analytics"
 1876      73657273 
 1876      5C616C65 
 1876      78706F72 
 1876      745C4F6E 
 1877 0b1d 5C53412D 		.ascii	"\\SA-220\\SA-220.cydsn\000"
 1877      3232305C 
 1877      53412D32 
 1877      32302E63 
 1877      7964736E 
 1878              	.LASF111:
 1879 0b32 54434139 		.ascii	"TCA9534_SetAllRelays\000"
 1879      3533345F 
 1879      53657441 
 1879      6C6C5265 
 1879      6C617973 
 1880              	.LASF117:
 1881 0b47 73746174 		.ascii	"status\000"
 1881      757300
 1882              	.LASF11:
 1883 0b4e 75696E74 		.ascii	"uint8_t\000"
ARM GAS  C:\Users\alexport\AppData\Local\Temp\ccNRKq6z.s 			page 43


 1883      385F7400 
 1884              	.LASF105:
 1885 0b56 72656C61 		.ascii	"relayNum\000"
 1885      794E756D 
 1885      00
 1886              	.LASF127:
 1887 0b5f 54434139 		.ascii	"TCA9534_GetStatus\000"
 1887      3533345F 
 1887      47657453 
 1887      74617475 
 1887      7300
 1888              	.LASF59:
 1889 0b71 4359424C 		.ascii	"CYBLE_EVT_GATTC_FIND_BY_TYPE_VALUE_RSP\000"
 1889      455F4556 
 1889      545F4741 
 1889      5454435F 
 1889      46494E44 
 1890              	.LASF39:
 1891 0b98 4359424C 		.ascii	"CYBLE_EVT_GAP_KEYINFO_EXCHNGE_CMPLT\000"
 1891      455F4556 
 1891      545F4741 
 1891      505F4B45 
 1891      59494E46 
 1892              	.LASF81:
 1893 0bbc 4359424C 		.ascii	"CYBLE_EVT_L2CAP_CBFC_DISCONN_IND\000"
 1893      455F4556 
 1893      545F4C32 
 1893      4341505F 
 1893      43424643 
 1894              	.LASF77:
 1895 0bdd 4359424C 		.ascii	"CYBLE_EVT_L2CAP_CONN_PARAM_UPDATE_RSP\000"
 1895      455F4556 
 1895      545F4C32 
 1895      4341505F 
 1895      434F4E4E 
 1896              	.LASF44:
 1897 0c03 4359424C 		.ascii	"CYBLE_EVT_GAP_ENHANCE_CONN_COMPLETE\000"
 1897      455F4556 
 1897      545F4741 
 1897      505F454E 
 1897      48414E43 
 1898              	.LASF92:
 1899 0c27 4359424C 		.ascii	"CYBLE_DIS_MANUFACTURER_NAME\000"
 1899      455F4449 
 1899      535F4D41 
 1899      4E554641 
 1899      43545552 
 1900              	.LASF53:
 1901 0c43 4359424C 		.ascii	"CYBLE_EVT_GATT_DISCONNECT_IND\000"
 1901      455F4556 
 1901      545F4741 
 1901      54545F44 
 1901      4953434F 
 1902              	.LASF123:
 1903 0c61 47657452 		.ascii	"GetRelayMask\000"
 1903      656C6179 
 1903      4D61736B 
ARM GAS  C:\Users\alexport\AppData\Local\Temp\ccNRKq6z.s 			page 44


 1903      00
 1904              		.ident	"GCC: (GNU Tools for ARM Embedded Processors) 5.4.1 20160609 (release) [ARM/embedded-5-bran
