ARM GAS  C:\Users\alexport\AppData\Local\Temp\ccKALwZl.s 			page 1


   1              		.syntax unified
   2              		.cpu cortex-m0
   3              		.fpu softvfp
   4              		.eabi_attribute 20, 1
   5              		.eabi_attribute 21, 1
   6              		.eabi_attribute 23, 3
   7              		.eabi_attribute 24, 1
   8              		.eabi_attribute 25, 1
   9              		.eabi_attribute 26, 1
  10              		.eabi_attribute 30, 6
  11              		.eabi_attribute 34, 0
  12              		.eabi_attribute 18, 4
  13              		.thumb
  14              		.syntax unified
  15              		.file	"SPIM_1_PM.c"
  16              		.text
  17              	.Ltext0:
  18              		.cfi_sections	.debug_frame
  19              		.data
  20              		.align	2
  21              		.type	SPIM_1_backup, %object
  22              		.size	SPIM_1_backup, 2
  23              	SPIM_1_backup:
  24 0000 00       		.byte	0
  25 0001 0F       		.byte	15
  26              		.section	.text.SPIM_1_SaveConfig,"ax",%progbits
  27              		.align	2
  28              		.global	SPIM_1_SaveConfig
  29              		.code	16
  30              		.thumb_func
  31              		.type	SPIM_1_SaveConfig, %function
  32              	SPIM_1_SaveConfig:
  33              	.LFB2:
  34              		.file 1 "Generated_Source\\PSoC4\\SPIM_1_PM.c"
   1:Generated_Source\PSoC4/SPIM_1_PM.c **** /*******************************************************************************
   2:Generated_Source\PSoC4/SPIM_1_PM.c **** * File Name: SPIM_1_PM.c
   3:Generated_Source\PSoC4/SPIM_1_PM.c **** * Version 2.50
   4:Generated_Source\PSoC4/SPIM_1_PM.c **** *
   5:Generated_Source\PSoC4/SPIM_1_PM.c **** * Description:
   6:Generated_Source\PSoC4/SPIM_1_PM.c **** *  This file contains the setup, control and status commands to support
   7:Generated_Source\PSoC4/SPIM_1_PM.c **** *  component operations in low power mode.
   8:Generated_Source\PSoC4/SPIM_1_PM.c **** *
   9:Generated_Source\PSoC4/SPIM_1_PM.c **** * Note:
  10:Generated_Source\PSoC4/SPIM_1_PM.c **** *
  11:Generated_Source\PSoC4/SPIM_1_PM.c **** ********************************************************************************
  12:Generated_Source\PSoC4/SPIM_1_PM.c **** * Copyright 2008-2015, Cypress Semiconductor Corporation.  All rights reserved.
  13:Generated_Source\PSoC4/SPIM_1_PM.c **** * You may use this file only in accordance with the license, terms, conditions,
  14:Generated_Source\PSoC4/SPIM_1_PM.c **** * disclaimers, and limitations in the end user license agreement accompanying
  15:Generated_Source\PSoC4/SPIM_1_PM.c **** * the software package with which this file was provided.
  16:Generated_Source\PSoC4/SPIM_1_PM.c **** *******************************************************************************/
  17:Generated_Source\PSoC4/SPIM_1_PM.c **** 
  18:Generated_Source\PSoC4/SPIM_1_PM.c **** #include "SPIM_1_PVT.h"
  19:Generated_Source\PSoC4/SPIM_1_PM.c **** 
  20:Generated_Source\PSoC4/SPIM_1_PM.c **** static SPIM_1_BACKUP_STRUCT SPIM_1_backup =
  21:Generated_Source\PSoC4/SPIM_1_PM.c **** {
  22:Generated_Source\PSoC4/SPIM_1_PM.c ****     SPIM_1_DISABLED,
  23:Generated_Source\PSoC4/SPIM_1_PM.c ****     SPIM_1_BITCTR_INIT,
ARM GAS  C:\Users\alexport\AppData\Local\Temp\ccKALwZl.s 			page 2


  24:Generated_Source\PSoC4/SPIM_1_PM.c **** };
  25:Generated_Source\PSoC4/SPIM_1_PM.c **** 
  26:Generated_Source\PSoC4/SPIM_1_PM.c **** 
  27:Generated_Source\PSoC4/SPIM_1_PM.c **** /*******************************************************************************
  28:Generated_Source\PSoC4/SPIM_1_PM.c **** * Function Name: SPIM_1_SaveConfig
  29:Generated_Source\PSoC4/SPIM_1_PM.c **** ********************************************************************************
  30:Generated_Source\PSoC4/SPIM_1_PM.c **** *
  31:Generated_Source\PSoC4/SPIM_1_PM.c **** * Summary:
  32:Generated_Source\PSoC4/SPIM_1_PM.c **** *  Empty function. Included for consistency with other components.
  33:Generated_Source\PSoC4/SPIM_1_PM.c **** *
  34:Generated_Source\PSoC4/SPIM_1_PM.c **** * Parameters:
  35:Generated_Source\PSoC4/SPIM_1_PM.c **** *  None.
  36:Generated_Source\PSoC4/SPIM_1_PM.c **** *
  37:Generated_Source\PSoC4/SPIM_1_PM.c **** * Return:
  38:Generated_Source\PSoC4/SPIM_1_PM.c **** *  None.
  39:Generated_Source\PSoC4/SPIM_1_PM.c **** *
  40:Generated_Source\PSoC4/SPIM_1_PM.c **** *******************************************************************************/
  41:Generated_Source\PSoC4/SPIM_1_PM.c **** void SPIM_1_SaveConfig(void) 
  42:Generated_Source\PSoC4/SPIM_1_PM.c **** {
  35              		.loc 1 42 0
  36              		.cfi_startproc
  37              		@ args = 0, pretend = 0, frame = 0
  38              		@ frame_needed = 1, uses_anonymous_args = 0
  39 0000 80B5     		push	{r7, lr}
  40              		.cfi_def_cfa_offset 8
  41              		.cfi_offset 7, -8
  42              		.cfi_offset 14, -4
  43 0002 00AF     		add	r7, sp, #0
  44              		.cfi_def_cfa_register 7
  43:Generated_Source\PSoC4/SPIM_1_PM.c **** 
  44:Generated_Source\PSoC4/SPIM_1_PM.c **** }
  45              		.loc 1 44 0
  46 0004 C046     		nop
  47 0006 BD46     		mov	sp, r7
  48              		@ sp needed
  49 0008 80BD     		pop	{r7, pc}
  50              		.cfi_endproc
  51              	.LFE2:
  52              		.size	SPIM_1_SaveConfig, .-SPIM_1_SaveConfig
  53 000a C046     		.section	.text.SPIM_1_RestoreConfig,"ax",%progbits
  54              		.align	2
  55              		.global	SPIM_1_RestoreConfig
  56              		.code	16
  57              		.thumb_func
  58              		.type	SPIM_1_RestoreConfig, %function
  59              	SPIM_1_RestoreConfig:
  60              	.LFB3:
  45:Generated_Source\PSoC4/SPIM_1_PM.c **** 
  46:Generated_Source\PSoC4/SPIM_1_PM.c **** 
  47:Generated_Source\PSoC4/SPIM_1_PM.c **** /*******************************************************************************
  48:Generated_Source\PSoC4/SPIM_1_PM.c **** * Function Name: SPIM_1_RestoreConfig
  49:Generated_Source\PSoC4/SPIM_1_PM.c **** ********************************************************************************
  50:Generated_Source\PSoC4/SPIM_1_PM.c **** *
  51:Generated_Source\PSoC4/SPIM_1_PM.c **** * Summary:
  52:Generated_Source\PSoC4/SPIM_1_PM.c **** *  Empty function. Included for consistency with other components.
  53:Generated_Source\PSoC4/SPIM_1_PM.c **** *
  54:Generated_Source\PSoC4/SPIM_1_PM.c **** * Parameters:
ARM GAS  C:\Users\alexport\AppData\Local\Temp\ccKALwZl.s 			page 3


  55:Generated_Source\PSoC4/SPIM_1_PM.c **** *  None.
  56:Generated_Source\PSoC4/SPIM_1_PM.c **** *
  57:Generated_Source\PSoC4/SPIM_1_PM.c **** * Return:
  58:Generated_Source\PSoC4/SPIM_1_PM.c **** *  None.
  59:Generated_Source\PSoC4/SPIM_1_PM.c **** *
  60:Generated_Source\PSoC4/SPIM_1_PM.c **** *******************************************************************************/
  61:Generated_Source\PSoC4/SPIM_1_PM.c **** void SPIM_1_RestoreConfig(void) 
  62:Generated_Source\PSoC4/SPIM_1_PM.c **** {
  61              		.loc 1 62 0
  62              		.cfi_startproc
  63              		@ args = 0, pretend = 0, frame = 0
  64              		@ frame_needed = 1, uses_anonymous_args = 0
  65 0000 80B5     		push	{r7, lr}
  66              		.cfi_def_cfa_offset 8
  67              		.cfi_offset 7, -8
  68              		.cfi_offset 14, -4
  69 0002 00AF     		add	r7, sp, #0
  70              		.cfi_def_cfa_register 7
  63:Generated_Source\PSoC4/SPIM_1_PM.c **** 
  64:Generated_Source\PSoC4/SPIM_1_PM.c **** }
  71              		.loc 1 64 0
  72 0004 C046     		nop
  73 0006 BD46     		mov	sp, r7
  74              		@ sp needed
  75 0008 80BD     		pop	{r7, pc}
  76              		.cfi_endproc
  77              	.LFE3:
  78              		.size	SPIM_1_RestoreConfig, .-SPIM_1_RestoreConfig
  79              		.section	.text.SPIM_1_Sleep,"ax",%progbits
  80              		.align	2
  81              		.global	SPIM_1_Sleep
  82              		.code	16
  83              		.thumb_func
  84              		.type	SPIM_1_Sleep, %function
  85              	SPIM_1_Sleep:
  86              	.LFB4:
  65:Generated_Source\PSoC4/SPIM_1_PM.c **** 
  66:Generated_Source\PSoC4/SPIM_1_PM.c **** 
  67:Generated_Source\PSoC4/SPIM_1_PM.c **** /*******************************************************************************
  68:Generated_Source\PSoC4/SPIM_1_PM.c **** * Function Name: SPIM_1_Sleep
  69:Generated_Source\PSoC4/SPIM_1_PM.c **** ********************************************************************************
  70:Generated_Source\PSoC4/SPIM_1_PM.c **** *
  71:Generated_Source\PSoC4/SPIM_1_PM.c **** * Summary:
  72:Generated_Source\PSoC4/SPIM_1_PM.c **** *  Prepare SPIM Component goes to sleep.
  73:Generated_Source\PSoC4/SPIM_1_PM.c **** *
  74:Generated_Source\PSoC4/SPIM_1_PM.c **** * Parameters:
  75:Generated_Source\PSoC4/SPIM_1_PM.c **** *  None.
  76:Generated_Source\PSoC4/SPIM_1_PM.c **** *
  77:Generated_Source\PSoC4/SPIM_1_PM.c **** * Return:
  78:Generated_Source\PSoC4/SPIM_1_PM.c **** *  None.
  79:Generated_Source\PSoC4/SPIM_1_PM.c **** *
  80:Generated_Source\PSoC4/SPIM_1_PM.c **** * Global Variables:
  81:Generated_Source\PSoC4/SPIM_1_PM.c **** *  SPIM_1_backup - modified when non-retention registers are saved.
  82:Generated_Source\PSoC4/SPIM_1_PM.c **** *
  83:Generated_Source\PSoC4/SPIM_1_PM.c **** * Reentrant:
  84:Generated_Source\PSoC4/SPIM_1_PM.c **** *  No.
  85:Generated_Source\PSoC4/SPIM_1_PM.c **** *
ARM GAS  C:\Users\alexport\AppData\Local\Temp\ccKALwZl.s 			page 4


  86:Generated_Source\PSoC4/SPIM_1_PM.c **** *******************************************************************************/
  87:Generated_Source\PSoC4/SPIM_1_PM.c **** void SPIM_1_Sleep(void) 
  88:Generated_Source\PSoC4/SPIM_1_PM.c **** {
  87              		.loc 1 88 0
  88              		.cfi_startproc
  89              		@ args = 0, pretend = 0, frame = 0
  90              		@ frame_needed = 1, uses_anonymous_args = 0
  91 0000 80B5     		push	{r7, lr}
  92              		.cfi_def_cfa_offset 8
  93              		.cfi_offset 7, -8
  94              		.cfi_offset 14, -4
  95 0002 00AF     		add	r7, sp, #0
  96              		.cfi_def_cfa_register 7
  89:Generated_Source\PSoC4/SPIM_1_PM.c ****     /* Save components enable state */
  90:Generated_Source\PSoC4/SPIM_1_PM.c ****     SPIM_1_backup.enableState = ((uint8) SPIM_1_IS_ENABLED);
  97              		.loc 1 90 0
  98 0004 084B     		ldr	r3, .L4
  99 0006 1B78     		ldrb	r3, [r3]
 100 0008 DBB2     		uxtb	r3, r3
 101 000a 1A00     		movs	r2, r3
 102 000c 1023     		movs	r3, #16
 103 000e 1340     		ands	r3, r2
 104 0010 5A1E     		subs	r2, r3, #1
 105 0012 9341     		sbcs	r3, r3, r2
 106 0014 DBB2     		uxtb	r3, r3
 107 0016 1A00     		movs	r2, r3
 108 0018 044B     		ldr	r3, .L4+4
 109 001a 1A70     		strb	r2, [r3]
  91:Generated_Source\PSoC4/SPIM_1_PM.c **** 
  92:Generated_Source\PSoC4/SPIM_1_PM.c ****     SPIM_1_Stop();
 110              		.loc 1 92 0
 111 001c FFF7FEFF 		bl	SPIM_1_Stop
  93:Generated_Source\PSoC4/SPIM_1_PM.c **** }
 112              		.loc 1 93 0
 113 0020 C046     		nop
 114 0022 BD46     		mov	sp, r7
 115              		@ sp needed
 116 0024 80BD     		pop	{r7, pc}
 117              	.L5:
 118 0026 C046     		.align	2
 119              	.L4:
 120 0028 92000F40 		.word	1074725010
 121 002c 00000000 		.word	SPIM_1_backup
 122              		.cfi_endproc
 123              	.LFE4:
 124              		.size	SPIM_1_Sleep, .-SPIM_1_Sleep
 125              		.section	.text.SPIM_1_Wakeup,"ax",%progbits
 126              		.align	2
 127              		.global	SPIM_1_Wakeup
 128              		.code	16
 129              		.thumb_func
 130              		.type	SPIM_1_Wakeup, %function
 131              	SPIM_1_Wakeup:
 132              	.LFB5:
  94:Generated_Source\PSoC4/SPIM_1_PM.c **** 
  95:Generated_Source\PSoC4/SPIM_1_PM.c **** 
  96:Generated_Source\PSoC4/SPIM_1_PM.c **** /*******************************************************************************
ARM GAS  C:\Users\alexport\AppData\Local\Temp\ccKALwZl.s 			page 5


  97:Generated_Source\PSoC4/SPIM_1_PM.c **** * Function Name: SPIM_1_Wakeup
  98:Generated_Source\PSoC4/SPIM_1_PM.c **** ********************************************************************************
  99:Generated_Source\PSoC4/SPIM_1_PM.c **** *
 100:Generated_Source\PSoC4/SPIM_1_PM.c **** * Summary:
 101:Generated_Source\PSoC4/SPIM_1_PM.c **** *  Prepare SPIM Component to wake up.
 102:Generated_Source\PSoC4/SPIM_1_PM.c **** *
 103:Generated_Source\PSoC4/SPIM_1_PM.c **** * Parameters:
 104:Generated_Source\PSoC4/SPIM_1_PM.c **** *  None.
 105:Generated_Source\PSoC4/SPIM_1_PM.c **** *
 106:Generated_Source\PSoC4/SPIM_1_PM.c **** * Return:
 107:Generated_Source\PSoC4/SPIM_1_PM.c **** *  None.
 108:Generated_Source\PSoC4/SPIM_1_PM.c **** *
 109:Generated_Source\PSoC4/SPIM_1_PM.c **** * Global Variables:
 110:Generated_Source\PSoC4/SPIM_1_PM.c **** *  SPIM_1_backup - used when non-retention registers are restored.
 111:Generated_Source\PSoC4/SPIM_1_PM.c **** *  SPIM_1_txBufferWrite - modified every function call - resets to
 112:Generated_Source\PSoC4/SPIM_1_PM.c **** *  zero.
 113:Generated_Source\PSoC4/SPIM_1_PM.c **** *  SPIM_1_txBufferRead - modified every function call - resets to
 114:Generated_Source\PSoC4/SPIM_1_PM.c **** *  zero.
 115:Generated_Source\PSoC4/SPIM_1_PM.c **** *  SPIM_1_rxBufferWrite - modified every function call - resets to
 116:Generated_Source\PSoC4/SPIM_1_PM.c **** *  zero.
 117:Generated_Source\PSoC4/SPIM_1_PM.c **** *  SPIM_1_rxBufferRead - modified every function call - resets to
 118:Generated_Source\PSoC4/SPIM_1_PM.c **** *  zero.
 119:Generated_Source\PSoC4/SPIM_1_PM.c **** *
 120:Generated_Source\PSoC4/SPIM_1_PM.c **** * Reentrant:
 121:Generated_Source\PSoC4/SPIM_1_PM.c **** *  No.
 122:Generated_Source\PSoC4/SPIM_1_PM.c **** *
 123:Generated_Source\PSoC4/SPIM_1_PM.c **** *******************************************************************************/
 124:Generated_Source\PSoC4/SPIM_1_PM.c **** void SPIM_1_Wakeup(void) 
 125:Generated_Source\PSoC4/SPIM_1_PM.c **** {
 133              		.loc 1 125 0
 134              		.cfi_startproc
 135              		@ args = 0, pretend = 0, frame = 0
 136              		@ frame_needed = 1, uses_anonymous_args = 0
 137 0000 80B5     		push	{r7, lr}
 138              		.cfi_def_cfa_offset 8
 139              		.cfi_offset 7, -8
 140              		.cfi_offset 14, -4
 141 0002 00AF     		add	r7, sp, #0
 142              		.cfi_def_cfa_register 7
 126:Generated_Source\PSoC4/SPIM_1_PM.c ****     #if(SPIM_1_RX_SOFTWARE_BUF_ENABLED)
 127:Generated_Source\PSoC4/SPIM_1_PM.c ****         SPIM_1_rxBufferFull  = 0u;
 128:Generated_Source\PSoC4/SPIM_1_PM.c ****         SPIM_1_rxBufferRead  = 0u;
 129:Generated_Source\PSoC4/SPIM_1_PM.c ****         SPIM_1_rxBufferWrite = 0u;
 130:Generated_Source\PSoC4/SPIM_1_PM.c ****     #endif /* (SPIM_1_RX_SOFTWARE_BUF_ENABLED) */
 131:Generated_Source\PSoC4/SPIM_1_PM.c **** 
 132:Generated_Source\PSoC4/SPIM_1_PM.c ****     #if(SPIM_1_TX_SOFTWARE_BUF_ENABLED)
 133:Generated_Source\PSoC4/SPIM_1_PM.c ****         SPIM_1_txBufferFull  = 0u;
 134:Generated_Source\PSoC4/SPIM_1_PM.c ****         SPIM_1_txBufferRead  = 0u;
 135:Generated_Source\PSoC4/SPIM_1_PM.c ****         SPIM_1_txBufferWrite = 0u;
 136:Generated_Source\PSoC4/SPIM_1_PM.c ****     #endif /* (SPIM_1_TX_SOFTWARE_BUF_ENABLED) */
 137:Generated_Source\PSoC4/SPIM_1_PM.c **** 
 138:Generated_Source\PSoC4/SPIM_1_PM.c ****     /* Clear any data from the RX and TX FIFO */
 139:Generated_Source\PSoC4/SPIM_1_PM.c ****     SPIM_1_ClearFIFO();
 143              		.loc 1 139 0
 144 0004 FFF7FEFF 		bl	SPIM_1_ClearFIFO
 140:Generated_Source\PSoC4/SPIM_1_PM.c **** 
 141:Generated_Source\PSoC4/SPIM_1_PM.c ****     /* Restore components block enable state */
ARM GAS  C:\Users\alexport\AppData\Local\Temp\ccKALwZl.s 			page 6


 142:Generated_Source\PSoC4/SPIM_1_PM.c ****     if(0u != SPIM_1_backup.enableState)
 145              		.loc 1 142 0
 146 0008 044B     		ldr	r3, .L9
 147 000a 1B78     		ldrb	r3, [r3]
 148 000c 002B     		cmp	r3, #0
 149 000e 01D0     		beq	.L8
 143:Generated_Source\PSoC4/SPIM_1_PM.c ****     {
 144:Generated_Source\PSoC4/SPIM_1_PM.c ****         SPIM_1_Enable();
 150              		.loc 1 144 0
 151 0010 FFF7FEFF 		bl	SPIM_1_Enable
 152              	.L8:
 145:Generated_Source\PSoC4/SPIM_1_PM.c ****     }
 146:Generated_Source\PSoC4/SPIM_1_PM.c **** }
 153              		.loc 1 146 0
 154 0014 C046     		nop
 155 0016 BD46     		mov	sp, r7
 156              		@ sp needed
 157 0018 80BD     		pop	{r7, pc}
 158              	.L10:
 159 001a C046     		.align	2
 160              	.L9:
 161 001c 00000000 		.word	SPIM_1_backup
 162              		.cfi_endproc
 163              	.LFE5:
 164              		.size	SPIM_1_Wakeup, .-SPIM_1_Wakeup
 165              		.text
 166              	.Letext0:
 167              		.file 2 "Generated_Source\\PSoC4\\cytypes.h"
 168              		.file 3 "Generated_Source\\PSoC4\\SPIM_1.h"
 169              		.section	.debug_info,"",%progbits
 170              	.Ldebug_info0:
 171 0000 29010000 		.4byte	0x129
 172 0004 0400     		.2byte	0x4
 173 0006 00000000 		.4byte	.Ldebug_abbrev0
 174 000a 04       		.byte	0x4
 175 000b 01       		.uleb128 0x1
 176 000c 91010000 		.4byte	.LASF23
 177 0010 0C       		.byte	0xc
 178 0011 2C000000 		.4byte	.LASF24
 179 0015 C1000000 		.4byte	.LASF25
 180 0019 00000000 		.4byte	.Ldebug_ranges0+0
 181 001d 00000000 		.4byte	0
 182 0021 00000000 		.4byte	.Ldebug_line0
 183 0025 02       		.uleb128 0x2
 184 0026 01       		.byte	0x1
 185 0027 06       		.byte	0x6
 186 0028 6F010000 		.4byte	.LASF0
 187 002c 02       		.uleb128 0x2
 188 002d 01       		.byte	0x1
 189 002e 08       		.byte	0x8
 190 002f 13010000 		.4byte	.LASF1
 191 0033 02       		.uleb128 0x2
 192 0034 02       		.byte	0x2
 193 0035 05       		.byte	0x5
 194 0036 87010000 		.4byte	.LASF2
 195 003a 02       		.uleb128 0x2
 196 003b 02       		.byte	0x2
ARM GAS  C:\Users\alexport\AppData\Local\Temp\ccKALwZl.s 			page 7


 197 003c 07       		.byte	0x7
 198 003d 5C010000 		.4byte	.LASF3
 199 0041 02       		.uleb128 0x2
 200 0042 04       		.byte	0x4
 201 0043 05       		.byte	0x5
 202 0044 33010000 		.4byte	.LASF4
 203 0048 02       		.uleb128 0x2
 204 0049 04       		.byte	0x4
 205 004a 07       		.byte	0x7
 206 004b 6F000000 		.4byte	.LASF5
 207 004f 02       		.uleb128 0x2
 208 0050 08       		.byte	0x8
 209 0051 05       		.byte	0x5
 210 0052 00000000 		.4byte	.LASF6
 211 0056 02       		.uleb128 0x2
 212 0057 08       		.byte	0x8
 213 0058 07       		.byte	0x7
 214 0059 81000000 		.4byte	.LASF7
 215 005d 03       		.uleb128 0x3
 216 005e 04       		.byte	0x4
 217 005f 05       		.byte	0x5
 218 0060 696E7400 		.ascii	"int\000"
 219 0064 02       		.uleb128 0x2
 220 0065 04       		.byte	0x4
 221 0066 07       		.byte	0x7
 222 0067 1F020000 		.4byte	.LASF8
 223 006b 04       		.uleb128 0x4
 224 006c 69000000 		.4byte	.LASF12
 225 0070 02       		.byte	0x2
 226 0071 FC01     		.2byte	0x1fc
 227 0073 2C000000 		.4byte	0x2c
 228 0077 02       		.uleb128 0x2
 229 0078 04       		.byte	0x4
 230 0079 04       		.byte	0x4
 231 007a AD000000 		.4byte	.LASF9
 232 007e 02       		.uleb128 0x2
 233 007f 08       		.byte	0x8
 234 0080 04       		.byte	0x4
 235 0081 3C010000 		.4byte	.LASF10
 236 0085 02       		.uleb128 0x2
 237 0086 01       		.byte	0x1
 238 0087 08       		.byte	0x8
 239 0088 2E010000 		.4byte	.LASF11
 240 008c 04       		.uleb128 0x4
 241 008d 64000000 		.4byte	.LASF13
 242 0091 02       		.byte	0x2
 243 0092 A602     		.2byte	0x2a6
 244 0094 98000000 		.4byte	0x98
 245 0098 05       		.uleb128 0x5
 246 0099 6B000000 		.4byte	0x6b
 247 009d 02       		.uleb128 0x2
 248 009e 08       		.byte	0x8
 249 009f 04       		.byte	0x4
 250 00a0 7B010000 		.4byte	.LASF14
 251 00a4 02       		.uleb128 0x2
 252 00a5 04       		.byte	0x4
 253 00a6 07       		.byte	0x7
ARM GAS  C:\Users\alexport\AppData\Local\Temp\ccKALwZl.s 			page 8


 254 00a7 2C020000 		.4byte	.LASF15
 255 00ab 06       		.uleb128 0x6
 256 00ac 02       		.byte	0x2
 257 00ad 03       		.byte	0x3
 258 00ae 40       		.byte	0x40
 259 00af CC000000 		.4byte	0xcc
 260 00b3 07       		.uleb128 0x7
 261 00b4 20000000 		.4byte	.LASF16
 262 00b8 03       		.byte	0x3
 263 00b9 42       		.byte	0x42
 264 00ba 6B000000 		.4byte	0x6b
 265 00be 00       		.byte	0
 266 00bf 07       		.uleb128 0x7
 267 00c0 51010000 		.4byte	.LASF17
 268 00c4 03       		.byte	0x3
 269 00c5 43       		.byte	0x43
 270 00c6 6B000000 		.4byte	0x6b
 271 00ca 01       		.byte	0x1
 272 00cb 00       		.byte	0
 273 00cc 08       		.uleb128 0x8
 274 00cd 98000000 		.4byte	.LASF18
 275 00d1 03       		.byte	0x3
 276 00d2 44       		.byte	0x44
 277 00d3 AB000000 		.4byte	0xab
 278 00d7 09       		.uleb128 0x9
 279 00d8 0E000000 		.4byte	.LASF19
 280 00dc 01       		.byte	0x1
 281 00dd 29       		.byte	0x29
 282 00de 00000000 		.4byte	.LFB2
 283 00e2 0A000000 		.4byte	.LFE2-.LFB2
 284 00e6 01       		.uleb128 0x1
 285 00e7 9C       		.byte	0x9c
 286 00e8 09       		.uleb128 0x9
 287 00e9 4F000000 		.4byte	.LASF20
 288 00ed 01       		.byte	0x1
 289 00ee 3D       		.byte	0x3d
 290 00ef 00000000 		.4byte	.LFB3
 291 00f3 0A000000 		.4byte	.LFE3-.LFB3
 292 00f7 01       		.uleb128 0x1
 293 00f8 9C       		.byte	0x9c
 294 00f9 0A       		.uleb128 0xa
 295 00fa 21010000 		.4byte	.LASF21
 296 00fe 01       		.byte	0x1
 297 00ff 57       		.byte	0x57
 298 0100 00000000 		.4byte	.LFB4
 299 0104 30000000 		.4byte	.LFE4-.LFB4
 300 0108 01       		.uleb128 0x1
 301 0109 9C       		.byte	0x9c
 302 010a 0A       		.uleb128 0xa
 303 010b 43010000 		.4byte	.LASF22
 304 010f 01       		.byte	0x1
 305 0110 7C       		.byte	0x7c
 306 0111 00000000 		.4byte	.LFB5
 307 0115 20000000 		.4byte	.LFE5-.LFB5
 308 0119 01       		.uleb128 0x1
 309 011a 9C       		.byte	0x9c
 310 011b 0B       		.uleb128 0xb
ARM GAS  C:\Users\alexport\AppData\Local\Temp\ccKALwZl.s 			page 9


 311 011c B3000000 		.4byte	.LASF26
 312 0120 01       		.byte	0x1
 313 0121 14       		.byte	0x14
 314 0122 CC000000 		.4byte	0xcc
 315 0126 05       		.uleb128 0x5
 316 0127 03       		.byte	0x3
 317 0128 00000000 		.4byte	SPIM_1_backup
 318 012c 00       		.byte	0
 319              		.section	.debug_abbrev,"",%progbits
 320              	.Ldebug_abbrev0:
 321 0000 01       		.uleb128 0x1
 322 0001 11       		.uleb128 0x11
 323 0002 01       		.byte	0x1
 324 0003 25       		.uleb128 0x25
 325 0004 0E       		.uleb128 0xe
 326 0005 13       		.uleb128 0x13
 327 0006 0B       		.uleb128 0xb
 328 0007 03       		.uleb128 0x3
 329 0008 0E       		.uleb128 0xe
 330 0009 1B       		.uleb128 0x1b
 331 000a 0E       		.uleb128 0xe
 332 000b 55       		.uleb128 0x55
 333 000c 17       		.uleb128 0x17
 334 000d 11       		.uleb128 0x11
 335 000e 01       		.uleb128 0x1
 336 000f 10       		.uleb128 0x10
 337 0010 17       		.uleb128 0x17
 338 0011 00       		.byte	0
 339 0012 00       		.byte	0
 340 0013 02       		.uleb128 0x2
 341 0014 24       		.uleb128 0x24
 342 0015 00       		.byte	0
 343 0016 0B       		.uleb128 0xb
 344 0017 0B       		.uleb128 0xb
 345 0018 3E       		.uleb128 0x3e
 346 0019 0B       		.uleb128 0xb
 347 001a 03       		.uleb128 0x3
 348 001b 0E       		.uleb128 0xe
 349 001c 00       		.byte	0
 350 001d 00       		.byte	0
 351 001e 03       		.uleb128 0x3
 352 001f 24       		.uleb128 0x24
 353 0020 00       		.byte	0
 354 0021 0B       		.uleb128 0xb
 355 0022 0B       		.uleb128 0xb
 356 0023 3E       		.uleb128 0x3e
 357 0024 0B       		.uleb128 0xb
 358 0025 03       		.uleb128 0x3
 359 0026 08       		.uleb128 0x8
 360 0027 00       		.byte	0
 361 0028 00       		.byte	0
 362 0029 04       		.uleb128 0x4
 363 002a 16       		.uleb128 0x16
 364 002b 00       		.byte	0
 365 002c 03       		.uleb128 0x3
 366 002d 0E       		.uleb128 0xe
 367 002e 3A       		.uleb128 0x3a
ARM GAS  C:\Users\alexport\AppData\Local\Temp\ccKALwZl.s 			page 10


 368 002f 0B       		.uleb128 0xb
 369 0030 3B       		.uleb128 0x3b
 370 0031 05       		.uleb128 0x5
 371 0032 49       		.uleb128 0x49
 372 0033 13       		.uleb128 0x13
 373 0034 00       		.byte	0
 374 0035 00       		.byte	0
 375 0036 05       		.uleb128 0x5
 376 0037 35       		.uleb128 0x35
 377 0038 00       		.byte	0
 378 0039 49       		.uleb128 0x49
 379 003a 13       		.uleb128 0x13
 380 003b 00       		.byte	0
 381 003c 00       		.byte	0
 382 003d 06       		.uleb128 0x6
 383 003e 13       		.uleb128 0x13
 384 003f 01       		.byte	0x1
 385 0040 0B       		.uleb128 0xb
 386 0041 0B       		.uleb128 0xb
 387 0042 3A       		.uleb128 0x3a
 388 0043 0B       		.uleb128 0xb
 389 0044 3B       		.uleb128 0x3b
 390 0045 0B       		.uleb128 0xb
 391 0046 01       		.uleb128 0x1
 392 0047 13       		.uleb128 0x13
 393 0048 00       		.byte	0
 394 0049 00       		.byte	0
 395 004a 07       		.uleb128 0x7
 396 004b 0D       		.uleb128 0xd
 397 004c 00       		.byte	0
 398 004d 03       		.uleb128 0x3
 399 004e 0E       		.uleb128 0xe
 400 004f 3A       		.uleb128 0x3a
 401 0050 0B       		.uleb128 0xb
 402 0051 3B       		.uleb128 0x3b
 403 0052 0B       		.uleb128 0xb
 404 0053 49       		.uleb128 0x49
 405 0054 13       		.uleb128 0x13
 406 0055 38       		.uleb128 0x38
 407 0056 0B       		.uleb128 0xb
 408 0057 00       		.byte	0
 409 0058 00       		.byte	0
 410 0059 08       		.uleb128 0x8
 411 005a 16       		.uleb128 0x16
 412 005b 00       		.byte	0
 413 005c 03       		.uleb128 0x3
 414 005d 0E       		.uleb128 0xe
 415 005e 3A       		.uleb128 0x3a
 416 005f 0B       		.uleb128 0xb
 417 0060 3B       		.uleb128 0x3b
 418 0061 0B       		.uleb128 0xb
 419 0062 49       		.uleb128 0x49
 420 0063 13       		.uleb128 0x13
 421 0064 00       		.byte	0
 422 0065 00       		.byte	0
 423 0066 09       		.uleb128 0x9
 424 0067 2E       		.uleb128 0x2e
ARM GAS  C:\Users\alexport\AppData\Local\Temp\ccKALwZl.s 			page 11


 425 0068 00       		.byte	0
 426 0069 3F       		.uleb128 0x3f
 427 006a 19       		.uleb128 0x19
 428 006b 03       		.uleb128 0x3
 429 006c 0E       		.uleb128 0xe
 430 006d 3A       		.uleb128 0x3a
 431 006e 0B       		.uleb128 0xb
 432 006f 3B       		.uleb128 0x3b
 433 0070 0B       		.uleb128 0xb
 434 0071 27       		.uleb128 0x27
 435 0072 19       		.uleb128 0x19
 436 0073 11       		.uleb128 0x11
 437 0074 01       		.uleb128 0x1
 438 0075 12       		.uleb128 0x12
 439 0076 06       		.uleb128 0x6
 440 0077 40       		.uleb128 0x40
 441 0078 18       		.uleb128 0x18
 442 0079 9742     		.uleb128 0x2117
 443 007b 19       		.uleb128 0x19
 444 007c 00       		.byte	0
 445 007d 00       		.byte	0
 446 007e 0A       		.uleb128 0xa
 447 007f 2E       		.uleb128 0x2e
 448 0080 00       		.byte	0
 449 0081 3F       		.uleb128 0x3f
 450 0082 19       		.uleb128 0x19
 451 0083 03       		.uleb128 0x3
 452 0084 0E       		.uleb128 0xe
 453 0085 3A       		.uleb128 0x3a
 454 0086 0B       		.uleb128 0xb
 455 0087 3B       		.uleb128 0x3b
 456 0088 0B       		.uleb128 0xb
 457 0089 27       		.uleb128 0x27
 458 008a 19       		.uleb128 0x19
 459 008b 11       		.uleb128 0x11
 460 008c 01       		.uleb128 0x1
 461 008d 12       		.uleb128 0x12
 462 008e 06       		.uleb128 0x6
 463 008f 40       		.uleb128 0x40
 464 0090 18       		.uleb128 0x18
 465 0091 9642     		.uleb128 0x2116
 466 0093 19       		.uleb128 0x19
 467 0094 00       		.byte	0
 468 0095 00       		.byte	0
 469 0096 0B       		.uleb128 0xb
 470 0097 34       		.uleb128 0x34
 471 0098 00       		.byte	0
 472 0099 03       		.uleb128 0x3
 473 009a 0E       		.uleb128 0xe
 474 009b 3A       		.uleb128 0x3a
 475 009c 0B       		.uleb128 0xb
 476 009d 3B       		.uleb128 0x3b
 477 009e 0B       		.uleb128 0xb
 478 009f 49       		.uleb128 0x49
 479 00a0 13       		.uleb128 0x13
 480 00a1 02       		.uleb128 0x2
 481 00a2 18       		.uleb128 0x18
ARM GAS  C:\Users\alexport\AppData\Local\Temp\ccKALwZl.s 			page 12


 482 00a3 00       		.byte	0
 483 00a4 00       		.byte	0
 484 00a5 00       		.byte	0
 485              		.section	.debug_aranges,"",%progbits
 486 0000 34000000 		.4byte	0x34
 487 0004 0200     		.2byte	0x2
 488 0006 00000000 		.4byte	.Ldebug_info0
 489 000a 04       		.byte	0x4
 490 000b 00       		.byte	0
 491 000c 0000     		.2byte	0
 492 000e 0000     		.2byte	0
 493 0010 00000000 		.4byte	.LFB2
 494 0014 0A000000 		.4byte	.LFE2-.LFB2
 495 0018 00000000 		.4byte	.LFB3
 496 001c 0A000000 		.4byte	.LFE3-.LFB3
 497 0020 00000000 		.4byte	.LFB4
 498 0024 30000000 		.4byte	.LFE4-.LFB4
 499 0028 00000000 		.4byte	.LFB5
 500 002c 20000000 		.4byte	.LFE5-.LFB5
 501 0030 00000000 		.4byte	0
 502 0034 00000000 		.4byte	0
 503              		.section	.debug_ranges,"",%progbits
 504              	.Ldebug_ranges0:
 505 0000 00000000 		.4byte	.LFB2
 506 0004 0A000000 		.4byte	.LFE2
 507 0008 00000000 		.4byte	.LFB3
 508 000c 0A000000 		.4byte	.LFE3
 509 0010 00000000 		.4byte	.LFB4
 510 0014 30000000 		.4byte	.LFE4
 511 0018 00000000 		.4byte	.LFB5
 512 001c 20000000 		.4byte	.LFE5
 513 0020 00000000 		.4byte	0
 514 0024 00000000 		.4byte	0
 515              		.section	.debug_line,"",%progbits
 516              	.Ldebug_line0:
 517 0000 A1000000 		.section	.debug_str,"MS",%progbits,1
 517      02005200 
 517      00000201 
 517      FB0E0D00 
 517      01010101 
 518              	.LASF6:
 519 0000 6C6F6E67 		.ascii	"long long int\000"
 519      206C6F6E 
 519      6720696E 
 519      7400
 520              	.LASF19:
 521 000e 5350494D 		.ascii	"SPIM_1_SaveConfig\000"
 521      5F315F53 
 521      61766543 
 521      6F6E6669 
 521      6700
 522              	.LASF16:
 523 0020 656E6162 		.ascii	"enableState\000"
 523      6C655374 
 523      61746500 
 524              	.LASF24:
 525 002c 47656E65 		.ascii	"Generated_Source\\PSoC4\\SPIM_1_PM.c\000"
ARM GAS  C:\Users\alexport\AppData\Local\Temp\ccKALwZl.s 			page 13


 525      72617465 
 525      645F536F 
 525      75726365 
 525      5C50536F 
 526              	.LASF20:
 527 004f 5350494D 		.ascii	"SPIM_1_RestoreConfig\000"
 527      5F315F52 
 527      6573746F 
 527      7265436F 
 527      6E666967 
 528              	.LASF13:
 529 0064 72656738 		.ascii	"reg8\000"
 529      00
 530              	.LASF12:
 531 0069 75696E74 		.ascii	"uint8\000"
 531      3800
 532              	.LASF5:
 533 006f 6C6F6E67 		.ascii	"long unsigned int\000"
 533      20756E73 
 533      69676E65 
 533      6420696E 
 533      7400
 534              	.LASF7:
 535 0081 6C6F6E67 		.ascii	"long long unsigned int\000"
 535      206C6F6E 
 535      6720756E 
 535      7369676E 
 535      65642069 
 536              	.LASF18:
 537 0098 5350494D 		.ascii	"SPIM_1_BACKUP_STRUCT\000"
 537      5F315F42 
 537      41434B55 
 537      505F5354 
 537      52554354 
 538              	.LASF9:
 539 00ad 666C6F61 		.ascii	"float\000"
 539      7400
 540              	.LASF26:
 541 00b3 5350494D 		.ascii	"SPIM_1_backup\000"
 541      5F315F62 
 541      61636B75 
 541      7000
 542              	.LASF25:
 543 00c1 433A5C55 		.ascii	"C:\\Users\\alexport\\OneDrive - Safeguard Analytics"
 543      73657273 
 543      5C616C65 
 543      78706F72 
 543      745C4F6E 
 544 00f1 5C544553 		.ascii	"\\TESTs\\UART UDB test\\SA-200.cydsn\000"
 544      54735C55 
 544      41525420 
 544      55444220 
 544      74657374 
 545              	.LASF1:
 546 0113 756E7369 		.ascii	"unsigned char\000"
 546      676E6564 
 546      20636861 
ARM GAS  C:\Users\alexport\AppData\Local\Temp\ccKALwZl.s 			page 14


 546      7200
 547              	.LASF21:
 548 0121 5350494D 		.ascii	"SPIM_1_Sleep\000"
 548      5F315F53 
 548      6C656570 
 548      00
 549              	.LASF11:
 550 012e 63686172 		.ascii	"char\000"
 550      00
 551              	.LASF4:
 552 0133 6C6F6E67 		.ascii	"long int\000"
 552      20696E74 
 552      00
 553              	.LASF10:
 554 013c 646F7562 		.ascii	"double\000"
 554      6C6500
 555              	.LASF22:
 556 0143 5350494D 		.ascii	"SPIM_1_Wakeup\000"
 556      5F315F57 
 556      616B6575 
 556      7000
 557              	.LASF17:
 558 0151 636E7472 		.ascii	"cntrPeriod\000"
 558      50657269 
 558      6F6400
 559              	.LASF3:
 560 015c 73686F72 		.ascii	"short unsigned int\000"
 560      7420756E 
 560      7369676E 
 560      65642069 
 560      6E7400
 561              	.LASF0:
 562 016f 7369676E 		.ascii	"signed char\000"
 562      65642063 
 562      68617200 
 563              	.LASF14:
 564 017b 6C6F6E67 		.ascii	"long double\000"
 564      20646F75 
 564      626C6500 
 565              	.LASF2:
 566 0187 73686F72 		.ascii	"short int\000"
 566      7420696E 
 566      7400
 567              	.LASF23:
 568 0191 474E5520 		.ascii	"GNU C11 5.4.1 20160609 (release) [ARM/embedded-5-br"
 568      43313120 
 568      352E342E 
 568      31203230 
 568      31363036 
 569 01c4 616E6368 		.ascii	"anch revision 237715] -mcpu=cortex-m0 -mthumb -g -O"
 569      20726576 
 569      6973696F 
 569      6E203233 
 569      37373135 
 570 01f7 30202D66 		.ascii	"0 -ffunction-sections -ffat-lto-objects\000"
 570      66756E63 
 570      74696F6E 
ARM GAS  C:\Users\alexport\AppData\Local\Temp\ccKALwZl.s 			page 15


 570      2D736563 
 570      74696F6E 
 571              	.LASF8:
 572 021f 756E7369 		.ascii	"unsigned int\000"
 572      676E6564 
 572      20696E74 
 572      00
 573              	.LASF15:
 574 022c 73697A65 		.ascii	"sizetype\000"
 574      74797065 
 574      00
 575              		.ident	"GCC: (GNU Tools for ARM Embedded Processors) 5.4.1 20160609 (release) [ARM/embedded-5-bran
