--------------- Rebuild Started: 09/11/2025 12:10:38 Project: SA-220, Configuration: ARM GCC 5.4-2016-q2-update Debug ---------------
cydsfit.exe -.appdatapath "C:\Users\alexport\AppData\Local\Cypress Semiconductor\PSoC Creator\4.4" -.fdsnotice -.fdswarpdepfile=warp_dependencies.txt -.fdselabdepfile=elab_dependencies.txt -.fdsbldfile=generated_files.txt -.fdsreffile=referenced_files.txt -p "C:\Users\alexport\OneDrive - Safeguard Analytics\SA-220\SA-220.cydsn\SA-220.cyprj" -d CYBLE-224116-01 -s "C:\Users\alexport\OneDrive - Safeguard Analytics\SA-220\SA-220.cydsn\Generated_Source\PSoC4" -- -yv2 -q10 -ygs -o2 -v3 -.fftcfgtype=LE
Elaborating Design...
HDL Generation...
Synthesis...
Tech Mapping...
ADD: pft.M0040: information: The following 2 pin(s) will be assigned a location by the fitter: CPS(0), CSD(0)
Analog Placement...
Analog Routing...
Analog Code Generation...
Digital Placement...
Digital Routing...
Bitstream Generation...
Bitstream Verification...
Static timing analysis...
API Generation...
Dependency Generation...
Cleanup...
arm-none-eabi-gcc.exe -mcpu=cortex-m0 -mthumb -I. -IGenerated_Source\PSoC4 -Wa,-alh=.\CortexM0\ARM_GCC_541\Debug/main.lst -g -D DEBUG -D CY_CORE_ID=0 -Wall -ffunction-sections -ffat-lto-objects -O0 -c main.c -o .\CortexM0\ARM_GCC_541\Debug\main.o
main.c: In function 'SendLog':
main.c:63:18: warning: format '%d' expects argument of type 'int', but argument 4 has type 'uint32_t {aka long unsigned int}' [-Wformat=]
     sprintf(buf, "%s=%d\r\n",str, val) ;
                  ^
main.c:63:18: warning: format '%d' expects argument of type 'int', but argument 4 has type 'uint32_t {aka long unsigned int}' [-Wformat=]
main.c: In function 'main':
main.c:148:20: warning: unused variable 'newMode' [-Wunused-variable]
     extern uint8_t newMode;
                    ^
main.c:144:13: warning: unused variable 'agingreg' [-Wunused-variable]
     uint8_t agingreg = read_RTCReg(0x10);
             ^
main.c:143:13: warning: unused variable 'ctrlreg' [-Wunused-variable]
     uint8_t ctrlreg = read_RTCReg(0x0E);
             ^
arm-none-eabi-gcc.exe -mcpu=cortex-m0 -mthumb -I. -IGenerated_Source\PSoC4 -Wa,-alh=.\CortexM0\ARM_GCC_541\Debug/interrupts.lst -g -D DEBUG -D CY_CORE_ID=0 -Wall -ffunction-sections -ffat-lto-objects -O0 -c interrupts.c -o .\CortexM0\ARM_GCC_541\Debug\interrupts.o
interrupts.c: In function 'ModbusByteIn_isr':
interrupts.c:99:12: warning: unused variable 'size' [-Wunused-variable]
     uint32 size;
            ^
interrupts.c: In function 'BLE_isr':
interrupts.c:243:21: warning: unused variable 'cnt' [-Wunused-variable]
     static uint32_t cnt;
                     ^
interrupts.c:242:11: warning: unused variable 'value' [-Wunused-variable]
     uint8 value = SW_Read();
           ^
interrupts.c:241:11: warning: unused variable 'InterruptState' [-Wunused-variable]
     uint8 InterruptState = SW_ClearInterrupt(); 
           ^
interrupts.c: In function 'SysTick_isr':
interrupts.c:262:20: warning: unused variable 'pm' [-Wunused-variable]
     static uint8_t pm;  
                    ^
arm-none-eabi-gcc.exe -mcpu=cortex-m0 -mthumb -I. -IGenerated_Source\PSoC4 -Wa,-alh=.\CortexM0\ARM_GCC_541\Debug/modbus.lst -g -D DEBUG -D CY_CORE_ID=0 -Wall -ffunction-sections -ffat-lto-objects -O0 -c modbus.c -o .\CortexM0\ARM_GCC_541\Debug\modbus.o
modbus.c: In function 'modbusSendBulk':
modbus.c:36:11: warning: unused variable 'i' [-Wunused-variable]
     uint8 i;
           ^
arm-none-eabi-gcc.exe -mcpu=cortex-m0 -mthumb -I. -IGenerated_Source\PSoC4 -Wa,-alh=.\CortexM0\ARM_GCC_541\Debug/runtime.lst -g -D DEBUG -D CY_CORE_ID=0 -Wall -ffunction-sections -ffat-lto-objects -O0 -c runtime.c -o .\CortexM0\ARM_GCC_541\Debug\runtime.o
runtime.c: In function 'InitSystem':
runtime.c:183:12: warning: unused variable 'SensorSerialNumber' [-Wunused-variable]
     uint32 SensorSerialNumber = 0x123456; 
            ^
runtime.c:152:10: warning: unused variable 'text' [-Wunused-variable]
     char text[10];
          ^
runtime.c: In function 'updateOurBleData':
runtime.c:934:13: warning: variable 'scaledReading' set but not used [-Wunused-but-set-variable]
     uint8_t scaledReading[4];
             ^
runtime.c:924:13: warning: variable 'sys' set but not used [-Wunused-but-set-variable]
     uint8_t sys[8];
             ^
runtime.c:916:21: warning: unused variable 'prev_resolution' [-Wunused-variable]
     static uint16_t prev_resolution;
                     ^
runtime.c:895:12: warning: unused variable 'testVal32' [-Wunused-variable]
     uint32 testVal32 = 0;
            ^
runtime.c:894:12: warning: unused variable 'testVal16' [-Wunused-variable]
     uint16 testVal16 = 0;
            ^
runtime.c: In function 'Stack_Handler':
runtime.c:1724:45: warning: passing argument 1 of 'EEPROM_SetMyAddress' makes pointer from integer without a cast [-Wint-conversion]
                         EEPROM_SetMyAddress(System.CanNodeId);
                                             ^
In file included from runtime.c:18:0:
eeprom.h:87:6: note: expected 'uint8_t * {aka unsigned char *}' but argument is of type 'uint8 {aka unsigned char}'
 void EEPROM_SetMyAddress(uint8_t* addr);
      ^
runtime.c:1742:41: warning: passing argument 1 of 'EEPROM_SetMyAddress' makes pointer from integer without a cast [-Wint-conversion]
                     EEPROM_SetMyAddress(System.CanNodeId);
                                         ^
In file included from runtime.c:18:0:
eeprom.h:87:6: note: expected 'uint8_t * {aka unsigned char *}' but argument is of type 'uint8 {aka unsigned char}'
 void EEPROM_SetMyAddress(uint8_t* addr);
      ^
runtime.c: In function 'runtimeRealTime':
runtime.c:2183:13: warning: unused variable 'cal_status2' [-Wunused-variable]
     uint8_t cal_status2 = sensor[1][CALSTATUSLSB];
             ^
runtime.c:2182:13: warning: unused variable 'cal_status1' [-Wunused-variable]
     uint8_t cal_status1 = sensor[0][CALSTATUSLSB];
             ^
runtime.c: In function 'HandleSensor1':
runtime.c:2350:22: warning: format '%d' expects argument of type 'int', but argument 3 has type 'long unsigned int' [-Wformat=]
         sprintf(str, "%02d:%02d:%02d",warmupcnt/3600,warmupcnt/60, warmupcnt%60  );
                      ^
runtime.c:2350:22: warning: format '%d' expects argument of type 'int', but argument 4 has type 'long unsigned int' [-Wformat=]
runtime.c:2350:22: warning: format '%d' expects argument of type 'int', but argument 5 has type 'long unsigned int' [-Wformat=]
runtime.c:2350:22: warning: format '%d' expects argument of type 'int', but argument 3 has type 'long unsigned int' [-Wformat=]
runtime.c:2350:22: warning: format '%d' expects argument of type 'int', but argument 4 has type 'long unsigned int' [-Wformat=]
runtime.c:2350:22: warning: format '%d' expects argument of type 'int', but argument 5 has type 'long unsigned int' [-Wformat=]
runtime.c:2288:13: warning: unused variable 'in_alarm' [-Wunused-variable]
     uint8_t in_alarm=0;
             ^
runtime.c: In function 'HandleSensor2':
runtime.c:2626:22: warning: format '%d' expects argument of type 'int', but argument 3 has type 'long unsigned int' [-Wformat=]
         sprintf(str, "%02d:%02d:%02d",warmupcnt/3600,warmupcnt/60, warmupcnt%60  );
                      ^
runtime.c:2626:22: warning: format '%d' expects argument of type 'int', but argument 4 has type 'long unsigned int' [-Wformat=]
runtime.c:2626:22: warning: format '%d' expects argument of type 'int', but argument 5 has type 'long unsigned int' [-Wformat=]
runtime.c:2626:22: warning: format '%d' expects argument of type 'int', but argument 3 has type 'long unsigned int' [-Wformat=]
runtime.c:2626:22: warning: format '%d' expects argument of type 'int', but argument 4 has type 'long unsigned int' [-Wformat=]
runtime.c:2626:22: warning: format '%d' expects argument of type 'int', but argument 5 has type 'long unsigned int' [-Wformat=]
runtime.c:2569:13: warning: unused variable 'in_alarm' [-Wunused-variable]
     uint8_t in_alarm=0;
             ^
runtime.c: In function 'DisplayRealTime':
runtime.c:2855:22: warning: format '%d' expects argument of type 'int', but argument 3 has type 'long unsigned int' [-Wformat=]
         sprintf(str, "%02d:%02d:%02d",warmupcnt/3600,warmupcnt/60, warmupcnt%60  );
                      ^
runtime.c:2855:22: warning: format '%d' expects argument of type 'int', but argument 4 has type 'long unsigned int' [-Wformat=]
runtime.c:2855:22: warning: format '%d' expects argument of type 'int', but argument 5 has type 'long unsigned int' [-Wformat=]
runtime.c:2855:22: warning: format '%d' expects argument of type 'int', but argument 3 has type 'long unsigned int' [-Wformat=]
runtime.c:2855:22: warning: format '%d' expects argument of type 'int', but argument 4 has type 'long unsigned int' [-Wformat=]
runtime.c:2855:22: warning: format '%d' expects argument of type 'int', but argument 5 has type 'long unsigned int' [-Wformat=]
runtime.c:2894:26: warning: format '%d' expects argument of type 'int', but argument 3 has type 'long unsigned int' [-Wformat=]
             sprintf(str, "%02d:%02d:%02d",warmupcnt/3600,warmupcnt/60, warmupcnt%60  );
                          ^
runtime.c:2894:26: warning: format '%d' expects argument of type 'int', but argument 4 has type 'long unsigned int' [-Wformat=]
runtime.c:2894:26: warning: format '%d' expects argument of type 'int', but argument 5 has type 'long unsigned int' [-Wformat=]
runtime.c:2894:26: warning: format '%d' expects argument of type 'int', but argument 3 has type 'long unsigned int' [-Wformat=]
runtime.c:2894:26: warning: format '%d' expects argument of type 'int', but argument 4 has type 'long unsigned int' [-Wformat=]
runtime.c:2894:26: warning: format '%d' expects argument of type 'int', but argument 5 has type 'long unsigned int' [-Wformat=]
runtime.c:2789:20: warning: variable 'prev_status' set but not used [-Wunused-but-set-variable]
     static uint8_t prev_status[2];
                    ^
runtime.c:2781:20: warning: unused variable 'inner_guage_base' [-Wunused-variable]
     static uint8_t inner_guage_base;
                    ^
runtime.c:2780:20: warning: unused variable 'outer_guage_base' [-Wunused-variable]
     static uint8_t outer_guage_base;
                    ^
runtime.c:2779:20: warning: unused variable 'dir' [-Wunused-variable]
     static uint8_t dir;    
                    ^
runtime.c:2777:23: warning: unused variable 'ival2' [-Wunused-variable]
     static float ival,ival2;
                       ^
runtime.c:2777:18: warning: unused variable 'ival' [-Wunused-variable]
     static float ival,ival2;
                  ^
runtime.c:2776:22: warning: unused variable 'val2' [-Wunused-variable]
     static int16 val,val2;
                      ^
runtime.c:2776:18: warning: unused variable 'val' [-Wunused-variable]
     static int16 val,val2;
                  ^
runtime.c:2775:20: warning: unused variable 'prev_num' [-Wunused-variable]
     static uint8_t prev_num;
                    ^
runtime.c: In function 'runtimeZeroCal':
runtime.c:3484:13: warning: unused variable 'cal_in_progeress' [-Wunused-variable]
     uint8_t cal_in_progeress;
             ^
runtime.c: In function 'runtimeRelayConfig':
runtime.c:4047:21: warning: unused variable 'send' [-Wunused-variable]
             uint8_t send[sizeof(relay)+1];
                     ^
runtime.c: In function 'runtimeGps':
runtime.c:4140:21: warning: unused variable 'sleep_time' [-Wunused-variable]
     static uint16_t sleep_time;
                     ^
runtime.c:4125:12: warning: unused variable 'number' [-Wunused-variable]
     uint32 number = 374567891;
            ^
runtime.c: In function 'runtimeModbusAddress':
runtime.c:4356:21: warning: unused variable 'sleep_time' [-Wunused-variable]
     static uint16_t sleep_time;
                     ^
runtime.c: In function 'runtimeAlarmConfig':
runtime.c:4511:14: warning: unused variable 'alarmLevel' [-Wunused-variable]
     uint16_t alarmLevel;
              ^
runtime.c: In function 'runtimeInfo':
runtime.c:5330:22: warning: format '%d' expects argument of type 'int', but argument 4 has type 'uint32_t {aka long unsigned int}' [-Wformat=]
         sprintf(str, "CH1: %s 0 - %d %s", gas, sensor_status[0].fullScaleRange, units);
                      ^
runtime.c:5330:22: warning: format '%d' expects argument of type 'int', but argument 4 has type 'uint32_t {aka long unsigned int}' [-Wformat=]
runtime.c:5359:26: warning: format '%d' expects argument of type 'int', but argument 4 has type 'uint32_t {aka long unsigned int}' [-Wformat=]
             sprintf(str, "CH2: %s 0 - %d %s", gas, sensor_status[1].fullScaleRange, units);
                          ^
runtime.c:5359:26: warning: format '%d' expects argument of type 'int', but argument 4 has type 'uint32_t {aka long unsigned int}' [-Wformat=]
runtime.c: In function 'ShowCalculatedWarmupTime':
runtime.c:5457:14: warning: variable 'elapsed_time' set but not used [-Wunused-but-set-variable]
     uint16_t elapsed_time;
              ^
arm-none-eabi-gcc.exe -mcpu=cortex-m0 -mthumb -I. -IGenerated_Source\PSoC4 -Wa,-alh=.\CortexM0\ARM_GCC_541\Debug/sensor.lst -g -D DEBUG -D CY_CORE_ID=0 -Wall -ffunction-sections -ffat-lto-objects -O0 -c sensor.c -o .\CortexM0\ARM_GCC_541\Debug\sensor.o
arm-none-eabi-gcc.exe -mcpu=cortex-m0 -mthumb -I. -IGenerated_Source\PSoC4 -Wa,-alh=.\CortexM0\ARM_GCC_541\Debug/i2c_master.lst -g -D DEBUG -D CY_CORE_ID=0 -Wall -ffunction-sections -ffat-lto-objects -O0 -c i2c_master.c -o .\CortexM0\ARM_GCC_541\Debug\i2c_master.o
i2c_master.c: In function 'i2c_Read_8':
i2c_master.c:30:13: warning: variable 'status' set but not used [-Wunused-but-set-variable]
     uint8_t status;
             ^
i2c_master.c: In function 'slave_WriteDataRaw':
i2c_master.c:118:1: warning: control reaches end of non-void function [-Wreturn-type]
 }
 ^
arm-none-eabi-gcc.exe -mcpu=cortex-m0 -mthumb -I. -IGenerated_Source\PSoC4 -Wa,-alh=.\CortexM0\ARM_GCC_541\Debug/display.lst -g -D DEBUG -D CY_CORE_ID=0 -Wall -ffunction-sections -ffat-lto-objects -O0 -c display.c -o .\CortexM0\ARM_GCC_541\Debug\display.o
display.c: In function 'Nextion_DisplayPicture':
display.c:118:12: warning: unused variable 'len' [-Wunused-variable]
     uint32 len = sprintf(buf, "pic %d,%d,%d",x,y,id) ;
            ^
display.c: In function 'Nextion_Crop':
display.c:127:12: warning: unused variable 'len' [-Wunused-variable]
     uint32 len = sprintf(buf, "xpic %d,%d,%d,%d,%d,%d,%d",80,100,50,50,15,15,0) ;
            ^
display.c: In function 'Nextion_ClearScreen':
display.c:135:12: warning: unused variable 'len' [-Wunused-variable]
     uint32 len = sprintf(buf, "cls %d",DISP_BLACK) ;
            ^
display.c: In function 'Nextion_SetPage':
display.c:143:12: warning: unused variable 'len' [-Wunused-variable]
     uint32 len = sprintf(buf, "page %s",id) ;
            ^
display.c: In function 'Nextion_ObjVisible':
display.c:152:12: warning: unused variable 'len' [-Wunused-variable]
     uint32 len = sprintf(buf, "vis %s,%d",obj,val) ;
            ^
display.c: In function 'Nextion_ObjVisibleIncognito':
display.c:161:12: warning: unused variable 'len' [-Wunused-variable]
     uint32 len = sprintf(buf, "%s %s,%d",page, obj,val) ;
            ^
display.c: In function 'Nextion_Refresh_Object':
display.c:170:12: warning: unused variable 'len' [-Wunused-variable]
     uint32 len = sprintf(buf, "ref %s", obj) ;
            ^
display.c: In function 'Nextion_SetObjAttr':
display.c:178:18: warning: format '%d' expects argument of type 'int', but argument 5 has type 'uint32_t {aka long unsigned int}' [-Wformat=]
     sprintf(buf, "%s.%s=%d",obj,attr, val) ;
                  ^
display.c:178:18: warning: format '%d' expects argument of type 'int', but argument 5 has type 'uint32_t {aka long unsigned int}' [-Wformat=]
display.c: In function 'Nextion_Sleep':
display.c:198:12: warning: unused variable 'len' [-Wunused-variable]
     uint32 len = sprintf(buf, "lowpower=0") ;
            ^
display.c: In function 'Nextion_DeepSleep':
display.c:214:12: warning: unused variable 'len' [-Wunused-variable]
     uint32 len = sprintf(buf, "lowpower=1") ;
            ^
display.c: In function 'Nextion_WakeUp':
display.c:230:12: warning: unused variable 'len' [-Wunused-variable]
     uint32 len = sprintf(buf, "sleep=0") ;
            ^
display.c: In function 'Nextion_DeepSleepWakeUp':
display.c:239:12: warning: unused variable 'len' [-Wunused-variable]
     uint32 len = sprintf(buf, "lowpower=0") ;
            ^
display.c: In function 'Nextion_SendInt':
display.c:261:18: warning: format '%u' expects argument of type 'unsigned int', but argument 4 has type 'uint32_t {aka long unsigned int}' [-Wformat=]
     sprintf(buf, "%s.val=%u",obj,val) ;
                  ^
display.c:261:18: warning: format '%u' expects argument of type 'unsigned int', but argument 4 has type 'uint32_t {aka long unsigned int}' [-Wformat=]
display.c: In function 'Nextion_SetColor':
display.c:297:18: warning: format '%d' expects argument of type 'int', but argument 4 has type 'uint32_t {aka long unsigned int}' [-Wformat=]
     sprintf(buf, "%s.bco=%d",obj,val) ;
                  ^
display.c:297:18: warning: format '%d' expects argument of type 'int', but argument 4 has type 'uint32_t {aka long unsigned int}' [-Wformat=]
display.c: In function 'Nextion_SetTextColor':
display.c:306:18: warning: format '%d' expects argument of type 'int', but argument 4 has type 'uint32_t {aka long unsigned int}' [-Wformat=]
     sprintf(buf, "%s.pco=%d",obj,val) ;
                  ^
display.c:306:18: warning: format '%d' expects argument of type 'int', but argument 4 has type 'uint32_t {aka long unsigned int}' [-Wformat=]
display.c: In function 'Nextion_SetObjectAttr':
display.c:315:18: warning: format '%d' expects argument of type 'int', but argument 5 has type 'uint32_t {aka long unsigned int}' [-Wformat=]
     sprintf(buf, "%s.%s=%d",obj,attr, val) ;
                  ^
display.c:315:18: warning: format '%d' expects argument of type 'int', but argument 5 has type 'uint32_t {aka long unsigned int}' [-Wformat=]
arm-none-eabi-gcc.exe -mcpu=cortex-m0 -mthumb -I. -IGenerated_Source\PSoC4 -Wa,-alh=.\CortexM0\ARM_GCC_541\Debug/relay.lst -g -D DEBUG -D CY_CORE_ID=0 -Wall -ffunction-sections -ffat-lto-objects -O0 -c relay.c -o .\CortexM0\ARM_GCC_541\Debug\relay.o
arm-none-eabi-gcc.exe -mcpu=cortex-m0 -mthumb -I. -IGenerated_Source\PSoC4 -Wa,-alh=.\CortexM0\ARM_GCC_541\Debug/rtc.lst -g -D DEBUG -D CY_CORE_ID=0 -Wall -ffunction-sections -ffat-lto-objects -O0 -c rtc.c -o .\CortexM0\ARM_GCC_541\Debug\rtc.o
rtc.c: In function 'write_RTC':
rtc.c:146:18: warning: unused variable 'modulus' [-Wunused-variable]
     uint16 year, modulus;
                  ^
arm-none-eabi-gcc.exe -mcpu=cortex-m0 -mthumb -I. -IGenerated_Source\PSoC4 -Wa,-alh=.\CortexM0\ARM_GCC_541\Debug/led.lst -g -D DEBUG -D CY_CORE_ID=0 -Wall -ffunction-sections -ffat-lto-objects -O0 -c led.c -o .\CortexM0\ARM_GCC_541\Debug\led.o
arm-none-eabi-gcc.exe -mcpu=cortex-m0 -mthumb -I. -IGenerated_Source\PSoC4 -Wa,-alh=.\CortexM0\ARM_GCC_541\Debug/dac.lst -g -D DEBUG -D CY_CORE_ID=0 -Wall -ffunction-sections -ffat-lto-objects -O0 -c dac.c -o .\CortexM0\ARM_GCC_541\Debug\dac.o
arm-none-eabi-gcc.exe -mcpu=cortex-m0 -mthumb -I. -IGenerated_Source\PSoC4 -Wa,-alh=.\CortexM0\ARM_GCC_541\Debug/eeprom.lst -g -D DEBUG -D CY_CORE_ID=0 -Wall -ffunction-sections -ffat-lto-objects -O0 -c eeprom.c -o .\CortexM0\ARM_GCC_541\Debug\eeprom.o
eeprom.c: In function 'EEPROM_GetSleepPeriod':
eeprom.c:96:13: warning: unused variable 'reg' [-Wunused-variable]
     uint8_t reg = EEPROM_SLEEP_PERIOD1_REG;
             ^
arm-none-eabi-gcc.exe -mcpu=cortex-m0 -mthumb -I. -IGenerated_Source\PSoC4 -Wa,-alh=.\CortexM0\ARM_GCC_541\Debug/cyfitter_cfg.lst -g -D DEBUG -D CY_CORE_ID=0 -Wall -ffunction-sections -ffat-lto-objects -O0 -c Generated_Source\PSoC4\cyfitter_cfg.c -o .\CortexM0\ARM_GCC_541\Debug\cyfitter_cfg.o
arm-none-eabi-gcc.exe -mcpu=cortex-m0 -mthumb -I. -IGenerated_Source\PSoC4 -Wa,-alh=.\CortexM0\ARM_GCC_541\Debug/cymetadata.lst -g -D DEBUG -D CY_CORE_ID=0 -Wall -ffunction-sections -ffat-lto-objects -O0 -c Generated_Source\PSoC4\cymetadata.c -o .\CortexM0\ARM_GCC_541\Debug\cymetadata.o
arm-none-eabi-gcc.exe -mcpu=cortex-m0 -mthumb -I. -IGenerated_Source\PSoC4 -Wa,-alh=.\CortexM0\ARM_GCC_541\Debug/I2C.lst -g -D DEBUG -D CY_CORE_ID=0 -Wall -ffunction-sections -ffat-lto-objects -O0 -c Generated_Source\PSoC4\I2C.c -o .\CortexM0\ARM_GCC_541\Debug\I2C.o
arm-none-eabi-gcc.exe -mcpu=cortex-m0 -mthumb -I. -IGenerated_Source\PSoC4 -Wa,-alh=.\CortexM0\ARM_GCC_541\Debug/I2C_I2C_INT.lst -g -D DEBUG -D CY_CORE_ID=0 -Wall -ffunction-sections -ffat-lto-objects -O0 -c Generated_Source\PSoC4\I2C_I2C_INT.c -o .\CortexM0\ARM_GCC_541\Debug\I2C_I2C_INT.o
arm-none-eabi-gcc.exe -mcpu=cortex-m0 -mthumb -I. -IGenerated_Source\PSoC4 -Wa,-alh=.\CortexM0\ARM_GCC_541\Debug/I2C_I2C.lst -g -D DEBUG -D CY_CORE_ID=0 -Wall -ffunction-sections -ffat-lto-objects -O0 -c Generated_Source\PSoC4\I2C_I2C.c -o .\CortexM0\ARM_GCC_541\Debug\I2C_I2C.o
arm-none-eabi-gcc.exe -mcpu=cortex-m0 -mthumb -I. -IGenerated_Source\PSoC4 -Wa,-alh=.\CortexM0\ARM_GCC_541\Debug/I2C_I2C_BOOT.lst -g -D DEBUG -D CY_CORE_ID=0 -Wall -ffunction-sections -ffat-lto-objects -O0 -c Generated_Source\PSoC4\I2C_I2C_BOOT.c -o .\CortexM0\ARM_GCC_541\Debug\I2C_I2C_BOOT.o
arm-none-eabi-gcc.exe -mcpu=cortex-m0 -mthumb -I. -IGenerated_Source\PSoC4 -Wa,-alh=.\CortexM0\ARM_GCC_541\Debug/I2C_PM.lst -g -D DEBUG -D CY_CORE_ID=0 -Wall -ffunction-sections -ffat-lto-objects -O0 -c Generated_Source\PSoC4\I2C_PM.c -o .\CortexM0\ARM_GCC_541\Debug\I2C_PM.o
arm-none-eabi-gcc.exe -mcpu=cortex-m0 -mthumb -I. -IGenerated_Source\PSoC4 -Wa,-alh=.\CortexM0\ARM_GCC_541\Debug/I2C_BOOT.lst -g -D DEBUG -D CY_CORE_ID=0 -Wall -ffunction-sections -ffat-lto-objects -O0 -c Generated_Source\PSoC4\I2C_BOOT.c -o .\CortexM0\ARM_GCC_541\Debug\I2C_BOOT.o
arm-none-eabi-gcc.exe -mcpu=cortex-m0 -mthumb -I. -IGenerated_Source\PSoC4 -Wa,-alh=.\CortexM0\ARM_GCC_541\Debug/I2C_I2C_MASTER.lst -g -D DEBUG -D CY_CORE_ID=0 -Wall -ffunction-sections -ffat-lto-objects -O0 -c Generated_Source\PSoC4\I2C_I2C_MASTER.c -o .\CortexM0\ARM_GCC_541\Debug\I2C_I2C_MASTER.o
arm-none-eabi-gcc.exe -mcpu=cortex-m0 -mthumb -I. -IGenerated_Source\PSoC4 -Wa,-alh=.\CortexM0\ARM_GCC_541\Debug/I2C_SCBCLK.lst -g -D DEBUG -D CY_CORE_ID=0 -Wall -ffunction-sections -ffat-lto-objects -O0 -c Generated_Source\PSoC4\I2C_SCBCLK.c -o .\CortexM0\ARM_GCC_541\Debug\I2C_SCBCLK.o
arm-none-eabi-gcc.exe -mcpu=cortex-m0 -mthumb -I. -IGenerated_Source\PSoC4 -Wa,-alh=.\CortexM0\ARM_GCC_541\Debug/I2C_sda.lst -g -D DEBUG -D CY_CORE_ID=0 -Wall -ffunction-sections -ffat-lto-objects -O0 -c Generated_Source\PSoC4\I2C_sda.c -o .\CortexM0\ARM_GCC_541\Debug\I2C_sda.o
arm-none-eabi-gcc.exe -mcpu=cortex-m0 -mthumb -I. -IGenerated_Source\PSoC4 -Wa,-alh=.\CortexM0\ARM_GCC_541\Debug/I2C_sda_PM.lst -g -D DEBUG -D CY_CORE_ID=0 -Wall -ffunction-sections -ffat-lto-objects -O0 -c Generated_Source\PSoC4\I2C_sda_PM.c -o .\CortexM0\ARM_GCC_541\Debug\I2C_sda_PM.o
arm-none-eabi-gcc.exe -mcpu=cortex-m0 -mthumb -I. -IGenerated_Source\PSoC4 -Wa,-alh=.\CortexM0\ARM_GCC_541\Debug/I2C_scl.lst -g -D DEBUG -D CY_CORE_ID=0 -Wall -ffunction-sections -ffat-lto-objects -O0 -c Generated_Source\PSoC4\I2C_scl.c -o .\CortexM0\ARM_GCC_541\Debug\I2C_scl.o
arm-none-eabi-gcc.exe -mcpu=cortex-m0 -mthumb -I. -IGenerated_Source\PSoC4 -Wa,-alh=.\CortexM0\ARM_GCC_541\Debug/I2C_scl_PM.lst -g -D DEBUG -D CY_CORE_ID=0 -Wall -ffunction-sections -ffat-lto-objects -O0 -c Generated_Source\PSoC4\I2C_scl_PM.c -o .\CortexM0\ARM_GCC_541\Debug\I2C_scl_PM.o
arm-none-eabi-gcc.exe -mcpu=cortex-m0 -mthumb -I. -IGenerated_Source\PSoC4 -Wa,-alh=.\CortexM0\ARM_GCC_541\Debug/I2C_SCB_IRQ.lst -g -D DEBUG -D CY_CORE_ID=0 -Wall -ffunction-sections -ffat-lto-objects -O0 -c Generated_Source\PSoC4\I2C_SCB_IRQ.c -o .\CortexM0\ARM_GCC_541\Debug\I2C_SCB_IRQ.o
arm-none-eabi-gcc.exe -mcpu=cortex-m0 -mthumb -I. -IGenerated_Source\PSoC4 -Wa,-alh=.\CortexM0\ARM_GCC_541\Debug/Cm0Start.lst -g -D DEBUG -D CY_CORE_ID=0 -Wall -ffunction-sections -ffat-lto-objects -O0 -c Generated_Source\PSoC4\Cm0Start.c -o .\CortexM0\ARM_GCC_541\Debug\Cm0Start.o
arm-none-eabi-gcc.exe -mcpu=cortex-m0 -mthumb -I. -IGenerated_Source\PSoC4 -Wa,-alh=.\CortexM0\ARM_GCC_541\Debug/CyFlash.lst -g -D DEBUG -D CY_CORE_ID=0 -Wall -ffunction-sections -ffat-lto-objects -O0 -c Generated_Source\PSoC4\CyFlash.c -o .\CortexM0\ARM_GCC_541\Debug\CyFlash.o
arm-none-eabi-gcc.exe -mcpu=cortex-m0 -mthumb -I. -IGenerated_Source\PSoC4 -Wa,-alh=.\CortexM0\ARM_GCC_541\Debug/CyLib.lst -g -D DEBUG -D CY_CORE_ID=0 -Wall -ffunction-sections -ffat-lto-objects -O0 -c Generated_Source\PSoC4\CyLib.c -o .\CortexM0\ARM_GCC_541\Debug\CyLib.o
arm-none-eabi-gcc.exe -mcpu=cortex-m0 -mthumb -I. -IGenerated_Source\PSoC4 -Wa,-alh=.\CortexM0\ARM_GCC_541\Debug/cyPm.lst -g -D DEBUG -D CY_CORE_ID=0 -Wall -ffunction-sections -ffat-lto-objects -O0 -c Generated_Source\PSoC4\cyPm.c -o .\CortexM0\ARM_GCC_541\Debug\cyPm.o
arm-none-eabi-gcc.exe -mcpu=cortex-m0 -mthumb -I. -IGenerated_Source\PSoC4 -Wa,-alh=.\CortexM0\ARM_GCC_541\Debug/cyutils.lst -g -D DEBUG -D CY_CORE_ID=0 -Wall -ffunction-sections -ffat-lto-objects -O0 -c Generated_Source\PSoC4\cyutils.c -o .\CortexM0\ARM_GCC_541\Debug\cyutils.o
arm-none-eabi-gcc.exe -mcpu=cortex-m0 -mthumb -I. -IGenerated_Source\PSoC4 -Wa,-alh=.\CortexM0\ARM_GCC_541\Debug/CyDMA.lst -g -D DEBUG -D CY_CORE_ID=0 -Wall -ffunction-sections -ffat-lto-objects -O0 -c Generated_Source\PSoC4\CyDMA.c -o .\CortexM0\ARM_GCC_541\Debug\CyDMA.o
arm-none-eabi-gcc.exe -mcpu=cortex-m0 -mthumb -I. -IGenerated_Source\PSoC4 -Wa,-alh=.\CortexM0\ARM_GCC_541\Debug/CyLFClk.lst -g -D DEBUG -D CY_CORE_ID=0 -Wall -ffunction-sections -ffat-lto-objects -O0 -c Generated_Source\PSoC4\CyLFClk.c -o .\CortexM0\ARM_GCC_541\Debug\CyLFClk.o
arm-none-eabi-gcc.exe -mcpu=cortex-m0 -mthumb -I. -IGenerated_Source\PSoC4 -Wa,-alh=.\CortexM0\ARM_GCC_541\Debug/cy_em_eeprom.lst -g -D DEBUG -D CY_CORE_ID=0 -Wall -ffunction-sections -ffat-lto-objects -O0 -c Generated_Source\PSoC4\cy_em_eeprom.c -o .\CortexM0\ARM_GCC_541\Debug\cy_em_eeprom.o
arm-none-eabi-gcc.exe -mcpu=cortex-m0 -mthumb -I. -IGenerated_Source\PSoC4 -Wa,-alh=.\CortexM0\ARM_GCC_541\Debug/SW.lst -g -D DEBUG -D CY_CORE_ID=0 -Wall -ffunction-sections -ffat-lto-objects -O0 -c Generated_Source\PSoC4\SW.c -o .\CortexM0\ARM_GCC_541\Debug\SW.o
arm-none-eabi-gcc.exe -mcpu=cortex-m0 -mthumb -I. -IGenerated_Source\PSoC4 -Wa,-alh=.\CortexM0\ARM_GCC_541\Debug/SW_PM.lst -g -D DEBUG -D CY_CORE_ID=0 -Wall -ffunction-sections -ffat-lto-objects -O0 -c Generated_Source\PSoC4\SW_PM.c -o .\CortexM0\ARM_GCC_541\Debug\SW_PM.o
arm-none-eabi-gcc.exe -mcpu=cortex-m0 -mthumb -I. -IGenerated_Source\PSoC4 -Wa,-alh=.\CortexM0\ARM_GCC_541\Debug/CSD.lst -g -D DEBUG -D CY_CORE_ID=0 -Wall -ffunction-sections -ffat-lto-objects -O0 -c Generated_Source\PSoC4\CSD.c -o .\CortexM0\ARM_GCC_541\Debug\CSD.o
arm-none-eabi-gcc.exe -mcpu=cortex-m0 -mthumb -I. -IGenerated_Source\PSoC4 -Wa,-alh=.\CortexM0\ARM_GCC_541\Debug/CSD_PM.lst -g -D DEBUG -D CY_CORE_ID=0 -Wall -ffunction-sections -ffat-lto-objects -O0 -c Generated_Source\PSoC4\CSD_PM.c -o .\CortexM0\ARM_GCC_541\Debug\CSD_PM.o
arm-none-eabi-gcc.exe -mcpu=cortex-m0 -mthumb -I. -IGenerated_Source\PSoC4 -Wa,-alh=.\CortexM0\ARM_GCC_541\Debug/TXEN.lst -g -D DEBUG -D CY_CORE_ID=0 -Wall -ffunction-sections -ffat-lto-objects -O0 -c Generated_Source\PSoC4\TXEN.c -o .\CortexM0\ARM_GCC_541\Debug\TXEN.o
arm-none-eabi-gcc.exe -mcpu=cortex-m0 -mthumb -I. -IGenerated_Source\PSoC4 -Wa,-alh=.\CortexM0\ARM_GCC_541\Debug/TXEN_PM.lst -g -D DEBUG -D CY_CORE_ID=0 -Wall -ffunction-sections -ffat-lto-objects -O0 -c Generated_Source\PSoC4\TXEN_PM.c -o .\CortexM0\ARM_GCC_541\Debug\TXEN_PM.o
arm-none-eabi-gcc.exe -mcpu=cortex-m0 -mthumb -I. -IGenerated_Source\PSoC4 -Wa,-alh=.\CortexM0\ARM_GCC_541\Debug/CPS.lst -g -D DEBUG -D CY_CORE_ID=0 -Wall -ffunction-sections -ffat-lto-objects -O0 -c Generated_Source\PSoC4\CPS.c -o .\CortexM0\ARM_GCC_541\Debug\CPS.o
arm-none-eabi-gcc.exe -mcpu=cortex-m0 -mthumb -I. -IGenerated_Source\PSoC4 -Wa,-alh=.\CortexM0\ARM_GCC_541\Debug/CPS_PM.lst -g -D DEBUG -D CY_CORE_ID=0 -Wall -ffunction-sections -ffat-lto-objects -O0 -c Generated_Source\PSoC4\CPS_PM.c -o .\CortexM0\ARM_GCC_541\Debug\CPS_PM.o
arm-none-eabi-gcc.exe -mcpu=cortex-m0 -mthumb -I. -IGenerated_Source\PSoC4 -Wa,-alh=.\CortexM0\ARM_GCC_541\Debug/UART2.lst -g -D DEBUG -D CY_CORE_ID=0 -Wall -ffunction-sections -ffat-lto-objects -O0 -c Generated_Source\PSoC4\UART2.c -o .\CortexM0\ARM_GCC_541\Debug\UART2.o
arm-none-eabi-gcc.exe -mcpu=cortex-m0 -mthumb -I. -IGenerated_Source\PSoC4 -Wa,-alh=.\CortexM0\ARM_GCC_541\Debug/UART2_PM.lst -g -D DEBUG -D CY_CORE_ID=0 -Wall -ffunction-sections -ffat-lto-objects -O0 -c Generated_Source\PSoC4\UART2_PM.c -o .\CortexM0\ARM_GCC_541\Debug\UART2_PM.o
arm-none-eabi-gcc.exe -mcpu=cortex-m0 -mthumb -I. -IGenerated_Source\PSoC4 -Wa,-alh=.\CortexM0\ARM_GCC_541\Debug/UART2_INT.lst -g -D DEBUG -D CY_CORE_ID=0 -Wall -ffunction-sections -ffat-lto-objects -O0 -c Generated_Source\PSoC4\UART2_INT.c -o .\CortexM0\ARM_GCC_541\Debug\UART2_INT.o
arm-none-eabi-gcc.exe -mcpu=cortex-m0 -mthumb -I. -IGenerated_Source\PSoC4 -Wa,-alh=.\CortexM0\ARM_GCC_541\Debug/UART2_BOOT.lst -g -D DEBUG -D CY_CORE_ID=0 -Wall -ffunction-sections -ffat-lto-objects -O0 -c Generated_Source\PSoC4\UART2_BOOT.c -o .\CortexM0\ARM_GCC_541\Debug\UART2_BOOT.o
arm-none-eabi-gcc.exe -mcpu=cortex-m0 -mthumb -I. -IGenerated_Source\PSoC4 -Wa,-alh=.\CortexM0\ARM_GCC_541\Debug/UART2_IntClock.lst -g -D DEBUG -D CY_CORE_ID=0 -Wall -ffunction-sections -ffat-lto-objects -O0 -c Generated_Source\PSoC4\UART2_IntClock.c -o .\CortexM0\ARM_GCC_541\Debug\UART2_IntClock.o
arm-none-eabi-gcc.exe -mcpu=cortex-m0 -mthumb -I. -IGenerated_Source\PSoC4 -Wa,-alh=.\CortexM0\ARM_GCC_541\Debug/ModbusUART.lst -g -D DEBUG -D CY_CORE_ID=0 -Wall -ffunction-sections -ffat-lto-objects -O0 -c Generated_Source\PSoC4\ModbusUART.c -o .\CortexM0\ARM_GCC_541\Debug\ModbusUART.o
arm-none-eabi-gcc.exe -mcpu=cortex-m0 -mthumb -I. -IGenerated_Source\PSoC4 -Wa,-alh=.\CortexM0\ARM_GCC_541\Debug/ModbusUART_SPI_UART.lst -g -D DEBUG -D CY_CORE_ID=0 -Wall -ffunction-sections -ffat-lto-objects -O0 -c Generated_Source\PSoC4\ModbusUART_SPI_UART.c -o .\CortexM0\ARM_GCC_541\Debug\ModbusUART_SPI_UART.o
arm-none-eabi-gcc.exe -mcpu=cortex-m0 -mthumb -I. -IGenerated_Source\PSoC4 -Wa,-alh=.\CortexM0\ARM_GCC_541\Debug/ModbusUART_SPI_UART_INT.lst -g -D DEBUG -D CY_CORE_ID=0 -Wall -ffunction-sections -ffat-lto-objects -O0 -c Generated_Source\PSoC4\ModbusUART_SPI_UART_INT.c -o .\CortexM0\ARM_GCC_541\Debug\ModbusUART_SPI_UART_INT.o
arm-none-eabi-gcc.exe -mcpu=cortex-m0 -mthumb -I. -IGenerated_Source\PSoC4 -Wa,-alh=.\CortexM0\ARM_GCC_541\Debug/ModbusUART_PM.lst -g -D DEBUG -D CY_CORE_ID=0 -Wall -ffunction-sections -ffat-lto-objects -O0 -c Generated_Source\PSoC4\ModbusUART_PM.c -o .\CortexM0\ARM_GCC_541\Debug\ModbusUART_PM.o
arm-none-eabi-gcc.exe -mcpu=cortex-m0 -mthumb -I. -IGenerated_Source\PSoC4 -Wa,-alh=.\CortexM0\ARM_GCC_541\Debug/ModbusUART_UART.lst -g -D DEBUG -D CY_CORE_ID=0 -Wall -ffunction-sections -ffat-lto-objects -O0 -c Generated_Source\PSoC4\ModbusUART_UART.c -o .\CortexM0\ARM_GCC_541\Debug\ModbusUART_UART.o
arm-none-eabi-gcc.exe -mcpu=cortex-m0 -mthumb -I. -IGenerated_Source\PSoC4 -Wa,-alh=.\CortexM0\ARM_GCC_541\Debug/ModbusUART_BOOT.lst -g -D DEBUG -D CY_CORE_ID=0 -Wall -ffunction-sections -ffat-lto-objects -O0 -c Generated_Source\PSoC4\ModbusUART_BOOT.c -o .\CortexM0\ARM_GCC_541\Debug\ModbusUART_BOOT.o
arm-none-eabi-gcc.exe -mcpu=cortex-m0 -mthumb -I. -IGenerated_Source\PSoC4 -Wa,-alh=.\CortexM0\ARM_GCC_541\Debug/ModbusUART_UART_BOOT.lst -g -D DEBUG -D CY_CORE_ID=0 -Wall -ffunction-sections -ffat-lto-objects -O0 -c Generated_Source\PSoC4\ModbusUART_UART_BOOT.c -o .\CortexM0\ARM_GCC_541\Debug\ModbusUART_UART_BOOT.o
arm-none-eabi-gcc.exe -mcpu=cortex-m0 -mthumb -I. -IGenerated_Source\PSoC4 -Wa,-alh=.\CortexM0\ARM_GCC_541\Debug/isr_ModbusByteIn.lst -g -D DEBUG -D CY_CORE_ID=0 -Wall -ffunction-sections -ffat-lto-objects -O0 -c Generated_Source\PSoC4\isr_ModbusByteIn.c -o .\CortexM0\ARM_GCC_541\Debug\isr_ModbusByteIn.o
arm-none-eabi-gcc.exe -mcpu=cortex-m0 -mthumb -I. -IGenerated_Source\PSoC4 -Wa,-alh=.\CortexM0\ARM_GCC_541\Debug/ModbusUART_SCBCLK.lst -g -D DEBUG -D CY_CORE_ID=0 -Wall -ffunction-sections -ffat-lto-objects -O0 -c Generated_Source\PSoC4\ModbusUART_SCBCLK.c -o .\CortexM0\ARM_GCC_541\Debug\ModbusUART_SCBCLK.o
arm-none-eabi-gcc.exe -mcpu=cortex-m0 -mthumb -I. -IGenerated_Source\PSoC4 -Wa,-alh=.\CortexM0\ARM_GCC_541\Debug/ModbusUART_tx.lst -g -D DEBUG -D CY_CORE_ID=0 -Wall -ffunction-sections -ffat-lto-objects -O0 -c Generated_Source\PSoC4\ModbusUART_tx.c -o .\CortexM0\ARM_GCC_541\Debug\ModbusUART_tx.o
arm-none-eabi-gcc.exe -mcpu=cortex-m0 -mthumb -I. -IGenerated_Source\PSoC4 -Wa,-alh=.\CortexM0\ARM_GCC_541\Debug/ModbusUART_tx_PM.lst -g -D DEBUG -D CY_CORE_ID=0 -Wall -ffunction-sections -ffat-lto-objects -O0 -c Generated_Source\PSoC4\ModbusUART_tx_PM.c -o .\CortexM0\ARM_GCC_541\Debug\ModbusUART_tx_PM.o
arm-none-eabi-gcc.exe -mcpu=cortex-m0 -mthumb -I. -IGenerated_Source\PSoC4 -Wa,-alh=.\CortexM0\ARM_GCC_541\Debug/isr_SW.lst -g -D DEBUG -D CY_CORE_ID=0 -Wall -ffunction-sections -ffat-lto-objects -O0 -c Generated_Source\PSoC4\isr_SW.c -o .\CortexM0\ARM_GCC_541\Debug\isr_SW.o
arm-none-eabi-gcc.exe -mcpu=cortex-m0 -mthumb -I. -IGenerated_Source\PSoC4 -Wa,-alh=.\CortexM0\ARM_GCC_541\Debug/Clock_1.lst -g -D DEBUG -D CY_CORE_ID=0 -Wall -ffunction-sections -ffat-lto-objects -O0 -c Generated_Source\PSoC4\Clock_1.c -o .\CortexM0\ARM_GCC_541\Debug\Clock_1.o
arm-none-eabi-gcc.exe -mcpu=cortex-m0 -mthumb -I. -IGenerated_Source\PSoC4 -Wa,-alh=.\CortexM0\ARM_GCC_541\Debug/ModbusUART_rx_wake.lst -g -D DEBUG -D CY_CORE_ID=0 -Wall -ffunction-sections -ffat-lto-objects -O0 -c Generated_Source\PSoC4\ModbusUART_rx_wake.c -o .\CortexM0\ARM_GCC_541\Debug\ModbusUART_rx_wake.o
arm-none-eabi-gcc.exe -mcpu=cortex-m0 -mthumb -I. -IGenerated_Source\PSoC4 -Wa,-alh=.\CortexM0\ARM_GCC_541\Debug/ModbusUART_rx_wake_PM.lst -g -D DEBUG -D CY_CORE_ID=0 -Wall -ffunction-sections -ffat-lto-objects -O0 -c Generated_Source\PSoC4\ModbusUART_rx_wake_PM.c -o .\CortexM0\ARM_GCC_541\Debug\ModbusUART_rx_wake_PM.o
arm-none-eabi-gcc.exe -mcpu=cortex-m0 -mthumb -I. -IGenerated_Source\PSoC4 -Wa,-alh=.\CortexM0\ARM_GCC_541\Debug/ModbusUART_RX_WAKEUP_IRQ.lst -g -D DEBUG -D CY_CORE_ID=0 -Wall -ffunction-sections -ffat-lto-objects -O0 -c Generated_Source\PSoC4\ModbusUART_RX_WAKEUP_IRQ.c -o .\CortexM0\ARM_GCC_541\Debug\ModbusUART_RX_WAKEUP_IRQ.o
arm-none-eabi-gcc.exe -mcpu=cortex-m0 -mthumb -I. -IGenerated_Source\PSoC4 -Wa,-alh=.\CortexM0\ARM_GCC_541\Debug/blue.lst -g -D DEBUG -D CY_CORE_ID=0 -Wall -ffunction-sections -ffat-lto-objects -O0 -c Generated_Source\PSoC4\blue.c -o .\CortexM0\ARM_GCC_541\Debug\blue.o
arm-none-eabi-gcc.exe -mcpu=cortex-m0 -mthumb -I. -IGenerated_Source\PSoC4 -Wa,-alh=.\CortexM0\ARM_GCC_541\Debug/blue_gatt.lst -g -D DEBUG -D CY_CORE_ID=0 -Wall -ffunction-sections -ffat-lto-objects -O0 -c Generated_Source\PSoC4\blue_gatt.c -o .\CortexM0\ARM_GCC_541\Debug\blue_gatt.o
arm-none-eabi-gcc.exe -mcpu=cortex-m0 -mthumb -I. -IGenerated_Source\PSoC4 -Wa,-alh=.\CortexM0\ARM_GCC_541\Debug/blue_eventHandler.lst -g -D DEBUG -D CY_CORE_ID=0 -Wall -ffunction-sections -ffat-lto-objects -O0 -c Generated_Source\PSoC4\blue_eventHandler.c -o .\CortexM0\ARM_GCC_541\Debug\blue_eventHandler.o
arm-none-eabi-gcc.exe -mcpu=cortex-m0 -mthumb -I. -IGenerated_Source\PSoC4 -Wa,-alh=.\CortexM0\ARM_GCC_541\Debug/blue_HAL_INT.lst -g -D DEBUG -D CY_CORE_ID=0 -Wall -ffunction-sections -ffat-lto-objects -O0 -c Generated_Source\PSoC4\blue_HAL_INT.c -o .\CortexM0\ARM_GCC_541\Debug\blue_HAL_INT.o
arm-none-eabi-gcc.exe -mcpu=cortex-m0 -mthumb -I. -IGenerated_Source\PSoC4 -Wa,-alh=.\CortexM0\ARM_GCC_541\Debug/blue_HAL_PVT.lst -g -D DEBUG -D CY_CORE_ID=0 -Wall -ffunction-sections -ffat-lto-objects -O0 -c Generated_Source\PSoC4\blue_HAL_PVT.c -o .\CortexM0\ARM_GCC_541\Debug\blue_HAL_PVT.o
arm-none-eabi-gcc.exe -mcpu=cortex-m0 -mthumb -I. -IGenerated_Source\PSoC4 -Wa,-alh=.\CortexM0\ARM_GCC_541\Debug/blue_dis.lst -g -D DEBUG -D CY_CORE_ID=0 -Wall -ffunction-sections -ffat-lto-objects -O0 -c Generated_Source\PSoC4\blue_dis.c -o .\CortexM0\ARM_GCC_541\Debug\blue_dis.o
arm-none-eabi-gcc.exe -mcpu=cortex-m0 -mthumb -I. -IGenerated_Source\PSoC4 -Wa,-alh=.\CortexM0\ARM_GCC_541\Debug/blue_custom.lst -g -D DEBUG -D CY_CORE_ID=0 -Wall -ffunction-sections -ffat-lto-objects -O0 -c Generated_Source\PSoC4\blue_custom.c -o .\CortexM0\ARM_GCC_541\Debug\blue_custom.o
arm-none-eabi-gcc.exe -mcpu=cortex-m0 -mthumb -I. -IGenerated_Source\PSoC4 -Wa,-alh=.\CortexM0\ARM_GCC_541\Debug/blue_bless_isr.lst -g -D DEBUG -D CY_CORE_ID=0 -Wall -ffunction-sections -ffat-lto-objects -O0 -c Generated_Source\PSoC4\blue_bless_isr.c -o .\CortexM0\ARM_GCC_541\Debug\blue_bless_isr.o
arm-none-eabi-gcc.exe -mcpu=cortex-m0 -mthumb -I. -IGenerated_Source\PSoC4 -Wa,-alh=.\CortexM0\ARM_GCC_541\Debug/BLETimer.lst -g -D DEBUG -D CY_CORE_ID=0 -Wall -ffunction-sections -ffat-lto-objects -O0 -c Generated_Source\PSoC4\BLETimer.c -o .\CortexM0\ARM_GCC_541\Debug\BLETimer.o
arm-none-eabi-gcc.exe -mcpu=cortex-m0 -mthumb -I. -IGenerated_Source\PSoC4 -Wa,-alh=.\CortexM0\ARM_GCC_541\Debug/BLETimer_PM.lst -g -D DEBUG -D CY_CORE_ID=0 -Wall -ffunction-sections -ffat-lto-objects -O0 -c Generated_Source\PSoC4\BLETimer_PM.c -o .\CortexM0\ARM_GCC_541\Debug\BLETimer_PM.o
arm-none-eabi-gcc.exe -mcpu=cortex-m0 -mthumb -I. -IGenerated_Source\PSoC4 -Wa,-alh=.\CortexM0\ARM_GCC_541\Debug/isr_BLE.lst -g -D DEBUG -D CY_CORE_ID=0 -Wall -ffunction-sections -ffat-lto-objects -O0 -c Generated_Source\PSoC4\isr_BLE.c -o .\CortexM0\ARM_GCC_541\Debug\isr_BLE.o
arm-none-eabi-gcc.exe -mcpu=cortex-m0 -mthumb -I. -IGenerated_Source\PSoC4 -Wa,-alh=.\CortexM0\ARM_GCC_541\Debug/WdtIsr.lst -g -D DEBUG -D CY_CORE_ID=0 -Wall -ffunction-sections -ffat-lto-objects -O0 -c Generated_Source\PSoC4\WdtIsr.c -o .\CortexM0\ARM_GCC_541\Debug\WdtIsr.o
arm-none-eabi-gcc.exe -mcpu=cortex-m0 -mthumb -I. -IGenerated_Source\PSoC4 -Wa,-alh=.\CortexM0\ARM_GCC_541\Debug/MessageTimer.lst -g -D DEBUG -D CY_CORE_ID=0 -Wall -ffunction-sections -ffat-lto-objects -O0 -c Generated_Source\PSoC4\MessageTimer.c -o .\CortexM0\ARM_GCC_541\Debug\MessageTimer.o
arm-none-eabi-gcc.exe -mcpu=cortex-m0 -mthumb -I. -IGenerated_Source\PSoC4 -Wa,-alh=.\CortexM0\ARM_GCC_541\Debug/MessageTimer_PM.lst -g -D DEBUG -D CY_CORE_ID=0 -Wall -ffunction-sections -ffat-lto-objects -O0 -c Generated_Source\PSoC4\MessageTimer_PM.c -o .\CortexM0\ARM_GCC_541\Debug\MessageTimer_PM.o
arm-none-eabi-gcc.exe -mcpu=cortex-m0 -mthumb -I. -IGenerated_Source\PSoC4 -Wa,-alh=.\CortexM0\ARM_GCC_541\Debug/isr_NewMessage.lst -g -D DEBUG -D CY_CORE_ID=0 -Wall -ffunction-sections -ffat-lto-objects -O0 -c Generated_Source\PSoC4\isr_NewMessage.c -o .\CortexM0\ARM_GCC_541\Debug\isr_NewMessage.o
arm-none-eabi-gcc.exe -mcpu=cortex-m0 -mthumb -I. -IGenerated_Source\PSoC4 -Wa,-alh=.\CortexM0\ARM_GCC_541\Debug/byteIn2.lst -g -D DEBUG -D CY_CORE_ID=0 -Wall -ffunction-sections -ffat-lto-objects -O0 -c Generated_Source\PSoC4\byteIn2.c -o .\CortexM0\ARM_GCC_541\Debug\byteIn2.o
arm-none-eabi-gcc.exe -mcpu=cortex-m0 -mthumb -I. -IGenerated_Source\PSoC4 -Wa,-alh=.\CortexM0\ARM_GCC_541\Debug/LEDB.lst -g -D DEBUG -D CY_CORE_ID=0 -Wall -ffunction-sections -ffat-lto-objects -O0 -c Generated_Source\PSoC4\LEDB.c -o .\CortexM0\ARM_GCC_541\Debug\LEDB.o
arm-none-eabi-gcc.exe -mcpu=cortex-m0 -mthumb -I. -IGenerated_Source\PSoC4 -Wa,-alh=.\CortexM0\ARM_GCC_541\Debug/LEDB_PM.lst -g -D DEBUG -D CY_CORE_ID=0 -Wall -ffunction-sections -ffat-lto-objects -O0 -c Generated_Source\PSoC4\LEDB_PM.c -o .\CortexM0\ARM_GCC_541\Debug\LEDB_PM.o
arm-none-eabi-gcc.exe -mcpu=cortex-m0 -mthumb -I. -IGenerated_Source\PSoC4 -Wa,-alh=.\CortexM0\ARM_GCC_541\Debug/LEDG.lst -g -D DEBUG -D CY_CORE_ID=0 -Wall -ffunction-sections -ffat-lto-objects -O0 -c Generated_Source\PSoC4\LEDG.c -o .\CortexM0\ARM_GCC_541\Debug\LEDG.o
arm-none-eabi-gcc.exe -mcpu=cortex-m0 -mthumb -I. -IGenerated_Source\PSoC4 -Wa,-alh=.\CortexM0\ARM_GCC_541\Debug/LEDG_PM.lst -g -D DEBUG -D CY_CORE_ID=0 -Wall -ffunction-sections -ffat-lto-objects -O0 -c Generated_Source\PSoC4\LEDG_PM.c -o .\CortexM0\ARM_GCC_541\Debug\LEDG_PM.o
arm-none-eabi-gcc.exe -mcpu=cortex-m0 -mthumb -I. -IGenerated_Source\PSoC4 -Wa,-alh=.\CortexM0\ARM_GCC_541\Debug/LEDR.lst -g -D DEBUG -D CY_CORE_ID=0 -Wall -ffunction-sections -ffat-lto-objects -O0 -c Generated_Source\PSoC4\LEDR.c -o .\CortexM0\ARM_GCC_541\Debug\LEDR.o
arm-none-eabi-gcc.exe -mcpu=cortex-m0 -mthumb -I. -IGenerated_Source\PSoC4 -Wa,-alh=.\CortexM0\ARM_GCC_541\Debug/LEDR_PM.lst -g -D DEBUG -D CY_CORE_ID=0 -Wall -ffunction-sections -ffat-lto-objects -O0 -c Generated_Source\PSoC4\LEDR_PM.c -o .\CortexM0\ARM_GCC_541\Debug\LEDR_PM.o
arm-none-eabi-gcc.exe -mcpu=cortex-m0 -mthumb -I. -IGenerated_Source\PSoC4 -Wa,-alh=.\CortexM0\ARM_GCC_541\Debug/SWTimer.lst -g -D DEBUG -D CY_CORE_ID=0 -Wall -ffunction-sections -ffat-lto-objects -O0 -c Generated_Source\PSoC4\SWTimer.c -o .\CortexM0\ARM_GCC_541\Debug\SWTimer.o
arm-none-eabi-gcc.exe -mcpu=cortex-m0 -mthumb -I. -IGenerated_Source\PSoC4 -Wa,-alh=.\CortexM0\ARM_GCC_541\Debug/SWTimer_PM.lst -g -D DEBUG -D CY_CORE_ID=0 -Wall -ffunction-sections -ffat-lto-objects -O0 -c Generated_Source\PSoC4\SWTimer_PM.c -o .\CortexM0\ARM_GCC_541\Debug\SWTimer_PM.o
arm-none-eabi-gcc.exe -mcpu=cortex-m0 -mthumb -I. -IGenerated_Source\PSoC4 -Wa,-alh=.\CortexM0\ARM_GCC_541\Debug/isr_SW2.lst -g -D DEBUG -D CY_CORE_ID=0 -Wall -ffunction-sections -ffat-lto-objects -O0 -c Generated_Source\PSoC4\isr_SW2.c -o .\CortexM0\ARM_GCC_541\Debug\isr_SW2.o
arm-none-eabi-gcc.exe -mcpu=cortex-m0 -mthumb -I. -IGenerated_Source\PSoC4 -Wa,-alh=.\CortexM0\ARM_GCC_541\Debug/SW2.lst -g -D DEBUG -D CY_CORE_ID=0 -Wall -ffunction-sections -ffat-lto-objects -O0 -c Generated_Source\PSoC4\SW2.c -o .\CortexM0\ARM_GCC_541\Debug\SW2.o
arm-none-eabi-gcc.exe -mcpu=cortex-m0 -mthumb -I. -IGenerated_Source\PSoC4 -Wa,-alh=.\CortexM0\ARM_GCC_541\Debug/SW2_PM.lst -g -D DEBUG -D CY_CORE_ID=0 -Wall -ffunction-sections -ffat-lto-objects -O0 -c Generated_Source\PSoC4\SW2_PM.c -o .\CortexM0\ARM_GCC_541\Debug\SW2_PM.o
arm-none-eabi-gcc.exe -mcpu=cortex-m0 -mthumb -I. -IGenerated_Source\PSoC4 -Wa,-alh=.\CortexM0\ARM_GCC_541\Debug/ScreenCounter.lst -g -D DEBUG -D CY_CORE_ID=0 -Wall -ffunction-sections -ffat-lto-objects -O0 -c Generated_Source\PSoC4\ScreenCounter.c -o .\CortexM0\ARM_GCC_541\Debug\ScreenCounter.o
arm-none-eabi-gcc.exe -mcpu=cortex-m0 -mthumb -I. -IGenerated_Source\PSoC4 -Wa,-alh=.\CortexM0\ARM_GCC_541\Debug/ScreenCounter_PM.lst -g -D DEBUG -D CY_CORE_ID=0 -Wall -ffunction-sections -ffat-lto-objects -O0 -c Generated_Source\PSoC4\ScreenCounter_PM.c -o .\CortexM0\ARM_GCC_541\Debug\ScreenCounter_PM.o
arm-none-eabi-gcc.exe -mcpu=cortex-m0 -mthumb -I. -IGenerated_Source\PSoC4 -Wa,-alh=.\CortexM0\ARM_GCC_541\Debug/EF2.lst -g -D DEBUG -D CY_CORE_ID=0 -Wall -ffunction-sections -ffat-lto-objects -O0 -c Generated_Source\PSoC4\EF2.c -o .\CortexM0\ARM_GCC_541\Debug\EF2.o
arm-none-eabi-gcc.exe -mcpu=cortex-m0 -mthumb -I. -IGenerated_Source\PSoC4 -Wa,-alh=.\CortexM0\ARM_GCC_541\Debug/EF2_PM.lst -g -D DEBUG -D CY_CORE_ID=0 -Wall -ffunction-sections -ffat-lto-objects -O0 -c Generated_Source\PSoC4\EF2_PM.c -o .\CortexM0\ARM_GCC_541\Debug\EF2_PM.o
arm-none-eabi-gcc.exe -mcpu=cortex-m0 -mthumb -I. -IGenerated_Source\PSoC4 -Wa,-alh=.\CortexM0\ARM_GCC_541\Debug/EF1.lst -g -D DEBUG -D CY_CORE_ID=0 -Wall -ffunction-sections -ffat-lto-objects -O0 -c Generated_Source\PSoC4\EF1.c -o .\CortexM0\ARM_GCC_541\Debug\EF1.o
arm-none-eabi-gcc.exe -mcpu=cortex-m0 -mthumb -I. -IGenerated_Source\PSoC4 -Wa,-alh=.\CortexM0\ARM_GCC_541\Debug/EF1_PM.lst -g -D DEBUG -D CY_CORE_ID=0 -Wall -ffunction-sections -ffat-lto-objects -O0 -c Generated_Source\PSoC4\EF1_PM.c -o .\CortexM0\ARM_GCC_541\Debug\EF1_PM.o
arm-none-eabi-gcc.exe -mcpu=cortex-m0 -mthumb -I. -IGenerated_Source\PSoC4 -Wa,-alh=.\CortexM0\ARM_GCC_541\Debug/RTC_RST.lst -g -D DEBUG -D CY_CORE_ID=0 -Wall -ffunction-sections -ffat-lto-objects -O0 -c Generated_Source\PSoC4\RTC_RST.c -o .\CortexM0\ARM_GCC_541\Debug\RTC_RST.o
arm-none-eabi-gcc.exe -mcpu=cortex-m0 -mthumb -I. -IGenerated_Source\PSoC4 -Wa,-alh=.\CortexM0\ARM_GCC_541\Debug/RTC_RST_PM.lst -g -D DEBUG -D CY_CORE_ID=0 -Wall -ffunction-sections -ffat-lto-objects -O0 -c Generated_Source\PSoC4\RTC_RST_PM.c -o .\CortexM0\ARM_GCC_541\Debug\RTC_RST_PM.o
arm-none-eabi-gcc.exe -mcpu=cortex-m0 -mthumb -I. -IGenerated_Source\PSoC4 -Wa,-alh=.\CortexM0\ARM_GCC_541\Debug/TBD.lst -g -D DEBUG -D CY_CORE_ID=0 -Wall -ffunction-sections -ffat-lto-objects -O0 -c Generated_Source\PSoC4\TBD.c -o .\CortexM0\ARM_GCC_541\Debug\TBD.o
arm-none-eabi-gcc.exe -mcpu=cortex-m0 -mthumb -I. -IGenerated_Source\PSoC4 -Wa,-alh=.\CortexM0\ARM_GCC_541\Debug/TBD_PM.lst -g -D DEBUG -D CY_CORE_ID=0 -Wall -ffunction-sections -ffat-lto-objects -O0 -c Generated_Source\PSoC4\TBD_PM.c -o .\CortexM0\ARM_GCC_541\Debug\TBD_PM.o
arm-none-eabi-as.exe -mcpu=cortex-m0 -mthumb -I. -IGenerated_Source\PSoC4 -alh=.\CortexM0\ARM_GCC_541\Debug/CyBootAsmGnu.lst -g -W -o .\CortexM0\ARM_GCC_541\Debug\CyBootAsmGnu.o Generated_Source\PSoC4\CyBootAsmGnu.s
arm-none-eabi-ar.exe -rs .\CortexM0\ARM_GCC_541\Debug\SA-220.a .\CortexM0\ARM_GCC_541\Debug\I2C.o .\CortexM0\ARM_GCC_541\Debug\I2C_I2C_INT.o .\CortexM0\ARM_GCC_541\Debug\I2C_I2C.o .\CortexM0\ARM_GCC_541\Debug\I2C_I2C_BOOT.o .\CortexM0\ARM_GCC_541\Debug\I2C_PM.o .\CortexM0\ARM_GCC_541\Debug\I2C_BOOT.o .\CortexM0\ARM_GCC_541\Debug\I2C_I2C_MASTER.o .\CortexM0\ARM_GCC_541\Debug\I2C_SCBCLK.o .\CortexM0\ARM_GCC_541\Debug\I2C_sda.o .\CortexM0\ARM_GCC_541\Debug\I2C_sda_PM.o .\CortexM0\ARM_GCC_541\Debug\I2C_scl.o .\CortexM0\ARM_GCC_541\Debug\I2C_scl_PM.o .\CortexM0\ARM_GCC_541\Debug\I2C_SCB_IRQ.o .\CortexM0\ARM_GCC_541\Debug\CyFlash.o .\CortexM0\ARM_GCC_541\Debug\CyLib.o .\CortexM0\ARM_GCC_541\Debug\cyPm.o .\CortexM0\ARM_GCC_541\Debug\cyutils.o .\CortexM0\ARM_GCC_541\Debug\CyDMA.o .\CortexM0\ARM_GCC_541\Debug\CyLFClk.o .\CortexM0\ARM_GCC_541\Debug\cy_em_eeprom.o .\CortexM0\ARM_GCC_541\Debug\SW.o .\CortexM0\ARM_GCC_541\Debug\SW_PM.o .\CortexM0\ARM_GCC_541\Debug\CSD.o .\CortexM0\ARM_GCC_541\Debug\CSD_PM.o .\CortexM0\ARM_GCC_541\Debug\TXEN.o .\CortexM0\ARM_GCC_541\Debug\TXEN_PM.o .\CortexM0\ARM_GCC_541\Debug\CPS.o .\CortexM0\ARM_GCC_541\Debug\CPS_PM.o .\CortexM0\ARM_GCC_541\Debug\UART2.o .\CortexM0\ARM_GCC_541\Debug\UART2_PM.o .\CortexM0\ARM_GCC_541\Debug\UART2_INT.o .\CortexM0\ARM_GCC_541\Debug\UART2_BOOT.o .\CortexM0\ARM_GCC_541\Debug\UART2_IntClock.o .\CortexM0\ARM_GCC_541\Debug\ModbusUART.o .\CortexM0\ARM_GCC_541\Debug\ModbusUART_SPI_UART.o .\CortexM0\ARM_GCC_541\Debug\ModbusUART_SPI_UART_INT.o .\CortexM0\ARM_GCC_541\Debug\ModbusUART_PM.o .\CortexM0\ARM_GCC_541\Debug\ModbusUART_UART.o .\CortexM0\ARM_GCC_541\Debug\ModbusUART_BOOT.o .\CortexM0\ARM_GCC_541\Debug\ModbusUART_UART_BOOT.o .\CortexM0\ARM_GCC_541\Debug\isr_ModbusByteIn.o .\CortexM0\ARM_GCC_541\Debug\ModbusUART_SCBCLK.o .\CortexM0\ARM_GCC_541\Debug\ModbusUART_tx.o .\CortexM0\ARM_GCC_541\Debug\ModbusUART_tx_PM.o .\CortexM0\ARM_GCC_541\Debug\isr_SW.o .\CortexM0\ARM_GCC_541\Debug\Clock_1.o .\CortexM0\ARM_GCC_541\Debug\ModbusUART_rx_wake.o .\CortexM0\ARM_GCC_541\Debug\ModbusUART_rx_wake_PM.o .\CortexM0\ARM_GCC_541\Debug\ModbusUART_RX_WAKEUP_IRQ.o .\CortexM0\ARM_GCC_541\Debug\blue.o .\CortexM0\ARM_GCC_541\Debug\blue_gatt.o .\CortexM0\ARM_GCC_541\Debug\blue_eventHandler.o .\CortexM0\ARM_GCC_541\Debug\blue_HAL_INT.o .\CortexM0\ARM_GCC_541\Debug\blue_HAL_PVT.o .\CortexM0\ARM_GCC_541\Debug\blue_dis.o .\CortexM0\ARM_GCC_541\Debug\blue_custom.o .\CortexM0\ARM_GCC_541\Debug\blue_bless_isr.o .\CortexM0\ARM_GCC_541\Debug\BLETimer.o .\CortexM0\ARM_GCC_541\Debug\BLETimer_PM.o .\CortexM0\ARM_GCC_541\Debug\isr_BLE.o .\CortexM0\ARM_GCC_541\Debug\WdtIsr.o .\CortexM0\ARM_GCC_541\Debug\MessageTimer.o .\CortexM0\ARM_GCC_541\Debug\MessageTimer_PM.o .\CortexM0\ARM_GCC_541\Debug\isr_NewMessage.o .\CortexM0\ARM_GCC_541\Debug\byteIn2.o .\CortexM0\ARM_GCC_541\Debug\LEDB.o .\CortexM0\ARM_GCC_541\Debug\LEDB_PM.o .\CortexM0\ARM_GCC_541\Debug\LEDG.o .\CortexM0\ARM_GCC_541\Debug\LEDG_PM.o .\CortexM0\ARM_GCC_541\Debug\LEDR.o .\CortexM0\ARM_GCC_541\Debug\LEDR_PM.o .\CortexM0\ARM_GCC_541\Debug\SWTimer.o .\CortexM0\ARM_GCC_541\Debug\SWTimer_PM.o .\CortexM0\ARM_GCC_541\Debug\isr_SW2.o .\CortexM0\ARM_GCC_541\Debug\SW2.o .\CortexM0\ARM_GCC_541\Debug\SW2_PM.o .\CortexM0\ARM_GCC_541\Debug\ScreenCounter.o .\CortexM0\ARM_GCC_541\Debug\ScreenCounter_PM.o .\CortexM0\ARM_GCC_541\Debug\EF2.o .\CortexM0\ARM_GCC_541\Debug\EF2_PM.o .\CortexM0\ARM_GCC_541\Debug\EF1.o .\CortexM0\ARM_GCC_541\Debug\EF1_PM.o .\CortexM0\ARM_GCC_541\Debug\RTC_RST.o .\CortexM0\ARM_GCC_541\Debug\RTC_RST_PM.o .\CortexM0\ARM_GCC_541\Debug\TBD.o .\CortexM0\ARM_GCC_541\Debug\TBD_PM.o .\CortexM0\ARM_GCC_541\Debug\CyBootAsmGnu.o
arm-none-eabi-ar.exe: creating .\CortexM0\ARM_GCC_541\Debug\SA-220.a
arm-none-eabi-gcc.exe -Wl,--start-group -o "C:\Users\alexport\OneDrive - Safeguard Analytics\SA-220\SA-220.cydsn\CortexM0\ARM_GCC_541\Debug\SA-220.elf" .\CortexM0\ARM_GCC_541\Debug\main.o .\CortexM0\ARM_GCC_541\Debug\interrupts.o .\CortexM0\ARM_GCC_541\Debug\modbus.o .\CortexM0\ARM_GCC_541\Debug\runtime.o .\CortexM0\ARM_GCC_541\Debug\sensor.o .\CortexM0\ARM_GCC_541\Debug\i2c_master.o .\CortexM0\ARM_GCC_541\Debug\display.o .\CortexM0\ARM_GCC_541\Debug\relay.o .\CortexM0\ARM_GCC_541\Debug\rtc.o .\CortexM0\ARM_GCC_541\Debug\led.o .\CortexM0\ARM_GCC_541\Debug\dac.o .\CortexM0\ARM_GCC_541\Debug\eeprom.o .\CortexM0\ARM_GCC_541\Debug\cyfitter_cfg.o .\CortexM0\ARM_GCC_541\Debug\cymetadata.o .\CortexM0\ARM_GCC_541\Debug\Cm0Start.o .\CortexM0\ARM_GCC_541\Debug\SA-220.a "C:\Program Files (x86)\Cypress\PSoC Creator\4.4\PSoC Creator\psoc\content\CyComponentLibrary\CyComponentLibrary.cylib\BLE_v3_40\Library\gccCyBLEStack_BLE_SOC_PERIPHERAL.a" -mcpu=cortex-m0 -mthumb -l m -L Generated_Source\PSoC4 -Wl,-Map,.\CortexM0\ARM_GCC_541\Debug/SA-220.map -T Generated_Source\PSoC4\cm0gcc.ld -specs=nano.specs -Wl,--gc-sections -u_printf_float -g -ffunction-sections -O0 -ffat-lto-objects -Wl,--end-group
cyelftool.exe -C "C:\Users\alexport\OneDrive - Safeguard Analytics\SA-220\SA-220.cydsn\CortexM0\ARM_GCC_541\Debug\SA-220.elf" --flash_row_size 256 --flash_size 262144 --flash_offset 0x00000000
No ELF section .cychecksum found, creating one
Application checksum calculated and stored in ELF section .cychecksum
Checksum calculated and stored in ELF section .cymeta
cyelftool.exe -S "C:\Users\alexport\OneDrive - Safeguard Analytics\SA-220\SA-220.cydsn\CortexM0\ARM_GCC_541\Debug\SA-220.elf"
Flash used: 179156 of 262144 bytes (68.3%).
SRAM used: 17584 of 32768 bytes (53.7%). Stack: 2048 bytes. Heap: 2048 bytes.
--------------- Rebuild Succeeded: 09/11/2025 12:11:26 ---------------
